040 (65483367.000.000) 2024-07-09 05:20:40 Started transferring input files
	Transferring to host: <131.225.189.226:9618?addrs=[2620-6a-0-8421-f0-0-189-226]-9618+131.225.189.226-9618&alias=cmswn2151.fnal.gov&noUDP&sock=slot1_33_2966_90b2_16934>
...
040 (65483367.000.000) 2024-07-09 05:20:40 Finished transferring input files
...
001 (65483367.000.000) 2024-07-09 05:20:41 Job executing on host: <131.225.189.226:9618?addrs=[2620-6a-0-8421-f0-0-189-226]-9618+131.225.189.226-9618&alias=cmswn2151.fnal.gov&noUDP&sock=startd_2390_eb70>
	SlotName: slot1_33@cmswn2151.fnal.gov
	CondorScratchDir = "/storage/local/data1/condor/execute/dir_285988"
	Cpus = 1
	Disk = 3483172
	Memory = 2048
...
040 (65483367.000.000) 2024-07-09 05:55:42 Started transferring output files
...
040 (65483367.000.000) 2024-07-09 05:55:42 Finished transferring output files
...
005 (65483367.000.000) 2024-07-09 05:55:44 Job terminated.
	(1) Normal termination (return value 0)
		Usr 0 00:00:00, Sys 0 00:00:00  -  Run Remote Usage
		Usr 0 00:00:00, Sys 0 00:00:00  -  Run Local Usage
		Usr 0 00:00:00, Sys 0 00:00:00  -  Total Remote Usage
		Usr 0 00:00:00, Sys 0 00:00:00  -  Total Local Usage
	46430  -  Run Bytes Sent By Job
	11452  -  Run Bytes Received By Job
	46430  -  Total Bytes Sent By Job
	11452  -  Total Bytes Received By Job
	Partitionable Resources :     Usage  Request Allocated 
	   Cpus                 :      0.01        1         1 
	   Disk (KB)            : 152325           4   3483172 
	   Memory (MB)          :               2048      2048 

	Job terminated of its own accord at 2024-07-09T10:55:42Z with exit-code 0.
...
