[8MB/19.45MB][ 41%][====================>                             ][8MB/s]  [19.45MB/19.45MB][100%][==================================================][19.45MB/s]  [19.45MB/19.45MB][100%][==================================================][19.45MB/s]  
Warning: tau -> had decay declared for leg: Pt = 100.654, eta = -0.668433, phi = 0.836609, mass = 0.896307 !!
 (mass expected in the range = 0.13957..0.13957)
Warning: tau -> had decay declared for leg: Pt = 100.654, eta = -0.668433, phi = 0.836609, mass = 0.896307 !!
 (mass expected in the range = 0.13957..0.13957)
Warning: tau -> had decay declared for leg: Pt = 100.654, eta = -0.668433, phi = 0.836609, mass = 0.896307 !!
 (mass expected in the range = 0.13957..0.13957)
Warning: tau -> had decay declared for leg: Pt = 100.654, eta = -0.668433, phi = 0.836609, mass = 0.896307 !!
 (mass expected in the range = 0.13957..0.13957)
Warning: tau -> had decay declared for leg: Pt = 100.654, eta = -0.668433, phi = 0.836609, mass = 0.896307 !!
 (mass expected in the range = 0.13957..0.13957)
Warning: tau -> had decay declared for leg: Pt = 68.0085, eta = -0.400704, phi = -2.33696, mass = 0.971876 !!
 (mass expected in the range = 0.13957..0.13957)
Warning: tau -> had decay declared for leg: Pt = 106.172, eta = 0.126663, phi = 0.556827, mass = 0.758743 !!
 (mass expected in the range = 0.13957..0.13957)
Warning: tau -> had decay declared for leg: Pt = 106.172, eta = 0.126663, phi = 0.556827, mass = 0.758743 !!
 (mass expected in the range = 0.13957..0.13957)
Warning: tau -> had decay declared for leg: Pt = 106.172, eta = 0.126663, phi = 0.556827, mass = 0.758743 !!
 (mass expected in the range = 0.13957..0.13957)
Warning: tau -> had decay declared for leg: Pt = 106.172, eta = 0.126663, phi = 0.556827, mass = 0.758743 !!
 (mass expected in the range = 0.13957..0.13957)
Warning: tau -> had decay declared for leg: Pt = 106.172, eta = 0.126663, phi = 0.556827, mass = 0.758743 !!
 (mass expected in the range = 0.13957..0.13957)
Warning: tau -> had decay declared for leg: Pt = 39.864, eta = 0.251891, phi = -0.220551, mass = 0.811121 !!
 (mass expected in the range = 0.13957..0.13957)
Warning: tau -> had decay declared for leg: Pt = 40.6318, eta = -0.258946, phi = 0.0507735, mass = 1.41295 !!
 (mass expected in the range = 0.13957..0.13957)
Warning: tau -> had decay declared for leg: Pt = 45.4482, eta = 0.133294, phi = -0.431787, mass = 0.601155 !!
 (mass expected in the range = 0.13957..0.13957)
Warning: tau -> had decay declared for leg: Pt = 75.472, eta = 0.0265267, phi = 3.0464, mass = 1.21727 !!
 (mass expected in the range = 0.13957..0.13957)
Warning: tau -> had decay declared for leg: Pt = 75.472, eta = 0.0265267, phi = 3.0464, mass = 1.21727 !!
 (mass expected in the range = 0.13957..0.13957)
Warning: tau -> had decay declared for leg: Pt = 75.472, eta = 0.0265267, phi = 3.0464, mass = 1.21727 !!
 (mass expected in the range = 0.13957..0.13957)
Warning: tau -> had decay declared for leg: Pt = 75.472, eta = 0.0265267, phi = 3.0464, mass = 1.21727 !!
 (mass expected in the range = 0.13957..0.13957)
Warning: tau -> had decay declared for leg: Pt = 75.472, eta = 0.0265267, phi = 3.0464, mass = 1.21727 !!
 (mass expected in the range = 0.13957..0.13957)
Warning: tau -> had decay declared for leg: Pt = 41.512, eta = -0.237529, phi = 2.21574, mass = 1.14401 !!
 (mass expected in the range = 0.13957..0.13957)
Warning: tau -> had decay declared for leg: Pt = 27.4418, eta = 0.276102, phi = -1.07406, mass = 0.672683 !!
 (mass expected in the range = 0.13957..0.13957)
Warning: tau -> had decay declared for leg: Pt = 27.4418, eta = 0.276102, phi = -1.07406, mass = 0.672683 !!
 (mass expected in the range = 0.13957..0.13957)
Warning: tau -> had decay declared for leg: Pt = 27.4418, eta = 0.276102, phi = -1.07406, mass = 0.672683 !!
 (mass expected in the range = 0.13957..0.13957)
Warning: tau -> had decay declared for leg: Pt = 27.4418, eta = 0.276102, phi = -1.07406, mass = 0.672683 !!
 (mass expected in the range = 0.13957..0.13957)
Warning: tau -> had decay declared for leg: Pt = 27.4418, eta = 0.276102, phi = -1.07406, mass = 0.672683 !!
 (mass expected in the range = 0.13957..0.13957)
Warning: tau -> had decay declared for leg: Pt = 38.6655, eta = 1.59945, phi = 2.51165, mass = 1.34081 !!
 (mass expected in the range = 0.13957..0.13957)
Warning: tau -> had decay declared for leg: Pt = 60.7495, eta = 0.0912037, phi = -2.60648, mass = 1.19948 !!
 (mass expected in the range = 0.13957..0.13957)
Warning: tau -> had decay declared for leg: Pt = 60.7495, eta = 0.0912037, phi = -2.60648, mass = 1.19948 !!
 (mass expected in the range = 0.13957..0.13957)
Warning: tau -> had decay declared for leg: Pt = 60.7495, eta = 0.0912037, phi = -2.60648, mass = 1.19948 !!
 (mass expected in the range = 0.13957..0.13957)
Warning: tau -> had decay declared for leg: Pt = 60.7495, eta = 0.0912037, phi = -2.60648, mass = 1.19948 !!
 (mass expected in the range = 0.13957..0.13957)
Warning: tau -> had decay declared for leg: Pt = 60.7495, eta = 0.0912037, phi = -2.60648, mass = 1.19948 !!
 (mass expected in the range = 0.13957..0.13957)
Warning: tau -> had decay declared for leg: Pt = 85.9224, eta = 0.613806, phi = -1.32809, mass = 0.458718 !!
 (mass expected in the range = 0.13957..0.13957)
Warning: tau -> had decay declared for leg: Pt = 31.089, eta = 2.03802, phi = -0.395218, mass = 1.06706 !!
 (mass expected in the range = 0.13957..0.13957)
Warning: tau -> had decay declared for leg: Pt = 23.752, eta = 0.35195, phi = 1.87065, mass = 1.15889 !!
 (mass expected in the range = 0.13957..0.13957)
Warning: tau -> had decay declared for leg: Pt = 23.752, eta = 0.35195, phi = 1.87065, mass = 1.15889 !!
 (mass expected in the range = 0.13957..0.13957)
Warning: tau -> had decay declared for leg: Pt = 23.752, eta = 0.35195, phi = 1.87065, mass = 1.15889 !!
 (mass expected in the range = 0.13957..0.13957)
Warning: tau -> had decay declared for leg: Pt = 23.752, eta = 0.35195, phi = 1.87065, mass = 1.15889 !!
 (mass expected in the range = 0.13957..0.13957)
Warning: tau -> had decay declared for leg: Pt = 23.752, eta = 0.35195, phi = 1.87065, mass = 1.15889 !!
 (mass expected in the range = 0.13957..0.13957)
Warning: tau -> had decay declared for leg: Pt = 47.1461, eta = 0.980939, phi = -2.12975, mass = 0.822704 !!
 (mass expected in the range = 0.13957..0.13957)
Warning: tau -> had decay declared for leg: Pt = 47.1461, eta = 0.980939, phi = -2.12975, mass = 0.822704 !!
 (mass expected in the range = 0.13957..0.13957)
Warning: tau -> had decay declared for leg: Pt = 47.1461, eta = 0.980939, phi = -2.12975, mass = 0.822704 !!
 (mass expected in the range = 0.13957..0.13957)
Warning: tau -> had decay declared for leg: Pt = 47.1461, eta = 0.980939, phi = -2.12975, mass = 0.822704 !!
 (mass expected in the range = 0.13957..0.13957)
Warning: tau -> had decay declared for leg: Pt = 47.1461, eta = 0.980939, phi = -2.12975, mass = 0.822704 !!
 (mass expected in the range = 0.13957..0.13957)
Warning: tau -> had decay declared for leg: Pt = 48.5449, eta = 1.70545, phi = -2.75277, mass = 0.726133 !!
 (mass expected in the range = 0.13957..0.13957)
Warning: tau -> had decay declared for leg: Pt = 48.5449, eta = 1.70545, phi = -2.75277, mass = 0.726133 !!
 (mass expected in the range = 0.13957..0.13957)
Warning: tau -> had decay declared for leg: Pt = 48.5449, eta = 1.70545, phi = -2.75277, mass = 0.726133 !!
 (mass expected in the range = 0.13957..0.13957)
Warning: tau -> had decay declared for leg: Pt = 48.5449, eta = 1.70545, phi = -2.75277, mass = 0.726133 !!
 (mass expected in the range = 0.13957..0.13957)
Warning: tau -> had decay declared for leg: Pt = 48.5449, eta = 1.70545, phi = -2.75277, mass = 0.726133 !!
 (mass expected in the range = 0.13957..0.13957)
Warning: tau -> had decay declared for leg: Pt = 96.49, eta = -0.103401, phi = 2.111, mass = 0.998896 !!
 (mass expected in the range = 0.13957..0.13957)
Warning: tau -> had decay declared for leg: Pt = 22.1793, eta = -0.272962, phi = 0.840947, mass = 0.642935 !!
 (mass expected in the range = 0.13957..0.13957)
Warning: tau -> had decay declared for leg: Pt = 30.7981, eta = 0.020183, phi = -2.72353, mass = 0.71353 !!
 (mass expected in the range = 0.13957..0.13957)
Warning: tau -> had decay declared for leg: Pt = 95.6842, eta = 0.697725, phi = -0.0249219, mass = 0.998682 !!
 (mass expected in the range = 0.13957..0.13957)
Warning: tau -> had decay declared for leg: Pt = 48.3359, eta = 1.54528, phi = 1.83089, mass = 0.67969 !!
 (mass expected in the range = 0.13957..0.13957)
Warning: tau -> had decay declared for leg: Pt = 48.3359, eta = 1.54528, phi = 1.83089, mass = 0.67969 !!
 (mass expected in the range = 0.13957..0.13957)
Warning: tau -> had decay declared for leg: Pt = 48.3359, eta = 1.54528, phi = 1.83089, mass = 0.67969 !!
 (mass expected in the range = 0.13957..0.13957)
Warning: tau -> had decay declared for leg: Pt = 48.3359, eta = 1.54528, phi = 1.83089, mass = 0.67969 !!
 (mass expected in the range = 0.13957..0.13957)
Warning: tau -> had decay declared for leg: Pt = 48.3359, eta = 1.54528, phi = 1.83089, mass = 0.67969 !!
 (mass expected in the range = 0.13957..0.13957)
Warning: tau -> had decay declared for leg: Pt = 42.8003, eta = 0.220018, phi = 1.23192, mass = 0.564746 !!
 (mass expected in the range = 0.13957..0.13957)
Warning: tau -> had decay declared for leg: Pt = 31.2743, eta = 1.9444, phi = 0.485842, mass = 0.73212 !!
 (mass expected in the range = 0.13957..0.13957)
Warning: tau -> had decay declared for leg: Pt = 39.2415, eta = -1.50928, phi = -2.67453, mass = 0.700473 !!
 (mass expected in the range = 0.13957..0.13957)
Warning: tau -> had decay declared for leg: Pt = 39.2415, eta = -1.50928, phi = -2.67453, mass = 0.700473 !!
 (mass expected in the range = 0.13957..0.13957)
Warning: tau -> had decay declared for leg: Pt = 39.2415, eta = -1.50928, phi = -2.67453, mass = 0.700473 !!
 (mass expected in the range = 0.13957..0.13957)
Warning: tau -> had decay declared for leg: Pt = 39.2415, eta = -1.50928, phi = -2.67453, mass = 0.700473 !!
 (mass expected in the range = 0.13957..0.13957)
Warning: tau -> had decay declared for leg: Pt = 39.2415, eta = -1.50928, phi = -2.67453, mass = 0.700473 !!
 (mass expected in the range = 0.13957..0.13957)
Warning: tau -> had decay declared for leg: Pt = 43.4322, eta = 0.117033, phi = -2.18034, mass = 0.727586 !!
 (mass expected in the range = 0.13957..0.13957)
Warning: tau -> had decay declared for leg: Pt = 106.093, eta = 0.481621, phi = 2.03009, mass = 0.555851 !!
 (mass expected in the range = 0.13957..0.13957)
Warning: tau -> had decay declared for leg: Pt = 106.093, eta = 0.481621, phi = 2.03009, mass = 0.555851 !!
 (mass expected in the range = 0.13957..0.13957)
Warning: tau -> had decay declared for leg: Pt = 106.093, eta = 0.481621, phi = 2.03009, mass = 0.555851 !!
 (mass expected in the range = 0.13957..0.13957)
Warning: tau -> had decay declared for leg: Pt = 106.093, eta = 0.481621, phi = 2.03009, mass = 0.555851 !!
 (mass expected in the range = 0.13957..0.13957)
Warning: tau -> had decay declared for leg: Pt = 106.093, eta = 0.481621, phi = 2.03009, mass = 0.555851 !!
 (mass expected in the range = 0.13957..0.13957)
Warning: tau -> had decay declared for leg: Pt = 74.8652, eta = -1.14486, phi = 0.0989728, mass = 0.882631 !!
 (mass expected in the range = 0.13957..0.13957)
Warning: tau -> had decay declared for leg: Pt = 74.8652, eta = -1.14486, phi = 0.0989728, mass = 0.882631 !!
 (mass expected in the range = 0.13957..0.13957)
Warning: tau -> had decay declared for leg: Pt = 74.8652, eta = -1.14486, phi = 0.0989728, mass = 0.882631 !!
 (mass expected in the range = 0.13957..0.13957)
Warning: tau -> had decay declared for leg: Pt = 74.8652, eta = -1.14486, phi = 0.0989728, mass = 0.882631 !!
 (mass expected in the range = 0.13957..0.13957)
Warning: tau -> had decay declared for leg: Pt = 74.8652, eta = -1.14486, phi = 0.0989728, mass = 0.882631 !!
 (mass expected in the range = 0.13957..0.13957)
Warning: tau -> had decay declared for leg: Pt = 49.3971, eta = 1.06078, phi = 2.91562, mass = 1.07335 !!
 (mass expected in the range = 0.13957..0.13957)
Warning: tau -> had decay declared for leg: Pt = 65.4174, eta = -0.606786, phi = -0.413517, mass = 0.787356 !!
 (mass expected in the range = 0.13957..0.13957)
Warning: tau -> had decay declared for leg: Pt = 30.4388, eta = 0.093035, phi = -2.98202, mass = 0.519293 !!
 (mass expected in the range = 0.13957..0.13957)
Warning: tau -> had decay declared for leg: Pt = 60.2837, eta = 1.22611, phi = 2.60037, mass = 0.451029 !!
 (mass expected in the range = 0.13957..0.13957)
Warning: tau -> had decay declared for leg: Pt = 38.4051, eta = 0.849047, phi = 2.97583, mass = 0.526574 !!
 (mass expected in the range = 0.13957..0.13957)
Warning: tau -> had decay declared for leg: Pt = 48.6632, eta = -0.476882, phi = 2.32309, mass = 0.90407 !!
 (mass expected in the range = 0.13957..0.13957)
Warning: tau -> had decay declared for leg: Pt = 22.5104, eta = 0.624892, phi = -2.41774, mass = 0.653366 !!
 (mass expected in the range = 0.13957..0.13957)
Warning: tau -> had decay declared for leg: Pt = 42.3692, eta = -0.263191, phi = -2.28668, mass = 1.25294 !!
 (mass expected in the range = 0.13957..0.13957)
Warning: tau -> had decay declared for leg: Pt = 110.508, eta = -0.405309, phi = 1.66997, mass = 1.07076 !!
 (mass expected in the range = 0.13957..0.13957)
Warning: tau -> had decay declared for leg: Pt = 28.5422, eta = 0.07183, phi = 2.21185, mass = 0.666456 !!
 (mass expected in the range = 0.13957..0.13957)
Warning: tau -> had decay declared for leg: Pt = 28.5422, eta = 0.07183, phi = 2.21185, mass = 0.666456 !!
 (mass expected in the range = 0.13957..0.13957)
Warning: tau -> had decay declared for leg: Pt = 28.5422, eta = 0.07183, phi = 2.21185, mass = 0.666456 !!
 (mass expected in the range = 0.13957..0.13957)
Warning: tau -> had decay declared for leg: Pt = 28.5422, eta = 0.07183, phi = 2.21185, mass = 0.666456 !!
 (mass expected in the range = 0.13957..0.13957)
Warning: tau -> had decay declared for leg: Pt = 28.5422, eta = 0.07183, phi = 2.21185, mass = 0.666456 !!
 (mass expected in the range = 0.13957..0.13957)
Warning: tau -> had decay declared for leg: Pt = 56.5284, eta = -1.06703, phi = 2.1817, mass = 0.816067 !!
 (mass expected in the range = 0.13957..0.13957)
Warning: tau -> had decay declared for leg: Pt = 104.91, eta = -0.400661, phi = 1.94236, mass = 1.09251 !!
 (mass expected in the range = 0.13957..0.13957)
Warning: tau -> had decay declared for leg: Pt = 104.794, eta = 0.271489, phi = -2.20878, mass = 1.04812 !!
 (mass expected in the range = 0.13957..0.13957)
Warning: tau -> had decay declared for leg: Pt = 130.097, eta = 1.09132, phi = -0.790328, mass = 1.048 !!
 (mass expected in the range = 0.13957..0.13957)
Warning: tau -> had decay declared for leg: Pt = 81.4299, eta = 0.473451, phi = -2.04606, mass = 0.932329 !!
 (mass expected in the range = 0.13957..0.13957)
Warning: tau -> had decay declared for leg: Pt = 30.5287, eta = -0.503804, phi = -2.11077, mass = 0.597004 !!
 (mass expected in the range = 0.13957..0.13957)
Warning: tau -> had decay declared for leg: Pt = 30.5287, eta = -0.503804, phi = -2.11077, mass = 0.597004 !!
 (mass expected in the range = 0.13957..0.13957)
Warning: tau -> had decay declared for leg: Pt = 30.5287, eta = -0.503804, phi = -2.11077, mass = 0.597004 !!
 (mass expected in the range = 0.13957..0.13957)
Warning: tau -> had decay declared for leg: Pt = 30.5287, eta = -0.503804, phi = -2.11077, mass = 0.597004 !!
 (mass expected in the range = 0.13957..0.13957)
Warning: tau -> had decay declared for leg: Pt = 30.5287, eta = -0.503804, phi = -2.11077, mass = 0.597004 !!
 (mass expected in the range = 0.13957..0.13957)
Warning: tau -> had decay declared for leg: Pt = 71.1264, eta = -0.388476, phi = 2.52596, mass = 0.926227 !!
 (mass expected in the range = 0.13957..0.13957)
Warning: tau -> had decay declared for leg: Pt = 71.1264, eta = -0.388476, phi = 2.52596, mass = 0.926227 !!
 (mass expected in the range = 0.13957..0.13957)
Warning: tau -> had decay declared for leg: Pt = 71.1264, eta = -0.388476, phi = 2.52596, mass = 0.926227 !!
 (mass expected in the range = 0.13957..0.13957)
Warning: tau -> had decay declared for leg: Pt = 71.1264, eta = -0.388476, phi = 2.52596, mass = 0.926227 !!
 (mass expected in the range = 0.13957..0.13957)
Warning: tau -> had decay declared for leg: Pt = 71.1264, eta = -0.388476, phi = 2.52596, mass = 0.926227 !!
 (mass expected in the range = 0.13957..0.13957)
Warning: tau -> had decay declared for leg: Pt = 25.0207, eta = -0.175789, phi = -2.45771, mass = 0.742035 !!
 (mass expected in the range = 0.13957..0.13957)
Warning: tau -> had decay declared for leg: Pt = 62.8109, eta = -1.528, phi = 2.61461, mass = 1.06856 !!
 (mass expected in the range = 0.13957..0.13957)
Warning: tau -> had decay declared for leg: Pt = 49.2808, eta = -0.125184, phi = 2.85141, mass = 0.662483 !!
 (mass expected in the range = 0.13957..0.13957)
Warning: tau -> had decay declared for leg: Pt = 22.5644, eta = 0.648983, phi = -1.15748, mass = 0.667355 !!
 (mass expected in the range = 0.13957..0.13957)
Warning: tau -> had decay declared for leg: Pt = 33.4086, eta = -0.347746, phi = -1.0656, mass = 0.504711 !!
 (mass expected in the range = 0.13957..0.13957)
Warning: tau -> had decay declared for leg: Pt = 59.5305, eta = 0.338024, phi = -1.87989, mass = 0.409584 !!
 (mass expected in the range = 0.13957..0.13957)
Warning: tau -> had decay declared for leg: Pt = 59.5305, eta = 0.338024, phi = -1.87989, mass = 0.409584 !!
 (mass expected in the range = 0.13957..0.13957)
Warning: tau -> had decay declared for leg: Pt = 59.5305, eta = 0.338024, phi = -1.87989, mass = 0.409584 !!
 (mass expected in the range = 0.13957..0.13957)
Warning: tau -> had decay declared for leg: Pt = 59.5305, eta = 0.338024, phi = -1.87989, mass = 0.409584 !!
 (mass expected in the range = 0.13957..0.13957)
Warning: tau -> had decay declared for leg: Pt = 59.5305, eta = 0.338024, phi = -1.87989, mass = 0.409584 !!
 (mass expected in the range = 0.13957..0.13957)
Warning: tau -> had decay declared for leg: Pt = 26.4978, eta = 0.534139, phi = -0.844259, mass = 1.07332 !!
 (mass expected in the range = 0.13957..0.13957)
Warning: tau -> had decay declared for leg: Pt = 26.4978, eta = 0.534139, phi = -0.844259, mass = 1.07332 !!
 (mass expected in the range = 0.13957..0.13957)
Warning: tau -> had decay declared for leg: Pt = 26.4978, eta = 0.534139, phi = -0.844259, mass = 1.07332 !!
 (mass expected in the range = 0.13957..0.13957)
Warning: tau -> had decay declared for leg: Pt = 26.4978, eta = 0.534139, phi = -0.844259, mass = 1.07332 !!
 (mass expected in the range = 0.13957..0.13957)
Warning: tau -> had decay declared for leg: Pt = 26.4978, eta = 0.534139, phi = -0.844259, mass = 1.07332 !!
 (mass expected in the range = 0.13957..0.13957)
Warning: tau -> had decay declared for leg: Pt = 109.016, eta = 1.29817, phi = 1.14324, mass = 1.15922 !!
 (mass expected in the range = 0.13957..0.13957)
Warning: tau -> had decay declared for leg: Pt = 79.4353, eta = 0.430807, phi = 0.7672, mass = 0.774477 !!
 (mass expected in the range = 0.13957..0.13957)
Warning: tau -> had decay declared for leg: Pt = 79.4353, eta = 0.430807, phi = 0.7672, mass = 0.774477 !!
 (mass expected in the range = 0.13957..0.13957)
Warning: tau -> had decay declared for leg: Pt = 79.4353, eta = 0.430807, phi = 0.7672, mass = 0.774477 !!
 (mass expected in the range = 0.13957..0.13957)
Warning: tau -> had decay declared for leg: Pt = 79.4353, eta = 0.430807, phi = 0.7672, mass = 0.774477 !!
 (mass expected in the range = 0.13957..0.13957)
Warning: tau -> had decay declared for leg: Pt = 79.4353, eta = 0.430807, phi = 0.7672, mass = 0.774477 !!
 (mass expected in the range = 0.13957..0.13957)
Warning: tau -> had decay declared for leg: Pt = 40.9079, eta = 1.09997, phi = 2.76063, mass = 0.951409 !!
 (mass expected in the range = 0.13957..0.13957)
Warning: tau -> had decay declared for leg: Pt = 76.1466, eta = 0.832881, phi = -0.733055, mass = 1.3202 !!
 (mass expected in the range = 0.13957..0.13957)
Warning: tau -> had decay declared for leg: Pt = 76.1466, eta = 0.832881, phi = -0.733055, mass = 1.3202 !!
 (mass expected in the range = 0.13957..0.13957)
Warning: tau -> had decay declared for leg: Pt = 76.1466, eta = 0.832881, phi = -0.733055, mass = 1.3202 !!
 (mass expected in the range = 0.13957..0.13957)
Warning: tau -> had decay declared for leg: Pt = 76.1466, eta = 0.832881, phi = -0.733055, mass = 1.3202 !!
 (mass expected in the range = 0.13957..0.13957)
Warning: tau -> had decay declared for leg: Pt = 76.1466, eta = 0.832881, phi = -0.733055, mass = 1.3202 !!
 (mass expected in the range = 0.13957..0.13957)
Warning: tau -> had decay declared for leg: Pt = 104.909, eta = -0.472954, phi = 2.49935, mass = 1.14313 !!
 (mass expected in the range = 0.13957..0.13957)
Warning: tau -> had decay declared for leg: Pt = 104.909, eta = -0.472954, phi = 2.49935, mass = 1.14313 !!
 (mass expected in the range = 0.13957..0.13957)
Warning: tau -> had decay declared for leg: Pt = 104.909, eta = -0.472954, phi = 2.49935, mass = 1.14313 !!
 (mass expected in the range = 0.13957..0.13957)
Warning: tau -> had decay declared for leg: Pt = 104.909, eta = -0.472954, phi = 2.49935, mass = 1.14313 !!
 (mass expected in the range = 0.13957..0.13957)
Warning: tau -> had decay declared for leg: Pt = 104.909, eta = -0.472954, phi = 2.49935, mass = 1.14313 !!
 (mass expected in the range = 0.13957..0.13957)
Warning: tau -> had decay declared for leg: Pt = 51.2404, eta = 0.233847, phi = -1.83425, mass = 1.29397 !!
 (mass expected in the range = 0.13957..0.13957)
Warning: tau -> had decay declared for leg: Pt = 25.8114, eta = 1.14453, phi = -0.202439, mass = 1.207 !!
 (mass expected in the range = 0.13957..0.13957)
Warning: tau -> had decay declared for leg: Pt = 38.4705, eta = 0.829384, phi = -1.95052, mass = 1.17187 !!
 (mass expected in the range = 0.13957..0.13957)
Warning: tau -> had decay declared for leg: Pt = 21.5788, eta = 0.758389, phi = -0.828062, mass = 0.702275 !!
 (mass expected in the range = 0.13957..0.13957)
Warning: tau -> had decay declared for leg: Pt = 45.9428, eta = 1.32045, phi = 2.31446, mass = 1.2601 !!
 (mass expected in the range = 0.13957..0.13957)
Warning: tau -> had decay declared for leg: Pt = 33.3138, eta = 0.693844, phi = 0.0154744, mass = 1.09142 !!
 (mass expected in the range = 0.13957..0.13957)
Warning: tau -> had decay declared for leg: Pt = 46.5307, eta = 0.798147, phi = -3.07671, mass = 0.773466 !!
 (mass expected in the range = 0.13957..0.13957)
Warning: tau -> had decay declared for leg: Pt = 46.5307, eta = 0.798147, phi = -3.07671, mass = 0.773466 !!
 (mass expected in the range = 0.13957..0.13957)
Warning: tau -> had decay declared for leg: Pt = 46.5307, eta = 0.798147, phi = -3.07671, mass = 0.773466 !!
 (mass expected in the range = 0.13957..0.13957)
Warning: tau -> had decay declared for leg: Pt = 46.5307, eta = 0.798147, phi = -3.07671, mass = 0.773466 !!
 (mass expected in the range = 0.13957..0.13957)
Warning: tau -> had decay declared for leg: Pt = 46.5307, eta = 0.798147, phi = -3.07671, mass = 0.773466 !!
 (mass expected in the range = 0.13957..0.13957)
Warning: tau -> had decay declared for leg: Pt = 42.3034, eta = -1.95581, phi = -0.898968, mass = 1.28437 !!
 (mass expected in the range = 0.13957..0.13957)
Warning: tau -> had decay declared for leg: Pt = 26.0351, eta = 0.603108, phi = -2.9107, mass = 0.882536 !!
 (mass expected in the range = 0.13957..0.13957)
Warning: tau -> had decay declared for leg: Pt = 104.11, eta = -0.958122, phi = 2.40976, mass = 0.837359 !!
 (mass expected in the range = 0.13957..0.13957)
Warning: tau -> had decay declared for leg: Pt = 104.11, eta = -0.958122, phi = 2.40976, mass = 0.837359 !!
 (mass expected in the range = 0.13957..0.13957)
Warning: tau -> had decay declared for leg: Pt = 104.11, eta = -0.958122, phi = 2.40976, mass = 0.837359 !!
 (mass expected in the range = 0.13957..0.13957)
Warning: tau -> had decay declared for leg: Pt = 104.11, eta = -0.958122, phi = 2.40976, mass = 0.837359 !!
 (mass expected in the range = 0.13957..0.13957)
Warning: tau -> had decay declared for leg: Pt = 104.11, eta = -0.958122, phi = 2.40976, mass = 0.837359 !!
 (mass expected in the range = 0.13957..0.13957)
Warning: tau -> had decay declared for leg: Pt = 27.6292, eta = -1.80829, phi = 2.76447, mass = 1.06175 !!
 (mass expected in the range = 0.13957..0.13957)
Warning: tau -> had decay declared for leg: Pt = 26.0651, eta = 0.166161, phi = -0.679094, mass = 1.10421 !!
 (mass expected in the range = 0.13957..0.13957)
Warning: tau -> had decay declared for leg: Pt = 40.9287, eta = 1.92607, phi = 2.1678, mass = 0.449794 !!
 (mass expected in the range = 0.13957..0.13957)
Warning: tau -> had decay declared for leg: Pt = 40.9287, eta = 1.92607, phi = 2.1678, mass = 0.449794 !!
 (mass expected in the range = 0.13957..0.13957)
Warning: tau -> had decay declared for leg: Pt = 40.9287, eta = 1.92607, phi = 2.1678, mass = 0.449794 !!
 (mass expected in the range = 0.13957..0.13957)
Warning: tau -> had decay declared for leg: Pt = 40.9287, eta = 1.92607, phi = 2.1678, mass = 0.449794 !!
 (mass expected in the range = 0.13957..0.13957)
Warning: tau -> had decay declared for leg: Pt = 40.9287, eta = 1.92607, phi = 2.1678, mass = 0.449794 !!
 (mass expected in the range = 0.13957..0.13957)
Warning: tau -> had decay declared for leg: Pt = 24.0426, eta = 0.207907, phi = -1.42593, mass = 1.54701 !!
 (mass expected in the range = 0.13957..0.13957)
Warning: tau -> had decay declared for leg: Pt = 24.0426, eta = 0.207907, phi = -1.42593, mass = 1.54701 !!
 (mass expected in the range = 0.13957..0.13957)
Warning: tau -> had decay declared for leg: Pt = 24.0426, eta = 0.207907, phi = -1.42593, mass = 1.54701 !!
 (mass expected in the range = 0.13957..0.13957)
Warning: tau -> had decay declared for leg: Pt = 24.0426, eta = 0.207907, phi = -1.42593, mass = 1.54701 !!
 (mass expected in the range = 0.13957..0.13957)
Warning: tau -> had decay declared for leg: Pt = 24.0426, eta = 0.207907, phi = -1.42593, mass = 1.54701 !!
 (mass expected in the range = 0.13957..0.13957)
Warning: tau -> had decay declared for leg: Pt = 75.5369, eta = 0.231755, phi = 1.18896, mass = 0.872735 !!
 (mass expected in the range = 0.13957..0.13957)
Warning: tau -> had decay declared for leg: Pt = 32.0088, eta = 0.555895, phi = -1.3843, mass = 0.929625 !!
 (mass expected in the range = 0.13957..0.13957)
Warning: tau -> had decay declared for leg: Pt = 32.0088, eta = 0.555895, phi = -1.3843, mass = 0.929625 !!
 (mass expected in the range = 0.13957..0.13957)
Warning: tau -> had decay declared for leg: Pt = 32.0088, eta = 0.555895, phi = -1.3843, mass = 0.929625 !!
 (mass expected in the range = 0.13957..0.13957)
Warning: tau -> had decay declared for leg: Pt = 32.0088, eta = 0.555895, phi = -1.3843, mass = 0.929625 !!
 (mass expected in the range = 0.13957..0.13957)
Warning: tau -> had decay declared for leg: Pt = 32.0088, eta = 0.555895, phi = -1.3843, mass = 0.929625 !!
 (mass expected in the range = 0.13957..0.13957)
Warning: tau -> had decay declared for leg: Pt = 79.9501, eta = 0.204269, phi = 1.03875, mass = 1.0257 !!
 (mass expected in the range = 0.13957..0.13957)
