[8MB/19.45MB][ 41%][====================>                             ][8MB/s]  [19.45MB/19.45MB][100%][==================================================][19.45MB/s]  [19.45MB/19.45MB][100%][==================================================][19.45MB/s]  
Warning: tau -> had decay declared for leg: Pt = 153.063, eta = 0.0819059, phi = 2.66594, mass = 0.899752 !!
 (mass expected in the range = 0.13957..0.13957)
Warning: tau -> had decay declared for leg: Pt = 153.063, eta = 0.0819059, phi = 2.66594, mass = 0.899752 !!
 (mass expected in the range = 0.13957..0.13957)
Warning: tau -> had decay declared for leg: Pt = 153.063, eta = 0.0819059, phi = 2.66594, mass = 0.899752 !!
 (mass expected in the range = 0.13957..0.13957)
Warning: tau -> had decay declared for leg: Pt = 153.063, eta = 0.0819059, phi = 2.66594, mass = 0.899752 !!
 (mass expected in the range = 0.13957..0.13957)
Warning: tau -> had decay declared for leg: Pt = 153.063, eta = 0.0819059, phi = 2.66594, mass = 0.899752 !!
 (mass expected in the range = 0.13957..0.13957)
Warning: tau -> had decay declared for leg: Pt = 37.9742, eta = -1.54817, phi = -1.68014, mass = 0.403192 !!
 (mass expected in the range = 0.13957..0.13957)
Warning: tau -> had decay declared for leg: Pt = 94.0684, eta = -0.233873, phi = 0.840041, mass = 0.796432 !!
 (mass expected in the range = 0.13957..0.13957)
Warning: tau -> had decay declared for leg: Pt = 28.6645, eta = -1.24105, phi = 2.09566, mass = 0.843009 !!
 (mass expected in the range = 0.13957..0.13957)
Warning: tau -> had decay declared for leg: Pt = 42.1955, eta = -0.669623, phi = -1.62526, mass = 1.09112 !!
 (mass expected in the range = 0.13957..0.13957)
Warning: tau -> had decay declared for leg: Pt = 27.2125, eta = -2.17831, phi = 2.29399, mass = 0.813888 !!
 (mass expected in the range = 0.13957..0.13957)
Warning: tau -> had decay declared for leg: Pt = 23.3645, eta = -1.16512, phi = -0.202751, mass = 1.16802 !!
 (mass expected in the range = 0.13957..0.13957)
Warning: tau -> had decay declared for leg: Pt = 90.9419, eta = 0.954854, phi = -1.32513, mass = 1.10794 !!
 (mass expected in the range = 0.13957..0.13957)
Warning: tau -> had decay declared for leg: Pt = 25.3403, eta = -1.99184, phi = 0.54052, mass = 1.39574 !!
 (mass expected in the range = 0.13957..0.13957)
Warning: tau -> had decay declared for leg: Pt = 59.7214, eta = -0.529935, phi = 1.02971, mass = 0.535539 !!
 (mass expected in the range = 0.13957..0.13957)
Warning: tau -> had decay declared for leg: Pt = 22.759, eta = -2.28133, phi = 1.68499, mass = 0.883587 !!
 (mass expected in the range = 0.13957..0.13957)
Warning: tau -> had decay declared for leg: Pt = 23.8189, eta = -0.265496, phi = -0.535474, mass = 1.11347 !!
 (mass expected in the range = 0.13957..0.13957)
Warning: tau -> had decay declared for leg: Pt = 22.608, eta = -1.16626, phi = 1.57681, mass = 0.753552 !!
 (mass expected in the range = 0.13957..0.13957)
Warning: tau -> had decay declared for leg: Pt = 75.5719, eta = -0.369166, phi = 2.20714, mass = 1.29748 !!
 (mass expected in the range = 0.13957..0.13957)
Warning: tau -> had decay declared for leg: Pt = 75.5719, eta = -0.369166, phi = 2.20714, mass = 1.29748 !!
 (mass expected in the range = 0.13957..0.13957)
Warning: tau -> had decay declared for leg: Pt = 75.5719, eta = -0.369166, phi = 2.20714, mass = 1.29748 !!
 (mass expected in the range = 0.13957..0.13957)
Warning: tau -> had decay declared for leg: Pt = 75.5719, eta = -0.369166, phi = 2.20714, mass = 1.29748 !!
 (mass expected in the range = 0.13957..0.13957)
Warning: tau -> had decay declared for leg: Pt = 75.5719, eta = -0.369166, phi = 2.20714, mass = 1.29748 !!
 (mass expected in the range = 0.13957..0.13957)
Warning: tau -> had decay declared for leg: Pt = 56.9504, eta = 0.0118357, phi = -0.445059, mass = 2.19177 !!
 (mass expected in the range = 0.13957..0.13957)
Warning: tau -> had decay declared for leg: Pt = 36.2276, eta = 0.217011, phi = 2.92757, mass = 0.783117 !!
 (mass expected in the range = 0.13957..0.13957)
Warning: tau -> had decay declared for leg: Pt = 36.2276, eta = 0.217011, phi = 2.92757, mass = 0.783117 !!
 (mass expected in the range = 0.13957..0.13957)
Warning: tau -> had decay declared for leg: Pt = 36.2276, eta = 0.217011, phi = 2.92757, mass = 0.783117 !!
 (mass expected in the range = 0.13957..0.13957)
Warning: tau -> had decay declared for leg: Pt = 36.2276, eta = 0.217011, phi = 2.92757, mass = 0.783117 !!
 (mass expected in the range = 0.13957..0.13957)
Warning: tau -> had decay declared for leg: Pt = 36.2276, eta = 0.217011, phi = 2.92757, mass = 0.783117 !!
 (mass expected in the range = 0.13957..0.13957)
Warning: tau -> had decay declared for leg: Pt = 77.792, eta = -1.2629, phi = -1.34848, mass = 0.516218 !!
 (mass expected in the range = 0.13957..0.13957)
Warning: tau -> had decay declared for leg: Pt = 77.792, eta = -1.2629, phi = -1.34848, mass = 0.516218 !!
 (mass expected in the range = 0.13957..0.13957)
Warning: tau -> had decay declared for leg: Pt = 77.792, eta = -1.2629, phi = -1.34848, mass = 0.516218 !!
 (mass expected in the range = 0.13957..0.13957)
Warning: tau -> had decay declared for leg: Pt = 77.792, eta = -1.2629, phi = -1.34848, mass = 0.516218 !!
 (mass expected in the range = 0.13957..0.13957)
Warning: tau -> had decay declared for leg: Pt = 77.792, eta = -1.2629, phi = -1.34848, mass = 0.516218 !!
 (mass expected in the range = 0.13957..0.13957)
Warning: tau -> had decay declared for leg: Pt = 168.686, eta = 0.887783, phi = 2.54751, mass = 1.15262 !!
 (mass expected in the range = 0.13957..0.13957)
Warning: tau -> had decay declared for leg: Pt = 22.754, eta = -1.87082, phi = 0.321035, mass = 0.799157 !!
 (mass expected in the range = 0.13957..0.13957)
Warning: tau -> had decay declared for leg: Pt = 26.4833, eta = 1.33392, phi = 1.33926, mass = 0.470213 !!
 (mass expected in the range = 0.13957..0.13957)
Warning: tau -> had decay declared for leg: Pt = 26.4833, eta = 1.33392, phi = 1.33926, mass = 0.470213 !!
 (mass expected in the range = 0.13957..0.13957)
Warning: tau -> had decay declared for leg: Pt = 26.4833, eta = 1.33392, phi = 1.33926, mass = 0.470213 !!
 (mass expected in the range = 0.13957..0.13957)
Warning: tau -> had decay declared for leg: Pt = 26.4833, eta = 1.33392, phi = 1.33926, mass = 0.470213 !!
 (mass expected in the range = 0.13957..0.13957)
Warning: tau -> had decay declared for leg: Pt = 26.4833, eta = 1.33392, phi = 1.33926, mass = 0.470213 !!
 (mass expected in the range = 0.13957..0.13957)
Warning: tau -> had decay declared for leg: Pt = 39.8531, eta = -0.535201, phi = 1.20109, mass = 1.23707 !!
 (mass expected in the range = 0.13957..0.13957)
Warning: tau -> had decay declared for leg: Pt = 30.9076, eta = 1.1923, phi = -0.121534, mass = 0.619697 !!
 (mass expected in the range = 0.13957..0.13957)
Warning: tau -> had decay declared for leg: Pt = 55.7206, eta = 1.02027, phi = 1.0898, mass = 1.44556 !!
 (mass expected in the range = 0.13957..0.13957)
Warning: tau -> had decay declared for leg: Pt = 60.4566, eta = 0.13801, phi = 0.274901, mass = 0.820137 !!
 (mass expected in the range = 0.13957..0.13957)
Warning: tau -> had decay declared for leg: Pt = 60.4566, eta = 0.13801, phi = 0.274901, mass = 0.820137 !!
 (mass expected in the range = 0.13957..0.13957)
Warning: tau -> had decay declared for leg: Pt = 60.4566, eta = 0.13801, phi = 0.274901, mass = 0.820137 !!
 (mass expected in the range = 0.13957..0.13957)
Warning: tau -> had decay declared for leg: Pt = 60.4566, eta = 0.13801, phi = 0.274901, mass = 0.820137 !!
 (mass expected in the range = 0.13957..0.13957)
Warning: tau -> had decay declared for leg: Pt = 60.4566, eta = 0.13801, phi = 0.274901, mass = 0.820137 !!
 (mass expected in the range = 0.13957..0.13957)
Warning: tau -> had decay declared for leg: Pt = 38.8355, eta = -1.28939, phi = -1.20703, mass = 0.413582 !!
 (mass expected in the range = 0.13957..0.13957)
Warning: tau -> had decay declared for leg: Pt = 51.8774, eta = 0.366191, phi = 2.45919, mass = 0.711196 !!
 (mass expected in the range = 0.13957..0.13957)
Warning: tau -> had decay declared for leg: Pt = 51.8774, eta = 0.366191, phi = 2.45919, mass = 0.711196 !!
 (mass expected in the range = 0.13957..0.13957)
Warning: tau -> had decay declared for leg: Pt = 51.8774, eta = 0.366191, phi = 2.45919, mass = 0.711196 !!
 (mass expected in the range = 0.13957..0.13957)
Warning: tau -> had decay declared for leg: Pt = 51.8774, eta = 0.366191, phi = 2.45919, mass = 0.711196 !!
 (mass expected in the range = 0.13957..0.13957)
Warning: tau -> had decay declared for leg: Pt = 51.8774, eta = 0.366191, phi = 2.45919, mass = 0.711196 !!
 (mass expected in the range = 0.13957..0.13957)
Warning: tau -> had decay declared for leg: Pt = 59.7733, eta = -0.564728, phi = -0.198607, mass = 1.21423 !!
 (mass expected in the range = 0.13957..0.13957)
Warning: tau -> had decay declared for leg: Pt = 59.7733, eta = -0.564728, phi = -0.198607, mass = 1.21423 !!
 (mass expected in the range = 0.13957..0.13957)
Warning: tau -> had decay declared for leg: Pt = 59.7733, eta = -0.564728, phi = -0.198607, mass = 1.21423 !!
 (mass expected in the range = 0.13957..0.13957)
Warning: tau -> had decay declared for leg: Pt = 59.7733, eta = -0.564728, phi = -0.198607, mass = 1.21423 !!
 (mass expected in the range = 0.13957..0.13957)
Warning: tau -> had decay declared for leg: Pt = 59.7733, eta = -0.564728, phi = -0.198607, mass = 1.21423 !!
 (mass expected in the range = 0.13957..0.13957)
Warning: tau -> had decay declared for leg: Pt = 25.9917, eta = 0.721493, phi = -2.05987, mass = 0.815745 !!
 (mass expected in the range = 0.13957..0.13957)
Warning: tau -> had decay declared for leg: Pt = 63.9866, eta = -1.37671, phi = -3.05337, mass = 1.44922 !!
 (mass expected in the range = 0.13957..0.13957)
Warning: tau -> had decay declared for leg: Pt = 31.5468, eta = -0.188034, phi = -1.48233, mass = 1.4487 !!
 (mass expected in the range = 0.13957..0.13957)
Warning: tau -> had decay declared for leg: Pt = 59.0411, eta = 0.262298, phi = -2.74441, mass = 0.288736 !!
 (mass expected in the range = 0.13957..0.13957)
Warning: tau -> had decay declared for leg: Pt = 51.1745, eta = -0.483735, phi = 1.82839, mass = 0.928196 !!
 (mass expected in the range = 0.13957..0.13957)
Warning: tau -> had decay declared for leg: Pt = 25.0626, eta = -0.0936819, phi = -2.75939, mass = 0.43575 !!
 (mass expected in the range = 0.13957..0.13957)
Warning: tau -> had decay declared for leg: Pt = 51.4604, eta = -0.749075, phi = 2.66958, mass = 0.798741 !!
 (mass expected in the range = 0.13957..0.13957)
Warning: tau -> had decay declared for leg: Pt = 51.4604, eta = -0.749075, phi = 2.66958, mass = 0.798741 !!
 (mass expected in the range = 0.13957..0.13957)
Warning: tau -> had decay declared for leg: Pt = 51.4604, eta = -0.749075, phi = 2.66958, mass = 0.798741 !!
 (mass expected in the range = 0.13957..0.13957)
Warning: tau -> had decay declared for leg: Pt = 51.4604, eta = -0.749075, phi = 2.66958, mass = 0.798741 !!
 (mass expected in the range = 0.13957..0.13957)
Warning: tau -> had decay declared for leg: Pt = 51.4604, eta = -0.749075, phi = 2.66958, mass = 0.798741 !!
 (mass expected in the range = 0.13957..0.13957)
Warning: tau -> had decay declared for leg: Pt = 107.848, eta = 0.798486, phi = -1.07987, mass = 1.24367 !!
 (mass expected in the range = 0.13957..0.13957)
Warning: tau -> had decay declared for leg: Pt = 114.255, eta = -0.953283, phi = 1.20019, mass = 1.15833 !!
 (mass expected in the range = 0.13957..0.13957)
Warning: tau -> had decay declared for leg: Pt = 51.5937, eta = 1.25227, phi = 1.57018, mass = 0.708452 !!
 (mass expected in the range = 0.13957..0.13957)
Warning: tau -> had decay declared for leg: Pt = 51.5937, eta = 1.25227, phi = 1.57018, mass = 0.708452 !!
 (mass expected in the range = 0.13957..0.13957)
Warning: tau -> had decay declared for leg: Pt = 51.5937, eta = 1.25227, phi = 1.57018, mass = 0.708452 !!
 (mass expected in the range = 0.13957..0.13957)
Warning: tau -> had decay declared for leg: Pt = 51.5937, eta = 1.25227, phi = 1.57018, mass = 0.708452 !!
 (mass expected in the range = 0.13957..0.13957)
Warning: tau -> had decay declared for leg: Pt = 51.5937, eta = 1.25227, phi = 1.57018, mass = 0.708452 !!
 (mass expected in the range = 0.13957..0.13957)
Warning: tau -> had decay declared for leg: Pt = 53.3171, eta = 0.943847, phi = 2.87838, mass = 0.856403 !!
 (mass expected in the range = 0.13957..0.13957)
Warning: tau -> had decay declared for leg: Pt = 53.3171, eta = 0.943847, phi = 2.87838, mass = 0.856403 !!
 (mass expected in the range = 0.13957..0.13957)
Warning: tau -> had decay declared for leg: Pt = 53.3171, eta = 0.943847, phi = 2.87838, mass = 0.856403 !!
 (mass expected in the range = 0.13957..0.13957)
Warning: tau -> had decay declared for leg: Pt = 53.3171, eta = 0.943847, phi = 2.87838, mass = 0.856403 !!
 (mass expected in the range = 0.13957..0.13957)
Warning: tau -> had decay declared for leg: Pt = 53.3171, eta = 0.943847, phi = 2.87838, mass = 0.856403 !!
 (mass expected in the range = 0.13957..0.13957)
Warning: tau -> had decay declared for leg: Pt = 45.7643, eta = -0.369381, phi = 1.37267, mass = 1.21043 !!
 (mass expected in the range = 0.13957..0.13957)
Warning: tau -> had decay declared for leg: Pt = 55.1235, eta = -0.13198, phi = 1.32124, mass = 0.913358 !!
 (mass expected in the range = 0.13957..0.13957)
Warning: tau -> had decay declared for leg: Pt = 53.2304, eta = 1.70308, phi = -0.826043, mass = 0.72578 !!
 (mass expected in the range = 0.13957..0.13957)
Warning: tau -> had decay declared for leg: Pt = 44.2777, eta = 2.08754, phi = 1.42981, mass = 0.784697 !!
 (mass expected in the range = 0.13957..0.13957)
Warning: tau -> had decay declared for leg: Pt = 26.8056, eta = 1.60838, phi = -1.44914, mass = 0.42249 !!
 (mass expected in the range = 0.13957..0.13957)
Warning: tau -> had decay declared for leg: Pt = 46.1915, eta = -0.85189, phi = -2.62869, mass = 0.839564 !!
 (mass expected in the range = 0.13957..0.13957)
Warning: tau -> had decay declared for leg: Pt = 46.1915, eta = -0.85189, phi = -2.62869, mass = 0.839564 !!
 (mass expected in the range = 0.13957..0.13957)
Warning: tau -> had decay declared for leg: Pt = 46.1915, eta = -0.85189, phi = -2.62869, mass = 0.839564 !!
 (mass expected in the range = 0.13957..0.13957)
Warning: tau -> had decay declared for leg: Pt = 46.1915, eta = -0.85189, phi = -2.62869, mass = 0.839564 !!
 (mass expected in the range = 0.13957..0.13957)
Warning: tau -> had decay declared for leg: Pt = 46.1915, eta = -0.85189, phi = -2.62869, mass = 0.839564 !!
 (mass expected in the range = 0.13957..0.13957)
Warning: tau -> had decay declared for leg: Pt = 83.3502, eta = 0.165871, phi = 0.473788, mass = 0.719492 !!
 (mass expected in the range = 0.13957..0.13957)
Warning: tau -> had decay declared for leg: Pt = 83.3502, eta = 0.165871, phi = 0.473788, mass = 0.719492 !!
 (mass expected in the range = 0.13957..0.13957)
Warning: tau -> had decay declared for leg: Pt = 83.3502, eta = 0.165871, phi = 0.473788, mass = 0.719492 !!
 (mass expected in the range = 0.13957..0.13957)
Warning: tau -> had decay declared for leg: Pt = 83.3502, eta = 0.165871, phi = 0.473788, mass = 0.719492 !!
 (mass expected in the range = 0.13957..0.13957)
Warning: tau -> had decay declared for leg: Pt = 83.3502, eta = 0.165871, phi = 0.473788, mass = 0.719492 !!
 (mass expected in the range = 0.13957..0.13957)
Warning: tau -> had decay declared for leg: Pt = 98.7381, eta = -0.633835, phi = -2.7545, mass = 1.34175 !!
 (mass expected in the range = 0.13957..0.13957)
Warning: tau -> had decay declared for leg: Pt = 98.7381, eta = -0.633835, phi = -2.7545, mass = 1.34175 !!
 (mass expected in the range = 0.13957..0.13957)
Warning: tau -> had decay declared for leg: Pt = 98.7381, eta = -0.633835, phi = -2.7545, mass = 1.34175 !!
 (mass expected in the range = 0.13957..0.13957)
Warning: tau -> had decay declared for leg: Pt = 98.7381, eta = -0.633835, phi = -2.7545, mass = 1.34175 !!
 (mass expected in the range = 0.13957..0.13957)
Warning: tau -> had decay declared for leg: Pt = 98.7381, eta = -0.633835, phi = -2.7545, mass = 1.34175 !!
 (mass expected in the range = 0.13957..0.13957)
