[FERMIHTC-APPTAINER]: INFO -- ApptainerImage classAd detected
[FERMIHTC-APPTAINER]: INFO -- Attempting to run job in /cvmfs/singularity.opensciencegrid.org/cmssw/cms:rhel7
[FERMIHTC-APPTAINER]: INFO -- Running /cvmfs/oasis.opensciencegrid.org/mis/apptainer/current/bin/apptainer exec --pid --ipc --contain --bind /cvmfs --bind /etc/hosts --bind /etc/grid-security --home /storage/local/data1/condor/execute/dir_2756574:/srv --pwd /srv /cvmfs/singularity.opensciencegrid.org/cmssw/cms:rhel7 ./run_condor.csh plotBoostedTauTau.py ./filelists/AToTauTau/UL16pre/ALP_M-65_HT-100to400_preVFPUL16/ALP_M-65_HT-100to400_preVFPUL16_0.txt root://cmseos.fnal.gov//store/user/dalam/UL2016pre/ TCP 16pre
Starting job on  Tue Jul 9 10:22:56 UTC 2024
Running on: Linux dalam-65483379-0-cmswn2088.fnal.gov 5.14.0-427.18.1.el9_4.x86_64 #1 SMP PREEMPT_DYNAMIC Tue May 28 06:27:02 EDT 2024 x86_64 x86_64 x86_64 GNU/Linux
System software: CentOS Linux release 7.9.2009 (Core)
Done: ProjectRename
Arguments passed to this script are: 
  script: plotBoostedTauTau.py
  input files: ./filelists/AToTauTau/UL16pre/ALP_M-65_HT-100to400_preVFPUL16/ALP_M-65_HT-100to400_preVFPUL16_0.txt
  output dir: root://cmseos.fnal.gov//store/user/dalam/UL2016pre/
  mode: TCP
  year: 16pre
mode: 1
tau_e tau_mu
Kappa: 3
SVFit Mass: 77.6414
mode: 2
tau_mu tau_h
Kappa: 4
SVFit Mass: 66.9514
mode: 1
tau_e tau_mu
Kappa: 3
SVFit Mass: 55.4297
mode: 1
tau_e tau_mu
Kappa: 3
SVFit Mass: 55.4297
mode: 1
tau_e tau_mu
Kappa: 3
SVFit Mass: 55.4297
mode: 1
tau_e tau_mu
Kappa: 3
SVFit Mass: 55.4297
mode: 1
tau_e tau_mu
Kappa: 3
SVFit Mass: 59.1958
mode: 2
tau_mu tau_h
Kappa: 4
SVFit Mass: 68.8714
mode: 2
tau_mu tau_h
Kappa: 4
SVFit Mass: 60.6796
mode: 1
tau_e tau_mu
Kappa: 3
SVFit Mass: 66.0051
mode: 1
tau_e tau_mu
Kappa: 3
SVFit Mass: 66.0051
mode: 2
tau_mu tau_h
Kappa: 4
SVFit Mass: 86.2897
mode: 2
tau_mu tau_h
Kappa: 4
SVFit Mass: 59.7047
mode: 2
tau_mu tau_h
Kappa: 4
SVFit Mass: 77.3631
mode: 1
tau_e tau_mu
Kappa: 3
SVFit Mass: 54.4206
mode: 1
tau_e tau_mu
Kappa: 3
SVFit Mass: 38.2223
mode: 1
tau_e tau_mu
Kappa: 3
SVFit Mass: 38.2223
mode: 1
tau_e tau_mu
Kappa: 3
SVFit Mass: 38.2223
mode: 1
tau_e tau_mu
Kappa: 3
SVFit Mass: 38.2223
mode: 1
tau_e tau_mu
Kappa: 3
SVFit Mass: 48.0627
mode: 1
tau_e tau_mu
Kappa: 3
SVFit Mass: 48.0627
mode: 2
tau_mu tau_h
Kappa: 4
SVFit Mass: 35.7331
mode: 2
tau_mu tau_h
Kappa: 4
SVFit Mass: 70.8385
mode: 2
tau_mu tau_h
Kappa: 4
SVFit Mass: 59.6903
mode: 2
tau_mu tau_h
Kappa: 4
SVFit Mass: 42.4425
mode: 2
tau_mu tau_h
Kappa: 4
SVFit Mass: 74.4567
mode: 2
tau_mu tau_h
Kappa: 4
SVFit Mass: 47.4315
mode: 1
tau_e tau_mu
Kappa: 3
SVFit Mass: 80.3235
mode: 2
tau_mu tau_h
Kappa: 4
SVFit Mass: 69.2522
mode: 2
tau_mu tau_h
Kappa: 4
SVFit Mass: 245.54
mode: 2
tau_mu tau_h
Kappa: 4
SVFit Mass: 42.2861
mode: 2
tau_mu tau_h
Kappa: 4
SVFit Mass: 71.1143
mode: 2
tau_mu tau_h
Kappa: 4
SVFit Mass: 68.7707
mode: 2
tau_mu tau_h
Kappa: 4
SVFit Mass: 55.5938
mode: 2
tau_mu tau_h
Kappa: 4
SVFit Mass: 58.4853
mode: 1
tau_e tau_mu
Kappa: 3
SVFit Mass: 47.601
mode: 1
tau_e tau_mu
Kappa: 3
SVFit Mass: 47.601
mode: 1
tau_e tau_mu
Kappa: 3
SVFit Mass: 61.7588
mode: 2
tau_mu tau_h
Kappa: 4
SVFit Mass: 54.1387
mode: 1
tau_e tau_mu
Kappa: 3
SVFit Mass: 75.2964
mode: 2
tau_mu tau_h
Kappa: 4
SVFit Mass: 73.4616
mode: 2
tau_mu tau_h
Kappa: 4
SVFit Mass: 54.5099
mode: 1
tau_e tau_mu
Kappa: 3
SVFit Mass: 66.6792
mode: 1
tau_e tau_mu
Kappa: 3
SVFit Mass: 66.6792
mode: 2
tau_mu tau_h
Kappa: 4
SVFit Mass: 40.8988
mode: 1
tau_e tau_mu
Kappa: 3
SVFit Mass: 64.8227
mode: 2
tau_mu tau_h
Kappa: 4
SVFit Mass: 61.8085
mode: 2
tau_mu tau_h
Kappa: 4
SVFit Mass: 69.3386
mode: 2
tau_mu tau_h
Kappa: 4
SVFit Mass: 64.9694
mode: 2
tau_mu tau_h
Kappa: 4
SVFit Mass: 64.9262
mode: 2
tau_mu tau_h
Kappa: 4
SVFit Mass: 72.2213
mode: 1
tau_e tau_mu
Kappa: 3
SVFit Mass: 69.0717
mode: 1
tau_e tau_mu
Kappa: 3
SVFit Mass: 69.0717
mode: 2
tau_mu tau_h
Kappa: 4
SVFit Mass: 58.4651
mode: 2
tau_mu tau_h
Kappa: 4
SVFit Mass: 61.3478
mode: 1
tau_e tau_mu
Kappa: 3
SVFit Mass: 87.1505
mode: 2
tau_mu tau_h
Kappa: 4
SVFit Mass: 45.1077
mode: 2
tau_mu tau_h
Kappa: 4
SVFit Mass: 244.414
mode: 1
tau_e tau_mu
Kappa: 3
SVFit Mass: 57.1443
mode: 1
tau_e tau_mu
Kappa: 3
SVFit Mass: 57.1443
mode: 1
tau_e tau_mu
Kappa: 3
SVFit Mass: 88.3204
mode: 2
tau_mu tau_h
Kappa: 4
SVFit Mass: 56.1723
mode: 2
tau_mu tau_h
Kappa: 4
SVFit Mass: 47.9247
mode: 2
tau_mu tau_h
Kappa: 4
SVFit Mass: 48.0164
mode: 2
tau_mu tau_h
Kappa: 4
SVFit Mass: 335.913
mode: 1
tau_e tau_mu
Kappa: 3
SVFit Mass: 54.3477
mode: 1
tau_e tau_mu
Kappa: 3
SVFit Mass: 54.3477
mode: 2
tau_mu tau_h
Kappa: 4
SVFit Mass: 67.7962
mode: 2
tau_mu tau_h
Kappa: 4
SVFit Mass: 49.6675
mode: 1
tau_e tau_mu
Kappa: 3
SVFit Mass: 55.2269
mode: 2
tau_mu tau_h
Kappa: 4
SVFit Mass: 5.1048
mode: 1
tau_e tau_mu
Kappa: 3
SVFit Mass: 50.01
mode: 1
tau_e tau_mu
Kappa: 3
SVFit Mass: 50.01
mode: 1
tau_e tau_mu
Kappa: 3
SVFit Mass: 74.4902
mode: 1
tau_e tau_mu
Kappa: 3
SVFit Mass: 74.4902
mode: 2
tau_mu tau_h
Kappa: 4
SVFit Mass: 54.0383
mode: 2
tau_mu tau_h
Kappa: 4
SVFit Mass: 60.2039
mode: 2
tau_mu tau_h
Kappa: 4
SVFit Mass: 68.8576
mode: 2
tau_mu tau_h
Kappa: 4
SVFit Mass: 50.5706
mode: 1
tau_e tau_mu
Kappa: 3
SVFit Mass: 72.4182
mode: 2
tau_mu tau_h
Kappa: 4
SVFit Mass: 59.8212
mode: 2
tau_mu tau_h
Kappa: 4
SVFit Mass: 60.5093
mode: 1
tau_e tau_mu
Kappa: 3
SVFit Mass: 60.7819
mode: 1
tau_e tau_mu
Kappa: 3
SVFit Mass: 60.7819
mode: 2
tau_mu tau_h
Kappa: 4
SVFit Mass: 59.2891
mode: 2
tau_mu tau_h
Kappa: 4
SVFit Mass: 89.7697
mode: 1
tau_e tau_mu
Kappa: 3
SVFit Mass: 70.9286
mode: 1
tau_e tau_mu
Kappa: 3
SVFit Mass: 70.9286
mode: 2
tau_mu tau_h
Kappa: 4
SVFit Mass: 65.8532
mode: 2
tau_mu tau_h
Kappa: 4
SVFit Mass: 42.8786
mode: 2
tau_mu tau_h
Kappa: 4
SVFit Mass: 58.9777
mode: 2
tau_mu tau_h
Kappa: 4
SVFit Mass: 62.6773
mode: 1
tau_e tau_mu
Kappa: 3
SVFit Mass: 67.7042
mode: 2
tau_mu tau_h
Kappa: 4
SVFit Mass: 69.3736
mode: 1
tau_e tau_mu
Kappa: 3
SVFit Mass: 61.9446
mode: 1
tau_e tau_mu
Kappa: 3
SVFit Mass: 61.9446
mode: 2
tau_mu tau_h
Kappa: 4
SVFit Mass: 53.4167
mode: 2
tau_mu tau_h
Kappa: 4
SVFit Mass: 65.3722
mode: 2
tau_mu tau_h
Kappa: 4
SVFit Mass: 60.4964
mode: 2
tau_mu tau_h
Kappa: 4
SVFit Mass: 74.8608
mode: 2
tau_mu tau_h
Kappa: 4
SVFit Mass: 70.803
mode: 1
tau_e tau_mu
Kappa: 3
SVFit Mass: 74.2975
mode: 2
tau_mu tau_h
Kappa: 4
SVFit Mass: 43.9487
mode: 1
tau_e tau_mu
Kappa: 3
SVFit Mass: 80.5225
mode: 2
tau_mu tau_h
Kappa: 4
SVFit Mass: 74.768
mode: 1
tau_e tau_mu
Kappa: 3
SVFit Mass: 63.3565
mode: 1
tau_e tau_mu
Kappa: 3
SVFit Mass: 47.0675
mode: 2
tau_mu tau_h
Kappa: 4
SVFit Mass: 51.1999
mode: 2
tau_mu tau_h
Kappa: 4
SVFit Mass: 69.7838
mode: 1
tau_e tau_mu
Kappa: 3
SVFit Mass: 50.9978
mode: 1
tau_e tau_mu
Kappa: 3
SVFit Mass: 50.9978
mode: 2
tau_mu tau_h
Kappa: 4
SVFit Mass: 51.2474
mode: 1
tau_e tau_mu
Kappa: 3
SVFit Mass: 66.6764
mode: 1
tau_e tau_mu
Kappa: 3
SVFit Mass: 54.3264
mode: 2
tau_mu tau_h
Kappa: 4
SVFit Mass: 76.7538
mode: 2
tau_mu tau_h
Kappa: 4
SVFit Mass: 794.306
mode: 2
tau_mu tau_h
Kappa: 4
SVFit Mass: 58.1895
mode: 2
tau_mu tau_h
Kappa: 4
SVFit Mass: 67.3703
mode: 2
tau_mu tau_h
Kappa: 4
SVFit Mass: 385.376
mode: 2
tau_mu tau_h
Kappa: 4
SVFit Mass: 39.1248
mode: 2
tau_mu tau_h
Kappa: 4
SVFit Mass: 61.1286
mode: 1
tau_e tau_mu
Kappa: 3
SVFit Mass: 64.9687
mode: 1
tau_e tau_mu
Kappa: 3
SVFit Mass: 64.9687
mode: 2
tau_mu tau_h
Kappa: 4
SVFit Mass: 65.691
mode: 2
tau_mu tau_h
Kappa: 4
SVFit Mass: 40.2573
mode: 2
tau_mu tau_h
Kappa: 4
SVFit Mass: 59.3077
mode: 1
tau_e tau_mu
Kappa: 3
SVFit Mass: 66.4851
mode: 1
tau_e tau_mu
Kappa: 3
SVFit Mass: 63.8051
mode: 1
tau_e tau_mu
Kappa: 3
SVFit Mass: 63.8051
mode: 2
tau_mu tau_h
Kappa: 4
SVFit Mass: 63.8989
mode: 2
tau_mu tau_h
Kappa: 4
SVFit Mass: 66.3656
mode: 1
tau_e tau_mu
Kappa: 3
SVFit Mass: 58.7694
mode: 1
tau_e tau_mu
Kappa: 3
SVFit Mass: 58.7694
mode: 2
tau_mu tau_h
Kappa: 4
SVFit Mass: 54.5808
mode: 1
tau_e tau_mu
Kappa: 3
SVFit Mass: 59.7593
mode: 1
tau_e tau_mu
Kappa: 3
SVFit Mass: 59.7593
mode: 2
tau_mu tau_h
Kappa: 4
SVFit Mass: 47.6919
mode: 1
tau_e tau_mu
Kappa: 3
SVFit Mass: 76.0283
mode: 2
tau_mu tau_h
Kappa: 4
SVFit Mass: 62.2703
mode: 1
tau_e tau_mu
Kappa: 3
SVFit Mass: 290.619
mode: 2
tau_mu tau_h
Kappa: 4
SVFit Mass: 263.287
mode: 2
tau_mu tau_h
Kappa: 4
SVFit Mass: 46.9353
mode: 1
tau_e tau_mu
Kappa: 3
SVFit Mass: 51.1253
mode: 1
tau_e tau_mu
Kappa: 3
SVFit Mass: 51.1253
mode: 2
tau_mu tau_h
Kappa: 4
SVFit Mass: 48.6557
mode: 1
tau_e tau_mu
Kappa: 3
SVFit Mass: 76.1375
mode: 2
tau_mu tau_h
Kappa: 4
SVFit Mass: 54.3868
mode: 1
tau_e tau_mu
Kappa: 3
SVFit Mass: 68.3436
mode: 2
tau_mu tau_h
Kappa: 4
SVFit Mass: 365.779
mode: 2
tau_mu tau_h
Kappa: 4
SVFit Mass: 42.4698
mode: 1
tau_e tau_mu
Kappa: 3
SVFit Mass: 71.5193
mode: 2
tau_mu tau_h
Kappa: 4
SVFit Mass: 55.6122
mode: 1
tau_e tau_mu
Kappa: 3
SVFit Mass: 65.5656
mode: 1
tau_e tau_mu
Kappa: 3
SVFit Mass: 49.9096
mode: 1
tau_e tau_mu
Kappa: 3
SVFit Mass: 49.9096
mode: 2
tau_mu tau_h
Kappa: 4
SVFit Mass: 82.5328
mode: 1
tau_e tau_mu
Kappa: 3
SVFit Mass: 56.6725
mode: 2
tau_mu tau_h
Kappa: 4
SVFit Mass: 74.6406
mode: 2
tau_mu tau_h
Kappa: 4
SVFit Mass: 50.9877
mode: 2
tau_mu tau_h
Kappa: 4
SVFit Mass: 82.5663
{'lowMET_BFlavour': <cppyy.gbl.TH2F object at 0x47f7270>, 'highMET_BFlavour': <cppyy.gbl.TH2F object at 0x7734de0>, 'lowMET_CFlavour': <cppyy.gbl.TH2F object at 0x7734420>, 'highMET_CFlavour': <cppyy.gbl.TH2F object at 0x7733fa0>, 'lowMET_LFlavour': <cppyy.gbl.TH2F object at 0x77348e0>, 'highMET_LFlavour': <cppyy.gbl.TH2F object at 0x7745d30>}
root://cmseos.fnal.gov//store/user/dalam/UL2016pre/h_plotBoostedTauTau_16pre_ALP_M-65_HT-100to400_preVFPUL16_0.root
root://cmsio2.rc.ufl.edu:1094//store/user/zhangj/TCPNtuple/AToTauTau_ALP_M-65_HT-100to400_TuneCP5_13TeV-madgraphMLM-pythia8/Ntuple_ALP_M-65_HT-100to400_preVFPUL16_miniAODv2_v5/240514_003942/0000/TCPNtuple_Backgrounds_1.root
root://cmsio2.rc.ufl.edu:1094//store/user/zhangj/TCPNtuple/AToTauTau_ALP_M-65_HT-100to400_TuneCP5_13TeV-madgraphMLM-pythia8/Ntuple_ALP_M-65_HT-100to400_preVFPUL16_miniAODv2_v5/240514_003942/0000/TCPNtuple_Backgrounds_2.root
--- 528.6085922718048 seconds ---
