040 (65483371.000.000) 2024-07-09 05:20:40 Started transferring input files
	Transferring to host: <131.225.188.94:9618?addrs=[2620-6a-0-8421-f0-0-188-94]-9618+131.225.188.94-9618&alias=cmswn2045.fnal.gov&noUDP&sock=slot1_34_2649_35c5_47884>
...
040 (65483371.000.000) 2024-07-09 05:20:40 Finished transferring input files
...
001 (65483371.000.000) 2024-07-09 05:20:41 Job executing on host: <131.225.188.94:9618?addrs=[2620-6a-0-8421-f0-0-188-94]-9618+131.225.188.94-9618&alias=cmswn2045.fnal.gov&noUDP&sock=startd_2150_4cb5>
	SlotName: slot1_34@cmswn2045.fnal.gov
	CondorScratchDir = "/storage/local/data1/condor/execute/dir_1701631"
	Cpus = 1
	Disk = 1591123
	Memory = 2048
...
040 (65483371.000.000) 2024-07-09 05:48:39 Started transferring output files
...
040 (65483371.000.000) 2024-07-09 05:48:39 Finished transferring output files
...
005 (65483371.000.000) 2024-07-09 05:48:42 Job terminated.
	(1) Normal termination (return value 0)
		Usr 0 00:00:00, Sys 0 00:00:00  -  Run Remote Usage
		Usr 0 00:00:00, Sys 0 00:00:00  -  Run Local Usage
		Usr 0 00:00:00, Sys 0 00:00:00  -  Total Remote Usage
		Usr 0 00:00:00, Sys 0 00:00:00  -  Total Local Usage
	40820  -  Run Bytes Sent By Job
	11452  -  Run Bytes Received By Job
	40820  -  Total Bytes Sent By Job
	11452  -  Total Bytes Received By Job
	Partitionable Resources :    Usage  Request Allocated 
	   Cpus                 :        0        1         1 
	   Disk (KB)            :   152323        4   1591123 
	   Memory (MB)          :              2048      2048 

	Job terminated of its own accord at 2024-07-09T10:48:39Z with exit-code 0.
...
