040 (65483373.000.000) 2024-07-09 05:21:02 Started transferring input files
	Transferring to host: <131.225.188.157:9618?addrs=[2620-6a-0-8421-f0-0-188-157]-9618+131.225.188.157-9618&alias=cmswn2053.fnal.gov&noUDP&sock=slot1_6_2820_b1ec_48808>
...
040 (65483373.000.000) 2024-07-09 05:21:02 Finished transferring input files
...
001 (65483373.000.000) 2024-07-09 05:21:03 Job executing on host: <131.225.188.157:9618?addrs=[2620-6a-0-8421-f0-0-188-157]-9618+131.225.188.157-9618&alias=cmswn2053.fnal.gov&noUDP&sock=startd_2161_d840>
	SlotName: slot1_6@cmswn2053.fnal.gov
	CondorScratchDir = "/storage/local/data1/condor/execute/dir_4069600"
	Cpus = 1
	Disk = 1607956
	Memory = 2048
...
040 (65483373.000.000) 2024-07-09 05:30:14 Started transferring output files
...
040 (65483373.000.000) 2024-07-09 05:30:14 Finished transferring output files
...
005 (65483373.000.000) 2024-07-09 05:30:15 Job terminated.
	(1) Normal termination (return value 0)
		Usr 0 00:00:00, Sys 0 00:00:00  -  Run Remote Usage
		Usr 0 00:00:00, Sys 0 00:00:00  -  Run Local Usage
		Usr 0 00:00:00, Sys 0 00:00:00  -  Total Remote Usage
		Usr 0 00:00:00, Sys 0 00:00:00  -  Total Local Usage
	35703  -  Run Bytes Sent By Job
	11452  -  Run Bytes Received By Job
	35703  -  Total Bytes Sent By Job
	11452  -  Total Bytes Received By Job
	Partitionable Resources :     Usage  Request Allocated 
	   Cpus                 :      0.00        1         1 
	   Disk (KB)            : 152310           4   1607956 
	   Memory (MB)          :               2048      2048 

	Job terminated of its own accord at 2024-07-09T10:30:14Z with exit-code 0.
...
