040 (65483364.000.000) 2024-07-09 05:20:39 Started transferring input files
	Transferring to host: <131.225.189.178:9618?addrs=[2620-6a-0-8421-f0-0-189-178]-9618+131.225.189.178-9618&alias=cmswn2127.fnal.gov&noUDP&sock=slot1_23_2924_f8f0_24329>
...
040 (65483364.000.000) 2024-07-09 05:20:39 Finished transferring input files
...
001 (65483364.000.000) 2024-07-09 05:20:40 Job executing on host: <131.225.189.178:9618?addrs=[2620-6a-0-8421-f0-0-189-178]-9618+131.225.189.178-9618&alias=cmswn2127.fnal.gov&noUDP&sock=startd_2291_0390>
	SlotName: slot1_23@cmswn2127.fnal.gov
	CondorScratchDir = "/storage/local/data1/condor/execute/dir_2378816"
	Cpus = 1
	Disk = 3452751
	Memory = 2048
...
040 (65483364.000.000) 2024-07-09 06:24:13 Started transferring output files
...
040 (65483364.000.000) 2024-07-09 06:24:13 Finished transferring output files
...
005 (65483364.000.000) 2024-07-09 06:24:15 Job terminated.
	(1) Normal termination (return value 0)
		Usr 0 00:00:00, Sys 0 00:00:00  -  Run Remote Usage
		Usr 0 00:00:00, Sys 0 00:00:00  -  Run Local Usage
		Usr 0 00:00:00, Sys 0 00:00:00  -  Total Remote Usage
		Usr 0 00:00:00, Sys 0 00:00:00  -  Total Local Usage
	1184197  -  Run Bytes Sent By Job
	11452  -  Run Bytes Received By Job
	1184197  -  Total Bytes Sent By Job
	11452  -  Total Bytes Received By Job
	Partitionable Resources :     Usage  Request Allocated 
	   Cpus                 :      0.00        1         1 
	   Disk (KB)            : 153433           4   3452751 
	   Memory (MB)          :               2048      2048 

	Job terminated of its own accord at 2024-07-09T11:24:13Z with exit-code 0.
...
