[FERMIHTC-APPTAINER]: INFO -- ApptainerImage classAd detected
[FERMIHTC-APPTAINER]: INFO -- Attempting to run job in /cvmfs/singularity.opensciencegrid.org/cmssw/cms:rhel7
[FERMIHTC-APPTAINER]: INFO -- Running /cvmfs/oasis.opensciencegrid.org/mis/apptainer/current/bin/apptainer exec --pid --ipc --contain --bind /cvmfs --bind /etc/hosts --bind /etc/grid-security --home /storage/local/data1/condor/execute/dir_3916924:/srv --pwd /srv /cvmfs/singularity.opensciencegrid.org/cmssw/cms:rhel7 ./run_condor.csh plotBoostedTauTau.py ./filelists/AToTauTau/UL16pre/ALP_M-20_HT-100to400_preVFPUL16/ALP_M-20_HT-100to400_preVFPUL16_0.txt root://cmseos.fnal.gov//store/user/dalam/UL2016pre/ TCP 16pre
Starting job on  Tue Jul 9 10:20:43 UTC 2024
Running on: Linux dalam-65483361-0-cmswn2149.fnal.gov 5.14.0-427.18.1.el9_4.x86_64 #1 SMP PREEMPT_DYNAMIC Tue May 28 06:27:02 EDT 2024 x86_64 x86_64 x86_64 GNU/Linux
System software: CentOS Linux release 7.9.2009 (Core)
Done: ProjectRename
Arguments passed to this script are: 
  script: plotBoostedTauTau.py
  input files: ./filelists/AToTauTau/UL16pre/ALP_M-20_HT-100to400_preVFPUL16/ALP_M-20_HT-100to400_preVFPUL16_0.txt
  output dir: root://cmseos.fnal.gov//store/user/dalam/UL2016pre/
  mode: TCP
  year: 16pre
mode: 2
tau_mu tau_h
Kappa: 4
SVFit Mass: 20.2706
mode: 2
tau_mu tau_h
Kappa: 4
SVFit Mass: 20.2706
mode: 2
tau_mu tau_h
Kappa: 4
SVFit Mass: 20.2706
mode: 2
tau_mu tau_h
Kappa: 4
SVFit Mass: 20.2706
mode: 2
tau_mu tau_h
Kappa: 4
SVFit Mass: 20.2706
mode: 2
tau_mu tau_h
Kappa: 4
SVFit Mass: 19.8706
mode: 2
tau_mu tau_h
Kappa: 4
SVFit Mass: 19.0417
mode: 2
tau_mu tau_h
Kappa: 4
SVFit Mass: 19.0417
mode: 2
tau_mu tau_h
Kappa: 4
SVFit Mass: 19.0417
mode: 2
tau_mu tau_h
Kappa: 4
SVFit Mass: 19.0417
mode: 2
tau_mu tau_h
Kappa: 4
SVFit Mass: 19.0417
mode: 1
tau_e tau_mu
Kappa: 3
SVFit Mass: 13.7968
mode: 1
tau_e tau_mu
Kappa: 3
SVFit Mass: 13.7968
mode: 1
tau_e tau_mu
Kappa: 3
SVFit Mass: 13.7968
mode: 1
tau_e tau_mu
Kappa: 3
SVFit Mass: 13.7968
mode: 1
tau_e tau_mu
Kappa: 3
SVFit Mass: 18.3793
mode: 1
tau_e tau_mu
Kappa: 3
SVFit Mass: 18.3793
mode: 1
tau_e tau_mu
Kappa: 3
SVFit Mass: 23.5147
mode: 1
tau_e tau_mu
Kappa: 3
SVFit Mass: 23.5147
mode: 1
tau_e tau_mu
Kappa: 3
SVFit Mass: 23.5147
mode: 1
tau_e tau_mu
Kappa: 3
SVFit Mass: 23.5147
mode: 2
tau_mu tau_h
Kappa: 4
SVFit Mass: 19.8715
mode: 1
tau_e tau_mu
Kappa: 3
SVFit Mass: 22.56
mode: 2
tau_mu tau_h
Kappa: 4
SVFit Mass: 204.778
mode: 2
tau_mu tau_h
Kappa: 4
SVFit Mass: 19.37
mode: 1
tau_e tau_mu
Kappa: 3
SVFit Mass: 20.2891
mode: 1
tau_e tau_mu
Kappa: 3
SVFit Mass: 20.2891
mode: 1
tau_e tau_mu
Kappa: 3
SVFit Mass: 20.2891
mode: 1
tau_e tau_mu
Kappa: 3
SVFit Mass: 20.2891
mode: 1
tau_e tau_mu
Kappa: 3
SVFit Mass: 14.7306
mode: 1
tau_e tau_mu
Kappa: 3
SVFit Mass: 14.7306
mode: 1
tau_e tau_mu
Kappa: 3
SVFit Mass: 14.7306
mode: 1
tau_e tau_mu
Kappa: 3
SVFit Mass: 14.7306
mode: 2
tau_mu tau_h
Kappa: 4
SVFit Mass: 23.4542
mode: 2
tau_mu tau_h
Kappa: 4
SVFit Mass: 23.4542
mode: 2
tau_mu tau_h
Kappa: 4
SVFit Mass: 23.4542
mode: 2
tau_mu tau_h
Kappa: 4
SVFit Mass: 23.4542
mode: 2
tau_mu tau_h
Kappa: 4
SVFit Mass: 23.4542
mode: 1
tau_e tau_mu
Kappa: 3
SVFit Mass: 19.5044
mode: 1
tau_e tau_mu
Kappa: 3
SVFit Mass: 19.5044
mode: 1
tau_e tau_mu
Kappa: 3
SVFit Mass: 19.5044
mode: 1
tau_e tau_mu
Kappa: 3
SVFit Mass: 19.5044
mode: 2
tau_mu tau_h
Kappa: 4
SVFit Mass: 19.8454
mode: 1
tau_e tau_mu
Kappa: 3
SVFit Mass: 25.2362
mode: 1
tau_e tau_mu
Kappa: 3
SVFit Mass: 25.2362
mode: 2
tau_mu tau_h
Kappa: 4
SVFit Mass: 17.3413
mode: 2
tau_mu tau_h
Kappa: 4
SVFit Mass: 20.972
mode: 1
tau_e tau_mu
Kappa: 3
SVFit Mass: 23.0279
mode: 2
tau_mu tau_h
Kappa: 4
SVFit Mass: 20.0599
mode: 2
tau_mu tau_h
Kappa: 4
SVFit Mass: 20.0599
mode: 2
tau_mu tau_h
Kappa: 4
SVFit Mass: 20.0599
mode: 2
tau_mu tau_h
Kappa: 4
SVFit Mass: 20.0599
mode: 2
tau_mu tau_h
Kappa: 4
SVFit Mass: 20.0599
mode: 2
tau_mu tau_h
Kappa: 4
SVFit Mass: 7.92084
mode: 1
tau_e tau_mu
Kappa: 3
SVFit Mass: 18.6763
mode: 1
tau_e tau_mu
Kappa: 3
SVFit Mass: 18.6763
mode: 2
tau_mu tau_h
Kappa: 4
SVFit Mass: 10.4614
mode: 2
tau_mu tau_h
Kappa: 4
SVFit Mass: 10.4614
mode: 2
tau_mu tau_h
Kappa: 4
SVFit Mass: 10.4614
mode: 2
tau_mu tau_h
Kappa: 4
SVFit Mass: 10.4614
mode: 2
tau_mu tau_h
Kappa: 4
SVFit Mass: 10.4614
mode: 2
tau_mu tau_h
Kappa: 4
SVFit Mass: 16.1133
mode: 2
tau_mu tau_h
Kappa: 4
SVFit Mass: 16.1133
mode: 2
tau_mu tau_h
Kappa: 4
SVFit Mass: 16.1133
mode: 2
tau_mu tau_h
Kappa: 4
SVFit Mass: 16.1133
mode: 2
tau_mu tau_h
Kappa: 4
SVFit Mass: 16.1133
mode: 1
tau_e tau_mu
Kappa: 3
SVFit Mass: 17.5068
mode: 1
tau_e tau_mu
Kappa: 3
SVFit Mass: 17.5068
mode: 1
tau_e tau_mu
Kappa: 3
SVFit Mass: 17.5068
mode: 1
tau_e tau_mu
Kappa: 3
SVFit Mass: 17.5068
mode: 2
tau_mu tau_h
Kappa: 4
SVFit Mass: 20.6687
mode: 2
tau_mu tau_h
Kappa: 4
SVFit Mass: 19.2328
mode: 2
tau_mu tau_h
Kappa: 4
SVFit Mass: 19.2328
mode: 2
tau_mu tau_h
Kappa: 4
SVFit Mass: 19.2328
mode: 2
tau_mu tau_h
Kappa: 4
SVFit Mass: 19.2328
mode: 2
tau_mu tau_h
Kappa: 4
SVFit Mass: 19.2328
mode: 2
tau_mu tau_h
Kappa: 4
SVFit Mass: 174.531
mode: 2
tau_mu tau_h
Kappa: 4
SVFit Mass: 18.5003
mode: 1
tau_e tau_mu
Kappa: 3
SVFit Mass: 23.8386
mode: 2
tau_mu tau_h
Kappa: 4
SVFit Mass: 16.125
mode: 2
tau_mu tau_h
Kappa: 4
SVFit Mass: 17.4807
mode: 2
tau_mu tau_h
Kappa: 4
SVFit Mass: 17.4807
mode: 2
tau_mu tau_h
Kappa: 4
SVFit Mass: 17.4807
mode: 2
tau_mu tau_h
Kappa: 4
SVFit Mass: 17.4807
mode: 2
tau_mu tau_h
Kappa: 4
SVFit Mass: 17.4807
mode: 2
tau_mu tau_h
Kappa: 4
SVFit Mass: 14.616
mode: 2
tau_mu tau_h
Kappa: 4
SVFit Mass: 15.1739
mode: 2
tau_mu tau_h
Kappa: 4
SVFit Mass: 18.3363
mode: 2
tau_mu tau_h
Kappa: 4
SVFit Mass: 18.5338
mode: 1
tau_e tau_mu
Kappa: 3
SVFit Mass: 19.7983
mode: 1
tau_e tau_mu
Kappa: 3
SVFit Mass: 19.7983
mode: 2
tau_mu tau_h
Kappa: 4
SVFit Mass: 15.9194
mode: 2
tau_mu tau_h
Kappa: 4
SVFit Mass: 15.9194
mode: 2
tau_mu tau_h
Kappa: 4
SVFit Mass: 15.9194
mode: 2
tau_mu tau_h
Kappa: 4
SVFit Mass: 15.9194
mode: 2
tau_mu tau_h
Kappa: 4
SVFit Mass: 15.9194
mode: 2
tau_mu tau_h
Kappa: 4
SVFit Mass: 17.7227
mode: 1
tau_e tau_mu
Kappa: 3
SVFit Mass: 25.8904
mode: 1
tau_e tau_mu
Kappa: 3
SVFit Mass: 25.8904
mode: 2
tau_mu tau_h
Kappa: 4
SVFit Mass: 18.7921
mode: 2
tau_mu tau_h
Kappa: 4
SVFit Mass: 18.7921
mode: 2
tau_mu tau_h
Kappa: 4
SVFit Mass: 18.7921
mode: 2
tau_mu tau_h
Kappa: 4
SVFit Mass: 18.7921
mode: 2
tau_mu tau_h
Kappa: 4
SVFit Mass: 18.7921
mode: 2
tau_mu tau_h
Kappa: 4
SVFit Mass: 22.7454
mode: 2
tau_mu tau_h
Kappa: 4
SVFit Mass: 22.7454
mode: 2
tau_mu tau_h
Kappa: 4
SVFit Mass: 22.7454
mode: 2
tau_mu tau_h
Kappa: 4
SVFit Mass: 22.7454
mode: 2
tau_mu tau_h
Kappa: 4
SVFit Mass: 22.7454
mode: 2
tau_mu tau_h
Kappa: 4
SVFit Mass: 23.5443
mode: 2
tau_mu tau_h
Kappa: 4
SVFit Mass: 23.5443
mode: 2
tau_mu tau_h
Kappa: 4
SVFit Mass: 23.5443
mode: 2
tau_mu tau_h
Kappa: 4
SVFit Mass: 23.5443
mode: 2
tau_mu tau_h
Kappa: 4
SVFit Mass: 23.5443
mode: 2
tau_mu tau_h
Kappa: 4
SVFit Mass: 18.6216
mode: 2
tau_mu tau_h
Kappa: 4
SVFit Mass: 20.2791
mode: 2
tau_mu tau_h
Kappa: 4
SVFit Mass: 20.4994
mode: 2
tau_mu tau_h
Kappa: 4
SVFit Mass: 20.4994
mode: 2
tau_mu tau_h
Kappa: 4
SVFit Mass: 20.4994
mode: 2
tau_mu tau_h
Kappa: 4
SVFit Mass: 20.4994
mode: 2
tau_mu tau_h
Kappa: 4
SVFit Mass: 20.4994
mode: 2
tau_mu tau_h
Kappa: 4
SVFit Mass: 18.8496
mode: 2
tau_mu tau_h
Kappa: 4
SVFit Mass: 17.5892
mode: 2
tau_mu tau_h
Kappa: 4
SVFit Mass: 22.5995
mode: 2
tau_mu tau_h
Kappa: 4
SVFit Mass: 22.5995
mode: 2
tau_mu tau_h
Kappa: 4
SVFit Mass: 22.5995
mode: 2
tau_mu tau_h
Kappa: 4
SVFit Mass: 22.5995
mode: 2
tau_mu tau_h
Kappa: 4
SVFit Mass: 22.5995
mode: 2
tau_mu tau_h
Kappa: 4
SVFit Mass: 12.2768
mode: 2
tau_mu tau_h
Kappa: 4
SVFit Mass: 18.9238
mode: 2
tau_mu tau_h
Kappa: 4
SVFit Mass: 22.2086
mode: 1
tau_e tau_mu
Kappa: 3
SVFit Mass: 21.1274
mode: 1
tau_e tau_mu
Kappa: 3
SVFit Mass: 21.1274
mode: 1
tau_e tau_mu
Kappa: 3
SVFit Mass: 21.1274
mode: 1
tau_e tau_mu
Kappa: 3
SVFit Mass: 21.1274
mode: 2
tau_mu tau_h
Kappa: 4
SVFit Mass: 15.1056
mode: 2
tau_mu tau_h
Kappa: 4
SVFit Mass: 15.1056
mode: 2
tau_mu tau_h
Kappa: 4
SVFit Mass: 15.1056
mode: 2
tau_mu tau_h
Kappa: 4
SVFit Mass: 15.1056
mode: 2
tau_mu tau_h
Kappa: 4
SVFit Mass: 15.1056
mode: 1
tau_e tau_mu
Kappa: 3
SVFit Mass: 16.4661
mode: 1
tau_e tau_mu
Kappa: 3
SVFit Mass: 16.4661
mode: 1
tau_e tau_mu
Kappa: 3
SVFit Mass: 16.4661
mode: 1
tau_e tau_mu
Kappa: 3
SVFit Mass: 16.4661
mode: 2
tau_mu tau_h
Kappa: 4
SVFit Mass: 16.3119
mode: 2
tau_mu tau_h
Kappa: 4
SVFit Mass: 16.3119
mode: 2
tau_mu tau_h
Kappa: 4
SVFit Mass: 16.3119
mode: 2
tau_mu tau_h
Kappa: 4
SVFit Mass: 16.3119
mode: 2
tau_mu tau_h
Kappa: 4
SVFit Mass: 16.3119
mode: 2
tau_mu tau_h
Kappa: 4
SVFit Mass: 16.3441
mode: 1
tau_e tau_mu
Kappa: 3
SVFit Mass: 18.2224
mode: 1
tau_e tau_mu
Kappa: 3
SVFit Mass: 18.2224
mode: 1
tau_e tau_mu
Kappa: 3
SVFit Mass: 18.2224
mode: 1
tau_e tau_mu
Kappa: 3
SVFit Mass: 18.2224
mode: 2
tau_mu tau_h
Kappa: 4
SVFit Mass: 23.0595
mode: 2
tau_mu tau_h
Kappa: 4
SVFit Mass: 23.0595
mode: 2
tau_mu tau_h
Kappa: 4
SVFit Mass: 23.0595
mode: 2
tau_mu tau_h
Kappa: 4
SVFit Mass: 23.0595
mode: 2
tau_mu tau_h
Kappa: 4
SVFit Mass: 23.0595
mode: 1
tau_e tau_mu
Kappa: 3
SVFit Mass: 21.6656
mode: 1
tau_e tau_mu
Kappa: 3
SVFit Mass: 21.6656
mode: 1
tau_e tau_mu
Kappa: 3
SVFit Mass: 21.6656
mode: 1
tau_e tau_mu
Kappa: 3
SVFit Mass: 21.6656
mode: 2
tau_mu tau_h
Kappa: 4
SVFit Mass: 18.7296
mode: 2
tau_mu tau_h
Kappa: 4
SVFit Mass: 18.7296
mode: 2
tau_mu tau_h
Kappa: 4
SVFit Mass: 18.7296
mode: 2
tau_mu tau_h
Kappa: 4
SVFit Mass: 18.7296
mode: 2
tau_mu tau_h
Kappa: 4
SVFit Mass: 18.7296
mode: 2
tau_mu tau_h
Kappa: 4
SVFit Mass: 18.3119
mode: 2
tau_mu tau_h
Kappa: 4
SVFit Mass: 17.2827
mode: 2
tau_mu tau_h
Kappa: 4
SVFit Mass: 23.547
mode: 2
tau_mu tau_h
Kappa: 4
SVFit Mass: 23.547
mode: 2
tau_mu tau_h
Kappa: 4
SVFit Mass: 23.547
mode: 2
tau_mu tau_h
Kappa: 4
SVFit Mass: 23.547
mode: 2
tau_mu tau_h
Kappa: 4
SVFit Mass: 23.547
mode: 2
tau_mu tau_h
Kappa: 4
SVFit Mass: 16.8161
mode: 2
tau_mu tau_h
Kappa: 4
SVFit Mass: 21.727
mode: 2
tau_mu tau_h
Kappa: 4
SVFit Mass: 17.5773
mode: 2
tau_mu tau_h
Kappa: 4
SVFit Mass: 13.5154
mode: 2
tau_mu tau_h
Kappa: 4
SVFit Mass: 18.3008
mode: 2
tau_mu tau_h
Kappa: 4
SVFit Mass: 18.3008
mode: 2
tau_mu tau_h
Kappa: 4
SVFit Mass: 18.3008
mode: 2
tau_mu tau_h
Kappa: 4
SVFit Mass: 18.3008
mode: 2
tau_mu tau_h
Kappa: 4
SVFit Mass: 18.3008
mode: 2
tau_mu tau_h
Kappa: 4
SVFit Mass: 16.7007
mode: 1
tau_e tau_mu
Kappa: 3
SVFit Mass: 19.2336
mode: 1
tau_e tau_mu
Kappa: 3
SVFit Mass: 19.2336
mode: 2
tau_mu tau_h
Kappa: 4
SVFit Mass: 18.6836
mode: 2
tau_mu tau_h
Kappa: 4
SVFit Mass: 13.9966
mode: 1
tau_e tau_mu
Kappa: 3
SVFit Mass: 19.34
mode: 1
tau_e tau_mu
Kappa: 3
SVFit Mass: 19.34
mode: 1
tau_e tau_mu
Kappa: 3
SVFit Mass: 19.34
mode: 1
tau_e tau_mu
Kappa: 3
SVFit Mass: 19.34
mode: 1
tau_e tau_mu
Kappa: 3
SVFit Mass: 20.0841
mode: 2
tau_mu tau_h
Kappa: 4
SVFit Mass: 16.117
mode: 2
tau_mu tau_h
Kappa: 4
SVFit Mass: 18.2173
mode: 1
tau_e tau_mu
Kappa: 3
SVFit Mass: 18.1116
mode: 1
tau_e tau_mu
Kappa: 3
SVFit Mass: 18.1116
mode: 1
tau_e tau_mu
Kappa: 3
SVFit Mass: 18.1116
mode: 1
tau_e tau_mu
Kappa: 3
SVFit Mass: 18.1116
mode: 2
tau_mu tau_h
Kappa: 4
SVFit Mass: 17.2341
mode: 2
tau_mu tau_h
Kappa: 4
SVFit Mass: 13.8274
mode: 2
tau_mu tau_h
Kappa: 4
SVFit Mass: 20.3375
mode: 2
tau_mu tau_h
Kappa: 4
SVFit Mass: 20.3375
mode: 2
tau_mu tau_h
Kappa: 4
SVFit Mass: 20.3375
mode: 2
tau_mu tau_h
Kappa: 4
SVFit Mass: 20.3375
mode: 2
tau_mu tau_h
Kappa: 4
SVFit Mass: 20.3375
mode: 2
tau_mu tau_h
Kappa: 4
SVFit Mass: 25.9754
mode: 1
tau_e tau_mu
Kappa: 3
SVFit Mass: 20.4013
mode: 2
tau_mu tau_h
Kappa: 4
SVFit Mass: 17.897
mode: 1
tau_e tau_mu
Kappa: 3
SVFit Mass: 19.6312
mode: 1
tau_e tau_mu
Kappa: 3
SVFit Mass: 19.6312
mode: 1
tau_e tau_mu
Kappa: 3
SVFit Mass: 19.6312
mode: 1
tau_e tau_mu
Kappa: 3
SVFit Mass: 19.6312
mode: 2
tau_mu tau_h
Kappa: 4
SVFit Mass: 23.7834
mode: 1
tau_e tau_mu
Kappa: 3
SVFit Mass: 16.4037
mode: 1
tau_e tau_mu
Kappa: 3
SVFit Mass: 16.4037
mode: 2
tau_mu tau_h
Kappa: 4
SVFit Mass: 20.6068
mode: 1
tau_e tau_mu
Kappa: 3
SVFit Mass: 14.9986
mode: 1
tau_e tau_mu
Kappa: 3
SVFit Mass: 14.9986
mode: 2
tau_mu tau_h
Kappa: 4
SVFit Mass: 19.0121
mode: 1
tau_e tau_mu
Kappa: 3
SVFit Mass: 32.2323
mode: 1
tau_e tau_mu
Kappa: 3
SVFit Mass: 32.2323
mode: 1
tau_e tau_mu
Kappa: 3
SVFit Mass: 32.2323
mode: 1
tau_e tau_mu
Kappa: 3
SVFit Mass: 32.2323
mode: 2
tau_mu tau_h
Kappa: 4
SVFit Mass: 19.6468
mode: 2
tau_mu tau_h
Kappa: 4
SVFit Mass: 18.7657
mode: 2
tau_mu tau_h
Kappa: 4
SVFit Mass: 18.7657
mode: 2
tau_mu tau_h
Kappa: 4
SVFit Mass: 18.7657
mode: 2
tau_mu tau_h
Kappa: 4
SVFit Mass: 18.7657
mode: 2
tau_mu tau_h
Kappa: 4
SVFit Mass: 18.7657
mode: 1
tau_e tau_mu
Kappa: 3
SVFit Mass: 19.433
mode: 1
tau_e tau_mu
Kappa: 3
SVFit Mass: 19.433
mode: 2
tau_mu tau_h
Kappa: 4
SVFit Mass: 17.6093
mode: 2
tau_mu tau_h
Kappa: 4
SVFit Mass: 17.8051
mode: 2
tau_mu tau_h
Kappa: 4
SVFit Mass: 17.8051
mode: 2
tau_mu tau_h
Kappa: 4
SVFit Mass: 17.8051
mode: 2
tau_mu tau_h
Kappa: 4
SVFit Mass: 17.8051
mode: 2
tau_mu tau_h
Kappa: 4
SVFit Mass: 17.8051
mode: 1
tau_e tau_mu
Kappa: 3
SVFit Mass: 11.8648
mode: 1
tau_e tau_mu
Kappa: 3
SVFit Mass: 11.8648
mode: 1
tau_e tau_mu
Kappa: 3
SVFit Mass: 11.8648
mode: 1
tau_e tau_mu
Kappa: 3
SVFit Mass: 11.8648
mode: 1
tau_e tau_mu
Kappa: 3
SVFit Mass: 19.6229
mode: 1
tau_e tau_mu
Kappa: 3
SVFit Mass: 19.6229
mode: 1
tau_e tau_mu
Kappa: 3
SVFit Mass: 19.6229
mode: 1
tau_e tau_mu
Kappa: 3
SVFit Mass: 19.6229
mode: 1
tau_e tau_mu
Kappa: 3
SVFit Mass: 20.8709
mode: 1
tau_e tau_mu
Kappa: 3
SVFit Mass: 20.8709
mode: 1
tau_e tau_mu
Kappa: 3
SVFit Mass: 20.8709
mode: 1
tau_e tau_mu
Kappa: 3
SVFit Mass: 20.8709
mode: 1
tau_e tau_mu
Kappa: 3
SVFit Mass: 28.7024
mode: 2
tau_mu tau_h
Kappa: 4
SVFit Mass: 22.904
mode: 1
tau_e tau_mu
Kappa: 3
SVFit Mass: 17.5998
mode: 1
tau_e tau_mu
Kappa: 3
SVFit Mass: 17.5998
mode: 2
tau_mu tau_h
Kappa: 4
SVFit Mass: 14.4576
mode: 2
tau_mu tau_h
Kappa: 4
SVFit Mass: 16.3852
mode: 1
tau_e tau_mu
Kappa: 3
SVFit Mass: 23.0043
mode: 1
tau_e tau_mu
Kappa: 3
SVFit Mass: 23.0043
mode: 2
tau_mu tau_h
Kappa: 4
SVFit Mass: 17.1484
mode: 2
tau_mu tau_h
Kappa: 4
SVFit Mass: 20.3125
mode: 2
tau_mu tau_h
Kappa: 4
SVFit Mass: 12.3381
mode: 2
tau_mu tau_h
Kappa: 4
SVFit Mass: 17.3665
mode: 2
tau_mu tau_h
Kappa: 4
SVFit Mass: 19.5611
mode: 2
tau_mu tau_h
Kappa: 4
SVFit Mass: 16.8568
mode: 2
tau_mu tau_h
Kappa: 4
SVFit Mass: 17.3815
mode: 2
tau_mu tau_h
Kappa: 4
SVFit Mass: 19.4772
mode: 1
tau_e tau_mu
Kappa: 3
SVFit Mass: 18.6119
mode: 1
tau_e tau_mu
Kappa: 3
SVFit Mass: 18.6119
mode: 2
tau_mu tau_h
Kappa: 4
SVFit Mass: 17.4423
mode: 2
tau_mu tau_h
Kappa: 4
SVFit Mass: 17.8505
mode: 2
tau_mu tau_h
Kappa: 4
SVFit Mass: 18.0148
mode: 2
tau_mu tau_h
Kappa: 4
SVFit Mass: 16.7171
mode: 2
tau_mu tau_h
Kappa: 4
SVFit Mass: 20.8818
mode: 2
tau_mu tau_h
Kappa: 4
SVFit Mass: 20.8818
mode: 2
tau_mu tau_h
Kappa: 4
SVFit Mass: 20.8818
mode: 2
tau_mu tau_h
Kappa: 4
SVFit Mass: 20.8818
mode: 2
tau_mu tau_h
Kappa: 4
SVFit Mass: 20.8818
mode: 2
tau_mu tau_h
Kappa: 4
SVFit Mass: 22.0091
mode: 2
tau_mu tau_h
Kappa: 4
SVFit Mass: 18.7439
mode: 2
tau_mu tau_h
Kappa: 4
SVFit Mass: 18.7439
mode: 2
tau_mu tau_h
Kappa: 4
SVFit Mass: 18.7439
mode: 2
tau_mu tau_h
Kappa: 4
SVFit Mass: 18.7439
mode: 2
tau_mu tau_h
Kappa: 4
SVFit Mass: 18.7439
mode: 2
tau_mu tau_h
Kappa: 4
SVFit Mass: 16.762
mode: 1
tau_e tau_mu
Kappa: 3
SVFit Mass: 19.5824
mode: 1
tau_e tau_mu
Kappa: 3
SVFit Mass: 19.5824
mode: 2
tau_mu tau_h
Kappa: 4
SVFit Mass: 21.035
mode: 2
tau_mu tau_h
Kappa: 4
SVFit Mass: 20.0014
mode: 2
tau_mu tau_h
Kappa: 4
SVFit Mass: 13.056
mode: 2
tau_mu tau_h
Kappa: 4
SVFit Mass: 13.056
mode: 2
tau_mu tau_h
Kappa: 4
SVFit Mass: 13.056
mode: 2
tau_mu tau_h
Kappa: 4
SVFit Mass: 13.056
mode: 2
tau_mu tau_h
Kappa: 4
SVFit Mass: 13.056
mode: 2
tau_mu tau_h
Kappa: 4
SVFit Mass: 16.8196
mode: 2
tau_mu tau_h
Kappa: 4
SVFit Mass: 14.9171
mode: 2
tau_mu tau_h
Kappa: 4
SVFit Mass: 14.9171
mode: 2
tau_mu tau_h
Kappa: 4
SVFit Mass: 14.9171
mode: 2
tau_mu tau_h
Kappa: 4
SVFit Mass: 14.9171
mode: 2
tau_mu tau_h
Kappa: 4
SVFit Mass: 14.9171
mode: 1
tau_e tau_mu
Kappa: 3
SVFit Mass: 22.4803
mode: 2
tau_mu tau_h
Kappa: 4
SVFit Mass: 20.08
mode: 2
tau_mu tau_h
Kappa: 4
SVFit Mass: 20.5599
mode: 2
tau_mu tau_h
Kappa: 4
SVFit Mass: 20.5599
mode: 2
tau_mu tau_h
Kappa: 4
SVFit Mass: 20.5599
mode: 2
tau_mu tau_h
Kappa: 4
SVFit Mass: 20.5599
mode: 2
tau_mu tau_h
Kappa: 4
SVFit Mass: 20.5599
mode: 2
tau_mu tau_h
Kappa: 4
SVFit Mass: 19.7806
mode: 2
tau_mu tau_h
Kappa: 4
SVFit Mass: 21.6664
mode: 2
tau_mu tau_h
Kappa: 4
SVFit Mass: 16.8617
mode: 1
tau_e tau_mu
Kappa: 3
SVFit Mass: 19.956
mode: 1
tau_e tau_mu
Kappa: 3
SVFit Mass: 19.956
mode: 1
tau_e tau_mu
Kappa: 3
SVFit Mass: 19.956
mode: 1
tau_e tau_mu
Kappa: 3
SVFit Mass: 19.956
mode: 2
tau_mu tau_h
Kappa: 4
SVFit Mass: 21.7558
mode: 2
tau_mu tau_h
Kappa: 4
SVFit Mass: 23.7195
mode: 2
tau_mu tau_h
Kappa: 4
SVFit Mass: 21.31
mode: 2
tau_mu tau_h
Kappa: 4
SVFit Mass: 19.5684
mode: 2
tau_mu tau_h
Kappa: 4
SVFit Mass: 17.8539
mode: 2
tau_mu tau_h
Kappa: 4
SVFit Mass: 15.3729
mode: 1
tau_e tau_mu
Kappa: 3
SVFit Mass: 15.9454
mode: 1
tau_e tau_mu
Kappa: 3
SVFit Mass: 15.9454
mode: 2
tau_mu tau_h
Kappa: 4
SVFit Mass: 16.6351
mode: 2
tau_mu tau_h
Kappa: 4
SVFit Mass: 24.3909
mode: 1
tau_e tau_mu
Kappa: 3
SVFit Mass: 15.6403
mode: 1
tau_e tau_mu
Kappa: 3
SVFit Mass: 15.6403
mode: 1
tau_e tau_mu
Kappa: 3
SVFit Mass: 15.6403
mode: 1
tau_e tau_mu
Kappa: 3
SVFit Mass: 15.6403
mode: 1
tau_e tau_mu
Kappa: 3
SVFit Mass: 18.5159
mode: 1
tau_e tau_mu
Kappa: 3
SVFit Mass: 18.5159
mode: 1
tau_e tau_mu
Kappa: 3
SVFit Mass: 15.3359
mode: 1
tau_e tau_mu
Kappa: 3
SVFit Mass: 16.2691
mode: 1
tau_e tau_mu
Kappa: 3
SVFit Mass: 16.2691
mode: 1
tau_e tau_mu
Kappa: 3
SVFit Mass: 16.2691
mode: 1
tau_e tau_mu
Kappa: 3
SVFit Mass: 16.2691
mode: 2
tau_mu tau_h
Kappa: 4
SVFit Mass: 18.1865
mode: 2
tau_mu tau_h
Kappa: 4
SVFit Mass: 16.1643
mode: 1
tau_e tau_mu
Kappa: 3
SVFit Mass: 19.376
mode: 1
tau_e tau_mu
Kappa: 3
SVFit Mass: 19.376
mode: 1
tau_e tau_mu
Kappa: 3
SVFit Mass: 19.376
mode: 1
tau_e tau_mu
Kappa: 3
SVFit Mass: 19.376
mode: 2
tau_mu tau_h
Kappa: 4
SVFit Mass: 18.0827
mode: 1
tau_e tau_mu
Kappa: 3
SVFit Mass: 19.7826
mode: 1
tau_e tau_mu
Kappa: 3
SVFit Mass: 19.7826
mode: 1
tau_e tau_mu
Kappa: 3
SVFit Mass: 20.9347
mode: 1
tau_e tau_mu
Kappa: 3
SVFit Mass: 20.9347
mode: 1
tau_e tau_mu
Kappa: 3
SVFit Mass: 20.9347
mode: 1
tau_e tau_mu
Kappa: 3
SVFit Mass: 20.9347
mode: 1
tau_e tau_mu
Kappa: 3
SVFit Mass: 11.4116
mode: 1
tau_e tau_mu
Kappa: 3
SVFit Mass: 11.4116
mode: 1
tau_e tau_mu
Kappa: 3
SVFit Mass: 17.3023
mode: 1
tau_e tau_mu
Kappa: 3
SVFit Mass: 17.3023
mode: 1
tau_e tau_mu
Kappa: 3
SVFit Mass: 24.8185
mode: 1
tau_e tau_mu
Kappa: 3
SVFit Mass: 24.8185
mode: 1
tau_e tau_mu
Kappa: 3
SVFit Mass: 15.7757
mode: 1
tau_e tau_mu
Kappa: 3
SVFit Mass: 15.7757
mode: 1
tau_e tau_mu
Kappa: 3
SVFit Mass: 15.7757
mode: 1
tau_e tau_mu
Kappa: 3
SVFit Mass: 15.7757
mode: 2
tau_mu tau_h
Kappa: 4
SVFit Mass: 145.624
mode: 1
tau_e tau_mu
Kappa: 3
SVFit Mass: 18.811
mode: 1
tau_e tau_mu
Kappa: 3
SVFit Mass: 18.811
mode: 1
tau_e tau_mu
Kappa: 3
SVFit Mass: 18.811
mode: 1
tau_e tau_mu
Kappa: 3
SVFit Mass: 18.811
mode: 2
tau_mu tau_h
Kappa: 4
SVFit Mass: 22.4138
mode: 2
tau_mu tau_h
Kappa: 4
SVFit Mass: 19.8651
mode: 2
tau_mu tau_h
Kappa: 4
SVFit Mass: 19.8651
mode: 2
tau_mu tau_h
Kappa: 4
SVFit Mass: 19.8651
mode: 2
tau_mu tau_h
Kappa: 4
SVFit Mass: 19.8651
mode: 2
tau_mu tau_h
Kappa: 4
SVFit Mass: 19.8651
mode: 1
tau_e tau_mu
Kappa: 3
SVFit Mass: 16.6275
mode: 1
tau_e tau_mu
Kappa: 3
SVFit Mass: 16.6275
mode: 2
tau_mu tau_h
Kappa: 4
SVFit Mass: 15.831
mode: 1
tau_e tau_mu
Kappa: 3
SVFit Mass: 16.9356
mode: 1
tau_e tau_mu
Kappa: 3
SVFit Mass: 16.9356
mode: 2
tau_mu tau_h
Kappa: 4
SVFit Mass: 14.6082
mode: 2
tau_mu tau_h
Kappa: 4
SVFit Mass: 20.1015
mode: 2
tau_mu tau_h
Kappa: 4
SVFit Mass: 12.1553
mode: 2
tau_mu tau_h
Kappa: 4
SVFit Mass: 16.6017
mode: 2
tau_mu tau_h
Kappa: 4
SVFit Mass: 17.556
mode: 2
tau_mu tau_h
Kappa: 4
SVFit Mass: 17.556
mode: 2
tau_mu tau_h
Kappa: 4
SVFit Mass: 17.556
mode: 2
tau_mu tau_h
Kappa: 4
SVFit Mass: 17.556
mode: 2
tau_mu tau_h
Kappa: 4
SVFit Mass: 17.556
mode: 2
tau_mu tau_h
Kappa: 4
SVFit Mass: 22.7425
mode: 1
tau_e tau_mu
Kappa: 3
SVFit Mass: 23.7179
mode: 1
tau_e tau_mu
Kappa: 3
SVFit Mass: 23.7179
mode: 1
tau_e tau_mu
Kappa: 3
SVFit Mass: 23.7179
mode: 1
tau_e tau_mu
Kappa: 3
SVFit Mass: 23.7179
mode: 1
tau_e tau_mu
Kappa: 3
SVFit Mass: 25.6235
mode: 2
tau_mu tau_h
Kappa: 4
SVFit Mass: 15.1935
mode: 1
tau_e tau_mu
Kappa: 3
SVFit Mass: 18.1839
mode: 1
tau_e tau_mu
Kappa: 3
SVFit Mass: 18.1839
mode: 1
tau_e tau_mu
Kappa: 3
SVFit Mass: 18.1839
mode: 1
tau_e tau_mu
Kappa: 3
SVFit Mass: 18.1839
mode: 2
tau_mu tau_h
Kappa: 4
SVFit Mass: 20.446
mode: 2
tau_mu tau_h
Kappa: 4
SVFit Mass: 20.446
mode: 2
tau_mu tau_h
Kappa: 4
SVFit Mass: 20.446
mode: 2
tau_mu tau_h
Kappa: 4
SVFit Mass: 20.446
mode: 2
tau_mu tau_h
Kappa: 4
SVFit Mass: 20.446
mode: 2
tau_mu tau_h
Kappa: 4
SVFit Mass: 15.6982
mode: 2
tau_mu tau_h
Kappa: 4
SVFit Mass: 21.6572
mode: 2
tau_mu tau_h
Kappa: 4
SVFit Mass: 21.6572
mode: 2
tau_mu tau_h
Kappa: 4
SVFit Mass: 21.6572
mode: 2
tau_mu tau_h
Kappa: 4
SVFit Mass: 21.6572
mode: 2
tau_mu tau_h
Kappa: 4
SVFit Mass: 21.6572
mode: 1
tau_e tau_mu
Kappa: 3
SVFit Mass: 19.9712
mode: 1
tau_e tau_mu
Kappa: 3
SVFit Mass: 19.9712
mode: 2
tau_mu tau_h
Kappa: 4
SVFit Mass: 17.6598
mode: 2
tau_mu tau_h
Kappa: 4
SVFit Mass: 23.2136
mode: 2
tau_mu tau_h
Kappa: 4
SVFit Mass: 21.0306
mode: 2
tau_mu tau_h
Kappa: 4
SVFit Mass: 6.08519
mode: 2
tau_mu tau_h
Kappa: 4
SVFit Mass: 6.08519
mode: 2
tau_mu tau_h
Kappa: 4
SVFit Mass: 6.08519
mode: 2
tau_mu tau_h
Kappa: 4
SVFit Mass: 6.08519
mode: 2
tau_mu tau_h
Kappa: 4
SVFit Mass: 6.08519
mode: 1
tau_e tau_mu
Kappa: 3
SVFit Mass: 16.9654
mode: 1
tau_e tau_mu
Kappa: 3
SVFit Mass: 16.4094
mode: 1
tau_e tau_mu
Kappa: 3
SVFit Mass: 16.4094
mode: 1
tau_e tau_mu
Kappa: 3
SVFit Mass: 16.4094
mode: 1
tau_e tau_mu
Kappa: 3
SVFit Mass: 16.4094
mode: 2
tau_mu tau_h
Kappa: 4
SVFit Mass: 19.3357
mode: 1
tau_e tau_mu
Kappa: 3
SVFit Mass: 20.5382
mode: 1
tau_e tau_mu
Kappa: 3
SVFit Mass: 20.5382
mode: 2
tau_mu tau_h
Kappa: 4
SVFit Mass: 20.0378
{'lowMET_BFlavour': <cppyy.gbl.TH2F object at 0x5b79ca0>, 'highMET_BFlavour': <cppyy.gbl.TH2F object at 0x8ab9e30>, 'lowMET_CFlavour': <cppyy.gbl.TH2F object at 0x8ab9470>, 'highMET_CFlavour': <cppyy.gbl.TH2F object at 0x8ab8ff0>, 'lowMET_LFlavour': <cppyy.gbl.TH2F object at 0x8ab9930>, 'highMET_LFlavour': <cppyy.gbl.TH2F object at 0x8acad80>}
root://cmseos.fnal.gov//store/user/dalam/UL2016pre/h_plotBoostedTauTau_16pre_ALP_M-20_HT-100to400_preVFPUL16_0.root
root://cmsio2.rc.ufl.edu:1094//store/user/zhangj/TCPNtuple/AToTauTau_ALP_M-20_HT-100to400_TuneCP5_13TeV-madgraphMLM-pythia8/Ntuple_ALP_M-20_HT-100to400_preVFPUL16_miniAODv2_v5/240514_004607/0000/TCPNtuple_Backgrounds_1.root
root://cmsio2.rc.ufl.edu:1094//store/user/zhangj/TCPNtuple/AToTauTau_ALP_M-20_HT-100to400_TuneCP5_13TeV-madgraphMLM-pythia8/Ntuple_ALP_M-20_HT-100to400_preVFPUL16_miniAODv2_v5/240514_004607/0000/TCPNtuple_Backgrounds_6.root
root://cmsio2.rc.ufl.edu:1094//store/user/zhangj/TCPNtuple/AToTauTau_ALP_M-20_HT-100to400_TuneCP5_13TeV-madgraphMLM-pythia8/Ntuple_ALP_M-20_HT-100to400_preVFPUL16_miniAODv2_v5/240514_004607/0000/TCPNtuple_Backgrounds_3.root
root://cmsio2.rc.ufl.edu:1094//store/user/zhangj/TCPNtuple/AToTauTau_ALP_M-20_HT-100to400_TuneCP5_13TeV-madgraphMLM-pythia8/Ntuple_ALP_M-20_HT-100to400_preVFPUL16_miniAODv2_v5/240514_004607/0000/TCPNtuple_Backgrounds_4.root
root://cmsio2.rc.ufl.edu:1094//store/user/zhangj/TCPNtuple/AToTauTau_ALP_M-20_HT-100to400_TuneCP5_13TeV-madgraphMLM-pythia8/Ntuple_ALP_M-20_HT-100to400_preVFPUL16_miniAODv2_v5/240514_004607/0000/TCPNtuple_Backgrounds_5.root
root://cmsio2.rc.ufl.edu:1094//store/user/zhangj/TCPNtuple/AToTauTau_ALP_M-20_HT-100to400_TuneCP5_13TeV-madgraphMLM-pythia8/Ntuple_ALP_M-20_HT-100to400_preVFPUL16_miniAODv2_v5/240514_004607/0000/TCPNtuple_Backgrounds_2.root
--- 481.29958868026733 seconds ---
