[8MB/19.45MB][ 41%][====================>                             ][8MB/s]  [16MB/19.45MB][ 82%][=========================================>        ][16MB/s]  [19.45MB/19.45MB][100%][==================================================][19.45MB/s]  [19.45MB/19.45MB][100%][==================================================][19.45MB/s]  
Warning: tau -> had decay declared for leg: Pt = 20.2815, eta = 0.681287, phi = 3.02238, mass = 0.709635 !!
 (mass expected in the range = 0.13957..0.13957)
Warning: tau -> had decay declared for leg: Pt = 38.7561, eta = 1.35394, phi = -2.9838, mass = 0.66514 !!
 (mass expected in the range = 0.13957..0.13957)
Warning: tau -> had decay declared for leg: Pt = 21.2362, eta = 1.57615, phi = -1.45913, mass = 1.29503 !!
 (mass expected in the range = 0.13957..0.13957)
Warning: tau -> had decay declared for leg: Pt = 43.3427, eta = 0.698007, phi = -1.36834, mass = 1.03581 !!
 (mass expected in the range = 0.13957..0.13957)
Warning: tau -> had decay declared for leg: Pt = 38.6682, eta = 0.123026, phi = 1.83947, mass = 0.564122 !!
 (mass expected in the range = 0.13957..0.13957)
Warning: tau -> had decay declared for leg: Pt = 38.6682, eta = 0.123026, phi = 1.83947, mass = 0.564122 !!
 (mass expected in the range = 0.13957..0.13957)
Warning: tau -> had decay declared for leg: Pt = 38.6682, eta = 0.123026, phi = 1.83947, mass = 0.564122 !!
 (mass expected in the range = 0.13957..0.13957)
Warning: tau -> had decay declared for leg: Pt = 38.6682, eta = 0.123026, phi = 1.83947, mass = 0.564122 !!
 (mass expected in the range = 0.13957..0.13957)
Warning: tau -> had decay declared for leg: Pt = 38.6682, eta = 0.123026, phi = 1.83947, mass = 0.564122 !!
 (mass expected in the range = 0.13957..0.13957)
Warning: tau -> had decay declared for leg: Pt = 33.5873, eta = -0.649463, phi = 0.230628, mass = 0.780443 !!
 (mass expected in the range = 0.13957..0.13957)
Warning: tau -> had decay declared for leg: Pt = 44.0096, eta = 1.31467, phi = 1.33222, mass = 0.66083 !!
 (mass expected in the range = 0.13957..0.13957)
Warning: tau -> had decay declared for leg: Pt = 44.0096, eta = 1.31467, phi = 1.33222, mass = 0.66083 !!
 (mass expected in the range = 0.13957..0.13957)
Warning: tau -> had decay declared for leg: Pt = 44.0096, eta = 1.31467, phi = 1.33222, mass = 0.66083 !!
 (mass expected in the range = 0.13957..0.13957)
Warning: tau -> had decay declared for leg: Pt = 44.0096, eta = 1.31467, phi = 1.33222, mass = 0.66083 !!
 (mass expected in the range = 0.13957..0.13957)
Warning: tau -> had decay declared for leg: Pt = 44.0096, eta = 1.31467, phi = 1.33222, mass = 0.66083 !!
 (mass expected in the range = 0.13957..0.13957)
Warning: tau -> had decay declared for leg: Pt = 117.173, eta = -0.702152, phi = -1.17056, mass = 1.12411 !!
 (mass expected in the range = 0.13957..0.13957)
Warning: tau -> had decay declared for leg: Pt = 117.173, eta = -0.702152, phi = -1.17056, mass = 1.12411 !!
 (mass expected in the range = 0.13957..0.13957)
Warning: tau -> had decay declared for leg: Pt = 117.173, eta = -0.702152, phi = -1.17056, mass = 1.12411 !!
 (mass expected in the range = 0.13957..0.13957)
Warning: tau -> had decay declared for leg: Pt = 117.173, eta = -0.702152, phi = -1.17056, mass = 1.12411 !!
 (mass expected in the range = 0.13957..0.13957)
Warning: tau -> had decay declared for leg: Pt = 117.173, eta = -0.702152, phi = -1.17056, mass = 1.12411 !!
 (mass expected in the range = 0.13957..0.13957)
Warning: tau -> had decay declared for leg: Pt = 40.3827, eta = -2.20837, phi = 2.70832, mass = 0.493926 !!
 (mass expected in the range = 0.13957..0.13957)
Warning: tau -> had decay declared for leg: Pt = 46.8864, eta = -1.38175, phi = -0.347365, mass = 0.752928 !!
 (mass expected in the range = 0.13957..0.13957)
Warning: tau -> had decay declared for leg: Pt = 46.8864, eta = -1.38175, phi = -0.347365, mass = 0.752928 !!
 (mass expected in the range = 0.13957..0.13957)
Warning: tau -> had decay declared for leg: Pt = 46.8864, eta = -1.38175, phi = -0.347365, mass = 0.752928 !!
 (mass expected in the range = 0.13957..0.13957)
Warning: tau -> had decay declared for leg: Pt = 46.8864, eta = -1.38175, phi = -0.347365, mass = 0.752928 !!
 (mass expected in the range = 0.13957..0.13957)
Warning: tau -> had decay declared for leg: Pt = 46.8864, eta = -1.38175, phi = -0.347365, mass = 0.752928 !!
 (mass expected in the range = 0.13957..0.13957)
Warning: tau -> had decay declared for leg: Pt = 69.1171, eta = -1.3363, phi = -3.05582, mass = 0.614695 !!
 (mass expected in the range = 0.13957..0.13957)
Warning: tau -> had decay declared for leg: Pt = 40.9059, eta = -0.222952, phi = 2.0567, mass = 1.29094 !!
 (mass expected in the range = 0.13957..0.13957)
Warning: tau -> had decay declared for leg: Pt = 76.3823, eta = -0.554675, phi = -0.52794, mass = 1.30283 !!
 (mass expected in the range = 0.13957..0.13957)
Warning: tau -> had decay declared for leg: Pt = 45.4977, eta = 0.265449, phi = -2.67773, mass = 0.572638 !!
 (mass expected in the range = 0.13957..0.13957)
Warning: tau -> had decay declared for leg: Pt = 34.3114, eta = -0.462149, phi = -2.91316, mass = 1.15968 !!
 (mass expected in the range = 0.13957..0.13957)
Warning: tau -> had decay declared for leg: Pt = 104.151, eta = 1.4581, phi = -1.9661, mass = 0.441654 !!
 (mass expected in the range = 0.13957..0.13957)
Warning: tau -> had decay declared for leg: Pt = 38.3106, eta = 0.949814, phi = 0.298111, mass = 1.06273 !!
 (mass expected in the range = 0.13957..0.13957)
Warning: tau -> had decay declared for leg: Pt = 20.0714, eta = 1.87637, phi = 2.47643, mass = 0.416281 !!
 (mass expected in the range = 0.13957..0.13957)
Warning: tau -> had decay declared for leg: Pt = 135.625, eta = 0.0080071, phi = 3.11957, mass = 0.299703 !!
 (mass expected in the range = 0.13957..0.13957)
Warning: tau -> had decay declared for leg: Pt = 79.3829, eta = 0.0209184, phi = -3.11779, mass = 0.78 !!
 (mass expected in the range = 0.13957..0.13957)
Warning: tau -> had decay declared for leg: Pt = 79.3829, eta = 0.0209184, phi = -3.11779, mass = 0.78 !!
 (mass expected in the range = 0.13957..0.13957)
Warning: tau -> had decay declared for leg: Pt = 79.3829, eta = 0.0209184, phi = -3.11779, mass = 0.78 !!
 (mass expected in the range = 0.13957..0.13957)
Warning: tau -> had decay declared for leg: Pt = 79.3829, eta = 0.0209184, phi = -3.11779, mass = 0.78 !!
 (mass expected in the range = 0.13957..0.13957)
Warning: tau -> had decay declared for leg: Pt = 79.3829, eta = 0.0209184, phi = -3.11779, mass = 0.78 !!
 (mass expected in the range = 0.13957..0.13957)
Warning: tau -> had decay declared for leg: Pt = 90.762, eta = 0.26588, phi = 0.0652883, mass = 0.891719 !!
 (mass expected in the range = 0.13957..0.13957)
Warning: tau -> had decay declared for leg: Pt = 60.0227, eta = 0.206551, phi = 0.220701, mass = 0.935067 !!
 (mass expected in the range = 0.13957..0.13957)
Warning: tau -> had decay declared for leg: Pt = 60.0227, eta = 0.206551, phi = 0.220701, mass = 0.935067 !!
 (mass expected in the range = 0.13957..0.13957)
Warning: tau -> had decay declared for leg: Pt = 60.0227, eta = 0.206551, phi = 0.220701, mass = 0.935067 !!
 (mass expected in the range = 0.13957..0.13957)
Warning: tau -> had decay declared for leg: Pt = 60.0227, eta = 0.206551, phi = 0.220701, mass = 0.935067 !!
 (mass expected in the range = 0.13957..0.13957)
Warning: tau -> had decay declared for leg: Pt = 60.0227, eta = 0.206551, phi = 0.220701, mass = 0.935067 !!
 (mass expected in the range = 0.13957..0.13957)
Warning: tau -> had decay declared for leg: Pt = 33.0819, eta = 0.849578, phi = 2.62934, mass = 1.07726 !!
 (mass expected in the range = 0.13957..0.13957)
Warning: tau -> had decay declared for leg: Pt = 23.95, eta = 1.24846, phi = 2.27171, mass = 1.4394 !!
 (mass expected in the range = 0.13957..0.13957)
Warning: tau -> had decay declared for leg: Pt = 23.8338, eta = 1.16361, phi = 2.82274, mass = 0.820349 !!
 (mass expected in the range = 0.13957..0.13957)
Warning: tau -> had decay declared for leg: Pt = 23.8338, eta = 1.16361, phi = 2.82274, mass = 0.820349 !!
 (mass expected in the range = 0.13957..0.13957)
Warning: tau -> had decay declared for leg: Pt = 23.8338, eta = 1.16361, phi = 2.82274, mass = 0.820349 !!
 (mass expected in the range = 0.13957..0.13957)
Warning: tau -> had decay declared for leg: Pt = 23.8338, eta = 1.16361, phi = 2.82274, mass = 0.820349 !!
 (mass expected in the range = 0.13957..0.13957)
Warning: tau -> had decay declared for leg: Pt = 23.8338, eta = 1.16361, phi = 2.82274, mass = 0.820349 !!
 (mass expected in the range = 0.13957..0.13957)
Warning: tau -> had decay declared for leg: Pt = 40.6093, eta = -0.464976, phi = -0.967845, mass = 0.807106 !!
 (mass expected in the range = 0.13957..0.13957)
Warning: tau -> had decay declared for leg: Pt = 40.6093, eta = -0.464976, phi = -0.967845, mass = 0.807106 !!
 (mass expected in the range = 0.13957..0.13957)
Warning: tau -> had decay declared for leg: Pt = 40.6093, eta = -0.464976, phi = -0.967845, mass = 0.807106 !!
 (mass expected in the range = 0.13957..0.13957)
Warning: tau -> had decay declared for leg: Pt = 40.6093, eta = -0.464976, phi = -0.967845, mass = 0.807106 !!
 (mass expected in the range = 0.13957..0.13957)
Warning: tau -> had decay declared for leg: Pt = 40.6093, eta = -0.464976, phi = -0.967845, mass = 0.807106 !!
 (mass expected in the range = 0.13957..0.13957)
Warning: tau -> had decay declared for leg: Pt = 116.359, eta = 0.819238, phi = 1.05138, mass = 0.372512 !!
 (mass expected in the range = 0.13957..0.13957)
Warning: tau -> had decay declared for leg: Pt = 116.359, eta = 0.819238, phi = 1.05138, mass = 0.372512 !!
 (mass expected in the range = 0.13957..0.13957)
Warning: tau -> had decay declared for leg: Pt = 116.359, eta = 0.819238, phi = 1.05138, mass = 0.372512 !!
 (mass expected in the range = 0.13957..0.13957)
Warning: tau -> had decay declared for leg: Pt = 116.359, eta = 0.819238, phi = 1.05138, mass = 0.372512 !!
 (mass expected in the range = 0.13957..0.13957)
Warning: tau -> had decay declared for leg: Pt = 116.359, eta = 0.819238, phi = 1.05138, mass = 0.372512 !!
 (mass expected in the range = 0.13957..0.13957)
Warning: tau -> had decay declared for leg: Pt = 62.3251, eta = 1.24182, phi = -0.170145, mass = 1.09278 !!
 (mass expected in the range = 0.13957..0.13957)
Warning: tau -> had decay declared for leg: Pt = 24.6964, eta = 0.995224, phi = -1.01017, mass = 0.735662 !!
 (mass expected in the range = 0.13957..0.13957)
Warning: tau -> had decay declared for leg: Pt = 24.6964, eta = 0.995224, phi = -1.01017, mass = 0.735662 !!
 (mass expected in the range = 0.13957..0.13957)
Warning: tau -> had decay declared for leg: Pt = 24.6964, eta = 0.995224, phi = -1.01017, mass = 0.735662 !!
 (mass expected in the range = 0.13957..0.13957)
Warning: tau -> had decay declared for leg: Pt = 24.6964, eta = 0.995224, phi = -1.01017, mass = 0.735662 !!
 (mass expected in the range = 0.13957..0.13957)
Warning: tau -> had decay declared for leg: Pt = 24.6964, eta = 0.995224, phi = -1.01017, mass = 0.735662 !!
 (mass expected in the range = 0.13957..0.13957)
Warning: tau -> had decay declared for leg: Pt = 30.1015, eta = 1.54701, phi = 1.74925, mass = 0.494854 !!
 (mass expected in the range = 0.13957..0.13957)
Warning: tau -> had decay declared for leg: Pt = 30.1015, eta = 1.54701, phi = 1.74925, mass = 0.494854 !!
 (mass expected in the range = 0.13957..0.13957)
Warning: tau -> had decay declared for leg: Pt = 30.1015, eta = 1.54701, phi = 1.74925, mass = 0.494854 !!
 (mass expected in the range = 0.13957..0.13957)
Warning: tau -> had decay declared for leg: Pt = 30.1015, eta = 1.54701, phi = 1.74925, mass = 0.494854 !!
 (mass expected in the range = 0.13957..0.13957)
Warning: tau -> had decay declared for leg: Pt = 30.1015, eta = 1.54701, phi = 1.74925, mass = 0.494854 !!
 (mass expected in the range = 0.13957..0.13957)
Warning: tau -> had decay declared for leg: Pt = 54.9195, eta = 0.781334, phi = -0.549226, mass = 1.18894 !!
 (mass expected in the range = 0.13957..0.13957)
Warning: tau -> had decay declared for leg: Pt = 54.9195, eta = 0.781334, phi = -0.549226, mass = 1.18894 !!
 (mass expected in the range = 0.13957..0.13957)
Warning: tau -> had decay declared for leg: Pt = 54.9195, eta = 0.781334, phi = -0.549226, mass = 1.18894 !!
 (mass expected in the range = 0.13957..0.13957)
Warning: tau -> had decay declared for leg: Pt = 54.9195, eta = 0.781334, phi = -0.549226, mass = 1.18894 !!
 (mass expected in the range = 0.13957..0.13957)
Warning: tau -> had decay declared for leg: Pt = 54.9195, eta = 0.781334, phi = -0.549226, mass = 1.18894 !!
 (mass expected in the range = 0.13957..0.13957)
Warning: tau -> had decay declared for leg: Pt = 32.7819, eta = 0.068529, phi = 1.78555, mass = 0.66209 !!
 (mass expected in the range = 0.13957..0.13957)
Warning: tau -> had decay declared for leg: Pt = 86.4771, eta = -0.333808, phi = -3.02174, mass = 1.49409 !!
 (mass expected in the range = 0.13957..0.13957)
Warning: tau -> had decay declared for leg: Pt = 56.9681, eta = -1.64583, phi = 1.01441, mass = 0.917362 !!
 (mass expected in the range = 0.13957..0.13957)
Warning: tau -> had decay declared for leg: Pt = 56.9681, eta = -1.64583, phi = 1.01441, mass = 0.917362 !!
 (mass expected in the range = 0.13957..0.13957)
Warning: tau -> had decay declared for leg: Pt = 56.9681, eta = -1.64583, phi = 1.01441, mass = 0.917362 !!
 (mass expected in the range = 0.13957..0.13957)
Warning: tau -> had decay declared for leg: Pt = 56.9681, eta = -1.64583, phi = 1.01441, mass = 0.917362 !!
 (mass expected in the range = 0.13957..0.13957)
Warning: tau -> had decay declared for leg: Pt = 56.9681, eta = -1.64583, phi = 1.01441, mass = 0.917362 !!
 (mass expected in the range = 0.13957..0.13957)
Warning: tau -> had decay declared for leg: Pt = 82.9729, eta = -0.187156, phi = -3.09369, mass = 0.87497 !!
 (mass expected in the range = 0.13957..0.13957)
Warning: tau -> had decay declared for leg: Pt = 50.4825, eta = -0.711039, phi = -1.96694, mass = 0.92116 !!
 (mass expected in the range = 0.13957..0.13957)
Warning: tau -> had decay declared for leg: Pt = 66.058, eta = -0.400299, phi = -2.66349, mass = 0.672205 !!
 (mass expected in the range = 0.13957..0.13957)
Warning: tau -> had decay declared for leg: Pt = 52.882, eta = 1.55011, phi = 2.76696, mass = 0.499901 !!
 (mass expected in the range = 0.13957..0.13957)
Warning: tau -> had decay declared for leg: Pt = 51.5586, eta = 0.262429, phi = 2.69995, mass = 0.674242 !!
 (mass expected in the range = 0.13957..0.13957)
Warning: tau -> had decay declared for leg: Pt = 61.4621, eta = -0.674866, phi = 0.231587, mass = 0.972196 !!
 (mass expected in the range = 0.13957..0.13957)
Warning: tau -> had decay declared for leg: Pt = 83.5794, eta = 1.57017, phi = -2.17518, mass = 1.24214 !!
 (mass expected in the range = 0.13957..0.13957)
Warning: tau -> had decay declared for leg: Pt = 73.0183, eta = 0.861616, phi = 3.1019, mass = 1.17576 !!
 (mass expected in the range = 0.13957..0.13957)
Warning: tau -> had decay declared for leg: Pt = 73.0183, eta = 0.861616, phi = 3.1019, mass = 1.17576 !!
 (mass expected in the range = 0.13957..0.13957)
Warning: tau -> had decay declared for leg: Pt = 73.0183, eta = 0.861616, phi = 3.1019, mass = 1.17576 !!
 (mass expected in the range = 0.13957..0.13957)
Warning: tau -> had decay declared for leg: Pt = 73.0183, eta = 0.861616, phi = 3.1019, mass = 1.17576 !!
 (mass expected in the range = 0.13957..0.13957)
Warning: tau -> had decay declared for leg: Pt = 73.0183, eta = 0.861616, phi = 3.1019, mass = 1.17576 !!
 (mass expected in the range = 0.13957..0.13957)
Warning: tau -> had decay declared for leg: Pt = 133.107, eta = -0.290029, phi = -2.87513, mass = 1.19158 !!
 (mass expected in the range = 0.13957..0.13957)
Warning: tau -> had decay declared for leg: Pt = 133.107, eta = -0.290029, phi = -2.87513, mass = 1.19158 !!
 (mass expected in the range = 0.13957..0.13957)
Warning: tau -> had decay declared for leg: Pt = 133.107, eta = -0.290029, phi = -2.87513, mass = 1.19158 !!
 (mass expected in the range = 0.13957..0.13957)
Warning: tau -> had decay declared for leg: Pt = 133.107, eta = -0.290029, phi = -2.87513, mass = 1.19158 !!
 (mass expected in the range = 0.13957..0.13957)
Warning: tau -> had decay declared for leg: Pt = 133.107, eta = -0.290029, phi = -2.87513, mass = 1.19158 !!
 (mass expected in the range = 0.13957..0.13957)
Warning: tau -> had decay declared for leg: Pt = 25.8542, eta = 0.75448, phi = 2.18248, mass = 0.72562 !!
 (mass expected in the range = 0.13957..0.13957)
Warning: tau -> had decay declared for leg: Pt = 25.8542, eta = 0.75448, phi = 2.18248, mass = 0.72562 !!
 (mass expected in the range = 0.13957..0.13957)
Warning: tau -> had decay declared for leg: Pt = 25.8542, eta = 0.75448, phi = 2.18248, mass = 0.72562 !!
 (mass expected in the range = 0.13957..0.13957)
Warning: tau -> had decay declared for leg: Pt = 25.8542, eta = 0.75448, phi = 2.18248, mass = 0.72562 !!
 (mass expected in the range = 0.13957..0.13957)
Warning: tau -> had decay declared for leg: Pt = 25.8542, eta = 0.75448, phi = 2.18248, mass = 0.72562 !!
 (mass expected in the range = 0.13957..0.13957)
Warning: tau -> had decay declared for leg: Pt = 55.0726, eta = -1.40908, phi = -0.524875, mass = 0.829677 !!
 (mass expected in the range = 0.13957..0.13957)
Warning: tau -> had decay declared for leg: Pt = 32.5752, eta = 0.658272, phi = -2.33335, mass = 1.10124 !!
 (mass expected in the range = 0.13957..0.13957)
Warning: tau -> had decay declared for leg: Pt = 39.122, eta = -0.534361, phi = 2.70126, mass = 0.948049 !!
 (mass expected in the range = 0.13957..0.13957)
Warning: tau -> had decay declared for leg: Pt = 49.1441, eta = 0.201898, phi = -1.87754, mass = 1.00372 !!
 (mass expected in the range = 0.13957..0.13957)
Warning: tau -> had decay declared for leg: Pt = 24.8983, eta = 0.574828, phi = 0.788092, mass = 1.23126 !!
 (mass expected in the range = 0.13957..0.13957)
Warning: tau -> had decay declared for leg: Pt = 24.8983, eta = 0.574828, phi = 0.788092, mass = 1.23126 !!
 (mass expected in the range = 0.13957..0.13957)
Warning: tau -> had decay declared for leg: Pt = 24.8983, eta = 0.574828, phi = 0.788092, mass = 1.23126 !!
 (mass expected in the range = 0.13957..0.13957)
Warning: tau -> had decay declared for leg: Pt = 24.8983, eta = 0.574828, phi = 0.788092, mass = 1.23126 !!
 (mass expected in the range = 0.13957..0.13957)
Warning: tau -> had decay declared for leg: Pt = 24.8983, eta = 0.574828, phi = 0.788092, mass = 1.23126 !!
 (mass expected in the range = 0.13957..0.13957)
Warning: tau -> had decay declared for leg: Pt = 50.7068, eta = -1.50116, phi = -1.26293, mass = 0.933694 !!
 (mass expected in the range = 0.13957..0.13957)
Warning: tau -> had decay declared for leg: Pt = 50.7068, eta = -1.50116, phi = -1.26293, mass = 0.933694 !!
 (mass expected in the range = 0.13957..0.13957)
Warning: tau -> had decay declared for leg: Pt = 50.7068, eta = -1.50116, phi = -1.26293, mass = 0.933694 !!
 (mass expected in the range = 0.13957..0.13957)
Warning: tau -> had decay declared for leg: Pt = 50.7068, eta = -1.50116, phi = -1.26293, mass = 0.933694 !!
 (mass expected in the range = 0.13957..0.13957)
Warning: tau -> had decay declared for leg: Pt = 50.7068, eta = -1.50116, phi = -1.26293, mass = 0.933694 !!
 (mass expected in the range = 0.13957..0.13957)
Warning: tau -> had decay declared for leg: Pt = 46.6533, eta = 1.37382, phi = -2.97263, mass = 0.600265 !!
 (mass expected in the range = 0.13957..0.13957)
Warning: tau -> had decay declared for leg: Pt = 20.8315, eta = 0.459002, phi = -0.744143, mass = 0.761028 !!
 (mass expected in the range = 0.13957..0.13957)
Warning: tau -> had decay declared for leg: Pt = 136.819, eta = -0.108692, phi = 2.76491, mass = 0.417393 !!
 (mass expected in the range = 0.13957..0.13957)
Warning: tau -> had decay declared for leg: Pt = 136.819, eta = -0.108692, phi = 2.76491, mass = 0.417393 !!
 (mass expected in the range = 0.13957..0.13957)
Warning: tau -> had decay declared for leg: Pt = 136.819, eta = -0.108692, phi = 2.76491, mass = 0.417393 !!
 (mass expected in the range = 0.13957..0.13957)
Warning: tau -> had decay declared for leg: Pt = 136.819, eta = -0.108692, phi = 2.76491, mass = 0.417393 !!
 (mass expected in the range = 0.13957..0.13957)
Warning: tau -> had decay declared for leg: Pt = 136.819, eta = -0.108692, phi = 2.76491, mass = 0.417393 !!
 (mass expected in the range = 0.13957..0.13957)
Warning: tau -> had decay declared for leg: Pt = 108.529, eta = -0.0532228, phi = 2.68196, mass = 0.800949 !!
 (mass expected in the range = 0.13957..0.13957)
Warning: tau -> had decay declared for leg: Pt = 54.9018, eta = 0.638975, phi = 1.00138, mass = 0.988734 !!
 (mass expected in the range = 0.13957..0.13957)
Warning: tau -> had decay declared for leg: Pt = 45.6562, eta = -1.45828, phi = 2.83046, mass = 0.327217 !!
 (mass expected in the range = 0.13957..0.13957)
Warning: tau -> had decay declared for leg: Pt = 71.6163, eta = 0.365547, phi = -0.557958, mass = 1.16307 !!
 (mass expected in the range = 0.13957..0.13957)
Warning: tau -> had decay declared for leg: Pt = 71.6163, eta = 0.365547, phi = -0.557958, mass = 1.16307 !!
 (mass expected in the range = 0.13957..0.13957)
Warning: tau -> had decay declared for leg: Pt = 71.6163, eta = 0.365547, phi = -0.557958, mass = 1.16307 !!
 (mass expected in the range = 0.13957..0.13957)
Warning: tau -> had decay declared for leg: Pt = 71.6163, eta = 0.365547, phi = -0.557958, mass = 1.16307 !!
 (mass expected in the range = 0.13957..0.13957)
Warning: tau -> had decay declared for leg: Pt = 71.6163, eta = 0.365547, phi = -0.557958, mass = 1.16307 !!
 (mass expected in the range = 0.13957..0.13957)
Warning: tau -> had decay declared for leg: Pt = 42.4532, eta = -0.570135, phi = 2.49849, mass = 0.900214 !!
 (mass expected in the range = 0.13957..0.13957)
Warning: tau -> had decay declared for leg: Pt = 33.0721, eta = 0.508545, phi = 0.621072, mass = 0.917133 !!
 (mass expected in the range = 0.13957..0.13957)
Warning: tau -> had decay declared for leg: Pt = 68.5219, eta = 0.307746, phi = 0.132559, mass = 0.869412 !!
 (mass expected in the range = 0.13957..0.13957)
Warning: tau -> had decay declared for leg: Pt = 34.6493, eta = 0.149472, phi = 0.871526, mass = 0.688982 !!
 (mass expected in the range = 0.13957..0.13957)
Warning: tau -> had decay declared for leg: Pt = 83.6862, eta = 1.67724, phi = -2.88895, mass = 0.522779 !!
 (mass expected in the range = 0.13957..0.13957)
Warning: tau -> had decay declared for leg: Pt = 38.8782, eta = 0.32464, phi = -1.18179, mass = 0.906825 !!
 (mass expected in the range = 0.13957..0.13957)
Warning: tau -> had decay declared for leg: Pt = 38.8782, eta = 0.32464, phi = -1.18179, mass = 0.906825 !!
 (mass expected in the range = 0.13957..0.13957)
Warning: tau -> had decay declared for leg: Pt = 38.8782, eta = 0.32464, phi = -1.18179, mass = 0.906825 !!
 (mass expected in the range = 0.13957..0.13957)
Warning: tau -> had decay declared for leg: Pt = 38.8782, eta = 0.32464, phi = -1.18179, mass = 0.906825 !!
 (mass expected in the range = 0.13957..0.13957)
Warning: tau -> had decay declared for leg: Pt = 38.8782, eta = 0.32464, phi = -1.18179, mass = 0.906825 !!
 (mass expected in the range = 0.13957..0.13957)
Warning: tau -> had decay declared for leg: Pt = 120.794, eta = 0.422275, phi = -0.954148, mass = 1.10316 !!
 (mass expected in the range = 0.13957..0.13957)
Warning: tau -> had decay declared for leg: Pt = 29.6518, eta = 1.29402, phi = 0.568488, mass = 0.801041 !!
 (mass expected in the range = 0.13957..0.13957)
Warning: tau -> had decay declared for leg: Pt = 36.8748, eta = -2.11782, phi = -0.586652, mass = 1.0464 !!
 (mass expected in the range = 0.13957..0.13957)
Warning: tau -> had decay declared for leg: Pt = 26.6915, eta = -0.750707, phi = 0.521426, mass = 1.48988 !!
 (mass expected in the range = 0.13957..0.13957)
Warning: tau -> had decay declared for leg: Pt = 44.7224, eta = 0.243537, phi = -2.0061, mass = 0.759807 !!
 (mass expected in the range = 0.13957..0.13957)
Warning: tau -> had decay declared for leg: Pt = 44.7224, eta = 0.243537, phi = -2.0061, mass = 0.759807 !!
 (mass expected in the range = 0.13957..0.13957)
Warning: tau -> had decay declared for leg: Pt = 44.7224, eta = 0.243537, phi = -2.0061, mass = 0.759807 !!
 (mass expected in the range = 0.13957..0.13957)
Warning: tau -> had decay declared for leg: Pt = 44.7224, eta = 0.243537, phi = -2.0061, mass = 0.759807 !!
 (mass expected in the range = 0.13957..0.13957)
Warning: tau -> had decay declared for leg: Pt = 44.7224, eta = 0.243537, phi = -2.0061, mass = 0.759807 !!
 (mass expected in the range = 0.13957..0.13957)
