040 (65483366.000.000) 2024-07-09 05:20:40 Started transferring input files
	Transferring to host: <131.225.189.175:9618?addrs=[2620-6a-0-8421-f0-0-189-175]-9618+131.225.189.175-9618&alias=cmswn2125.fnal.gov&noUDP&sock=slot1_11_2337_60b8_25299>
...
040 (65483366.000.000) 2024-07-09 05:20:40 Finished transferring input files
...
001 (65483366.000.000) 2024-07-09 05:20:41 Job executing on host: <131.225.189.175:9618?addrs=[2620-6a-0-8421-f0-0-189-175]-9618+131.225.189.175-9618&alias=cmswn2125.fnal.gov&noUDP&sock=startd_2004_27e1>
	SlotName: slot1_11@cmswn2125.fnal.gov
	CondorScratchDir = "/storage/local/data1/condor/execute/dir_2612172"
	Cpus = 1
	Disk = 3461657
	Memory = 2048
...
040 (65483366.000.000) 2024-07-09 06:42:09 Started transferring output files
...
040 (65483366.000.000) 2024-07-09 06:42:09 Finished transferring output files
...
005 (65483366.000.000) 2024-07-09 06:42:10 Job terminated.
	(1) Normal termination (return value 0)
		Usr 0 00:00:00, Sys 0 00:00:00  -  Run Remote Usage
		Usr 0 00:00:00, Sys 0 00:00:00  -  Run Local Usage
		Usr 0 00:00:00, Sys 0 00:00:00  -  Total Remote Usage
		Usr 0 00:00:00, Sys 0 00:00:00  -  Total Local Usage
	1211988  -  Run Bytes Sent By Job
	11452  -  Run Bytes Received By Job
	1211988  -  Total Bytes Sent By Job
	11452  -  Total Bytes Received By Job
	Partitionable Resources :    Usage  Request Allocated 
	   Cpus                 :        0        1         1 
	   Disk (KB)            :   153463        4   3461657 
	   Memory (MB)          :              2048      2048 

	Job terminated of its own accord at 2024-07-09T11:42:09Z with exit-code 0.
...
