[FERMIHTC-APPTAINER]: INFO -- ApptainerImage classAd detected
[FERMIHTC-APPTAINER]: INFO -- Attempting to run job in /cvmfs/singularity.opensciencegrid.org/cmssw/cms:rhel7
[FERMIHTC-APPTAINER]: INFO -- Running /cvmfs/oasis.opensciencegrid.org/mis/apptainer/current/bin/apptainer exec --pid --ipc --contain --bind /cvmfs --bind /etc/hosts --bind /etc/grid-security --home /storage/local/data1/condor/execute/dir_3748074:/srv --pwd /srv /cvmfs/singularity.opensciencegrid.org/cmssw/cms:rhel7 ./run_condor.csh plotBoostedTauTau.py ./filelists/AToTauTau/UL16pre/ALP_M-10_HT-100to400_preVFPUL16/ALP_M-10_HT-100to400_preVFPUL16_0.txt root://cmseos.fnal.gov//store/user/dalam/UL2016pre/ TCP 16pre
Starting job on  Tue Jul 9 10:20:44 UTC 2024
Running on: Linux dalam-65483357-0-cmswn2044.fnal.gov 5.14.0-427.16.1.el9_4.x86_64 #1 SMP PREEMPT_DYNAMIC Thu May 9 18:15:59 EDT 2024 x86_64 x86_64 x86_64 GNU/Linux
System software: CentOS Linux release 7.9.2009 (Core)
Done: ProjectRename
Arguments passed to this script are: 
  script: plotBoostedTauTau.py
  input files: ./filelists/AToTauTau/UL16pre/ALP_M-10_HT-100to400_preVFPUL16/ALP_M-10_HT-100to400_preVFPUL16_0.txt
  output dir: root://cmseos.fnal.gov//store/user/dalam/UL2016pre/
  mode: TCP
  year: 16pre
mode: 2
tau_mu tau_h
Kappa: 4
SVFit Mass: 6.17593
mode: 2
tau_mu tau_h
Kappa: 4
SVFit Mass: 6.17593
mode: 2
tau_mu tau_h
Kappa: 4
SVFit Mass: 6.17593
mode: 2
tau_mu tau_h
Kappa: 4
SVFit Mass: 5.34631
mode: 2
tau_mu tau_h
Kappa: 4
SVFit Mass: 8.20205
mode: 1
tau_e tau_mu
Kappa: 3
SVFit Mass: 9.27871
mode: 1
tau_e tau_mu
Kappa: 3
SVFit Mass: 9.27871
mode: 1
tau_e tau_mu
Kappa: 3
SVFit Mass: 9.27871
mode: 1
tau_e tau_mu
Kappa: 3
SVFit Mass: 9.27871
mode: 2
tau_mu tau_h
Kappa: 4
SVFit Mass: 8.83379
mode: 1
tau_e tau_mu
Kappa: 3
SVFit Mass: 6.71058
mode: 1
tau_e tau_mu
Kappa: 3
SVFit Mass: 6.71058
mode: 1
tau_e tau_mu
Kappa: 3
SVFit Mass: 6.71058
mode: 1
tau_e tau_mu
Kappa: 3
SVFit Mass: 6.71058
mode: 1
tau_e tau_mu
Kappa: 3
SVFit Mass: 4.95405
mode: 1
tau_e tau_mu
Kappa: 3
SVFit Mass: 8.66763
mode: 1
tau_e tau_mu
Kappa: 3
SVFit Mass: 8.66763
mode: 1
tau_e tau_mu
Kappa: 3
SVFit Mass: 16.7812
mode: 1
tau_e tau_mu
Kappa: 3
SVFit Mass: 16.7812
mode: 1
tau_e tau_mu
Kappa: 3
SVFit Mass: 12.5749
mode: 1
tau_e tau_mu
Kappa: 3
SVFit Mass: 12.5749
mode: 2
tau_mu tau_h
Kappa: 4
SVFit Mass: 11.9721
mode: 2
tau_mu tau_h
Kappa: 4
SVFit Mass: 12.0365
mode: 2
tau_mu tau_h
Kappa: 4
SVFit Mass: 8.67244
mode: 2
tau_mu tau_h
Kappa: 4
SVFit Mass: 8.67244
mode: 2
tau_mu tau_h
Kappa: 4
SVFit Mass: 8.67244
mode: 2
tau_mu tau_h
Kappa: 4
SVFit Mass: 8.67244
mode: 2
tau_mu tau_h
Kappa: 4
SVFit Mass: 8.67244
mode: 2
tau_mu tau_h
Kappa: 4
SVFit Mass: 8.9749
mode: 2
tau_mu tau_h
Kappa: 4
SVFit Mass: 8.9749
mode: 2
tau_mu tau_h
Kappa: 4
SVFit Mass: 8.9749
mode: 2
tau_mu tau_h
Kappa: 4
SVFit Mass: 8.9749
mode: 2
tau_mu tau_h
Kappa: 4
SVFit Mass: 8.9749
mode: 1
tau_e tau_mu
Kappa: 3
SVFit Mass: 10.2196
mode: 1
tau_e tau_mu
Kappa: 3
SVFit Mass: 10.2196
mode: 1
tau_e tau_mu
Kappa: 3
SVFit Mass: 10.2196
mode: 1
tau_e tau_mu
Kappa: 3
SVFit Mass: 10.2196
mode: 1
tau_e tau_mu
Kappa: 3
SVFit Mass: 6.89279
mode: 1
tau_e tau_mu
Kappa: 3
SVFit Mass: 6.89279
mode: 1
tau_e tau_mu
Kappa: 3
SVFit Mass: 6.89279
mode: 1
tau_e tau_mu
Kappa: 3
SVFit Mass: 6.89279
mode: 2
tau_mu tau_h
Kappa: 4
SVFit Mass: 8.94931
mode: 2
tau_mu tau_h
Kappa: 4
SVFit Mass: 9.9295
mode: 2
tau_mu tau_h
Kappa: 4
SVFit Mass: 8.86903
mode: 2
tau_mu tau_h
Kappa: 4
SVFit Mass: 8.23074
mode: 1
tau_e tau_mu
Kappa: 3
SVFit Mass: 3.82091
mode: 1
tau_e tau_mu
Kappa: 3
SVFit Mass: 9.51977
mode: 1
tau_e tau_mu
Kappa: 3
SVFit Mass: 9.51977
mode: 2
tau_mu tau_h
Kappa: 4
SVFit Mass: 14.1764
mode: 2
tau_mu tau_h
Kappa: 4
SVFit Mass: 14.1764
mode: 2
tau_mu tau_h
Kappa: 4
SVFit Mass: 14.1764
mode: 2
tau_mu tau_h
Kappa: 4
SVFit Mass: 14.1764
mode: 2
tau_mu tau_h
Kappa: 4
SVFit Mass: 14.1764
mode: 2
tau_mu tau_h
Kappa: 4
SVFit Mass: 11.7011
mode: 2
tau_mu tau_h
Kappa: 4
SVFit Mass: 8.59322
mode: 2
tau_mu tau_h
Kappa: 4
SVFit Mass: 8.59322
mode: 2
tau_mu tau_h
Kappa: 4
SVFit Mass: 8.59322
mode: 2
tau_mu tau_h
Kappa: 4
SVFit Mass: 8.59322
mode: 2
tau_mu tau_h
Kappa: 4
SVFit Mass: 8.59322
mode: 2
tau_mu tau_h
Kappa: 4
SVFit Mass: 7.58864
mode: 2
tau_mu tau_h
Kappa: 4
SVFit Mass: 18.1778
mode: 2
tau_mu tau_h
Kappa: 4
SVFit Mass: 18.1778
mode: 2
tau_mu tau_h
Kappa: 4
SVFit Mass: 18.1778
mode: 2
tau_mu tau_h
Kappa: 4
SVFit Mass: 18.1778
mode: 2
tau_mu tau_h
Kappa: 4
SVFit Mass: 18.1778
mode: 1
tau_e tau_mu
Kappa: 3
SVFit Mass: 6.56455
mode: 1
tau_e tau_mu
Kappa: 3
SVFit Mass: 6.56455
mode: 1
tau_e tau_mu
Kappa: 3
SVFit Mass: 11.2301
mode: 1
tau_e tau_mu
Kappa: 3
SVFit Mass: 11.2301
mode: 2
tau_mu tau_h
Kappa: 4
SVFit Mass: 10.1857
mode: 1
tau_e tau_mu
Kappa: 3
SVFit Mass: 7.76241
mode: 1
tau_e tau_mu
Kappa: 3
SVFit Mass: 7.76241
mode: 1
tau_e tau_mu
Kappa: 3
SVFit Mass: 10.2613
mode: 1
tau_e tau_mu
Kappa: 3
SVFit Mass: 10.2613
mode: 1
tau_e tau_mu
Kappa: 3
SVFit Mass: 8.06269
mode: 1
tau_e tau_mu
Kappa: 3
SVFit Mass: 8.06269
mode: 2
tau_mu tau_h
Kappa: 4
SVFit Mass: 7.13147
mode: 2
tau_mu tau_h
Kappa: 4
SVFit Mass: 7.7998
mode: 2
tau_mu tau_h
Kappa: 4
SVFit Mass: 17.6899
mode: 2
tau_mu tau_h
Kappa: 4
SVFit Mass: 17.6899
mode: 2
tau_mu tau_h
Kappa: 4
SVFit Mass: 17.6899
mode: 2
tau_mu tau_h
Kappa: 4
SVFit Mass: 17.6899
mode: 2
tau_mu tau_h
Kappa: 4
SVFit Mass: 17.6899
mode: 2
tau_mu tau_h
Kappa: 4
SVFit Mass: 8.26471
mode: 1
tau_e tau_mu
Kappa: 3
SVFit Mass: 11.3202
mode: 1
tau_e tau_mu
Kappa: 3
SVFit Mass: 11.3202
mode: 2
tau_mu tau_h
Kappa: 4
SVFit Mass: 11.0498
mode: 2
tau_mu tau_h
Kappa: 4
SVFit Mass: 9.27927
mode: 1
tau_e tau_mu
Kappa: 3
SVFit Mass: 10.9712
mode: 1
tau_e tau_mu
Kappa: 3
SVFit Mass: 10.9712
mode: 1
tau_e tau_mu
Kappa: 3
SVFit Mass: 10.9712
mode: 1
tau_e tau_mu
Kappa: 3
SVFit Mass: 10.9712
mode: 2
tau_mu tau_h
Kappa: 4
SVFit Mass: 9.9555
mode: 2
tau_mu tau_h
Kappa: 4
SVFit Mass: 9.9555
mode: 2
tau_mu tau_h
Kappa: 4
SVFit Mass: 9.9555
mode: 2
tau_mu tau_h
Kappa: 4
SVFit Mass: 9.9555
mode: 2
tau_mu tau_h
Kappa: 4
SVFit Mass: 9.9555
mode: 2
tau_mu tau_h
Kappa: 4
SVFit Mass: 8.9061
mode: 1
tau_e tau_mu
Kappa: 3
SVFit Mass: 11.9842
mode: 1
tau_e tau_mu
Kappa: 3
SVFit Mass: 11.9842
mode: 1
tau_e tau_mu
Kappa: 3
SVFit Mass: 11.9842
mode: 1
tau_e tau_mu
Kappa: 3
SVFit Mass: 11.9842
mode: 2
tau_mu tau_h
Kappa: 4
SVFit Mass: 5.87329
mode: 2
tau_mu tau_h
Kappa: 4
SVFit Mass: 8.35043
mode: 2
tau_mu tau_h
Kappa: 4
SVFit Mass: 7.52616
mode: 2
tau_mu tau_h
Kappa: 4
SVFit Mass: 5.58088
mode: 2
tau_mu tau_h
Kappa: 4
SVFit Mass: 5.85925
mode: 1
tau_e tau_mu
Kappa: 3
SVFit Mass: 5.38107
mode: 1
tau_e tau_mu
Kappa: 3
SVFit Mass: 10.4856
mode: 1
tau_e tau_mu
Kappa: 3
SVFit Mass: 10.4856
mode: 2
tau_mu tau_h
Kappa: 4
SVFit Mass: 11.4808
mode: 1
tau_e tau_mu
Kappa: 3
SVFit Mass: 7.52523
mode: 1
tau_e tau_mu
Kappa: 3
SVFit Mass: 7.52523
mode: 1
tau_e tau_mu
Kappa: 3
SVFit Mass: 7.52523
mode: 1
tau_e tau_mu
Kappa: 3
SVFit Mass: 7.52523
mode: 2
tau_mu tau_h
Kappa: 4
SVFit Mass: 6.98569
mode: 2
tau_mu tau_h
Kappa: 4
SVFit Mass: 5.90525
mode: 2
tau_mu tau_h
Kappa: 4
SVFit Mass: 5.90525
mode: 2
tau_mu tau_h
Kappa: 4
SVFit Mass: 5.90525
mode: 2
tau_mu tau_h
Kappa: 4
SVFit Mass: 5.90525
mode: 2
tau_mu tau_h
Kappa: 4
SVFit Mass: 5.90525
mode: 2
tau_mu tau_h
Kappa: 4
SVFit Mass: 10.0578
mode: 1
tau_e tau_mu
Kappa: 3
SVFit Mass: 8.12744
mode: 1
tau_e tau_mu
Kappa: 3
SVFit Mass: 8.12744
mode: 2
tau_mu tau_h
Kappa: 4
SVFit Mass: 7.29065
mode: 2
tau_mu tau_h
Kappa: 4
SVFit Mass: 7.29065
mode: 2
tau_mu tau_h
Kappa: 4
SVFit Mass: 7.29065
mode: 2
tau_mu tau_h
Kappa: 4
SVFit Mass: 7.29065
mode: 2
tau_mu tau_h
Kappa: 4
SVFit Mass: 7.29065
mode: 2
tau_mu tau_h
Kappa: 4
SVFit Mass: 8.13559
mode: 1
tau_e tau_mu
Kappa: 3
SVFit Mass: 9.49413
mode: 1
tau_e tau_mu
Kappa: 3
SVFit Mass: 9.49413
mode: 1
tau_e tau_mu
Kappa: 3
SVFit Mass: 9.49413
mode: 1
tau_e tau_mu
Kappa: 3
SVFit Mass: 9.49413
mode: 2
tau_mu tau_h
Kappa: 4
SVFit Mass: 10.7854
mode: 2
tau_mu tau_h
Kappa: 4
SVFit Mass: 10.7854
mode: 2
tau_mu tau_h
Kappa: 4
SVFit Mass: 10.7854
mode: 2
tau_mu tau_h
Kappa: 4
SVFit Mass: 10.7854
mode: 2
tau_mu tau_h
Kappa: 4
SVFit Mass: 10.7854
mode: 1
tau_e tau_mu
Kappa: 3
SVFit Mass: 8.18965
mode: 1
tau_e tau_mu
Kappa: 3
SVFit Mass: 8.18965
mode: 1
tau_e tau_mu
Kappa: 3
SVFit Mass: 8.18965
mode: 1
tau_e tau_mu
Kappa: 3
SVFit Mass: 8.18965
mode: 2
tau_mu tau_h
Kappa: 4
SVFit Mass: 8.4056
mode: 2
tau_mu tau_h
Kappa: 4
SVFit Mass: 8.56167
mode: 1
tau_e tau_mu
Kappa: 3
SVFit Mass: 7.74734
mode: 1
tau_e tau_mu
Kappa: 3
SVFit Mass: 7.74734
mode: 2
tau_mu tau_h
Kappa: 4
SVFit Mass: 13.919
mode: 2
tau_mu tau_h
Kappa: 4
SVFit Mass: 5.08632
mode: 1
tau_e tau_mu
Kappa: 3
SVFit Mass: 7.05814
mode: 2
tau_mu tau_h
Kappa: 4
SVFit Mass: 14.0909
mode: 2
tau_mu tau_h
Kappa: 4
SVFit Mass: 8.0663
mode: 1
tau_e tau_mu
Kappa: 3
SVFit Mass: 7.60142
mode: 1
tau_e tau_mu
Kappa: 3
SVFit Mass: 7.60142
mode: 2
tau_mu tau_h
Kappa: 4
SVFit Mass: 6.28257
mode: 2
tau_mu tau_h
Kappa: 4
SVFit Mass: 6.28257
mode: 2
tau_mu tau_h
Kappa: 4
SVFit Mass: 6.28257
mode: 2
tau_mu tau_h
Kappa: 4
SVFit Mass: 6.28257
mode: 2
tau_mu tau_h
Kappa: 4
SVFit Mass: 6.28257
mode: 2
tau_mu tau_h
Kappa: 4
SVFit Mass: 11.1086
mode: 2
tau_mu tau_h
Kappa: 4
SVFit Mass: 11.1086
mode: 2
tau_mu tau_h
Kappa: 4
SVFit Mass: 11.1086
mode: 2
tau_mu tau_h
Kappa: 4
SVFit Mass: 11.1086
mode: 2
tau_mu tau_h
Kappa: 4
SVFit Mass: 11.1086
mode: 1
tau_e tau_mu
Kappa: 3
SVFit Mass: 23.6563
mode: 2
tau_mu tau_h
Kappa: 4
SVFit Mass: 9.59346
mode: 2
tau_mu tau_h
Kappa: 4
SVFit Mass: 11.9456
mode: 2
tau_mu tau_h
Kappa: 4
SVFit Mass: 119.179
mode: 1
tau_e tau_mu
Kappa: 3
SVFit Mass: 8.07697
mode: 1
tau_e tau_mu
Kappa: 3
SVFit Mass: 8.07697
mode: 2
tau_mu tau_h
Kappa: 4
SVFit Mass: 9.06905
mode: 2
tau_mu tau_h
Kappa: 4
SVFit Mass: 11.0174
mode: 2
tau_mu tau_h
Kappa: 4
SVFit Mass: 7.01669
mode: 2
tau_mu tau_h
Kappa: 4
SVFit Mass: 7.01669
mode: 2
tau_mu tau_h
Kappa: 4
SVFit Mass: 7.01669
mode: 2
tau_mu tau_h
Kappa: 4
SVFit Mass: 7.01669
mode: 2
tau_mu tau_h
Kappa: 4
SVFit Mass: 7.01669
mode: 2
tau_mu tau_h
Kappa: 4
SVFit Mass: 10.6909
mode: 1
tau_e tau_mu
Kappa: 3
SVFit Mass: 10.2053
mode: 1
tau_e tau_mu
Kappa: 3
SVFit Mass: 10.2053
mode: 2
tau_mu tau_h
Kappa: 4
SVFit Mass: 9.4794
mode: 2
tau_mu tau_h
Kappa: 4
SVFit Mass: 13.0885
mode: 2
tau_mu tau_h
Kappa: 4
SVFit Mass: 13.0885
mode: 2
tau_mu tau_h
Kappa: 4
SVFit Mass: 13.0885
mode: 2
tau_mu tau_h
Kappa: 4
SVFit Mass: 13.0885
mode: 2
tau_mu tau_h
Kappa: 4
SVFit Mass: 13.0885
mode: 2
tau_mu tau_h
Kappa: 4
SVFit Mass: 6.95112
mode: 2
tau_mu tau_h
Kappa: 4
SVFit Mass: 6.95112
mode: 2
tau_mu tau_h
Kappa: 4
SVFit Mass: 6.95112
mode: 2
tau_mu tau_h
Kappa: 4
SVFit Mass: 6.95112
mode: 2
tau_mu tau_h
Kappa: 4
SVFit Mass: 6.95112
mode: 2
tau_mu tau_h
Kappa: 4
SVFit Mass: 8.79664
mode: 1
tau_e tau_mu
Kappa: 3
SVFit Mass: 8.62596
mode: 1
tau_e tau_mu
Kappa: 3
SVFit Mass: 8.62596
mode: 2
tau_mu tau_h
Kappa: 4
SVFit Mass: 134.549
mode: 2
tau_mu tau_h
Kappa: 4
SVFit Mass: 7.81145
mode: 2
tau_mu tau_h
Kappa: 4
SVFit Mass: 9.4741
mode: 1
tau_e tau_mu
Kappa: 3
SVFit Mass: 6.96145
mode: 1
tau_e tau_mu
Kappa: 3
SVFit Mass: 6.96145
mode: 2
tau_mu tau_h
Kappa: 4
SVFit Mass: 7.91512
mode: 2
tau_mu tau_h
Kappa: 4
SVFit Mass: 8.38125
mode: 2
tau_mu tau_h
Kappa: 4
SVFit Mass: 8.38125
mode: 2
tau_mu tau_h
Kappa: 4
SVFit Mass: 8.38125
mode: 2
tau_mu tau_h
Kappa: 4
SVFit Mass: 8.38125
mode: 2
tau_mu tau_h
Kappa: 4
SVFit Mass: 8.38125
mode: 2
tau_mu tau_h
Kappa: 4
SVFit Mass: 10.5771
mode: 2
tau_mu tau_h
Kappa: 4
SVFit Mass: 11.9647
mode: 2
tau_mu tau_h
Kappa: 4
SVFit Mass: 11.9647
mode: 2
tau_mu tau_h
Kappa: 4
SVFit Mass: 11.9647
mode: 2
tau_mu tau_h
Kappa: 4
SVFit Mass: 11.9647
mode: 2
tau_mu tau_h
Kappa: 4
SVFit Mass: 11.9647
mode: 2
tau_mu tau_h
Kappa: 4
SVFit Mass: 14.0172
mode: 1
tau_e tau_mu
Kappa: 3
SVFit Mass: 12.0623
mode: 2
tau_mu tau_h
Kappa: 4
SVFit Mass: 7.18628
mode: 2
tau_mu tau_h
Kappa: 4
SVFit Mass: 7.18628
mode: 2
tau_mu tau_h
Kappa: 4
SVFit Mass: 7.18628
mode: 2
tau_mu tau_h
Kappa: 4
SVFit Mass: 7.18628
mode: 2
tau_mu tau_h
Kappa: 4
SVFit Mass: 7.18628
mode: 2
tau_mu tau_h
Kappa: 4
SVFit Mass: 10.1076
mode: 2
tau_mu tau_h
Kappa: 4
SVFit Mass: 6.63257
mode: 2
tau_mu tau_h
Kappa: 4
SVFit Mass: 12.8334
mode: 1
tau_e tau_mu
Kappa: 3
SVFit Mass: 12.9707
mode: 1
tau_e tau_mu
Kappa: 3
SVFit Mass: 12.9707
mode: 2
tau_mu tau_h
Kappa: 4
SVFit Mass: 5.38409
mode: 2
tau_mu tau_h
Kappa: 4
SVFit Mass: 9.04574
mode: 1
tau_e tau_mu
Kappa: 3
SVFit Mass: 6.58505
mode: 1
tau_e tau_mu
Kappa: 3
SVFit Mass: 6.58505
mode: 2
tau_mu tau_h
Kappa: 4
SVFit Mass: 9.66809
mode: 1
tau_e tau_mu
Kappa: 3
SVFit Mass: 12.8263
mode: 1
tau_e tau_mu
Kappa: 3
SVFit Mass: 12.8263
mode: 2
tau_mu tau_h
Kappa: 4
SVFit Mass: 336.471
mode: 2
tau_mu tau_h
Kappa: 4
SVFit Mass: 10.9539
mode: 2
tau_mu tau_h
Kappa: 4
SVFit Mass: 10.9539
mode: 2
tau_mu tau_h
Kappa: 4
SVFit Mass: 10.9539
mode: 2
tau_mu tau_h
Kappa: 4
SVFit Mass: 10.9539
mode: 2
tau_mu tau_h
Kappa: 4
SVFit Mass: 10.9539
mode: 2
tau_mu tau_h
Kappa: 4
SVFit Mass: 10.1588
mode: 2
tau_mu tau_h
Kappa: 4
SVFit Mass: 11.9914
mode: 1
tau_e tau_mu
Kappa: 3
SVFit Mass: 10.2352
mode: 1
tau_e tau_mu
Kappa: 3
SVFit Mass: 10.2352
mode: 2
tau_mu tau_h
Kappa: 4
SVFit Mass: 7.04537
mode: 2
tau_mu tau_h
Kappa: 4
SVFit Mass: 6.6329
mode: 2
tau_mu tau_h
Kappa: 4
SVFit Mass: 200.335
mode: 2
tau_mu tau_h
Kappa: 4
SVFit Mass: 5.34725
mode: 1
tau_e tau_mu
Kappa: 3
SVFit Mass: 11.7697
mode: 2
tau_mu tau_h
Kappa: 4
SVFit Mass: 8.39371
mode: 1
tau_e tau_mu
Kappa: 3
SVFit Mass: 11.9347
mode: 2
tau_mu tau_h
Kappa: 4
SVFit Mass: 10.2878
mode: 2
tau_mu tau_h
Kappa: 4
SVFit Mass: 6.09347
mode: 2
tau_mu tau_h
Kappa: 4
SVFit Mass: 9.94985
mode: 2
tau_mu tau_h
Kappa: 4
SVFit Mass: 9.87988
mode: 2
tau_mu tau_h
Kappa: 4
SVFit Mass: 6.47843
mode: 2
tau_mu tau_h
Kappa: 4
SVFit Mass: 9.84103
mode: 2
tau_mu tau_h
Kappa: 4
SVFit Mass: 8.60079
mode: 1
tau_e tau_mu
Kappa: 3
SVFit Mass: 5.72
mode: 2
tau_mu tau_h
Kappa: 4
SVFit Mass: 4.60937
mode: 2
tau_mu tau_h
Kappa: 4
SVFit Mass: 7.50539
mode: 2
tau_mu tau_h
Kappa: 4
SVFit Mass: 6.89482
mode: 1
tau_e tau_mu
Kappa: 3
SVFit Mass: 8.37668
mode: 1
tau_e tau_mu
Kappa: 3
SVFit Mass: 8.37668
mode: 1
tau_e tau_mu
Kappa: 3
SVFit Mass: 10.5827
mode: 1
tau_e tau_mu
Kappa: 3
SVFit Mass: 10.5827
mode: 2
tau_mu tau_h
Kappa: 4
SVFit Mass: 8.645
mode: 1
tau_e tau_mu
Kappa: 3
SVFit Mass: 7.94
mode: 1
tau_e tau_mu
Kappa: 3
SVFit Mass: 7.94
mode: 2
tau_mu tau_h
Kappa: 4
SVFit Mass: 7.03151
mode: 1
tau_e tau_mu
Kappa: 3
SVFit Mass: 14.889
mode: 1
tau_e tau_mu
Kappa: 3
SVFit Mass: 14.889
mode: 1
tau_e tau_mu
Kappa: 3
SVFit Mass: 14.889
mode: 1
tau_e tau_mu
Kappa: 3
SVFit Mass: 14.889
mode: 2
tau_mu tau_h
Kappa: 4
SVFit Mass: 6.34648
mode: 2
tau_mu tau_h
Kappa: 4
SVFit Mass: 6.34648
mode: 2
tau_mu tau_h
Kappa: 4
SVFit Mass: 6.34648
mode: 2
tau_mu tau_h
Kappa: 4
SVFit Mass: 6.34648
mode: 2
tau_mu tau_h
Kappa: 4
SVFit Mass: 6.34648
mode: 2
tau_mu tau_h
Kappa: 4
SVFit Mass: 8.37311
mode: 2
tau_mu tau_h
Kappa: 4
SVFit Mass: 9.57858
mode: 2
tau_mu tau_h
Kappa: 4
SVFit Mass: 9.57858
mode: 2
tau_mu tau_h
Kappa: 4
SVFit Mass: 9.57858
mode: 2
tau_mu tau_h
Kappa: 4
SVFit Mass: 9.57858
mode: 2
tau_mu tau_h
Kappa: 4
SVFit Mass: 9.57858
mode: 1
tau_e tau_mu
Kappa: 3
SVFit Mass: 8.79144
mode: 1
tau_e tau_mu
Kappa: 3
SVFit Mass: 8.79144
mode: 1
tau_e tau_mu
Kappa: 3
SVFit Mass: 8.79144
mode: 1
tau_e tau_mu
Kappa: 3
SVFit Mass: 8.79144
mode: 2
tau_mu tau_h
Kappa: 4
SVFit Mass: 8.33357
mode: 1
tau_e tau_mu
Kappa: 3
SVFit Mass: 8.43877
mode: 2
tau_mu tau_h
Kappa: 4
SVFit Mass: 9.28566
mode: 1
tau_e tau_mu
Kappa: 3
SVFit Mass: 11.3739
mode: 1
tau_e tau_mu
Kappa: 3
SVFit Mass: 11.3739
mode: 2
tau_mu tau_h
Kappa: 4
SVFit Mass: 9.11692
mode: 2
tau_mu tau_h
Kappa: 4
SVFit Mass: 7.00343
mode: 2
tau_mu tau_h
Kappa: 4
SVFit Mass: 7.53525
mode: 1
tau_e tau_mu
Kappa: 3
SVFit Mass: 5.33368
mode: 1
tau_e tau_mu
Kappa: 3
SVFit Mass: 5.33368
mode: 1
tau_e tau_mu
Kappa: 3
SVFit Mass: 5.33368
mode: 1
tau_e tau_mu
Kappa: 3
SVFit Mass: 5.33368
mode: 1
tau_e tau_mu
Kappa: 3
SVFit Mass: 14.7881
mode: 1
tau_e tau_mu
Kappa: 3
SVFit Mass: 14.7881
mode: 1
tau_e tau_mu
Kappa: 3
SVFit Mass: 14.7881
mode: 1
tau_e tau_mu
Kappa: 3
SVFit Mass: 14.7881
mode: 2
tau_mu tau_h
Kappa: 4
SVFit Mass: 7.76047
mode: 2
tau_mu tau_h
Kappa: 4
SVFit Mass: 6.96367
mode: 2
tau_mu tau_h
Kappa: 4
SVFit Mass: 6.96367
mode: 2
tau_mu tau_h
Kappa: 4
SVFit Mass: 6.96367
mode: 2
tau_mu tau_h
Kappa: 4
SVFit Mass: 6.96367
mode: 2
tau_mu tau_h
Kappa: 4
SVFit Mass: 6.96367
{'lowMET_BFlavour': <cppyy.gbl.TH2F object at 0x5419760>, 'highMET_BFlavour': <cppyy.gbl.TH2F object at 0x835bfb0>, 'lowMET_CFlavour': <cppyy.gbl.TH2F object at 0x835b5f0>, 'highMET_CFlavour': <cppyy.gbl.TH2F object at 0x835b170>, 'lowMET_LFlavour': <cppyy.gbl.TH2F object at 0x835bab0>, 'highMET_LFlavour': <cppyy.gbl.TH2F object at 0x836cf00>}
root://cmseos.fnal.gov//store/user/dalam/UL2016pre/h_plotBoostedTauTau_16pre_ALP_M-10_HT-100to400_preVFPUL16_0.root
root://cmsio2.rc.ufl.edu:1094//store/user/zhangj/TCPNtuple/AToTauTau_ALP_M-10_HT-100to400_TuneCP5_13TeV-madgraphMLM-pythia8/Ntuple_ALP_M-10_HT-100to400_preVFPUL16_miniAODv2_v5/240513_220721/0000/TCPNtuple_Backgrounds_1.root
root://cmsio2.rc.ufl.edu:1094//store/user/zhangj/TCPNtuple/AToTauTau_ALP_M-10_HT-100to400_TuneCP5_13TeV-madgraphMLM-pythia8/Ntuple_ALP_M-10_HT-100to400_preVFPUL16_miniAODv2_v5/240513_220721/0000/TCPNtuple_Backgrounds_2.root
--- 396.9638578891754 seconds ---
