040 (3550510.000.000) 2024-07-09 17:28:12 Started transferring input files
	Transferring to host: <131.225.188.86:9618?addrs=[2620-6a-0-8421-f0-0-188-86]-9618+131.225.188.86-9618&alias=cmswn2042.fnal.gov&noUDP&sock=slot1_31_2688_b066_46884>
...
040 (3550510.000.000) 2024-07-09 17:28:12 Finished transferring input files
...
001 (3550510.000.000) 2024-07-09 17:28:13 Job executing on host: <131.225.188.86:9618?addrs=[2620-6a-0-8421-f0-0-188-86]-9618+131.225.188.86-9618&alias=cmswn2042.fnal.gov&noUDP&sock=startd_2167_f5d1>
	SlotName: slot1_31@cmswn2042.fnal.gov
	CondorScratchDir = "/storage/local/data1/condor/execute/dir_2741275"
	Cpus = 1
	Disk = 1592208
	Memory = 2048
...
040 (3550510.000.000) 2024-07-10 05:42:13 Started transferring output files
...
040 (3550510.000.000) 2024-07-10 05:42:13 Finished transferring output files
...
005 (3550510.000.000) 2024-07-10 05:42:13 Job terminated.
	(1) Normal termination (return value 0)
		Usr 0 00:00:00, Sys 0 00:00:00  -  Run Remote Usage
		Usr 0 00:00:00, Sys 0 00:00:00  -  Run Local Usage
		Usr 0 00:00:00, Sys 0 00:00:00  -  Total Remote Usage
		Usr 0 00:00:00, Sys 0 00:00:00  -  Total Local Usage
	790394  -  Run Bytes Sent By Job
	11452  -  Run Bytes Received By Job
	790394  -  Total Bytes Sent By Job
	11452  -  Total Bytes Received By Job
	Partitionable Resources :     Usage  Request Allocated 
	   Cpus                 :      0.00        1         1 
	   Disk (KB)            : 153045           4   1592208 
	   Memory (MB)          :               2048      2048 

	Job terminated of its own accord at 2024-07-10T10:42:12Z with exit-code 0.
...
040 (3561368.000.000) 2024-07-10 11:15:02 Started transferring input files
	Transferring to host: <131.225.188.84:9618?addrs=[2620-6a-0-8421-f0-0-188-84]-9618+131.225.188.84-9618&alias=cmswn2041.fnal.gov&noUDP&sock=slot1_46_1112414_0bed_18110>
...
040 (3561368.000.000) 2024-07-10 11:15:02 Finished transferring input files
...
001 (3561368.000.000) 2024-07-10 11:15:03 Job executing on host: <131.225.188.84:9618?addrs=[2620-6a-0-8421-f0-0-188-84]-9618+131.225.188.84-9618&alias=cmswn2041.fnal.gov&noUDP&sock=startd_2173_1363>
	SlotName: slot1_46@cmswn2041.fnal.gov
	CondorScratchDir = "/storage/local/data1/condor/execute/dir_310933"
	Cpus = 1
	Disk = 1607552
	Memory = 2048
...
040 (3561368.000.000) 2024-07-10 19:08:25 Started transferring output files
...
040 (3561368.000.000) 2024-07-10 19:08:25 Finished transferring output files
...
005 (3561368.000.000) 2024-07-10 19:08:27 Job terminated.
	(1) Normal termination (return value 0)
		Usr 0 00:00:00, Sys 0 00:00:00  -  Run Remote Usage
		Usr 0 00:00:00, Sys 0 00:00:00  -  Run Local Usage
		Usr 0 00:00:00, Sys 0 00:00:00  -  Total Remote Usage
		Usr 0 00:00:00, Sys 0 00:00:00  -  Total Local Usage
	1298150  -  Run Bytes Sent By Job
	11448  -  Run Bytes Received By Job
	1298150  -  Total Bytes Sent By Job
	11448  -  Total Bytes Received By Job
	Partitionable Resources :     Usage  Request Allocated 
	   Cpus                 :      0.01        1         1 
	   Disk (KB)            : 170848           4   1607552 
	   Memory (MB)          :               2048      2048 

	Job terminated of its own accord at 2024-07-11T00:08:25Z with exit-code 0.
...
