[FERMIHTC-APPTAINER]: INFO -- ApptainerImage classAd detected
[FERMIHTC-APPTAINER]: INFO -- Attempting to run job in /cvmfs/singularity.opensciencegrid.org/cmssw/cms:rhel7
[FERMIHTC-APPTAINER]: INFO -- Running /cvmfs/oasis.opensciencegrid.org/mis/apptainer/current/bin/apptainer exec --pid --ipc --contain --bind /cvmfs --bind /etc/hosts --bind /etc/grid-security --home /storage/local/data1/condor/execute/dir_806756:/srv --pwd /srv /cvmfs/singularity.opensciencegrid.org/cmssw/cms:rhel7 ./run_condor.csh plotBoostedTauTau.py ./filelists/AToTauTau/UL16pre/ALP_M-40_HT-100to400_preVFPUL16/ALP_M-40_HT-100to400_preVFPUL16_0.txt root://cmseos.fnal.gov//store/user/dalam/UL2016pre/ TCP 16pre
Starting job on  Tue Jul 9 10:20:45 UTC 2024
Running on: Linux dalam-65483369-0-cmswn2130.fnal.gov 5.14.0-427.20.1.el9_4.x86_64 #1 SMP PREEMPT_DYNAMIC Mon Jun 10 08:04:28 EDT 2024 x86_64 x86_64 x86_64 GNU/Linux
System software: CentOS Linux release 7.9.2009 (Core)
Done: ProjectRename
Arguments passed to this script are: 
  script: plotBoostedTauTau.py
  input files: ./filelists/AToTauTau/UL16pre/ALP_M-40_HT-100to400_preVFPUL16/ALP_M-40_HT-100to400_preVFPUL16_0.txt
  output dir: root://cmseos.fnal.gov//store/user/dalam/UL2016pre/
  mode: TCP
  year: 16pre
mode: 1
tau_e tau_mu
Kappa: 3
SVFit Mass: 41.616
mode: 1
tau_e tau_mu
Kappa: 3
SVFit Mass: 41.616
mode: 1
tau_e tau_mu
Kappa: 3
SVFit Mass: 41.616
mode: 1
tau_e tau_mu
Kappa: 3
SVFit Mass: 41.616
mode: 2
tau_mu tau_h
Kappa: 4
SVFit Mass: 39.9146
mode: 2
tau_mu tau_h
Kappa: 4
SVFit Mass: 39.9146
mode: 2
tau_mu tau_h
Kappa: 4
SVFit Mass: 39.9146
mode: 2
tau_mu tau_h
Kappa: 4
SVFit Mass: 39.9146
mode: 2
tau_mu tau_h
Kappa: 4
SVFit Mass: 39.9146
mode: 2
tau_mu tau_h
Kappa: 4
SVFit Mass: 36.9516
mode: 2
tau_mu tau_h
Kappa: 4
SVFit Mass: 23.0068
mode: 2
tau_mu tau_h
Kappa: 4
SVFit Mass: 23.0068
mode: 2
tau_mu tau_h
Kappa: 4
SVFit Mass: 23.0068
mode: 2
tau_mu tau_h
Kappa: 4
SVFit Mass: 23.0068
mode: 2
tau_mu tau_h
Kappa: 4
SVFit Mass: 23.0068
mode: 2
tau_mu tau_h
Kappa: 4
SVFit Mass: 53.8501
mode: 1
tau_e tau_mu
Kappa: 3
SVFit Mass: 34.9438
mode: 1
tau_e tau_mu
Kappa: 3
SVFit Mass: 34.9438
mode: 1
tau_e tau_mu
Kappa: 3
SVFit Mass: 42.4058
mode: 2
tau_mu tau_h
Kappa: 4
SVFit Mass: 40.9612
mode: 2
tau_mu tau_h
Kappa: 4
SVFit Mass: 40.9612
mode: 2
tau_mu tau_h
Kappa: 4
SVFit Mass: 40.9612
mode: 2
tau_mu tau_h
Kappa: 4
SVFit Mass: 40.9612
mode: 2
tau_mu tau_h
Kappa: 4
SVFit Mass: 40.9612
mode: 1
tau_e tau_mu
Kappa: 3
SVFit Mass: 33.5054
mode: 1
tau_e tau_mu
Kappa: 3
SVFit Mass: 33.5054
mode: 2
tau_mu tau_h
Kappa: 4
SVFit Mass: 33.5052
mode: 2
tau_mu tau_h
Kappa: 4
SVFit Mass: 31.2668
mode: 1
tau_e tau_mu
Kappa: 3
SVFit Mass: 39.5453
mode: 1
tau_e tau_mu
Kappa: 3
SVFit Mass: 39.5453
mode: 1
tau_e tau_mu
Kappa: 3
SVFit Mass: 39.5453
mode: 1
tau_e tau_mu
Kappa: 3
SVFit Mass: 39.5453
mode: 1
tau_e tau_mu
Kappa: 3
SVFit Mass: 41.0111
mode: 2
tau_mu tau_h
Kappa: 4
SVFit Mass: 34.4306
mode: 1
tau_e tau_mu
Kappa: 3
SVFit Mass: 30.1817
mode: 1
tau_e tau_mu
Kappa: 3
SVFit Mass: 30.1817
mode: 2
tau_mu tau_h
Kappa: 4
SVFit Mass: 29.4511
mode: 1
tau_e tau_mu
Kappa: 3
SVFit Mass: 42.0796
mode: 1
tau_e tau_mu
Kappa: 3
SVFit Mass: 42.0796
mode: 1
tau_e tau_mu
Kappa: 3
SVFit Mass: 42.0796
mode: 1
tau_e tau_mu
Kappa: 3
SVFit Mass: 42.0796
mode: 1
tau_e tau_mu
Kappa: 3
SVFit Mass: 32.6205
mode: 1
tau_e tau_mu
Kappa: 3
SVFit Mass: 32.6205
mode: 2
tau_mu tau_h
Kappa: 4
SVFit Mass: 31.8174
mode: 2
tau_mu tau_h
Kappa: 4
SVFit Mass: 35.3296
mode: 2
tau_mu tau_h
Kappa: 4
SVFit Mass: 35.3296
mode: 2
tau_mu tau_h
Kappa: 4
SVFit Mass: 35.3296
mode: 2
tau_mu tau_h
Kappa: 4
SVFit Mass: 35.3296
mode: 2
tau_mu tau_h
Kappa: 4
SVFit Mass: 35.3296
mode: 2
tau_mu tau_h
Kappa: 4
SVFit Mass: 35.2464
mode: 2
tau_mu tau_h
Kappa: 4
SVFit Mass: 28.3819
mode: 1
tau_e tau_mu
Kappa: 3
SVFit Mass: 30.5645
mode: 1
tau_e tau_mu
Kappa: 3
SVFit Mass: 30.5645
mode: 2
tau_mu tau_h
Kappa: 4
SVFit Mass: 26.3454
mode: 1
tau_e tau_mu
Kappa: 3
SVFit Mass: 38.3388
mode: 1
tau_e tau_mu
Kappa: 3
SVFit Mass: 38.3388
mode: 1
tau_e tau_mu
Kappa: 3
SVFit Mass: 38.3388
mode: 1
tau_e tau_mu
Kappa: 3
SVFit Mass: 38.3388
mode: 1
tau_e tau_mu
Kappa: 3
SVFit Mass: 45.9498
mode: 1
tau_e tau_mu
Kappa: 3
SVFit Mass: 35.2796
mode: 1
tau_e tau_mu
Kappa: 3
SVFit Mass: 35.2796
mode: 1
tau_e tau_mu
Kappa: 3
SVFit Mass: 35.2796
mode: 1
tau_e tau_mu
Kappa: 3
SVFit Mass: 35.2796
mode: 2
tau_mu tau_h
Kappa: 4
SVFit Mass: 34.2723
mode: 2
tau_mu tau_h
Kappa: 4
SVFit Mass: 34.2723
mode: 2
tau_mu tau_h
Kappa: 4
SVFit Mass: 34.2723
mode: 2
tau_mu tau_h
Kappa: 4
SVFit Mass: 34.2723
mode: 2
tau_mu tau_h
Kappa: 4
SVFit Mass: 34.2723
mode: 1
tau_e tau_mu
Kappa: 3
SVFit Mass: 34.5202
mode: 1
tau_e tau_mu
Kappa: 3
SVFit Mass: 34.5202
mode: 1
tau_e tau_mu
Kappa: 3
SVFit Mass: 34.5202
mode: 1
tau_e tau_mu
Kappa: 3
SVFit Mass: 34.5202
mode: 2
tau_mu tau_h
Kappa: 4
SVFit Mass: 32.817
mode: 2
tau_mu tau_h
Kappa: 4
SVFit Mass: 39.1382
mode: 2
tau_mu tau_h
Kappa: 4
SVFit Mass: 112.928
mode: 1
tau_e tau_mu
Kappa: 3
SVFit Mass: 32.5753
mode: 1
tau_e tau_mu
Kappa: 3
SVFit Mass: 45.9397
mode: 1
tau_e tau_mu
Kappa: 3
SVFit Mass: 45.9397
mode: 2
tau_mu tau_h
Kappa: 4
SVFit Mass: 38.0106
mode: 1
tau_e tau_mu
Kappa: 3
SVFit Mass: 36.073
mode: 1
tau_e tau_mu
Kappa: 3
SVFit Mass: 36.073
mode: 1
tau_e tau_mu
Kappa: 3
SVFit Mass: 36.073
mode: 1
tau_e tau_mu
Kappa: 3
SVFit Mass: 36.073
mode: 2
tau_mu tau_h
Kappa: 4
SVFit Mass: 37.8021
mode: 2
tau_mu tau_h
Kappa: 4
SVFit Mass: 37.8021
mode: 2
tau_mu tau_h
Kappa: 4
SVFit Mass: 37.8021
mode: 2
tau_mu tau_h
Kappa: 4
SVFit Mass: 37.8021
mode: 2
tau_mu tau_h
Kappa: 4
SVFit Mass: 37.8021
mode: 2
tau_mu tau_h
Kappa: 4
SVFit Mass: 38.0046
mode: 1
tau_e tau_mu
Kappa: 3
SVFit Mass: 45.7997
mode: 1
tau_e tau_mu
Kappa: 3
SVFit Mass: 40.0613
mode: 1
tau_e tau_mu
Kappa: 3
SVFit Mass: 56.7152
mode: 2
tau_mu tau_h
Kappa: 4
SVFit Mass: 34.7444
mode: 1
tau_e tau_mu
Kappa: 3
SVFit Mass: 59.3392
mode: 1
tau_e tau_mu
Kappa: 3
SVFit Mass: 36.1754
mode: 1
tau_e tau_mu
Kappa: 3
SVFit Mass: 36.1754
mode: 1
tau_e tau_mu
Kappa: 3
SVFit Mass: 36.1754
mode: 1
tau_e tau_mu
Kappa: 3
SVFit Mass: 36.1754
mode: 2
tau_mu tau_h
Kappa: 4
SVFit Mass: 33.9868
mode: 2
tau_mu tau_h
Kappa: 4
SVFit Mass: 33.9868
mode: 2
tau_mu tau_h
Kappa: 4
SVFit Mass: 33.9868
mode: 2
tau_mu tau_h
Kappa: 4
SVFit Mass: 33.9868
mode: 2
tau_mu tau_h
Kappa: 4
SVFit Mass: 33.9868
mode: 1
tau_e tau_mu
Kappa: 3
SVFit Mass: 31.5007
mode: 1
tau_e tau_mu
Kappa: 3
SVFit Mass: 39.545
mode: 1
tau_e tau_mu
Kappa: 3
SVFit Mass: 39.545
mode: 1
tau_e tau_mu
Kappa: 3
SVFit Mass: 39.545
mode: 1
tau_e tau_mu
Kappa: 3
SVFit Mass: 39.545
mode: 1
tau_e tau_mu
Kappa: 3
SVFit Mass: 32.815
mode: 1
tau_e tau_mu
Kappa: 3
SVFit Mass: 44.23
mode: 1
tau_e tau_mu
Kappa: 3
SVFit Mass: 44.23
mode: 2
tau_mu tau_h
Kappa: 4
SVFit Mass: 43.1516
mode: 2
tau_mu tau_h
Kappa: 4
SVFit Mass: 22.772
mode: 1
tau_e tau_mu
Kappa: 3
SVFit Mass: 33.7386
mode: 1
tau_e tau_mu
Kappa: 3
SVFit Mass: 29.5829
mode: 2
tau_mu tau_h
Kappa: 4
SVFit Mass: 34.7295
mode: 1
tau_e tau_mu
Kappa: 3
SVFit Mass: 40.473
mode: 1
tau_e tau_mu
Kappa: 3
SVFit Mass: 40.473
mode: 2
tau_mu tau_h
Kappa: 4
SVFit Mass: 40.4685
mode: 2
tau_mu tau_h
Kappa: 4
SVFit Mass: 40.7003
mode: 1
tau_e tau_mu
Kappa: 3
SVFit Mass: 20.6861
mode: 1
tau_e tau_mu
Kappa: 3
SVFit Mass: 20.6861
mode: 2
tau_mu tau_h
Kappa: 4
SVFit Mass: 36.8509
mode: 1
tau_e tau_mu
Kappa: 3
SVFit Mass: 42.9466
mode: 2
tau_mu tau_h
Kappa: 4
SVFit Mass: 39.1042
mode: 2
tau_mu tau_h
Kappa: 4
SVFit Mass: 39.1042
mode: 2
tau_mu tau_h
Kappa: 4
SVFit Mass: 39.1042
mode: 2
tau_mu tau_h
Kappa: 4
SVFit Mass: 39.1042
mode: 2
tau_mu tau_h
Kappa: 4
SVFit Mass: 39.1042
mode: 1
tau_e tau_mu
Kappa: 3
SVFit Mass: 40.7038
mode: 2
tau_mu tau_h
Kappa: 4
SVFit Mass: 39.7155
mode: 2
tau_mu tau_h
Kappa: 4
SVFit Mass: 33.7142
mode: 2
tau_mu tau_h
Kappa: 4
SVFit Mass: 33.7142
mode: 2
tau_mu tau_h
Kappa: 4
SVFit Mass: 33.7142
mode: 2
tau_mu tau_h
Kappa: 4
SVFit Mass: 33.7142
mode: 2
tau_mu tau_h
Kappa: 4
SVFit Mass: 33.7142
mode: 1
tau_e tau_mu
Kappa: 3
SVFit Mass: 34.4621
mode: 1
tau_e tau_mu
Kappa: 3
SVFit Mass: 34.4621
mode: 1
tau_e tau_mu
Kappa: 3
SVFit Mass: 34.4621
mode: 1
tau_e tau_mu
Kappa: 3
SVFit Mass: 34.4621
mode: 2
tau_mu tau_h
Kappa: 4
SVFit Mass: 37.5823
mode: 2
tau_mu tau_h
Kappa: 4
SVFit Mass: 37.5823
mode: 2
tau_mu tau_h
Kappa: 4
SVFit Mass: 37.5823
mode: 2
tau_mu tau_h
Kappa: 4
SVFit Mass: 37.5823
mode: 2
tau_mu tau_h
Kappa: 4
SVFit Mass: 37.5823
mode: 1
tau_e tau_mu
Kappa: 3
SVFit Mass: 42.3306
mode: 1
tau_e tau_mu
Kappa: 3
SVFit Mass: 42.3306
mode: 2
tau_mu tau_h
Kappa: 4
SVFit Mass: 43.6236
mode: 2
tau_mu tau_h
Kappa: 4
SVFit Mass: 28.9088
mode: 2
tau_mu tau_h
Kappa: 4
SVFit Mass: 28.9088
mode: 2
tau_mu tau_h
Kappa: 4
SVFit Mass: 28.9088
mode: 2
tau_mu tau_h
Kappa: 4
SVFit Mass: 28.9088
mode: 2
tau_mu tau_h
Kappa: 4
SVFit Mass: 28.9088
mode: 1
tau_e tau_mu
Kappa: 3
SVFit Mass: 48.8822
mode: 1
tau_e tau_mu
Kappa: 3
SVFit Mass: 48.8822
mode: 1
tau_e tau_mu
Kappa: 3
SVFit Mass: 48.8822
mode: 1
tau_e tau_mu
Kappa: 3
SVFit Mass: 48.8822
mode: 1
tau_e tau_mu
Kappa: 3
SVFit Mass: 27.2548
mode: 1
tau_e tau_mu
Kappa: 3
SVFit Mass: 27.2548
mode: 1
tau_e tau_mu
Kappa: 3
SVFit Mass: 40.8857
mode: 1
tau_e tau_mu
Kappa: 3
SVFit Mass: 38.5925
mode: 1
tau_e tau_mu
Kappa: 3
SVFit Mass: 38.5925
mode: 1
tau_e tau_mu
Kappa: 3
SVFit Mass: 38.5925
mode: 1
tau_e tau_mu
Kappa: 3
SVFit Mass: 38.5925
mode: 1
tau_e tau_mu
Kappa: 3
SVFit Mass: 32.5728
mode: 1
tau_e tau_mu
Kappa: 3
SVFit Mass: 32.5728
mode: 1
tau_e tau_mu
Kappa: 3
SVFit Mass: 32.5728
mode: 1
tau_e tau_mu
Kappa: 3
SVFit Mass: 32.5728
mode: 2
tau_mu tau_h
Kappa: 4
SVFit Mass: 27.7853
mode: 2
tau_mu tau_h
Kappa: 4
SVFit Mass: 27.7853
mode: 2
tau_mu tau_h
Kappa: 4
SVFit Mass: 27.7853
mode: 2
tau_mu tau_h
Kappa: 4
SVFit Mass: 27.7853
mode: 2
tau_mu tau_h
Kappa: 4
SVFit Mass: 27.7853
mode: 2
tau_mu tau_h
Kappa: 4
SVFit Mass: 20.891
mode: 2
tau_mu tau_h
Kappa: 4
SVFit Mass: 30.3963
mode: 2
tau_mu tau_h
Kappa: 4
SVFit Mass: 30.3963
mode: 2
tau_mu tau_h
Kappa: 4
SVFit Mass: 30.3963
mode: 2
tau_mu tau_h
Kappa: 4
SVFit Mass: 30.3963
mode: 2
tau_mu tau_h
Kappa: 4
SVFit Mass: 30.3963
mode: 2
tau_mu tau_h
Kappa: 4
SVFit Mass: 17.5467
mode: 1
tau_e tau_mu
Kappa: 3
SVFit Mass: 36.996
mode: 1
tau_e tau_mu
Kappa: 3
SVFit Mass: 36.996
mode: 1
tau_e tau_mu
Kappa: 3
SVFit Mass: 36.996
mode: 1
tau_e tau_mu
Kappa: 3
SVFit Mass: 36.996
mode: 2
tau_mu tau_h
Kappa: 4
SVFit Mass: 44.2557
mode: 2
tau_mu tau_h
Kappa: 4
SVFit Mass: 56.5908
mode: 1
tau_e tau_mu
Kappa: 3
SVFit Mass: 36.8022
mode: 1
tau_e tau_mu
Kappa: 3
SVFit Mass: 37.6249
mode: 1
tau_e tau_mu
Kappa: 3
SVFit Mass: 37.6249
mode: 2
tau_mu tau_h
Kappa: 4
SVFit Mass: 33.8712
mode: 2
tau_mu tau_h
Kappa: 4
SVFit Mass: 33.8712
mode: 2
tau_mu tau_h
Kappa: 4
SVFit Mass: 33.8712
mode: 2
tau_mu tau_h
Kappa: 4
SVFit Mass: 33.8712
mode: 2
tau_mu tau_h
Kappa: 4
SVFit Mass: 33.8712
mode: 2
tau_mu tau_h
Kappa: 4
SVFit Mass: 32.7922
mode: 1
tau_e tau_mu
Kappa: 3
SVFit Mass: 44.3614
mode: 1
tau_e tau_mu
Kappa: 3
SVFit Mass: 43.7615
mode: 1
tau_e tau_mu
Kappa: 3
SVFit Mass: 43.7615
mode: 2
tau_mu tau_h
Kappa: 4
SVFit Mass: 36.8319
mode: 2
tau_mu tau_h
Kappa: 4
SVFit Mass: 46.4201
mode: 1
tau_e tau_mu
Kappa: 3
SVFit Mass: 38.851
mode: 1
tau_e tau_mu
Kappa: 3
SVFit Mass: 37.0814
mode: 1
tau_e tau_mu
Kappa: 3
SVFit Mass: 37.0814
mode: 1
tau_e tau_mu
Kappa: 3
SVFit Mass: 55.4904
mode: 1
tau_e tau_mu
Kappa: 3
SVFit Mass: 55.4904
mode: 2
tau_mu tau_h
Kappa: 4
SVFit Mass: 36.0478
mode: 1
tau_e tau_mu
Kappa: 3
SVFit Mass: 36.9426
mode: 2
tau_mu tau_h
Kappa: 4
SVFit Mass: 41.5766
mode: 2
tau_mu tau_h
Kappa: 4
SVFit Mass: 41.5766
mode: 2
tau_mu tau_h
Kappa: 4
SVFit Mass: 41.5766
mode: 2
tau_mu tau_h
Kappa: 4
SVFit Mass: 41.5766
mode: 2
tau_mu tau_h
Kappa: 4
SVFit Mass: 41.5766
mode: 2
tau_mu tau_h
Kappa: 4
SVFit Mass: 29.6393
mode: 2
tau_mu tau_h
Kappa: 4
SVFit Mass: 36.4194
mode: 1
tau_e tau_mu
Kappa: 3
SVFit Mass: 66.8219
mode: 2
tau_mu tau_h
Kappa: 4
SVFit Mass: 24.4187
mode: 1
tau_e tau_mu
Kappa: 3
SVFit Mass: 32.9221
mode: 1
tau_e tau_mu
Kappa: 3
SVFit Mass: 32.9221
mode: 1
tau_e tau_mu
Kappa: 3
SVFit Mass: 32.9221
mode: 1
tau_e tau_mu
Kappa: 3
SVFit Mass: 32.9221
mode: 1
tau_e tau_mu
Kappa: 3
SVFit Mass: 43.6079
mode: 2
tau_mu tau_h
Kappa: 4
SVFit Mass: 39.9115
mode: 2
tau_mu tau_h
Kappa: 4
SVFit Mass: 39.9115
mode: 2
tau_mu tau_h
Kappa: 4
SVFit Mass: 39.9115
mode: 2
tau_mu tau_h
Kappa: 4
SVFit Mass: 39.9115
mode: 2
tau_mu tau_h
Kappa: 4
SVFit Mass: 39.9115
mode: 2
tau_mu tau_h
Kappa: 4
SVFit Mass: 35.3942
mode: 2
tau_mu tau_h
Kappa: 4
SVFit Mass: 35.3942
mode: 2
tau_mu tau_h
Kappa: 4
SVFit Mass: 35.3942
mode: 2
tau_mu tau_h
Kappa: 4
SVFit Mass: 35.3942
mode: 2
tau_mu tau_h
Kappa: 4
SVFit Mass: 35.3942
mode: 2
tau_mu tau_h
Kappa: 4
SVFit Mass: 28.4077
mode: 2
tau_mu tau_h
Kappa: 4
SVFit Mass: 33.5533
mode: 2
tau_mu tau_h
Kappa: 4
SVFit Mass: 52.3899
mode: 1
tau_e tau_mu
Kappa: 3
SVFit Mass: 34.7665
mode: 1
tau_e tau_mu
Kappa: 3
SVFit Mass: 34.7665
mode: 1
tau_e tau_mu
Kappa: 3
SVFit Mass: 34.7665
mode: 1
tau_e tau_mu
Kappa: 3
SVFit Mass: 34.7665
mode: 1
tau_e tau_mu
Kappa: 3
SVFit Mass: 31.3724
mode: 1
tau_e tau_mu
Kappa: 3
SVFit Mass: 31.3724
mode: 1
tau_e tau_mu
Kappa: 3
SVFit Mass: 31.3724
mode: 1
tau_e tau_mu
Kappa: 3
SVFit Mass: 31.3724
mode: 2
tau_mu tau_h
Kappa: 4
SVFit Mass: 33.4121
mode: 2
tau_mu tau_h
Kappa: 4
SVFit Mass: 37.7853
mode: 2
tau_mu tau_h
Kappa: 4
SVFit Mass: 37.7853
mode: 2
tau_mu tau_h
Kappa: 4
SVFit Mass: 37.7853
mode: 2
tau_mu tau_h
Kappa: 4
SVFit Mass: 37.7853
mode: 2
tau_mu tau_h
Kappa: 4
SVFit Mass: 37.7853
mode: 2
tau_mu tau_h
Kappa: 4
SVFit Mass: 29.3676
mode: 2
tau_mu tau_h
Kappa: 4
SVFit Mass: 41.0633
mode: 2
tau_mu tau_h
Kappa: 4
SVFit Mass: 41.0633
mode: 2
tau_mu tau_h
Kappa: 4
SVFit Mass: 41.0633
mode: 2
tau_mu tau_h
Kappa: 4
SVFit Mass: 41.0633
mode: 2
tau_mu tau_h
Kappa: 4
SVFit Mass: 41.0633
mode: 2
tau_mu tau_h
Kappa: 4
SVFit Mass: 40.9665
mode: 2
tau_mu tau_h
Kappa: 4
SVFit Mass: 40.9665
mode: 2
tau_mu tau_h
Kappa: 4
SVFit Mass: 40.9665
mode: 2
tau_mu tau_h
Kappa: 4
SVFit Mass: 40.9665
mode: 2
tau_mu tau_h
Kappa: 4
SVFit Mass: 40.9665
mode: 1
tau_e tau_mu
Kappa: 3
SVFit Mass: 41.8812
mode: 1
tau_e tau_mu
Kappa: 3
SVFit Mass: 41.8812
mode: 1
tau_e tau_mu
Kappa: 3
SVFit Mass: 41.8812
mode: 1
tau_e tau_mu
Kappa: 3
SVFit Mass: 41.8812
mode: 2
tau_mu tau_h
Kappa: 4
SVFit Mass: 35.8836
mode: 2
tau_mu tau_h
Kappa: 4
SVFit Mass: 41.445
mode: 2
tau_mu tau_h
Kappa: 4
SVFit Mass: 37.0135
mode: 2
tau_mu tau_h
Kappa: 4
SVFit Mass: 31.8528
mode: 2
tau_mu tau_h
Kappa: 4
SVFit Mass: 44.8015
mode: 1
tau_e tau_mu
Kappa: 3
SVFit Mass: 47.0756
mode: 1
tau_e tau_mu
Kappa: 3
SVFit Mass: 47.0756
mode: 1
tau_e tau_mu
Kappa: 3
SVFit Mass: 47.0756
mode: 1
tau_e tau_mu
Kappa: 3
SVFit Mass: 47.0756
mode: 1
tau_e tau_mu
Kappa: 3
SVFit Mass: 35.0091
mode: 1
tau_e tau_mu
Kappa: 3
SVFit Mass: 35.0091
mode: 1
tau_e tau_mu
Kappa: 3
SVFit Mass: 46.6357
mode: 1
tau_e tau_mu
Kappa: 3
SVFit Mass: 46.6357
mode: 1
tau_e tau_mu
Kappa: 3
SVFit Mass: 33.9454
mode: 2
tau_mu tau_h
Kappa: 4
SVFit Mass: 37.7409
mode: 2
tau_mu tau_h
Kappa: 4
SVFit Mass: 37.7409
mode: 2
tau_mu tau_h
Kappa: 4
SVFit Mass: 37.7409
mode: 2
tau_mu tau_h
Kappa: 4
SVFit Mass: 37.7409
mode: 2
tau_mu tau_h
Kappa: 4
SVFit Mass: 37.7409
mode: 1
tau_e tau_mu
Kappa: 3
SVFit Mass: 39.8435
mode: 1
tau_e tau_mu
Kappa: 3
SVFit Mass: 39.8435
mode: 2
tau_mu tau_h
Kappa: 4
SVFit Mass: 38.6417
mode: 2
tau_mu tau_h
Kappa: 4
SVFit Mass: 38.6417
mode: 2
tau_mu tau_h
Kappa: 4
SVFit Mass: 38.6417
mode: 2
tau_mu tau_h
Kappa: 4
SVFit Mass: 38.6417
mode: 2
tau_mu tau_h
Kappa: 4
SVFit Mass: 38.6417
mode: 1
tau_e tau_mu
Kappa: 3
SVFit Mass: 45.7701
mode: 1
tau_e tau_mu
Kappa: 3
SVFit Mass: 45.7701
mode: 2
tau_mu tau_h
Kappa: 4
SVFit Mass: 36.7257
mode: 1
tau_e tau_mu
Kappa: 3
SVFit Mass: 45.4081
mode: 1
tau_e tau_mu
Kappa: 3
SVFit Mass: 45.4081
mode: 1
tau_e tau_mu
Kappa: 3
SVFit Mass: 45.4081
mode: 1
tau_e tau_mu
Kappa: 3
SVFit Mass: 45.4081
mode: 2
tau_mu tau_h
Kappa: 4
SVFit Mass: 204.451
mode: 2
tau_mu tau_h
Kappa: 4
SVFit Mass: 41.7364
mode: 2
tau_mu tau_h
Kappa: 4
SVFit Mass: 41.7364
mode: 2
tau_mu tau_h
Kappa: 4
SVFit Mass: 41.7364
mode: 2
tau_mu tau_h
Kappa: 4
SVFit Mass: 41.7364
mode: 2
tau_mu tau_h
Kappa: 4
SVFit Mass: 41.7364
mode: 1
tau_e tau_mu
Kappa: 3
SVFit Mass: 43.886
mode: 2
tau_mu tau_h
Kappa: 4
SVFit Mass: 23.2439
mode: 1
tau_e tau_mu
Kappa: 3
SVFit Mass: 40.4381
mode: 1
tau_e tau_mu
Kappa: 3
SVFit Mass: 35.5908
mode: 1
tau_e tau_mu
Kappa: 3
SVFit Mass: 35.5908
mode: 1
tau_e tau_mu
Kappa: 3
SVFit Mass: 35.5908
mode: 1
tau_e tau_mu
Kappa: 3
SVFit Mass: 35.5908
mode: 2
tau_mu tau_h
Kappa: 4
SVFit Mass: 40.2746
mode: 2
tau_mu tau_h
Kappa: 4
SVFit Mass: 40.2746
mode: 2
tau_mu tau_h
Kappa: 4
SVFit Mass: 40.2746
mode: 2
tau_mu tau_h
Kappa: 4
SVFit Mass: 40.2746
mode: 2
tau_mu tau_h
Kappa: 4
SVFit Mass: 40.2746
mode: 1
tau_e tau_mu
Kappa: 3
SVFit Mass: 58.3004
mode: 1
tau_e tau_mu
Kappa: 3
SVFit Mass: 58.3004
mode: 2
tau_mu tau_h
Kappa: 4
SVFit Mass: 56.8884
mode: 1
tau_e tau_mu
Kappa: 3
SVFit Mass: 36.9939
mode: 1
tau_e tau_mu
Kappa: 3
SVFit Mass: 36.9939
mode: 1
tau_e tau_mu
Kappa: 3
SVFit Mass: 36.9939
mode: 1
tau_e tau_mu
Kappa: 3
SVFit Mass: 36.9939
mode: 1
tau_e tau_mu
Kappa: 3
SVFit Mass: 46.317
mode: 1
tau_e tau_mu
Kappa: 3
SVFit Mass: 46.317
mode: 1
tau_e tau_mu
Kappa: 3
SVFit Mass: 35.2396
mode: 1
tau_e tau_mu
Kappa: 3
SVFit Mass: 32.1224
mode: 1
tau_e tau_mu
Kappa: 3
SVFit Mass: 32.1224
mode: 1
tau_e tau_mu
Kappa: 3
SVFit Mass: 32.1224
mode: 1
tau_e tau_mu
Kappa: 3
SVFit Mass: 32.1224
{'lowMET_BFlavour': <cppyy.gbl.TH2F object at 0x6252260>, 'highMET_BFlavour': <cppyy.gbl.TH2F object at 0x918fc50>, 'lowMET_CFlavour': <cppyy.gbl.TH2F object at 0x918f290>, 'highMET_CFlavour': <cppyy.gbl.TH2F object at 0x918ee10>, 'lowMET_LFlavour': <cppyy.gbl.TH2F object at 0x918f750>, 'highMET_LFlavour': <cppyy.gbl.TH2F object at 0x91a0ba0>}
root://cmseos.fnal.gov//store/user/dalam/UL2016pre/h_plotBoostedTauTau_16pre_ALP_M-40_HT-100to400_preVFPUL16_0.root
root://cmsio2.rc.ufl.edu:1094//store/user/zhangj/TCPNtuple/AToTauTau_ALP_M-40_HT-100to400_TuneCP5_13TeV-madgraphMLM-pythia8/Ntuple_ALP_M-40_HT-100to400_preVFPUL16_miniAODv2_v5/240514_004010/0000/TCPNtuple_Backgrounds_1.root
root://cmsio2.rc.ufl.edu:1094//store/user/zhangj/TCPNtuple/AToTauTau_ALP_M-40_HT-100to400_TuneCP5_13TeV-madgraphMLM-pythia8/Ntuple_ALP_M-40_HT-100to400_preVFPUL16_miniAODv2_v5/240514_004010/0000/TCPNtuple_Backgrounds_3.root
root://cmsio2.rc.ufl.edu:1094//store/user/zhangj/TCPNtuple/AToTauTau_ALP_M-40_HT-100to400_TuneCP5_13TeV-madgraphMLM-pythia8/Ntuple_ALP_M-40_HT-100to400_preVFPUL16_miniAODv2_v5/240514_004010/0000/TCPNtuple_Backgrounds_2.root
--- 471.3135087490082 seconds ---
