040 (3550511.000.000) 2024-07-09 17:28:12 Started transferring input files
	Transferring to host: <131.225.189.183:9618?addrs=[2620-6a-0-8421-f0-0-189-183]-9618+131.225.189.183-9618&alias=cmswn2130.fnal.gov&noUDP&sock=slot1_21_2868_83ee_23791>
...
040 (3550511.000.000) 2024-07-09 17:28:12 Finished transferring input files
...
001 (3550511.000.000) 2024-07-09 17:28:13 Job executing on host: <131.225.189.183:9618?addrs=[2620-6a-0-8421-f0-0-189-183]-9618+131.225.189.183-9618&alias=cmswn2130.fnal.gov&noUDP&sock=startd_2296_7189>
	SlotName: slot1_21@cmswn2130.fnal.gov
	CondorScratchDir = "/storage/local/data1/condor/execute/dir_1499233"
	Cpus = 1
	Disk = 3455741
	Memory = 2048
...
040 (3550511.000.000) 2024-07-10 05:51:14 Started transferring output files
...
040 (3550511.000.000) 2024-07-10 05:51:15 Finished transferring output files
...
005 (3550511.000.000) 2024-07-10 05:51:17 Job terminated.
	(1) Normal termination (return value 0)
		Usr 0 00:00:00, Sys 0 00:00:00  -  Run Remote Usage
		Usr 0 00:00:00, Sys 0 00:00:00  -  Run Local Usage
		Usr 0 00:00:00, Sys 0 00:00:00  -  Total Remote Usage
		Usr 0 00:00:00, Sys 0 00:00:00  -  Total Local Usage
	72392  -  Run Bytes Sent By Job
	11452  -  Run Bytes Received By Job
	72392  -  Total Bytes Sent By Job
	11452  -  Total Bytes Received By Job
	Partitionable Resources :     Usage  Request Allocated 
	   Cpus                 :      0.00        1         1 
	   Disk (KB)            : 156670           4   3455741 
	   Memory (MB)          :               2048      2048 

	Job terminated of its own accord at 2024-07-10T10:51:14Z with exit-code 0.
...
040 (65568486.000.000) 2024-07-15 11:28:45 Entered queue to transfer input files
	Transferring to host: <131.225.189.174:9618?addrs=[2620-6a-0-8421-f0-0-189-174]-9618+131.225.189.174-9618&alias=cmswn2124.fnal.gov&noUDP&sock=slot1_41_2344_4f58_29592>
...
040 (65568486.000.000) 2024-07-15 11:29:05 Started transferring input files
	Seconds spent in queue: 20
...
040 (65568486.000.000) 2024-07-15 11:29:05 Finished transferring input files
...
001 (65568486.000.000) 2024-07-15 11:29:06 Job executing on host: <131.225.189.174:9618?addrs=[2620-6a-0-8421-f0-0-189-174]-9618+131.225.189.174-9618&alias=cmswn2124.fnal.gov&noUDP&sock=startd_2013_543c>
	SlotName: slot1_41@cmswn2124.fnal.gov
	CondorScratchDir = "/storage/local/data1/condor/execute/dir_3727249"
	Cpus = 1
	Disk = 3456040
	Memory = 2048
...
040 (65568486.000.000) 2024-07-15 17:23:35 Started transferring output files
	Seconds spent in queue: 21290
...
040 (65568486.000.000) 2024-07-15 17:23:35 Finished transferring output files
...
005 (65568486.000.000) 2024-07-15 17:23:36 Job terminated.
	(1) Normal termination (return value 0)
		Usr 0 00:00:00, Sys 0 00:00:00  -  Run Remote Usage
		Usr 0 00:00:00, Sys 0 00:00:00  -  Run Local Usage
		Usr 0 00:00:00, Sys 0 00:00:00  -  Total Remote Usage
		Usr 0 00:00:00, Sys 0 00:00:00  -  Total Local Usage
	72662  -  Run Bytes Sent By Job
	11452  -  Run Bytes Received By Job
	72662  -  Total Bytes Sent By Job
	11452  -  Total Bytes Received By Job
	Partitionable Resources :     Usage  Request Allocated 
	   Cpus                 :      0.00        1         1 
	   Disk (KB)            : 152356           4   3456040 
	   Memory (MB)          :               2048      2048 

	Job terminated of its own accord at 2024-07-15T22:23:34Z with exit-code 0.
...
