040 (3536171.000.000) 2024-07-08 16:39:41 Started transferring input files
	Transferring to host: <131.225.188.21:9618?addrs=[2620-6a-0-8421-f0-0-188-21]-9618+131.225.188.21-9618&alias=cmswn2023.fnal.gov&noUDP&sock=slot1_29_2659_4185_48762>
...
040 (3536171.000.000) 2024-07-08 16:39:41 Finished transferring input files
...
001 (3536171.000.000) 2024-07-08 16:39:42 Job executing on host: <131.225.188.21:9618?addrs=[2620-6a-0-8421-f0-0-188-21]-9618+131.225.188.21-9618&alias=cmswn2023.fnal.gov&noUDP&sock=startd_2440_372c>
	SlotName: slot1_29@cmswn2023.fnal.gov
	CondorScratchDir = "/storage/local/data1/condor/execute/dir_3263556"
	Cpus = 1
	Disk = 1738778
	Memory = 2048
...
040 (3536171.000.000) 2024-07-08 16:39:47 Started transferring output files
...
040 (3536171.000.000) 2024-07-08 16:39:47 Finished transferring output files
...
005 (3536171.000.000) 2024-07-08 16:39:49 Job terminated.
	(1) Normal termination (return value 1)
		Usr 0 00:00:00, Sys 0 00:00:00  -  Run Remote Usage
		Usr 0 00:00:00, Sys 0 00:00:00  -  Run Local Usage
		Usr 0 00:00:00, Sys 0 00:00:00  -  Total Remote Usage
		Usr 0 00:00:00, Sys 0 00:00:00  -  Total Local Usage
	1385  -  Run Bytes Sent By Job
	11440  -  Run Bytes Received By Job
	1385  -  Total Bytes Sent By Job
	11440  -  Total Bytes Received By Job
	Partitionable Resources :    Usage  Request Allocated 
	   Cpus                 :        0        1         1 
	   Disk (KB)            :       43        4   1738778 
	   Memory (MB)          :              2048      2048 

	Job terminated of its own accord at 2024-07-08T21:39:47Z with exit-code 1.
...
040 (33520934.000.000) 2024-07-09 01:31:07 Started transferring input files
	Transferring to host: <131.225.189.19:9618?addrs=[2620-6a-0-8421-f0-0-189-19]-9618+131.225.189.19-9618&alias=cmswn2082.fnal.gov&noUDP&sock=slot1_1_2866_1b2e_38212>
...
040 (33520934.000.000) 2024-07-09 01:31:07 Finished transferring input files
...
001 (33520934.000.000) 2024-07-09 01:31:08 Job executing on host: <131.225.189.19:9618?addrs=[2620-6a-0-8421-f0-0-189-19]-9618+131.225.189.19-9618&alias=cmswn2082.fnal.gov&noUDP&sock=startd_2285_e5fe>
	SlotName: slot1_1@cmswn2082.fnal.gov
	CondorScratchDir = "/storage/local/data1/condor/execute/dir_429901"
	Cpus = 1
	Disk = 1607759
	Memory = 2048
...
040 (33520934.000.000) 2024-07-09 01:40:03 Started transferring output files
...
040 (33520934.000.000) 2024-07-09 01:40:03 Finished transferring output files
...
005 (33520934.000.000) 2024-07-09 01:40:08 Job terminated.
	(1) Normal termination (return value 0)
		Usr 0 00:00:00, Sys 0 00:00:00  -  Run Remote Usage
		Usr 0 00:00:00, Sys 0 00:00:00  -  Run Local Usage
		Usr 0 00:00:00, Sys 0 00:00:00  -  Total Remote Usage
		Usr 0 00:00:00, Sys 0 00:00:00  -  Total Local Usage
	11397  -  Run Bytes Sent By Job
	11452  -  Run Bytes Received By Job
	11397  -  Total Bytes Sent By Job
	11452  -  Total Bytes Received By Job
	Partitionable Resources :     Usage  Request Allocated 
	   Cpus                 :      0.00        1         1 
	   Disk (KB)            : 102617           4   1607759 
	   Memory (MB)          :               2048      2048 

	Job terminated of its own accord at 2024-07-09T06:40:03Z with exit-code 0.
...
