[FERMIHTC-APPTAINER]: INFO -- ApptainerImage classAd detected
[FERMIHTC-APPTAINER]: INFO -- Attempting to run job in /cvmfs/singularity.opensciencegrid.org/cmssw/cms:rhel7
[FERMIHTC-APPTAINER]: INFO -- Running /cvmfs/oasis.opensciencegrid.org/mis/apptainer/current/bin/apptainer exec --pid --ipc --contain --bind /cvmfs --bind /etc/hosts --bind /etc/grid-security --home /storage/local/data1/condor/execute/dir_1701631:/srv --pwd /srv /cvmfs/singularity.opensciencegrid.org/cmssw/cms:rhel7 ./run_condor.csh plotBoostedTauTau.py ./filelists/AToTauTau/UL16pre/ALP_M-45_HT-100to400_preVFPUL16/ALP_M-45_HT-100to400_preVFPUL16_0.txt root://cmseos.fnal.gov//store/user/dalam/UL2016pre/ TCP 16pre
Starting job on  Tue Jul 9 10:24:32 UTC 2024
Running on: Linux dalam-65483371-0-cmswn2045.fnal.gov 5.14.0-427.16.1.el9_4.x86_64 #1 SMP PREEMPT_DYNAMIC Thu May 9 18:15:59 EDT 2024 x86_64 x86_64 x86_64 GNU/Linux
System software: CentOS Linux release 7.9.2009 (Core)
Done: ProjectRename
Arguments passed to this script are: 
  script: plotBoostedTauTau.py
  input files: ./filelists/AToTauTau/UL16pre/ALP_M-45_HT-100to400_preVFPUL16/ALP_M-45_HT-100to400_preVFPUL16_0.txt
  output dir: root://cmseos.fnal.gov//store/user/dalam/UL2016pre/
  mode: TCP
  year: 16pre
mode: 2
tau_mu tau_h
Kappa: 4
SVFit Mass: 50.1031
mode: 2
tau_mu tau_h
Kappa: 4
SVFit Mass: 33.3756
mode: 1
tau_e tau_mu
Kappa: 3
SVFit Mass: 59.52
mode: 1
tau_e tau_mu
Kappa: 3
SVFit Mass: 48.0968
mode: 1
tau_e tau_mu
Kappa: 3
SVFit Mass: 48.0968
mode: 1
tau_e tau_mu
Kappa: 3
SVFit Mass: 48.0968
mode: 1
tau_e tau_mu
Kappa: 3
SVFit Mass: 48.0968
mode: 2
tau_mu tau_h
Kappa: 4
SVFit Mass: 40.8328
mode: 2
tau_mu tau_h
Kappa: 4
SVFit Mass: 38.7689
mode: 2
tau_mu tau_h
Kappa: 4
SVFit Mass: 41.6625
mode: 2
tau_mu tau_h
Kappa: 4
SVFit Mass: 41.6625
mode: 2
tau_mu tau_h
Kappa: 4
SVFit Mass: 41.6625
mode: 2
tau_mu tau_h
Kappa: 4
SVFit Mass: 41.6625
mode: 2
tau_mu tau_h
Kappa: 4
SVFit Mass: 41.6625
mode: 1
tau_e tau_mu
Kappa: 3
SVFit Mass: 42.2922
mode: 2
tau_mu tau_h
Kappa: 4
SVFit Mass: 31.094
mode: 2
tau_mu tau_h
Kappa: 4
SVFit Mass: 46.9085
mode: 2
tau_mu tau_h
Kappa: 4
SVFit Mass: 46.9085
mode: 2
tau_mu tau_h
Kappa: 4
SVFit Mass: 46.9085
mode: 2
tau_mu tau_h
Kappa: 4
SVFit Mass: 46.9085
mode: 2
tau_mu tau_h
Kappa: 4
SVFit Mass: 46.9085
mode: 1
tau_e tau_mu
Kappa: 3
SVFit Mass: 50.167
mode: 2
tau_mu tau_h
Kappa: 4
SVFit Mass: 272.12
mode: 2
tau_mu tau_h
Kappa: 4
SVFit Mass: 45.5172
mode: 1
tau_e tau_mu
Kappa: 3
SVFit Mass: 53.7003
mode: 1
tau_e tau_mu
Kappa: 3
SVFit Mass: 44.1673
mode: 1
tau_e tau_mu
Kappa: 3
SVFit Mass: 44.1673
mode: 2
tau_mu tau_h
Kappa: 4
SVFit Mass: 41.0204
mode: 1
tau_e tau_mu
Kappa: 3
SVFit Mass: 47.167
mode: 1
tau_e tau_mu
Kappa: 3
SVFit Mass: 47.167
mode: 1
tau_e tau_mu
Kappa: 3
SVFit Mass: 60.2604
mode: 1
tau_e tau_mu
Kappa: 3
SVFit Mass: 60.2604
mode: 2
tau_mu tau_h
Kappa: 4
SVFit Mass: 44.7998
mode: 1
tau_e tau_mu
Kappa: 3
SVFit Mass: 47.9765
mode: 1
tau_e tau_mu
Kappa: 3
SVFit Mass: 47.9765
mode: 2
tau_mu tau_h
Kappa: 4
SVFit Mass: 38.4207
mode: 1
tau_e tau_mu
Kappa: 3
SVFit Mass: 45.7247
mode: 1
tau_e tau_mu
Kappa: 3
SVFit Mass: 45.7247
mode: 1
tau_e tau_mu
Kappa: 3
SVFit Mass: 45.7247
mode: 1
tau_e tau_mu
Kappa: 3
SVFit Mass: 45.7247
mode: 1
tau_e tau_mu
Kappa: 3
SVFit Mass: 28.81
mode: 2
tau_mu tau_h
Kappa: 4
SVFit Mass: 49.3396
mode: 1
tau_e tau_mu
Kappa: 3
SVFit Mass: 40.6609
mode: 1
tau_e tau_mu
Kappa: 3
SVFit Mass: 40.6609
mode: 1
tau_e tau_mu
Kappa: 3
SVFit Mass: 40.6609
mode: 1
tau_e tau_mu
Kappa: 3
SVFit Mass: 40.6609
mode: 2
tau_mu tau_h
Kappa: 4
SVFit Mass: 25.1124
mode: 2
tau_mu tau_h
Kappa: 4
SVFit Mass: 25.1124
mode: 2
tau_mu tau_h
Kappa: 4
SVFit Mass: 25.1124
mode: 2
tau_mu tau_h
Kappa: 4
SVFit Mass: 25.1124
mode: 2
tau_mu tau_h
Kappa: 4
SVFit Mass: 25.1124
mode: 2
tau_mu tau_h
Kappa: 4
SVFit Mass: 63.6495
mode: 1
tau_e tau_mu
Kappa: 3
SVFit Mass: 38.6777
mode: 1
tau_e tau_mu
Kappa: 3
SVFit Mass: 38.6777
mode: 2
tau_mu tau_h
Kappa: 4
SVFit Mass: 44.4823
mode: 1
tau_e tau_mu
Kappa: 3
SVFit Mass: 39.6914
mode: 1
tau_e tau_mu
Kappa: 3
SVFit Mass: 22.595
mode: 1
tau_e tau_mu
Kappa: 3
SVFit Mass: 22.595
mode: 1
tau_e tau_mu
Kappa: 3
SVFit Mass: 22.595
mode: 1
tau_e tau_mu
Kappa: 3
SVFit Mass: 22.595
mode: 2
tau_mu tau_h
Kappa: 4
SVFit Mass: 60.774
mode: 2
tau_mu tau_h
Kappa: 4
SVFit Mass: 44.2034
mode: 2
tau_mu tau_h
Kappa: 4
SVFit Mass: 44.2034
mode: 2
tau_mu tau_h
Kappa: 4
SVFit Mass: 44.2034
mode: 2
tau_mu tau_h
Kappa: 4
SVFit Mass: 44.2034
mode: 2
tau_mu tau_h
Kappa: 4
SVFit Mass: 44.2034
mode: 1
tau_e tau_mu
Kappa: 3
SVFit Mass: 51.6316
mode: 1
tau_e tau_mu
Kappa: 3
SVFit Mass: 51.6316
mode: 2
tau_mu tau_h
Kappa: 4
SVFit Mass: 42.6663
mode: 1
tau_e tau_mu
Kappa: 3
SVFit Mass: 47.1455
mode: 1
tau_e tau_mu
Kappa: 3
SVFit Mass: 47.1455
mode: 2
tau_mu tau_h
Kappa: 4
SVFit Mass: 32.3156
mode: 1
tau_e tau_mu
Kappa: 3
SVFit Mass: 51.7836
mode: 1
tau_e tau_mu
Kappa: 3
SVFit Mass: 51.7836
mode: 2
tau_mu tau_h
Kappa: 4
SVFit Mass: 45.7721
mode: 1
tau_e tau_mu
Kappa: 3
SVFit Mass: 39.4937
mode: 1
tau_e tau_mu
Kappa: 3
SVFit Mass: 44.3054
mode: 2
tau_mu tau_h
Kappa: 4
SVFit Mass: 49.899
mode: 2
tau_mu tau_h
Kappa: 4
SVFit Mass: 49.899
mode: 2
tau_mu tau_h
Kappa: 4
SVFit Mass: 49.899
mode: 2
tau_mu tau_h
Kappa: 4
SVFit Mass: 49.899
mode: 2
tau_mu tau_h
Kappa: 4
SVFit Mass: 49.899
mode: 1
tau_e tau_mu
Kappa: 3
SVFit Mass: 46.0649
mode: 1
tau_e tau_mu
Kappa: 3
SVFit Mass: 46.0649
mode: 1
tau_e tau_mu
Kappa: 3
SVFit Mass: 46.0649
mode: 1
tau_e tau_mu
Kappa: 3
SVFit Mass: 46.0649
mode: 1
tau_e tau_mu
Kappa: 3
SVFit Mass: 53.5086
mode: 1
tau_e tau_mu
Kappa: 3
SVFit Mass: 53.5086
mode: 2
tau_mu tau_h
Kappa: 4
SVFit Mass: 52.2271
mode: 2
tau_mu tau_h
Kappa: 4
SVFit Mass: 149.604
mode: 2
tau_mu tau_h
Kappa: 4
SVFit Mass: 43.3027
mode: 2
tau_mu tau_h
Kappa: 4
SVFit Mass: 43.3027
mode: 2
tau_mu tau_h
Kappa: 4
SVFit Mass: 43.3027
mode: 2
tau_mu tau_h
Kappa: 4
SVFit Mass: 43.3027
mode: 2
tau_mu tau_h
Kappa: 4
SVFit Mass: 43.3027
mode: 2
tau_mu tau_h
Kappa: 4
SVFit Mass: 41.4204
mode: 2
tau_mu tau_h
Kappa: 4
SVFit Mass: 41.4204
mode: 2
tau_mu tau_h
Kappa: 4
SVFit Mass: 41.4204
mode: 2
tau_mu tau_h
Kappa: 4
SVFit Mass: 41.4204
mode: 2
tau_mu tau_h
Kappa: 4
SVFit Mass: 41.4204
mode: 2
tau_mu tau_h
Kappa: 4
SVFit Mass: 48.9351
mode: 2
tau_mu tau_h
Kappa: 4
SVFit Mass: 31.95
mode: 2
tau_mu tau_h
Kappa: 4
SVFit Mass: 40.0498
mode: 2
tau_mu tau_h
Kappa: 4
SVFit Mass: 44.8595
mode: 2
tau_mu tau_h
Kappa: 4
SVFit Mass: 44.8595
mode: 2
tau_mu tau_h
Kappa: 4
SVFit Mass: 44.8595
mode: 2
tau_mu tau_h
Kappa: 4
SVFit Mass: 44.8595
mode: 2
tau_mu tau_h
Kappa: 4
SVFit Mass: 44.8595
mode: 1
tau_e tau_mu
Kappa: 3
SVFit Mass: 43.9808
mode: 1
tau_e tau_mu
Kappa: 3
SVFit Mass: 43.9808
mode: 1
tau_e tau_mu
Kappa: 3
SVFit Mass: 43.9808
mode: 1
tau_e tau_mu
Kappa: 3
SVFit Mass: 43.9808
mode: 2
tau_mu tau_h
Kappa: 4
SVFit Mass: 341.731
mode: 1
tau_e tau_mu
Kappa: 3
SVFit Mass: 20.2863
mode: 2
tau_mu tau_h
Kappa: 4
SVFit Mass: 38.1167
mode: 1
tau_e tau_mu
Kappa: 3
SVFit Mass: 35.0638
mode: 2
tau_mu tau_h
Kappa: 4
SVFit Mass: 30.859
mode: 2
tau_mu tau_h
Kappa: 4
SVFit Mass: 30.859
mode: 2
tau_mu tau_h
Kappa: 4
SVFit Mass: 30.859
mode: 2
tau_mu tau_h
Kappa: 4
SVFit Mass: 30.859
mode: 2
tau_mu tau_h
Kappa: 4
SVFit Mass: 30.859
mode: 1
tau_e tau_mu
Kappa: 3
SVFit Mass: 31.7586
mode: 1
tau_e tau_mu
Kappa: 3
SVFit Mass: 42.8402
mode: 1
tau_e tau_mu
Kappa: 3
SVFit Mass: 42.8402
mode: 1
tau_e tau_mu
Kappa: 3
SVFit Mass: 42.8402
mode: 1
tau_e tau_mu
Kappa: 3
SVFit Mass: 42.8402
mode: 2
tau_mu tau_h
Kappa: 4
SVFit Mass: 34.6036
mode: 2
tau_mu tau_h
Kappa: 4
SVFit Mass: 41.7613
mode: 2
tau_mu tau_h
Kappa: 4
SVFit Mass: 42.9392
mode: 2
tau_mu tau_h
Kappa: 4
SVFit Mass: 40.5088
mode: 1
tau_e tau_mu
Kappa: 3
SVFit Mass: 37.1342
mode: 2
tau_mu tau_h
Kappa: 4
SVFit Mass: 45.5097
mode: 2
tau_mu tau_h
Kappa: 4
SVFit Mass: 45.4665
mode: 1
tau_e tau_mu
Kappa: 3
SVFit Mass: 46.6894
mode: 2
tau_mu tau_h
Kappa: 4
SVFit Mass: 45.5517
mode: 1
tau_e tau_mu
Kappa: 3
SVFit Mass: 42.8836
mode: 1
tau_e tau_mu
Kappa: 3
SVFit Mass: 42.8836
mode: 1
tau_e tau_mu
Kappa: 3
SVFit Mass: 42.8836
mode: 1
tau_e tau_mu
Kappa: 3
SVFit Mass: 42.8836
mode: 2
tau_mu tau_h
Kappa: 4
SVFit Mass: 39.7986
mode: 1
tau_e tau_mu
Kappa: 3
SVFit Mass: 40.8536
mode: 1
tau_e tau_mu
Kappa: 3
SVFit Mass: 40.8536
mode: 1
tau_e tau_mu
Kappa: 3
SVFit Mass: 40.8536
mode: 1
tau_e tau_mu
Kappa: 3
SVFit Mass: 40.8536
mode: 2
tau_mu tau_h
Kappa: 4
SVFit Mass: 43.5743
mode: 2
tau_mu tau_h
Kappa: 4
SVFit Mass: 178.63
mode: 1
tau_e tau_mu
Kappa: 3
SVFit Mass: 40.1394
mode: 1
tau_e tau_mu
Kappa: 3
SVFit Mass: 40.1394
mode: 1
tau_e tau_mu
Kappa: 3
SVFit Mass: 40.1394
mode: 1
tau_e tau_mu
Kappa: 3
SVFit Mass: 40.1394
mode: 2
tau_mu tau_h
Kappa: 4
SVFit Mass: 46.2291
mode: 2
tau_mu tau_h
Kappa: 4
SVFit Mass: 46.2291
mode: 2
tau_mu tau_h
Kappa: 4
SVFit Mass: 46.2291
mode: 2
tau_mu tau_h
Kappa: 4
SVFit Mass: 46.2291
mode: 2
tau_mu tau_h
Kappa: 4
SVFit Mass: 46.2291
mode: 1
tau_e tau_mu
Kappa: 3
SVFit Mass: 57.3105
mode: 2
tau_mu tau_h
Kappa: 4
SVFit Mass: 40.8517
mode: 2
tau_mu tau_h
Kappa: 4
SVFit Mass: 34.5107
mode: 1
tau_e tau_mu
Kappa: 3
SVFit Mass: 42.0405
mode: 1
tau_e tau_mu
Kappa: 3
SVFit Mass: 42.0405
mode: 2
tau_mu tau_h
Kappa: 4
SVFit Mass: 38.5822
mode: 1
tau_e tau_mu
Kappa: 3
SVFit Mass: 36.3347
mode: 2
tau_mu tau_h
Kappa: 4
SVFit Mass: 47.8446
mode: 2
tau_mu tau_h
Kappa: 4
SVFit Mass: 38.2876
mode: 2
tau_mu tau_h
Kappa: 4
SVFit Mass: 49.0484
mode: 2
tau_mu tau_h
Kappa: 4
SVFit Mass: 49.0484
mode: 2
tau_mu tau_h
Kappa: 4
SVFit Mass: 49.0484
mode: 2
tau_mu tau_h
Kappa: 4
SVFit Mass: 49.0484
mode: 2
tau_mu tau_h
Kappa: 4
SVFit Mass: 49.0484
mode: 2
tau_mu tau_h
Kappa: 4
SVFit Mass: 41.3399
mode: 2
tau_mu tau_h
Kappa: 4
SVFit Mass: 23.8965
mode: 2
tau_mu tau_h
Kappa: 4
SVFit Mass: 47.7191
mode: 2
tau_mu tau_h
Kappa: 4
SVFit Mass: 47.7191
mode: 2
tau_mu tau_h
Kappa: 4
SVFit Mass: 47.7191
mode: 2
tau_mu tau_h
Kappa: 4
SVFit Mass: 47.7191
mode: 2
tau_mu tau_h
Kappa: 4
SVFit Mass: 47.7191
mode: 1
tau_e tau_mu
Kappa: 3
SVFit Mass: 67.3933
mode: 2
tau_mu tau_h
Kappa: 4
SVFit Mass: 48.4477
mode: 1
tau_e tau_mu
Kappa: 3
SVFit Mass: 49.9578
mode: 1
tau_e tau_mu
Kappa: 3
SVFit Mass: 49.9578
mode: 2
tau_mu tau_h
Kappa: 4
SVFit Mass: 48.7513
mode: 2
tau_mu tau_h
Kappa: 4
SVFit Mass: 43.8692
mode: 2
tau_mu tau_h
Kappa: 4
SVFit Mass: 43.8692
mode: 2
tau_mu tau_h
Kappa: 4
SVFit Mass: 43.8692
mode: 2
tau_mu tau_h
Kappa: 4
SVFit Mass: 43.8692
mode: 2
tau_mu tau_h
Kappa: 4
SVFit Mass: 43.8692
mode: 2
tau_mu tau_h
Kappa: 4
SVFit Mass: 43.0171
mode: 2
tau_mu tau_h
Kappa: 4
SVFit Mass: 43.0171
mode: 2
tau_mu tau_h
Kappa: 4
SVFit Mass: 43.0171
mode: 2
tau_mu tau_h
Kappa: 4
SVFit Mass: 43.0171
mode: 2
tau_mu tau_h
Kappa: 4
SVFit Mass: 43.0171
mode: 2
tau_mu tau_h
Kappa: 4
SVFit Mass: 44.7329
mode: 2
tau_mu tau_h
Kappa: 4
SVFit Mass: 44.7329
mode: 2
tau_mu tau_h
Kappa: 4
SVFit Mass: 44.7329
mode: 2
tau_mu tau_h
Kappa: 4
SVFit Mass: 44.7329
mode: 2
tau_mu tau_h
Kappa: 4
SVFit Mass: 44.7329
mode: 2
tau_mu tau_h
Kappa: 4
SVFit Mass: 18.3415
mode: 1
tau_e tau_mu
Kappa: 3
SVFit Mass: 43.5199
mode: 1
tau_e tau_mu
Kappa: 3
SVFit Mass: 43.5199
mode: 2
tau_mu tau_h
Kappa: 4
SVFit Mass: 39.3951
mode: 2
tau_mu tau_h
Kappa: 4
SVFit Mass: 46.9047
mode: 1
tau_e tau_mu
Kappa: 3
SVFit Mass: 45.5752
mode: 1
tau_e tau_mu
Kappa: 3
SVFit Mass: 45.5752
mode: 2
tau_mu tau_h
Kappa: 4
SVFit Mass: 36.4915
mode: 2
tau_mu tau_h
Kappa: 4
SVFit Mass: 52.9219
mode: 2
tau_mu tau_h
Kappa: 4
SVFit Mass: 41.1238
mode: 2
tau_mu tau_h
Kappa: 4
SVFit Mass: 41.1238
mode: 2
tau_mu tau_h
Kappa: 4
SVFit Mass: 41.1238
mode: 2
tau_mu tau_h
Kappa: 4
SVFit Mass: 41.1238
mode: 2
tau_mu tau_h
Kappa: 4
SVFit Mass: 41.1238
mode: 1
tau_e tau_mu
Kappa: 3
SVFit Mass: 48.3334
mode: 2
tau_mu tau_h
Kappa: 4
SVFit Mass: 43.9755
mode: 2
tau_mu tau_h
Kappa: 4
SVFit Mass: 41.2661
mode: 1
tau_e tau_mu
Kappa: 3
SVFit Mass: 43.8482
mode: 1
tau_e tau_mu
Kappa: 3
SVFit Mass: 43.8482
mode: 1
tau_e tau_mu
Kappa: 3
SVFit Mass: 43.8482
mode: 1
tau_e tau_mu
Kappa: 3
SVFit Mass: 43.8482
mode: 2
tau_mu tau_h
Kappa: 4
SVFit Mass: 42.0387
mode: 2
tau_mu tau_h
Kappa: 4
SVFit Mass: 50.4119
mode: 2
tau_mu tau_h
Kappa: 4
SVFit Mass: 50.4119
mode: 2
tau_mu tau_h
Kappa: 4
SVFit Mass: 50.4119
mode: 2
tau_mu tau_h
Kappa: 4
SVFit Mass: 50.4119
mode: 2
tau_mu tau_h
Kappa: 4
SVFit Mass: 50.4119
mode: 2
tau_mu tau_h
Kappa: 4
SVFit Mass: 45.221
mode: 2
tau_mu tau_h
Kappa: 4
SVFit Mass: 45.221
mode: 2
tau_mu tau_h
Kappa: 4
SVFit Mass: 45.221
mode: 2
tau_mu tau_h
Kappa: 4
SVFit Mass: 45.221
mode: 2
tau_mu tau_h
Kappa: 4
SVFit Mass: 45.221
mode: 2
tau_mu tau_h
Kappa: 4
SVFit Mass: 34.3596
mode: 2
tau_mu tau_h
Kappa: 4
SVFit Mass: 29.7482
mode: 2
tau_mu tau_h
Kappa: 4
SVFit Mass: 29.7482
mode: 2
tau_mu tau_h
Kappa: 4
SVFit Mass: 29.7482
mode: 2
tau_mu tau_h
Kappa: 4
SVFit Mass: 29.7482
mode: 2
tau_mu tau_h
Kappa: 4
SVFit Mass: 29.7482
mode: 2
tau_mu tau_h
Kappa: 4
SVFit Mass: 35.6249
mode: 1
tau_e tau_mu
Kappa: 3
SVFit Mass: 36.4975
mode: 1
tau_e tau_mu
Kappa: 3
SVFit Mass: 36.4975
mode: 2
tau_mu tau_h
Kappa: 4
SVFit Mass: 42.1789
mode: 1
tau_e tau_mu
Kappa: 3
SVFit Mass: 1517.87
mode: 2
tau_mu tau_h
Kappa: 4
SVFit Mass: 28.7252
mode: 2
tau_mu tau_h
Kappa: 4
SVFit Mass: 28.7252
mode: 2
tau_mu tau_h
Kappa: 4
SVFit Mass: 28.7252
mode: 2
tau_mu tau_h
Kappa: 4
SVFit Mass: 28.7252
mode: 2
tau_mu tau_h
Kappa: 4
SVFit Mass: 28.7252
mode: 1
tau_e tau_mu
Kappa: 3
SVFit Mass: 45.7768
mode: 1
tau_e tau_mu
Kappa: 3
SVFit Mass: 45.7768
mode: 1
tau_e tau_mu
Kappa: 3
SVFit Mass: 45.7768
mode: 1
tau_e tau_mu
Kappa: 3
SVFit Mass: 45.7768
mode: 1
tau_e tau_mu
Kappa: 3
SVFit Mass: 44.0992
mode: 1
tau_e tau_mu
Kappa: 3
SVFit Mass: 53.1159
mode: 1
tau_e tau_mu
Kappa: 3
SVFit Mass: 53.1159
mode: 2
tau_mu tau_h
Kappa: 4
SVFit Mass: 42.9955
mode: 2
tau_mu tau_h
Kappa: 4
SVFit Mass: 42.9955
mode: 2
tau_mu tau_h
Kappa: 4
SVFit Mass: 42.9955
mode: 2
tau_mu tau_h
Kappa: 4
SVFit Mass: 42.9955
mode: 2
tau_mu tau_h
Kappa: 4
SVFit Mass: 42.9955
mode: 2
tau_mu tau_h
Kappa: 4
SVFit Mass: 34.8313
mode: 1
tau_e tau_mu
Kappa: 3
SVFit Mass: 53.7615
mode: 2
tau_mu tau_h
Kappa: 4
SVFit Mass: 40.1447
mode: 1
tau_e tau_mu
Kappa: 3
SVFit Mass: 29.9347
mode: 1
tau_e tau_mu
Kappa: 3
SVFit Mass: 29.9347
mode: 1
tau_e tau_mu
Kappa: 3
SVFit Mass: 29.9347
mode: 1
tau_e tau_mu
Kappa: 3
SVFit Mass: 29.9347
mode: 2
tau_mu tau_h
Kappa: 4
SVFit Mass: 31.8629
mode: 2
tau_mu tau_h
Kappa: 4
SVFit Mass: 35.9134
mode: 2
tau_mu tau_h
Kappa: 4
SVFit Mass: 50.8882
mode: 2
tau_mu tau_h
Kappa: 4
SVFit Mass: 50.8882
mode: 2
tau_mu tau_h
Kappa: 4
SVFit Mass: 50.8882
mode: 2
tau_mu tau_h
Kappa: 4
SVFit Mass: 50.8882
mode: 2
tau_mu tau_h
Kappa: 4
SVFit Mass: 50.8882
mode: 1
tau_e tau_mu
Kappa: 3
SVFit Mass: 43.1862
mode: 1
tau_e tau_mu
Kappa: 3
SVFit Mass: 43.1862
mode: 1
tau_e tau_mu
Kappa: 3
SVFit Mass: 46.7366
mode: 1
tau_e tau_mu
Kappa: 3
SVFit Mass: 46.7366
mode: 1
tau_e tau_mu
Kappa: 3
SVFit Mass: 46.7366
mode: 1
tau_e tau_mu
Kappa: 3
SVFit Mass: 46.7366
mode: 1
tau_e tau_mu
Kappa: 3
SVFit Mass: 45.7761
mode: 1
tau_e tau_mu
Kappa: 3
SVFit Mass: 45.7761
mode: 2
tau_mu tau_h
Kappa: 4
SVFit Mass: 44.6614
mode: 2
tau_mu tau_h
Kappa: 4
SVFit Mass: 50.5807
mode: 2
tau_mu tau_h
Kappa: 4
SVFit Mass: 30.9712
mode: 2
tau_mu tau_h
Kappa: 4
SVFit Mass: 40.8808
mode: 2
tau_mu tau_h
Kappa: 4
SVFit Mass: 40.8808
mode: 2
tau_mu tau_h
Kappa: 4
SVFit Mass: 40.8808
mode: 2
tau_mu tau_h
Kappa: 4
SVFit Mass: 40.8808
mode: 2
tau_mu tau_h
Kappa: 4
SVFit Mass: 40.8808
mode: 2
tau_mu tau_h
Kappa: 4
SVFit Mass: 38.1276
mode: 2
tau_mu tau_h
Kappa: 4
SVFit Mass: 34.4643
mode: 2
tau_mu tau_h
Kappa: 4
SVFit Mass: 34.4643
mode: 2
tau_mu tau_h
Kappa: 4
SVFit Mass: 34.4643
mode: 2
tau_mu tau_h
Kappa: 4
SVFit Mass: 34.4643
mode: 2
tau_mu tau_h
Kappa: 4
SVFit Mass: 34.4643
mode: 2
tau_mu tau_h
Kappa: 4
SVFit Mass: 40.4781
mode: 2
tau_mu tau_h
Kappa: 4
SVFit Mass: 41.869
mode: 1
tau_e tau_mu
Kappa: 3
SVFit Mass: 41.5183
mode: 1
tau_e tau_mu
Kappa: 3
SVFit Mass: 41.5183
mode: 2
tau_mu tau_h
Kappa: 4
SVFit Mass: 50.7266
mode: 2
tau_mu tau_h
Kappa: 4
SVFit Mass: 42.4295
mode: 2
tau_mu tau_h
Kappa: 4
SVFit Mass: 42.4295
mode: 2
tau_mu tau_h
Kappa: 4
SVFit Mass: 42.4295
mode: 2
tau_mu tau_h
Kappa: 4
SVFit Mass: 42.4295
mode: 2
tau_mu tau_h
Kappa: 4
SVFit Mass: 42.4295
mode: 1
tau_e tau_mu
Kappa: 3
SVFit Mass: 50.7771
mode: 2
tau_mu tau_h
Kappa: 4
SVFit Mass: 38.8599
mode: 2
tau_mu tau_h
Kappa: 4
SVFit Mass: 310.124
mode: 2
tau_mu tau_h
Kappa: 4
SVFit Mass: 34.2202
mode: 2
tau_mu tau_h
Kappa: 4
SVFit Mass: 46.9883
mode: 1
tau_e tau_mu
Kappa: 3
SVFit Mass: 39.727
mode: 1
tau_e tau_mu
Kappa: 3
SVFit Mass: 47.9214
mode: 2
tau_mu tau_h
Kappa: 4
SVFit Mass: 45.0665
mode: 2
tau_mu tau_h
Kappa: 4
SVFit Mass: 45.0665
mode: 2
tau_mu tau_h
Kappa: 4
SVFit Mass: 45.0665
mode: 2
tau_mu tau_h
Kappa: 4
SVFit Mass: 45.0665
mode: 2
tau_mu tau_h
Kappa: 4
SVFit Mass: 45.0665
{'lowMET_BFlavour': <cppyy.gbl.TH2F object at 0x5d36260>, 'highMET_BFlavour': <cppyy.gbl.TH2F object at 0x8c73e30>, 'lowMET_CFlavour': <cppyy.gbl.TH2F object at 0x8c73470>, 'highMET_CFlavour': <cppyy.gbl.TH2F object at 0x8c72ff0>, 'lowMET_LFlavour': <cppyy.gbl.TH2F object at 0x8c73930>, 'highMET_LFlavour': <cppyy.gbl.TH2F object at 0x8c84d80>}
root://cmseos.fnal.gov//store/user/dalam/UL2016pre/h_plotBoostedTauTau_16pre_ALP_M-45_HT-100to400_preVFPUL16_0.root
root://cmsio2.rc.ufl.edu:1094//store/user/zhangj/TCPNtuple/AToTauTau_ALP_M-45_HT-100to400_TuneCP5_13TeV-madgraphMLM-pythia8/Ntuple_ALP_M-45_HT-100to400_preVFPUL16_miniAODv2_v5/240514_004756/0000/TCPNtuple_Backgrounds_1.root
root://cmsio2.rc.ufl.edu:1094//store/user/zhangj/TCPNtuple/AToTauTau_ALP_M-45_HT-100to400_TuneCP5_13TeV-madgraphMLM-pythia8/Ntuple_ALP_M-45_HT-100to400_preVFPUL16_miniAODv2_v5/240514_004756/0000/TCPNtuple_Backgrounds_3.root
root://cmsio2.rc.ufl.edu:1094//store/user/zhangj/TCPNtuple/AToTauTau_ALP_M-45_HT-100to400_TuneCP5_13TeV-madgraphMLM-pythia8/Ntuple_ALP_M-45_HT-100to400_preVFPUL16_miniAODv2_v5/240514_004756/0000/TCPNtuple_Backgrounds_4.root
root://cmsio2.rc.ufl.edu:1094//store/user/zhangj/TCPNtuple/AToTauTau_ALP_M-45_HT-100to400_TuneCP5_13TeV-madgraphMLM-pythia8/Ntuple_ALP_M-45_HT-100to400_preVFPUL16_miniAODv2_v5/240514_004756/0000/TCPNtuple_Backgrounds_5.root
root://cmsio2.rc.ufl.edu:1094//store/user/zhangj/TCPNtuple/AToTauTau_ALP_M-45_HT-100to400_TuneCP5_13TeV-madgraphMLM-pythia8/Ntuple_ALP_M-45_HT-100to400_preVFPUL16_miniAODv2_v5/240514_004756/0000/TCPNtuple_Backgrounds_2.root
--- 550.7231175899506 seconds ---
