040 (3536161.000.000) 2024-07-08 16:39:39 Started transferring input files
	Transferring to host: <131.225.189.37:9618?addrs=[2620-6a-0-8421-f0-0-189-37]-9618+131.225.189.37-9618&alias=cmswn2090.fnal.gov&noUDP&sock=slot1_20_1874653_60a1_2484>
...
040 (3536161.000.000) 2024-07-08 16:39:39 Finished transferring input files
...
001 (3536161.000.000) 2024-07-08 16:39:40 Job executing on host: <131.225.189.37:9618?addrs=[2620-6a-0-8421-f0-0-189-37]-9618+131.225.189.37-9618&alias=cmswn2090.fnal.gov&noUDP&sock=startd_2193_cb48>
	SlotName: slot1_20@cmswn2090.fnal.gov
	CondorScratchDir = "/storage/local/data1/condor/execute/dir_1962151"
	Cpus = 1
	Disk = 1599897
	Memory = 2048
...
040 (3536161.000.000) 2024-07-08 16:39:51 Started transferring output files
...
040 (3536161.000.000) 2024-07-08 16:39:51 Finished transferring output files
...
005 (3536161.000.000) 2024-07-08 16:39:52 Job terminated.
	(1) Normal termination (return value 1)
		Usr 0 00:00:00, Sys 0 00:00:00  -  Run Remote Usage
		Usr 0 00:00:00, Sys 0 00:00:00  -  Run Local Usage
		Usr 0 00:00:00, Sys 0 00:00:00  -  Total Remote Usage
		Usr 0 00:00:00, Sys 0 00:00:00  -  Total Local Usage
	1386  -  Run Bytes Sent By Job
	11440  -  Run Bytes Received By Job
	1386  -  Total Bytes Sent By Job
	11440  -  Total Bytes Received By Job
	Partitionable Resources :    Usage  Request Allocated 
	   Cpus                 :     0.07        1         1 
	   Disk (KB)            :    42           4   1599897 
	   Memory (MB)          :              2048      2048 

	Job terminated of its own accord at 2024-07-08T21:39:51Z with exit-code 1.
...
040 (33520924.000.000) 2024-07-09 01:30:41 Started transferring input files
	Transferring to host: <131.225.188.184:9618?addrs=[2620-6a-0-8421-f0-0-188-184]-9618+131.225.188.184-9618&alias=cmswn2061.fnal.gov&noUDP&sock=slot1_9_2620_c6e4_5973>
...
040 (33520924.000.000) 2024-07-09 01:30:41 Finished transferring input files
...
001 (33520924.000.000) 2024-07-09 01:30:42 Job executing on host: <131.225.188.184:9618?addrs=[2620-6a-0-8421-f0-0-188-184]-9618+131.225.188.184-9618&alias=cmswn2061.fnal.gov&noUDP&sock=startd_2115_4ae5>
	SlotName: slot1_9@cmswn2061.fnal.gov
	CondorScratchDir = "/storage/local/data1/condor/execute/dir_1564523"
	Cpus = 1
	Disk = 1607548
	Memory = 2048
...
040 (33520924.000.000) 2024-07-09 01:53:50 Started transferring output files
...
040 (33520924.000.000) 2024-07-09 01:53:50 Finished transferring output files
...
005 (33520924.000.000) 2024-07-09 01:54:06 Job terminated.
	(1) Normal termination (return value 0)
		Usr 0 00:00:00, Sys 0 00:00:00  -  Run Remote Usage
		Usr 0 00:00:00, Sys 0 00:00:00  -  Run Local Usage
		Usr 0 00:00:00, Sys 0 00:00:00  -  Total Remote Usage
		Usr 0 00:00:00, Sys 0 00:00:00  -  Total Local Usage
	10949  -  Run Bytes Sent By Job
	11452  -  Run Bytes Received By Job
	10949  -  Total Bytes Sent By Job
	11452  -  Total Bytes Received By Job
	Partitionable Resources :    Usage  Request Allocated 
	   Cpus                 :        0        1         1 
	   Disk (KB)            :   102616        4   1607548 
	   Memory (MB)          :              2048      2048 

	Job terminated of its own accord at 2024-07-09T06:53:50Z with exit-code 0.
...
