040 (3536305.000.000) 2024-07-08 16:52:53 Started transferring input files
	Transferring to host: <131.225.188.25:9618?addrs=[2620-6a-0-8421-f0-0-188-25]-9618+131.225.188.25-9618&alias=cmswn2025.fnal.gov&noUDP&sock=slot1_30_2650_ea25_46201>
...
040 (3536305.000.000) 2024-07-08 16:52:53 Finished transferring input files
...
001 (3536305.000.000) 2024-07-08 16:52:54 Job executing on host: <131.225.188.25:9618?addrs=[2620-6a-0-8421-f0-0-188-25]-9618+131.225.188.25-9618&alias=cmswn2025.fnal.gov&noUDP&sock=startd_2443_45f5>
	SlotName: slot1_30@cmswn2025.fnal.gov
	CondorScratchDir = "/storage/local/data1/condor/execute/dir_2770675"
	Cpus = 1
	Disk = 1739016
	Memory = 2048
...
040 (3536305.000.000) 2024-07-08 16:53:26 Started transferring output files
...
040 (3536305.000.000) 2024-07-08 16:53:26 Finished transferring output files
...
005 (3536305.000.000) 2024-07-08 16:53:28 Job terminated.
	(1) Normal termination (return value 1)
		Usr 0 00:00:00, Sys 0 00:00:00  -  Run Remote Usage
		Usr 0 00:00:00, Sys 0 00:00:00  -  Run Local Usage
		Usr 0 00:00:00, Sys 0 00:00:00  -  Total Remote Usage
		Usr 0 00:00:00, Sys 0 00:00:00  -  Total Local Usage
	1385  -  Run Bytes Sent By Job
	11440  -  Run Bytes Received By Job
	1385  -  Total Bytes Sent By Job
	11440  -  Total Bytes Received By Job
	Partitionable Resources :    Usage  Request Allocated 
	   Cpus                 :     0.07        1         1 
	   Disk (KB)            :    44           4   1739016 
	   Memory (MB)          :              2048      2048 

	Job terminated of its own accord at 2024-07-08T21:53:26Z with exit-code 1.
...
