040 (65483361.000.000) 2024-07-09 05:20:39 Started transferring input files
	Transferring to host: <131.225.189.222:9618?addrs=[2620-6a-0-8421-f0-0-189-222]-9618+131.225.189.222-9618&alias=cmswn2149.fnal.gov&noUDP&sock=slot1_5_2661_aa45_17044>
...
040 (65483361.000.000) 2024-07-09 05:20:39 Finished transferring input files
...
001 (65483361.000.000) 2024-07-09 05:20:40 Job executing on host: <131.225.189.222:9618?addrs=[2620-6a-0-8421-f0-0-189-222]-9618+131.225.189.222-9618&alias=cmswn2149.fnal.gov&noUDP&sock=startd_2355_e99f>
	SlotName: slot1_5@cmswn2149.fnal.gov
	CondorScratchDir = "/storage/local/data1/condor/execute/dir_3916924"
	Cpus = 1
	Disk = 3670644
	Memory = 2048
...
040 (65483361.000.000) 2024-07-09 05:29:26 Started transferring output files
...
040 (65483361.000.000) 2024-07-09 05:29:26 Finished transferring output files
...
005 (65483361.000.000) 2024-07-09 05:29:28 Job terminated.
	(1) Normal termination (return value 0)
		Usr 0 00:00:00, Sys 0 00:00:00  -  Run Remote Usage
		Usr 0 00:00:00, Sys 0 00:00:00  -  Run Local Usage
		Usr 0 00:00:00, Sys 0 00:00:00  -  Total Remote Usage
		Usr 0 00:00:00, Sys 0 00:00:00  -  Total Local Usage
	51674  -  Run Bytes Sent By Job
	11452  -  Run Bytes Received By Job
	51674  -  Total Bytes Sent By Job
	11452  -  Total Bytes Received By Job
	Partitionable Resources :     Usage  Request Allocated 
	   Cpus                 :      0.00        1         1 
	   Disk (KB)            : 152330           4   3670644 
	   Memory (MB)          :               2048      2048 

	Job terminated of its own accord at 2024-07-09T10:29:26Z with exit-code 0.
...
