040 (3536152.000.000) 2024-07-08 16:39:38 Started transferring input files
	Transferring to host: <131.225.188.54:9618?addrs=[2620-6a-0-8421-f0-0-188-54]-9618+131.225.188.54-9618&alias=cmswn2034.fnal.gov&noUDP&sock=slot1_3_2628_69e4_50873>
...
040 (3536152.000.000) 2024-07-08 16:39:38 Finished transferring input files
...
001 (3536152.000.000) 2024-07-08 16:39:39 Job executing on host: <131.225.188.54:9618?addrs=[2620-6a-0-8421-f0-0-188-54]-9618+131.225.188.54-9618&alias=cmswn2034.fnal.gov&noUDP&sock=startd_2325_55c8>
	SlotName: slot1_3@cmswn2034.fnal.gov
	CondorScratchDir = "/storage/local/data1/condor/execute/dir_2321450"
	Cpus = 1
	Disk = 1739963
	Memory = 2048
...
040 (3536152.000.000) 2024-07-08 16:39:49 Started transferring output files
...
040 (3536152.000.000) 2024-07-08 16:39:49 Finished transferring output files
...
005 (3536152.000.000) 2024-07-08 16:39:50 Job terminated.
	(1) Normal termination (return value 1)
		Usr 0 00:00:00, Sys 0 00:00:00  -  Run Remote Usage
		Usr 0 00:00:00, Sys 0 00:00:00  -  Run Local Usage
		Usr 0 00:00:00, Sys 0 00:00:00  -  Total Remote Usage
		Usr 0 00:00:00, Sys 0 00:00:00  -  Total Local Usage
	1385  -  Run Bytes Sent By Job
	11440  -  Run Bytes Received By Job
	1385  -  Total Bytes Sent By Job
	11440  -  Total Bytes Received By Job
	Partitionable Resources :    Usage  Request Allocated 
	   Cpus                 :        0        1         1 
	   Disk (KB)            :       44        4   1739963 
	   Memory (MB)          :              2048      2048 

	Job terminated of its own accord at 2024-07-08T21:39:49Z with exit-code 1.
...
