040 (65483376.000.000) 2024-07-09 05:22:13 Started transferring input files
	Transferring to host: <131.225.189.35:9618?addrs=[2620-6a-0-8421-f0-0-189-35]-9618+131.225.189.35-9618&alias=cmswn2088.fnal.gov&noUDP&sock=slot1_2_2731_fc88_37404>
...
040 (65483376.000.000) 2024-07-09 05:22:13 Finished transferring input files
...
001 (65483376.000.000) 2024-07-09 05:22:15 Job executing on host: <131.225.189.35:9618?addrs=[2620-6a-0-8421-f0-0-189-35]-9618+131.225.189.35-9618&alias=cmswn2088.fnal.gov&noUDP&sock=startd_2153_5b7e>
	SlotName: slot1_2@cmswn2088.fnal.gov
	CondorScratchDir = "/storage/local/data1/condor/execute/dir_2756568"
	Cpus = 1
	Disk = 1604448
	Memory = 2048
...
040 (65483376.000.000) 2024-07-09 06:48:27 Started transferring output files
...
040 (65483376.000.000) 2024-07-09 06:48:27 Finished transferring output files
...
005 (65483376.000.000) 2024-07-09 06:48:29 Job terminated.
	(1) Normal termination (return value 0)
		Usr 0 00:00:00, Sys 0 00:00:00  -  Run Remote Usage
		Usr 0 00:00:00, Sys 0 00:00:00  -  Run Local Usage
		Usr 0 00:00:00, Sys 0 00:00:00  -  Total Remote Usage
		Usr 0 00:00:00, Sys 0 00:00:00  -  Total Local Usage
	1158274  -  Run Bytes Sent By Job
	11452  -  Run Bytes Received By Job
	1158274  -  Total Bytes Sent By Job
	11452  -  Total Bytes Received By Job
	Partitionable Resources :    Usage  Request Allocated 
	   Cpus                 :        0        1         1 
	   Disk (KB)            :   153414        4   1604448 
	   Memory (MB)          :              2048      2048 

	Job terminated of its own accord at 2024-07-09T11:48:27Z with exit-code 0.
...
