040 (3536324.000.000) 2024-07-08 16:53:13 Started transferring input files
	Transferring to host: <131.225.189.19:9618?addrs=[2620-6a-0-8421-f0-0-189-19]-9618+131.225.189.19-9618&alias=cmswn2082.fnal.gov&noUDP&sock=slot1_34_2866_1b2e_37999>
...
040 (3536324.000.000) 2024-07-08 16:53:13 Finished transferring input files
...
001 (3536324.000.000) 2024-07-08 16:53:14 Job executing on host: <131.225.189.19:9618?addrs=[2620-6a-0-8421-f0-0-189-19]-9618+131.225.189.19-9618&alias=cmswn2082.fnal.gov&noUDP&sock=startd_2285_e5fe>
	SlotName: slot1_34@cmswn2082.fnal.gov
	CondorScratchDir = "/storage/local/data1/condor/execute/dir_78050"
	Cpus = 1
	Disk = 1607759
	Memory = 2048
...
040 (3536324.000.000) 2024-07-08 16:53:27 Started transferring output files
...
040 (3536324.000.000) 2024-07-08 16:53:27 Finished transferring output files
...
005 (3536324.000.000) 2024-07-08 16:53:28 Job terminated.
	(1) Normal termination (return value 1)
		Usr 0 00:00:00, Sys 0 00:00:00  -  Run Remote Usage
		Usr 0 00:00:00, Sys 0 00:00:00  -  Run Local Usage
		Usr 0 00:00:00, Sys 0 00:00:00  -  Total Remote Usage
		Usr 0 00:00:00, Sys 0 00:00:00  -  Total Local Usage
	1384  -  Run Bytes Sent By Job
	11440  -  Run Bytes Received By Job
	1384  -  Total Bytes Sent By Job
	11440  -  Total Bytes Received By Job
	Partitionable Resources :    Usage  Request Allocated 
	   Cpus                 :        0        1         1 
	   Disk (KB)            :       43        4   1607759 
	   Memory (MB)          :              2048      2048 

	Job terminated of its own accord at 2024-07-08T21:53:27Z with exit-code 1.
...
