040 (3536155.000.000) 2024-07-08 16:39:38 Started transferring input files
	Transferring to host: <131.225.188.21:9618?addrs=[2620-6a-0-8421-f0-0-188-21]-9618+131.225.188.21-9618&alias=cmswn2023.fnal.gov&noUDP&sock=slot1_4_2659_4185_48761>
...
040 (3536155.000.000) 2024-07-08 16:39:38 Finished transferring input files
...
001 (3536155.000.000) 2024-07-08 16:39:39 Job executing on host: <131.225.188.21:9618?addrs=[2620-6a-0-8421-f0-0-188-21]-9618+131.225.188.21-9618&alias=cmswn2023.fnal.gov&noUDP&sock=startd_2440_372c>
	SlotName: slot1_4@cmswn2023.fnal.gov
	CondorScratchDir = "/storage/local/data1/condor/execute/dir_3263518"
	Cpus = 1
	Disk = 1738778
	Memory = 2048
...
040 (3536155.000.000) 2024-07-08 16:39:44 Started transferring output files
...
040 (3536155.000.000) 2024-07-08 16:39:44 Finished transferring output files
...
005 (3536155.000.000) 2024-07-08 16:39:44 Job terminated.
	(1) Normal termination (return value 1)
		Usr 0 00:00:00, Sys 0 00:00:00  -  Run Remote Usage
		Usr 0 00:00:00, Sys 0 00:00:00  -  Run Local Usage
		Usr 0 00:00:00, Sys 0 00:00:00  -  Total Remote Usage
		Usr 0 00:00:00, Sys 0 00:00:00  -  Total Local Usage
	1385  -  Run Bytes Sent By Job
	11440  -  Run Bytes Received By Job
	1385  -  Total Bytes Sent By Job
	11440  -  Total Bytes Received By Job
	Partitionable Resources :    Usage  Request Allocated 
	   Cpus                 :        0        1         1 
	   Disk (KB)            :       43        4   1738778 
	   Memory (MB)          :              2048      2048 

	Job terminated of its own accord at 2024-07-08T21:39:43Z with exit-code 1.
...
040 (33520918.000.000) 2024-07-09 01:30:16 Started transferring input files
	Transferring to host: <131.225.189.16:9618?addrs=[2620-6a-0-8421-f0-0-189-16]-9618+131.225.189.16-9618&alias=cmswn2080.fnal.gov&noUDP&sock=slot1_23_2614_8ca3_19682>
...
040 (33520918.000.000) 2024-07-09 01:30:16 Finished transferring input files
...
001 (33520918.000.000) 2024-07-09 01:30:17 Job executing on host: <131.225.189.16:9618?addrs=[2620-6a-0-8421-f0-0-189-16]-9618+131.225.189.16-9618&alias=cmswn2080.fnal.gov&noUDP&sock=startd_2193_cb48>
	SlotName: slot1_23@cmswn2080.fnal.gov
	CondorScratchDir = "/storage/local/data1/condor/execute/dir_807089"
	Cpus = 1
	Disk = 1598716
	Memory = 2048
...
040 (33520918.000.000) 2024-07-09 01:37:34 Started transferring output files
...
040 (33520918.000.000) 2024-07-09 01:37:35 Finished transferring output files
...
005 (33520918.000.000) 2024-07-09 01:37:35 Job terminated.
	(1) Normal termination (return value 0)
		Usr 0 00:00:00, Sys 0 00:00:00  -  Run Remote Usage
		Usr 0 00:00:00, Sys 0 00:00:00  -  Run Local Usage
		Usr 0 00:00:00, Sys 0 00:00:00  -  Total Remote Usage
		Usr 0 00:00:00, Sys 0 00:00:00  -  Total Local Usage
	11849  -  Run Bytes Sent By Job
	11452  -  Run Bytes Received By Job
	11849  -  Total Bytes Sent By Job
	11452  -  Total Bytes Received By Job
	Partitionable Resources :     Usage  Request Allocated 
	   Cpus                 :      0.01        1         1 
	   Disk (KB)            : 102613           4   1598716 
	   Memory (MB)          :               2048      2048 

	Job terminated of its own accord at 2024-07-09T06:37:34Z with exit-code 0.
...
