[8MB/19.45MB][ 41%][====================>                             ][8MB/s]  [19.45MB/19.45MB][100%][==================================================][19.45MB/s]  [19.45MB/19.45MB][100%][==================================================][19.45MB/s]  
Warning: tau -> had decay declared for leg: Pt = 34.9838, eta = 0.757845, phi = 1.69758, mass = 0.473547 !!
 (mass expected in the range = 0.13957..0.13957)
Warning: tau -> had decay declared for leg: Pt = 29.4883, eta = 1.09127, phi = -0.330741, mass = 0.401573 !!
 (mass expected in the range = 0.13957..0.13957)
Warning: tau -> had decay declared for leg: Pt = 21.9788, eta = -0.451408, phi = -1.76528, mass = 0.573342 !!
 (mass expected in the range = 0.13957..0.13957)
Warning: tau -> had decay declared for leg: Pt = 22.1222, eta = 0.149369, phi = -0.664232, mass = 1.01696 !!
 (mass expected in the range = 0.13957..0.13957)
Warning: tau -> had decay declared for leg: Pt = 66.2503, eta = 1.04795, phi = 0.00108299, mass = 0.825938 !!
 (mass expected in the range = 0.13957..0.13957)
Warning: tau -> had decay declared for leg: Pt = 29.9152, eta = -0.2121, phi = 2.15546, mass = 0.524859 !!
 (mass expected in the range = 0.13957..0.13957)
Warning: tau -> had decay declared for leg: Pt = 28.9324, eta = 1.35794, phi = -2.13579, mass = 0.5463 !!
 (mass expected in the range = 0.13957..0.13957)
Warning: tau -> had decay declared for leg: Pt = 29.8046, eta = -1.2126, phi = -2.21128, mass = 0.969523 !!
 (mass expected in the range = 0.13957..0.13957)
Warning: tau -> had decay declared for leg: Pt = 45.9719, eta = 0.898028, phi = -2.81506, mass = 0.500132 !!
 (mass expected in the range = 0.13957..0.13957)
Warning: tau -> had decay declared for leg: Pt = 20.7113, eta = 0.613721, phi = 0.847022, mass = 0.636587 !!
 (mass expected in the range = 0.13957..0.13957)
Warning: tau -> had decay declared for leg: Pt = 31.1836, eta = 0.583756, phi = 1.48294, mass = 0.421267 !!
 (mass expected in the range = 0.13957..0.13957)
Warning: tau -> had decay declared for leg: Pt = 54.9177, eta = -1.97364, phi = 2.85712, mass = 0.443473 !!
 (mass expected in the range = 0.13957..0.13957)
Warning: tau -> had decay declared for leg: Pt = 20.9626, eta = -0.430412, phi = -0.323708, mass = 1.65753 !!
 (mass expected in the range = 0.13957..0.13957)
Warning: tau -> had decay declared for leg: Pt = 47.7565, eta = -0.57329, phi = -2.92894, mass = 0.496196 !!
 (mass expected in the range = 0.13957..0.13957)
Warning: tau -> had decay declared for leg: Pt = 40.7953, eta = 0.912716, phi = 2.10828, mass = 0.504551 !!
 (mass expected in the range = 0.13957..0.13957)
Warning: tau -> had decay declared for leg: Pt = 41.9099, eta = 0.51396, phi = 0.979197, mass = 1.19847 !!
 (mass expected in the range = 0.13957..0.13957)
Warning: tau -> had decay declared for leg: Pt = 24.9512, eta = 0.29356, phi = 0.0824745, mass = 0.408703 !!
 (mass expected in the range = 0.13957..0.13957)
Warning: tau -> had decay declared for leg: Pt = 38.9865, eta = -0.425724, phi = -1.89429, mass = 1.01884 !!
 (mass expected in the range = 0.13957..0.13957)
Warning: tau -> had decay declared for leg: Pt = 30.5743, eta = 0.0156564, phi = -2.84379, mass = 0.755766 !!
 (mass expected in the range = 0.13957..0.13957)
Warning: tau -> had decay declared for leg: Pt = 42.5781, eta = 0.246871, phi = -2.50999, mass = 0.405652 !!
 (mass expected in the range = 0.13957..0.13957)
Warning: tau -> had decay declared for leg: Pt = 29.7969, eta = -2.06984, phi = 2.15091, mass = 0.483711 !!
 (mass expected in the range = 0.13957..0.13957)
Warning: tau -> had decay declared for leg: Pt = 31.7236, eta = 2.02961, phi = 2.64162, mass = 0.56677 !!
 (mass expected in the range = 0.13957..0.13957)
Warning: tau -> had decay declared for leg: Pt = 27.4911, eta = -0.344237, phi = -2.05581, mass = 1.0832 !!
 (mass expected in the range = 0.13957..0.13957)
Warning: tau -> had decay declared for leg: Pt = 27.4911, eta = -0.344237, phi = -2.05581, mass = 1.0832 !!
 (mass expected in the range = 0.13957..0.13957)
Warning: tau -> had decay declared for leg: Pt = 27.4911, eta = -0.344237, phi = -2.05581, mass = 1.0832 !!
 (mass expected in the range = 0.13957..0.13957)
Warning: tau -> had decay declared for leg: Pt = 27.4911, eta = -0.344237, phi = -2.05581, mass = 1.0832 !!
 (mass expected in the range = 0.13957..0.13957)
Warning: tau -> had decay declared for leg: Pt = 27.4911, eta = -0.344237, phi = -2.05581, mass = 1.0832 !!
 (mass expected in the range = 0.13957..0.13957)
Warning: tau -> had decay declared for leg: Pt = 38.0224, eta = 1.35044, phi = 0.330748, mass = 0.483692 !!
 (mass expected in the range = 0.13957..0.13957)
Warning: tau -> had decay declared for leg: Pt = 35.5584, eta = 1.96619, phi = 2.921, mass = 0.486249 !!
 (mass expected in the range = 0.13957..0.13957)
Warning: tau -> had decay declared for leg: Pt = 25.6315, eta = -1.38012, phi = 2.17786, mass = 1.32927 !!
 (mass expected in the range = 0.13957..0.13957)
Warning: tau -> had decay declared for leg: Pt = 47.8007, eta = -0.515153, phi = 1.43531, mass = 0.571083 !!
 (mass expected in the range = 0.13957..0.13957)
Warning: tau -> had decay declared for leg: Pt = 37.9808, eta = 1.14174, phi = -2.93, mass = 0.60815 !!
 (mass expected in the range = 0.13957..0.13957)
Warning: tau -> had decay declared for leg: Pt = 51.1687, eta = 0.11311, phi = -2.64241, mass = 0.958843 !!
 (mass expected in the range = 0.13957..0.13957)
Warning: tau -> had decay declared for leg: Pt = 36.6998, eta = 0.97445, phi = -0.0455087, mass = 0.364744 !!
 (mass expected in the range = 0.13957..0.13957)
Warning: tau -> had decay declared for leg: Pt = 26.0841, eta = 1.87658, phi = -2.10936, mass = 2.39367 !!
 (mass expected in the range = 0.13957..0.13957)
Warning: tau -> had decay declared for leg: Pt = 23.2183, eta = 1.11776, phi = -0.605153, mass = 0.811734 !!
 (mass expected in the range = 0.13957..0.13957)
Warning: tau -> had decay declared for leg: Pt = 22.3811, eta = 1.13759, phi = 0.0214146, mass = 1.20157 !!
 (mass expected in the range = 0.13957..0.13957)
Warning: tau -> had decay declared for leg: Pt = 33.9452, eta = -1.05499, phi = 2.22098, mass = 0.430001 !!
 (mass expected in the range = 0.13957..0.13957)
Warning: tau -> had decay declared for leg: Pt = 53.5898, eta = -2.12135, phi = -0.67238, mass = 0.431774 !!
 (mass expected in the range = 0.13957..0.13957)
Warning: tau -> had decay declared for leg: Pt = 53.6286, eta = -0.524053, phi = -2.7321, mass = 0.584307 !!
 (mass expected in the range = 0.13957..0.13957)
Warning: tau -> had decay declared for leg: Pt = 22.2187, eta = 2.23131, phi = -3.10275, mass = 0.409789 !!
 (mass expected in the range = 0.13957..0.13957)
Warning: tau -> had decay declared for leg: Pt = 30.3753, eta = -0.0294261, phi = 0.87424, mass = 1.41008 !!
 (mass expected in the range = 0.13957..0.13957)
Warning: tau -> had decay declared for leg: Pt = 24.5979, eta = 1.13806, phi = -2.91766, mass = 0.875133 !!
 (mass expected in the range = 0.13957..0.13957)
Warning: tau -> had decay declared for leg: Pt = 39.5708, eta = 1.88691, phi = 1.69403, mass = 1.12924 !!
 (mass expected in the range = 0.13957..0.13957)
Warning: tau -> had decay declared for leg: Pt = 67.3864, eta = 0.100832, phi = 0.514839, mass = 1.01653 !!
 (mass expected in the range = 0.13957..0.13957)
Warning: tau -> had decay declared for leg: Pt = 20.8752, eta = -0.502606, phi = -0.105555, mass = 0.704257 !!
 (mass expected in the range = 0.13957..0.13957)
Warning: tau -> had decay declared for leg: Pt = 22.5357, eta = -1.95348, phi = -2.75987, mass = 1.02673 !!
 (mass expected in the range = 0.13957..0.13957)
Warning: tau -> had decay declared for leg: Pt = 23.7999, eta = -0.641545, phi = -2.83142, mass = 0.811036 !!
 (mass expected in the range = 0.13957..0.13957)
Warning: tau -> had decay declared for leg: Pt = 21.0406, eta = -1.98431, phi = -0.613177, mass = 0.618221 !!
 (mass expected in the range = 0.13957..0.13957)
Warning: tau -> had decay declared for leg: Pt = 41.5414, eta = -1.08984, phi = -2.82522, mass = 0.50719 !!
 (mass expected in the range = 0.13957..0.13957)
Warning: tau -> had decay declared for leg: Pt = 36.3998, eta = -0.426828, phi = -2.10974, mass = 0.524394 !!
 (mass expected in the range = 0.13957..0.13957)
Warning: tau -> had decay declared for leg: Pt = 76.1547, eta = 2.07933, phi = 1.35833, mass = 0.622712 !!
 (mass expected in the range = 0.13957..0.13957)
Warning: tau -> had decay declared for leg: Pt = 24.4567, eta = 2.06156, phi = 2.38061, mass = 1.11239 !!
 (mass expected in the range = 0.13957..0.13957)
Warning: tau -> had decay declared for leg: Pt = 112.192, eta = 1.96357, phi = -1.7342, mass = 1.30185 !!
 (mass expected in the range = 0.13957..0.13957)
Warning: tau -> had decay declared for leg: Pt = 24.1844, eta = 1.68656, phi = -1.1814, mass = 0.520761 !!
 (mass expected in the range = 0.13957..0.13957)
Warning: tau -> had decay declared for leg: Pt = 26.1324, eta = 1.42494, phi = 3.11953, mass = 0.526599 !!
 (mass expected in the range = 0.13957..0.13957)
Warning: tau -> had decay declared for leg: Pt = 30.5763, eta = -0.656272, phi = -0.55903, mass = 1.00157 !!
 (mass expected in the range = 0.13957..0.13957)
Warning: tau -> had decay declared for leg: Pt = 23.7256, eta = -0.418431, phi = -1.1735, mass = 0.463582 !!
 (mass expected in the range = 0.13957..0.13957)
Warning: tau -> had decay declared for leg: Pt = 47.5228, eta = 1.33616, phi = 1.17227, mass = 0.362785 !!
 (mass expected in the range = 0.13957..0.13957)
Warning: tau -> had decay declared for leg: Pt = 22.6666, eta = 1.00922, phi = -1.88892, mass = 0.638734 !!
 (mass expected in the range = 0.13957..0.13957)
Error in <TNetXNGFile::Open>: [ERROR] Server responded with an error: [3011] Too many attempts to gain dfs read access to the file
Error in <TNetXNGFile::Close>: [ERROR] Invalid session
Error in <TNetXNGFile::Open>: [ERROR] Server responded with an error: [3011] Too many attempts to gain dfs read access to the file
Error in <TNetXNGFile::Open>: [ERROR] Operation expired
Error in <TNetXNGFile::Close>: [ERROR] Invalid session
Error in <TNetXNGFile::Open>: [ERROR] Operation expired
Error in <TNetXNGFile::Open>: [ERROR] Operation expired
Error in <TNetXNGFile::Close>: [ERROR] Invalid session
Error in <TNetXNGFile::Open>: [ERROR] Server responded with an error: [3011] Too many attempts to gain dfs read access to the file
Warning: tau -> had decay declared for leg: Pt = 52.3593, eta = 1.15089, phi = -0.762899, mass = 0.33394 !!
 (mass expected in the range = 0.13957..0.13957)
Warning: tau -> had decay declared for leg: Pt = 39.6248, eta = 0.463736, phi = -2.47091, mass = 0.589375 !!
 (mass expected in the range = 0.13957..0.13957)
Warning: tau -> had decay declared for leg: Pt = 31.5882, eta = 0.955032, phi = -2.77645, mass = 1.0918 !!
 (mass expected in the range = 0.13957..0.13957)
Warning: tau -> had decay declared for leg: Pt = 48.9577, eta = -1.03123, phi = -2.31045, mass = 2.06273 !!
 (mass expected in the range = 0.13957..0.13957)
Warning: tau -> had decay declared for leg: Pt = 27.465, eta = -0.978148, phi = 1.94754, mass = 1.88068 !!
 (mass expected in the range = 0.13957..0.13957)
Warning: tau -> had decay declared for leg: Pt = 58.2246, eta = -0.722726, phi = 1.79564, mass = 0.666501 !!
 (mass expected in the range = 0.13957..0.13957)
Warning: tau -> had decay declared for leg: Pt = 27.7654, eta = -0.476739, phi = -2.07178, mass = 0.444051 !!
 (mass expected in the range = 0.13957..0.13957)
Warning: tau -> had decay declared for leg: Pt = 33.0831, eta = 0.564168, phi = -3.02037, mass = 1.02943 !!
 (mass expected in the range = 0.13957..0.13957)
Warning: tau -> had decay declared for leg: Pt = 33.9704, eta = 0.757642, phi = 1.97136, mass = 0.600392 !!
 (mass expected in the range = 0.13957..0.13957)
Warning: tau -> had decay declared for leg: Pt = 71.3826, eta = -0.989695, phi = -2.32643, mass = 0.537009 !!
 (mass expected in the range = 0.13957..0.13957)
Warning: tau -> had decay declared for leg: Pt = 57.4301, eta = -0.643129, phi = -2.24061, mass = 0.959543 !!
 (mass expected in the range = 0.13957..0.13957)
Warning: tau -> had decay declared for leg: Pt = 57.4301, eta = -0.643129, phi = -2.24061, mass = 0.959543 !!
 (mass expected in the range = 0.13957..0.13957)
Warning: tau -> had decay declared for leg: Pt = 57.4301, eta = -0.643129, phi = -2.24061, mass = 0.959543 !!
 (mass expected in the range = 0.13957..0.13957)
Warning: tau -> had decay declared for leg: Pt = 57.4301, eta = -0.643129, phi = -2.24061, mass = 0.959543 !!
 (mass expected in the range = 0.13957..0.13957)
Warning: tau -> had decay declared for leg: Pt = 57.4301, eta = -0.643129, phi = -2.24061, mass = 0.959543 !!
 (mass expected in the range = 0.13957..0.13957)
Warning: tau -> had decay declared for leg: Pt = 28.5, eta = -0.979317, phi = -2.45527, mass = 0.299343 !!
 (mass expected in the range = 0.13957..0.13957)
Warning: tau -> had decay declared for leg: Pt = 35.3286, eta = -0.663047, phi = 0.33409, mass = 0.431599 !!
 (mass expected in the range = 0.13957..0.13957)
Warning: tau -> had decay declared for leg: Pt = 32.8081, eta = 0.556397, phi = -1.89284, mass = 0.969159 !!
 (mass expected in the range = 0.13957..0.13957)
Warning: tau -> had decay declared for leg: Pt = 50.5984, eta = -0.753772, phi = -1.49314, mass = 0.814559 !!
 (mass expected in the range = 0.13957..0.13957)
Warning: tau -> had decay declared for leg: Pt = 21.5258, eta = 1.23922, phi = 2.40953, mass = 0.826138 !!
 (mass expected in the range = 0.13957..0.13957)
Warning: tau -> had decay declared for leg: Pt = 29.6945, eta = 0.965472, phi = -0.39647, mass = 0.460304 !!
 (mass expected in the range = 0.13957..0.13957)
Error in <TNetXNGFile::Open>: [ERROR] Server responded with an error: [3011] Too many attempts to gain dfs read access to the file
Error in <TNetXNGFile::Open>: [ERROR] Server responded with an error: [3011] Too many attempts to gain dfs read access to the file
Error in <TNetXNGFile::Close>: [ERROR] Invalid session
Error in <TNetXNGFile::Open>: [ERROR] Server responded with an error: [3011] Too many attempts to gain dfs read access to the file
Error in <TNetXNGFile::Open>: [ERROR] Operation expired
Error in <TNetXNGFile::Close>: [ERROR] Invalid session
Error in <TNetXNGFile::Open>: [ERROR] Operation expired
Error in <TNetXNGFile::Open>: [ERROR] Operation expired
Error in <TNetXNGFile::Close>: [ERROR] Invalid session
Error in <TNetXNGFile::Open>: [ERROR] Operation expired
Error in <TNetXNGFile::Open>: [ERROR] Server responded with an error: [3011] Too many attempts to gain dfs read access to the file
Error in <TNetXNGFile::Close>: [ERROR] Invalid session
Error in <TNetXNGFile::Open>: [ERROR] Operation expired
Error in <TNetXNGFile::Open>: [ERROR] Operation expired
Error in <TNetXNGFile::Close>: [ERROR] Invalid session
Error in <TNetXNGFile::Open>: [ERROR] Operation expired
Error in <TNetXNGFile::Open>: [ERROR] Operation expired
Warning: tau -> had decay declared for leg: Pt = 37.4859, eta = -0.597866, phi = -2.13678, mass = 0.686607 !!
 (mass expected in the range = 0.13957..0.13957)
Error in <TNetXNGFile::Open>: [ERROR] Server responded with an error: [3011] Too many attempts to gain dfs read access to the file
Error in <TNetXNGFile::Close>: [ERROR] Invalid session
Error in <TNetXNGFile::Close>: [ERROR] Invalid session
