[8MB/19.45MB][ 41%][====================>                             ][8MB/s]  [19.45MB/19.45MB][100%][==================================================][19.45MB/s]  [19.45MB/19.45MB][100%][==================================================][19.45MB/s]  
Warning: tau -> had decay declared for leg: Pt = 43.4966, eta = 0.573071, phi = -1.88308, mass = 1.15221 !!
 (mass expected in the range = 0.13957..0.13957)
Warning: tau -> had decay declared for leg: Pt = 43.4966, eta = 0.573071, phi = -1.88308, mass = 1.15221 !!
 (mass expected in the range = 0.13957..0.13957)
Warning: tau -> had decay declared for leg: Pt = 43.4966, eta = 0.573071, phi = -1.88308, mass = 1.15221 !!
 (mass expected in the range = 0.13957..0.13957)
Warning: tau -> had decay declared for leg: Pt = 43.4966, eta = 0.573071, phi = -1.88308, mass = 1.15221 !!
 (mass expected in the range = 0.13957..0.13957)
Warning: tau -> had decay declared for leg: Pt = 43.4966, eta = 0.573071, phi = -1.88308, mass = 1.15221 !!
 (mass expected in the range = 0.13957..0.13957)
Warning: tau -> had decay declared for leg: Pt = 30.5112, eta = 1.36786, phi = 1.95434, mass = 1.10554 !!
 (mass expected in the range = 0.13957..0.13957)
Warning: tau -> had decay declared for leg: Pt = 30.5112, eta = 1.36786, phi = 1.95434, mass = 1.10554 !!
 (mass expected in the range = 0.13957..0.13957)
Warning: tau -> had decay declared for leg: Pt = 30.5112, eta = 1.36786, phi = 1.95434, mass = 1.10554 !!
 (mass expected in the range = 0.13957..0.13957)
Warning: tau -> had decay declared for leg: Pt = 30.5112, eta = 1.36786, phi = 1.95434, mass = 1.10554 !!
 (mass expected in the range = 0.13957..0.13957)
Warning: tau -> had decay declared for leg: Pt = 30.5112, eta = 1.36786, phi = 1.95434, mass = 1.10554 !!
 (mass expected in the range = 0.13957..0.13957)
Warning: tau -> had decay declared for leg: Pt = 93.4998, eta = -0.273097, phi = -2.73204, mass = 1.04287 !!
 (mass expected in the range = 0.13957..0.13957)
Warning: tau -> had decay declared for leg: Pt = 26.8203, eta = -2.03382, phi = -0.0319056, mass = 0.73664 !!
 (mass expected in the range = 0.13957..0.13957)
Warning: tau -> had decay declared for leg: Pt = 31.6795, eta = 0.600814, phi = 0.500493, mass = 0.317141 !!
 (mass expected in the range = 0.13957..0.13957)
Warning: tau -> had decay declared for leg: Pt = 152.375, eta = 0.0420458, phi = -0.554718, mass = 0.479956 !!
 (mass expected in the range = 0.13957..0.13957)
Warning: tau -> had decay declared for leg: Pt = 58.2077, eta = -2.26837, phi = 1.43301, mass = 1.16116 !!
 (mass expected in the range = 0.13957..0.13957)
Warning: tau -> had decay declared for leg: Pt = 171.05, eta = 0.15257, phi = -1.11781, mass = 0.741767 !!
 (mass expected in the range = 0.13957..0.13957)
Warning: tau -> had decay declared for leg: Pt = 59.7346, eta = -0.752626, phi = -2.57744, mass = 0.494939 !!
 (mass expected in the range = 0.13957..0.13957)
Warning: tau -> had decay declared for leg: Pt = 56.5976, eta = 2.01108, phi = -2.21488, mass = 0.450719 !!
 (mass expected in the range = 0.13957..0.13957)
Warning: tau -> had decay declared for leg: Pt = 36.6895, eta = 0.202253, phi = 1.16166, mass = 0.685501 !!
 (mass expected in the range = 0.13957..0.13957)
Warning: tau -> had decay declared for leg: Pt = 36.6895, eta = 0.202253, phi = 1.16166, mass = 0.685501 !!
 (mass expected in the range = 0.13957..0.13957)
Warning: tau -> had decay declared for leg: Pt = 36.6895, eta = 0.202253, phi = 1.16166, mass = 0.685501 !!
 (mass expected in the range = 0.13957..0.13957)
Warning: tau -> had decay declared for leg: Pt = 36.6895, eta = 0.202253, phi = 1.16166, mass = 0.685501 !!
 (mass expected in the range = 0.13957..0.13957)
Warning: tau -> had decay declared for leg: Pt = 36.6895, eta = 0.202253, phi = 1.16166, mass = 0.685501 !!
 (mass expected in the range = 0.13957..0.13957)
Warning: tau -> had decay declared for leg: Pt = 49.9403, eta = -1.59829, phi = -2.97812, mass = 0.912355 !!
 (mass expected in the range = 0.13957..0.13957)
Warning: tau -> had decay declared for leg: Pt = 49.9403, eta = -1.59829, phi = -2.97812, mass = 0.912355 !!
 (mass expected in the range = 0.13957..0.13957)
Warning: tau -> had decay declared for leg: Pt = 49.9403, eta = -1.59829, phi = -2.97812, mass = 0.912355 !!
 (mass expected in the range = 0.13957..0.13957)
Warning: tau -> had decay declared for leg: Pt = 49.9403, eta = -1.59829, phi = -2.97812, mass = 0.912355 !!
 (mass expected in the range = 0.13957..0.13957)
Warning: tau -> had decay declared for leg: Pt = 49.9403, eta = -1.59829, phi = -2.97812, mass = 0.912355 !!
 (mass expected in the range = 0.13957..0.13957)
Warning: tau -> had decay declared for leg: Pt = 55.0464, eta = 0.0350106, phi = 0.289897, mass = 0.632224 !!
 (mass expected in the range = 0.13957..0.13957)
Warning: tau -> had decay declared for leg: Pt = 55.0464, eta = 0.0350106, phi = 0.289897, mass = 0.632224 !!
 (mass expected in the range = 0.13957..0.13957)
Warning: tau -> had decay declared for leg: Pt = 55.0464, eta = 0.0350106, phi = 0.289897, mass = 0.632224 !!
 (mass expected in the range = 0.13957..0.13957)
Warning: tau -> had decay declared for leg: Pt = 55.0464, eta = 0.0350106, phi = 0.289897, mass = 0.632224 !!
 (mass expected in the range = 0.13957..0.13957)
Warning: tau -> had decay declared for leg: Pt = 55.0464, eta = 0.0350106, phi = 0.289897, mass = 0.632224 !!
 (mass expected in the range = 0.13957..0.13957)
Warning: tau -> had decay declared for leg: Pt = 20.1928, eta = -0.553568, phi = 1.59512, mass = 0.714283 !!
 (mass expected in the range = 0.13957..0.13957)
Warning: tau -> had decay declared for leg: Pt = 22.8389, eta = 1.01731, phi = 1.93972, mass = 0.715291 !!
 (mass expected in the range = 0.13957..0.13957)
Warning: tau -> had decay declared for leg: Pt = 131.888, eta = 0.158271, phi = 0.577971, mass = 1.36915 !!
 (mass expected in the range = 0.13957..0.13957)
Warning: tau -> had decay declared for leg: Pt = 79.8419, eta = 0.656881, phi = -1.74721, mass = 0.464128 !!
 (mass expected in the range = 0.13957..0.13957)
Warning: tau -> had decay declared for leg: Pt = 30.021, eta = -0.670161, phi = 0.494161, mass = 0.90877 !!
 (mass expected in the range = 0.13957..0.13957)
Warning: tau -> had decay declared for leg: Pt = 45.7632, eta = 0.271081, phi = 2.45096, mass = 0.656604 !!
 (mass expected in the range = 0.13957..0.13957)
Warning: tau -> had decay declared for leg: Pt = 45.7632, eta = 0.271081, phi = 2.45096, mass = 0.656604 !!
 (mass expected in the range = 0.13957..0.13957)
Warning: tau -> had decay declared for leg: Pt = 45.7632, eta = 0.271081, phi = 2.45096, mass = 0.656604 !!
 (mass expected in the range = 0.13957..0.13957)
Warning: tau -> had decay declared for leg: Pt = 45.7632, eta = 0.271081, phi = 2.45096, mass = 0.656604 !!
 (mass expected in the range = 0.13957..0.13957)
Warning: tau -> had decay declared for leg: Pt = 45.7632, eta = 0.271081, phi = 2.45096, mass = 0.656604 !!
 (mass expected in the range = 0.13957..0.13957)
Warning: tau -> had decay declared for leg: Pt = 23.5694, eta = 0.322233, phi = -2.77456, mass = 0.901506 !!
 (mass expected in the range = 0.13957..0.13957)
Warning: tau -> had decay declared for leg: Pt = 27.2509, eta = 1.61843, phi = 2.37516, mass = 0.923531 !!
 (mass expected in the range = 0.13957..0.13957)
Warning: tau -> had decay declared for leg: Pt = 27.2509, eta = 1.61843, phi = 2.37516, mass = 0.923531 !!
 (mass expected in the range = 0.13957..0.13957)
Warning: tau -> had decay declared for leg: Pt = 27.2509, eta = 1.61843, phi = 2.37516, mass = 0.923531 !!
 (mass expected in the range = 0.13957..0.13957)
Warning: tau -> had decay declared for leg: Pt = 27.2509, eta = 1.61843, phi = 2.37516, mass = 0.923531 !!
 (mass expected in the range = 0.13957..0.13957)
Warning: tau -> had decay declared for leg: Pt = 27.2509, eta = 1.61843, phi = 2.37516, mass = 0.923531 !!
 (mass expected in the range = 0.13957..0.13957)
Warning: tau -> had decay declared for leg: Pt = 128.215, eta = 1.33174, phi = -2.35533, mass = 0.458006 !!
 (mass expected in the range = 0.13957..0.13957)
Warning: tau -> had decay declared for leg: Pt = 55.3258, eta = 0.838018, phi = -2.74763, mass = 1.20023 !!
 (mass expected in the range = 0.13957..0.13957)
Warning: tau -> had decay declared for leg: Pt = 55.3258, eta = 0.838018, phi = -2.74763, mass = 1.20023 !!
 (mass expected in the range = 0.13957..0.13957)
Warning: tau -> had decay declared for leg: Pt = 55.3258, eta = 0.838018, phi = -2.74763, mass = 1.20023 !!
 (mass expected in the range = 0.13957..0.13957)
Warning: tau -> had decay declared for leg: Pt = 55.3258, eta = 0.838018, phi = -2.74763, mass = 1.20023 !!
 (mass expected in the range = 0.13957..0.13957)
Warning: tau -> had decay declared for leg: Pt = 55.3258, eta = 0.838018, phi = -2.74763, mass = 1.20023 !!
 (mass expected in the range = 0.13957..0.13957)
Warning: tau -> had decay declared for leg: Pt = 26.7324, eta = -0.0763889, phi = 0.331076, mass = 0.500678 !!
 (mass expected in the range = 0.13957..0.13957)
Warning: tau -> had decay declared for leg: Pt = 47.8915, eta = -1.36851, phi = 0.842372, mass = 0.574979 !!
 (mass expected in the range = 0.13957..0.13957)
Warning: tau -> had decay declared for leg: Pt = 47.8915, eta = -1.36851, phi = 0.842372, mass = 0.574979 !!
 (mass expected in the range = 0.13957..0.13957)
Warning: tau -> had decay declared for leg: Pt = 47.8915, eta = -1.36851, phi = 0.842372, mass = 0.574979 !!
 (mass expected in the range = 0.13957..0.13957)
Warning: tau -> had decay declared for leg: Pt = 47.8915, eta = -1.36851, phi = 0.842372, mass = 0.574979 !!
 (mass expected in the range = 0.13957..0.13957)
Warning: tau -> had decay declared for leg: Pt = 47.8915, eta = -1.36851, phi = 0.842372, mass = 0.574979 !!
 (mass expected in the range = 0.13957..0.13957)
Warning: tau -> had decay declared for leg: Pt = 30.9604, eta = -0.338106, phi = 0.686405, mass = 0.927433 !!
 (mass expected in the range = 0.13957..0.13957)
Warning: tau -> had decay declared for leg: Pt = 30.9604, eta = -0.338106, phi = 0.686405, mass = 0.927433 !!
 (mass expected in the range = 0.13957..0.13957)
Warning: tau -> had decay declared for leg: Pt = 30.9604, eta = -0.338106, phi = 0.686405, mass = 0.927433 !!
 (mass expected in the range = 0.13957..0.13957)
Warning: tau -> had decay declared for leg: Pt = 30.9604, eta = -0.338106, phi = 0.686405, mass = 0.927433 !!
 (mass expected in the range = 0.13957..0.13957)
Warning: tau -> had decay declared for leg: Pt = 30.9604, eta = -0.338106, phi = 0.686405, mass = 0.927433 !!
 (mass expected in the range = 0.13957..0.13957)
Warning: tau -> had decay declared for leg: Pt = 29.8236, eta = 0.5134, phi = 1.40109, mass = 0.877494 !!
 (mass expected in the range = 0.13957..0.13957)
Warning: tau -> had decay declared for leg: Pt = 61.2548, eta = -0.918301, phi = -0.57226, mass = 1.27251 !!
 (mass expected in the range = 0.13957..0.13957)
Warning: tau -> had decay declared for leg: Pt = 42.8622, eta = -0.627345, phi = -0.248797, mass = 0.85135 !!
 (mass expected in the range = 0.13957..0.13957)
Warning: tau -> had decay declared for leg: Pt = 42.8622, eta = -0.627345, phi = -0.248797, mass = 0.85135 !!
 (mass expected in the range = 0.13957..0.13957)
Warning: tau -> had decay declared for leg: Pt = 42.8622, eta = -0.627345, phi = -0.248797, mass = 0.85135 !!
 (mass expected in the range = 0.13957..0.13957)
Warning: tau -> had decay declared for leg: Pt = 42.8622, eta = -0.627345, phi = -0.248797, mass = 0.85135 !!
 (mass expected in the range = 0.13957..0.13957)
Warning: tau -> had decay declared for leg: Pt = 42.8622, eta = -0.627345, phi = -0.248797, mass = 0.85135 !!
 (mass expected in the range = 0.13957..0.13957)
Warning: tau -> had decay declared for leg: Pt = 43.2579, eta = 0.672358, phi = 1.7168, mass = 0.77001 !!
 (mass expected in the range = 0.13957..0.13957)
Warning: tau -> had decay declared for leg: Pt = 23.9761, eta = -0.0198765, phi = 1.66852, mass = 0.580327 !!
 (mass expected in the range = 0.13957..0.13957)
Warning: tau -> had decay declared for leg: Pt = 22.5088, eta = 0.132585, phi = 1.15324, mass = 1.12356 !!
 (mass expected in the range = 0.13957..0.13957)
Warning: tau -> had decay declared for leg: Pt = 69.0038, eta = 1.14351, phi = -2.00301, mass = 0.723983 !!
 (mass expected in the range = 0.13957..0.13957)
Warning: tau -> had decay declared for leg: Pt = 31.534, eta = 1.63485, phi = 1.45318, mass = 1.02854 !!
 (mass expected in the range = 0.13957..0.13957)
Warning: tau -> had decay declared for leg: Pt = 41.2756, eta = 0.138042, phi = 2.9571, mass = 0.854047 !!
 (mass expected in the range = 0.13957..0.13957)
Warning: tau -> had decay declared for leg: Pt = 41.2756, eta = 0.138042, phi = 2.9571, mass = 0.854047 !!
 (mass expected in the range = 0.13957..0.13957)
Warning: tau -> had decay declared for leg: Pt = 41.2756, eta = 0.138042, phi = 2.9571, mass = 0.854047 !!
 (mass expected in the range = 0.13957..0.13957)
Warning: tau -> had decay declared for leg: Pt = 41.2756, eta = 0.138042, phi = 2.9571, mass = 0.854047 !!
 (mass expected in the range = 0.13957..0.13957)
Warning: tau -> had decay declared for leg: Pt = 41.2756, eta = 0.138042, phi = 2.9571, mass = 0.854047 !!
 (mass expected in the range = 0.13957..0.13957)
Warning: tau -> had decay declared for leg: Pt = 58.9561, eta = -0.2426, phi = -1.84883, mass = 1.10736 !!
 (mass expected in the range = 0.13957..0.13957)
Warning: tau -> had decay declared for leg: Pt = 51.9879, eta = -0.722613, phi = 1.76304, mass = 0.837592 !!
 (mass expected in the range = 0.13957..0.13957)
Warning: tau -> had decay declared for leg: Pt = 21.026, eta = -0.870889, phi = -0.0666182, mass = 1.06173 !!
 (mass expected in the range = 0.13957..0.13957)
Warning: tau -> had decay declared for leg: Pt = 56.3507, eta = 0.646209, phi = -2.90162, mass = 1.30402 !!
 (mass expected in the range = 0.13957..0.13957)
Warning: tau -> had decay declared for leg: Pt = 33.4012, eta = -0.306295, phi = -1.41907, mass = 0.903614 !!
 (mass expected in the range = 0.13957..0.13957)
Warning: tau -> had decay declared for leg: Pt = 33.4012, eta = -0.306295, phi = -1.41907, mass = 0.903614 !!
 (mass expected in the range = 0.13957..0.13957)
Warning: tau -> had decay declared for leg: Pt = 33.4012, eta = -0.306295, phi = -1.41907, mass = 0.903614 !!
 (mass expected in the range = 0.13957..0.13957)
Warning: tau -> had decay declared for leg: Pt = 33.4012, eta = -0.306295, phi = -1.41907, mass = 0.903614 !!
 (mass expected in the range = 0.13957..0.13957)
Warning: tau -> had decay declared for leg: Pt = 33.4012, eta = -0.306295, phi = -1.41907, mass = 0.903614 !!
 (mass expected in the range = 0.13957..0.13957)
Warning: tau -> had decay declared for leg: Pt = 129.874, eta = 0.202704, phi = 3.10207, mass = 0.713155 !!
 (mass expected in the range = 0.13957..0.13957)
Warning: tau -> had decay declared for leg: Pt = 113.64, eta = 0.19075, phi = 2.07742, mass = 0.495064 !!
 (mass expected in the range = 0.13957..0.13957)
Warning: tau -> had decay declared for leg: Pt = 113.64, eta = 0.19075, phi = 2.07742, mass = 0.495064 !!
 (mass expected in the range = 0.13957..0.13957)
Warning: tau -> had decay declared for leg: Pt = 113.64, eta = 0.19075, phi = 2.07742, mass = 0.495064 !!
 (mass expected in the range = 0.13957..0.13957)
Warning: tau -> had decay declared for leg: Pt = 113.64, eta = 0.19075, phi = 2.07742, mass = 0.495064 !!
 (mass expected in the range = 0.13957..0.13957)
Warning: tau -> had decay declared for leg: Pt = 113.64, eta = 0.19075, phi = 2.07742, mass = 0.495064 !!
 (mass expected in the range = 0.13957..0.13957)
Warning: tau -> had decay declared for leg: Pt = 22.9573, eta = -0.201919, phi = -1.87172, mass = 0.96962 !!
 (mass expected in the range = 0.13957..0.13957)
Warning: tau -> had decay declared for leg: Pt = 72.4815, eta = -0.0481972, phi = 0.288021, mass = 0.898258 !!
 (mass expected in the range = 0.13957..0.13957)
Warning: tau -> had decay declared for leg: Pt = 72.4815, eta = -0.0481972, phi = 0.288021, mass = 0.898258 !!
 (mass expected in the range = 0.13957..0.13957)
Warning: tau -> had decay declared for leg: Pt = 72.4815, eta = -0.0481972, phi = 0.288021, mass = 0.898258 !!
 (mass expected in the range = 0.13957..0.13957)
Warning: tau -> had decay declared for leg: Pt = 72.4815, eta = -0.0481972, phi = 0.288021, mass = 0.898258 !!
 (mass expected in the range = 0.13957..0.13957)
Warning: tau -> had decay declared for leg: Pt = 72.4815, eta = -0.0481972, phi = 0.288021, mass = 0.898258 !!
 (mass expected in the range = 0.13957..0.13957)
Warning: tau -> had decay declared for leg: Pt = 25.9308, eta = -0.410994, phi = -2.48248, mass = 0.714792 !!
 (mass expected in the range = 0.13957..0.13957)
Warning: tau -> had decay declared for leg: Pt = 87.0859, eta = -0.488912, phi = -1.15805, mass = 0.51568 !!
 (mass expected in the range = 0.13957..0.13957)
Warning: tau -> had decay declared for leg: Pt = 87.0859, eta = -0.488912, phi = -1.15805, mass = 0.51568 !!
 (mass expected in the range = 0.13957..0.13957)
Warning: tau -> had decay declared for leg: Pt = 87.0859, eta = -0.488912, phi = -1.15805, mass = 0.51568 !!
 (mass expected in the range = 0.13957..0.13957)
Warning: tau -> had decay declared for leg: Pt = 87.0859, eta = -0.488912, phi = -1.15805, mass = 0.51568 !!
 (mass expected in the range = 0.13957..0.13957)
Warning: tau -> had decay declared for leg: Pt = 87.0859, eta = -0.488912, phi = -1.15805, mass = 0.51568 !!
 (mass expected in the range = 0.13957..0.13957)
Warning: tau -> had decay declared for leg: Pt = 96.9087, eta = 0.845538, phi = 2.97462, mass = 0.878329 !!
 (mass expected in the range = 0.13957..0.13957)
Warning: tau -> had decay declared for leg: Pt = 91.0912, eta = -0.812555, phi = 0.767185, mass = 0.575823 !!
 (mass expected in the range = 0.13957..0.13957)
Warning: tau -> had decay declared for leg: Pt = 91.0912, eta = -0.812555, phi = 0.767185, mass = 0.575823 !!
 (mass expected in the range = 0.13957..0.13957)
Warning: tau -> had decay declared for leg: Pt = 91.0912, eta = -0.812555, phi = 0.767185, mass = 0.575823 !!
 (mass expected in the range = 0.13957..0.13957)
Warning: tau -> had decay declared for leg: Pt = 91.0912, eta = -0.812555, phi = 0.767185, mass = 0.575823 !!
 (mass expected in the range = 0.13957..0.13957)
Warning: tau -> had decay declared for leg: Pt = 91.0912, eta = -0.812555, phi = 0.767185, mass = 0.575823 !!
 (mass expected in the range = 0.13957..0.13957)
Warning: tau -> had decay declared for leg: Pt = 90.9674, eta = -0.00917435, phi = -1.82113, mass = 1.16848 !!
 (mass expected in the range = 0.13957..0.13957)
Warning: tau -> had decay declared for leg: Pt = 90.9674, eta = -0.00917435, phi = -1.82113, mass = 1.16848 !!
 (mass expected in the range = 0.13957..0.13957)
Warning: tau -> had decay declared for leg: Pt = 90.9674, eta = -0.00917435, phi = -1.82113, mass = 1.16848 !!
 (mass expected in the range = 0.13957..0.13957)
Warning: tau -> had decay declared for leg: Pt = 90.9674, eta = -0.00917435, phi = -1.82113, mass = 1.16848 !!
 (mass expected in the range = 0.13957..0.13957)
Warning: tau -> had decay declared for leg: Pt = 90.9674, eta = -0.00917435, phi = -1.82113, mass = 1.16848 !!
 (mass expected in the range = 0.13957..0.13957)
Warning: tau -> had decay declared for leg: Pt = 70.6386, eta = 1.80468, phi = 1.16653, mass = 0.625262 !!
 (mass expected in the range = 0.13957..0.13957)
Warning: tau -> had decay declared for leg: Pt = 50.325, eta = 0.642318, phi = -1.49766, mass = 1.26144 !!
 (mass expected in the range = 0.13957..0.13957)
Warning: tau -> had decay declared for leg: Pt = 50.325, eta = 0.642318, phi = -1.49766, mass = 1.26144 !!
 (mass expected in the range = 0.13957..0.13957)
Warning: tau -> had decay declared for leg: Pt = 50.325, eta = 0.642318, phi = -1.49766, mass = 1.26144 !!
 (mass expected in the range = 0.13957..0.13957)
Warning: tau -> had decay declared for leg: Pt = 50.325, eta = 0.642318, phi = -1.49766, mass = 1.26144 !!
 (mass expected in the range = 0.13957..0.13957)
Warning: tau -> had decay declared for leg: Pt = 50.325, eta = 0.642318, phi = -1.49766, mass = 1.26144 !!
 (mass expected in the range = 0.13957..0.13957)
Warning: tau -> had decay declared for leg: Pt = 109.764, eta = -1.07385, phi = 2.30248, mass = 0.669247 !!
 (mass expected in the range = 0.13957..0.13957)
Warning: tau -> had decay declared for leg: Pt = 81.1864, eta = 1.30699, phi = 3.03333, mass = 0.584403 !!
 (mass expected in the range = 0.13957..0.13957)
Warning: tau -> had decay declared for leg: Pt = 24.9469, eta = -0.538745, phi = 0.168081, mass = 0.789281 !!
 (mass expected in the range = 0.13957..0.13957)
Warning: tau -> had decay declared for leg: Pt = 20.3428, eta = 0.33446, phi = 0.577552, mass = 1.40634 !!
 (mass expected in the range = 0.13957..0.13957)
Warning: tau -> had decay declared for leg: Pt = 88.7721, eta = 0.665324, phi = 0.652622, mass = 0.877685 !!
 (mass expected in the range = 0.13957..0.13957)
Warning: tau -> had decay declared for leg: Pt = 88.7721, eta = 0.665324, phi = 0.652622, mass = 0.877685 !!
 (mass expected in the range = 0.13957..0.13957)
Warning: tau -> had decay declared for leg: Pt = 88.7721, eta = 0.665324, phi = 0.652622, mass = 0.877685 !!
 (mass expected in the range = 0.13957..0.13957)
Warning: tau -> had decay declared for leg: Pt = 88.7721, eta = 0.665324, phi = 0.652622, mass = 0.877685 !!
 (mass expected in the range = 0.13957..0.13957)
Warning: tau -> had decay declared for leg: Pt = 88.7721, eta = 0.665324, phi = 0.652622, mass = 0.877685 !!
 (mass expected in the range = 0.13957..0.13957)
Warning: tau -> had decay declared for leg: Pt = 100.921, eta = 0.104972, phi = -0.218312, mass = 0.770051 !!
 (mass expected in the range = 0.13957..0.13957)
Warning: tau -> had decay declared for leg: Pt = 44.8895, eta = -1.00144, phi = -2.01991, mass = 1.1282 !!
 (mass expected in the range = 0.13957..0.13957)
Warning: tau -> had decay declared for leg: Pt = 34.6036, eta = -1.92735, phi = 1.27081, mass = 0.497465 !!
 (mass expected in the range = 0.13957..0.13957)
Warning: tau -> had decay declared for leg: Pt = 34.6036, eta = -1.92735, phi = 1.27081, mass = 0.497465 !!
 (mass expected in the range = 0.13957..0.13957)
Warning: tau -> had decay declared for leg: Pt = 34.6036, eta = -1.92735, phi = 1.27081, mass = 0.497465 !!
 (mass expected in the range = 0.13957..0.13957)
Warning: tau -> had decay declared for leg: Pt = 34.6036, eta = -1.92735, phi = 1.27081, mass = 0.497465 !!
 (mass expected in the range = 0.13957..0.13957)
Warning: tau -> had decay declared for leg: Pt = 34.6036, eta = -1.92735, phi = 1.27081, mass = 0.497465 !!
 (mass expected in the range = 0.13957..0.13957)
Warning: tau -> had decay declared for leg: Pt = 72.592, eta = 0.739627, phi = -2.00381, mass = 0.742182 !!
 (mass expected in the range = 0.13957..0.13957)
Warning: tau -> had decay declared for leg: Pt = 72.592, eta = 0.739627, phi = -2.00381, mass = 0.742182 !!
 (mass expected in the range = 0.13957..0.13957)
Warning: tau -> had decay declared for leg: Pt = 72.592, eta = 0.739627, phi = -2.00381, mass = 0.742182 !!
 (mass expected in the range = 0.13957..0.13957)
Warning: tau -> had decay declared for leg: Pt = 72.592, eta = 0.739627, phi = -2.00381, mass = 0.742182 !!
 (mass expected in the range = 0.13957..0.13957)
Warning: tau -> had decay declared for leg: Pt = 72.592, eta = 0.739627, phi = -2.00381, mass = 0.742182 !!
 (mass expected in the range = 0.13957..0.13957)
Warning: tau -> had decay declared for leg: Pt = 23.0468, eta = -0.933239, phi = -2.66436, mass = 0.333112 !!
 (mass expected in the range = 0.13957..0.13957)
Warning: tau -> had decay declared for leg: Pt = 24.8877, eta = 2.02899, phi = 1.60315, mass = 1.02492 !!
 (mass expected in the range = 0.13957..0.13957)
Warning: tau -> had decay declared for leg: Pt = 76.0301, eta = 1.04546, phi = 3.01968, mass = 1.05475 !!
 (mass expected in the range = 0.13957..0.13957)
Warning: tau -> had decay declared for leg: Pt = 76.0301, eta = 1.04546, phi = 3.01968, mass = 1.05475 !!
 (mass expected in the range = 0.13957..0.13957)
Warning: tau -> had decay declared for leg: Pt = 76.0301, eta = 1.04546, phi = 3.01968, mass = 1.05475 !!
 (mass expected in the range = 0.13957..0.13957)
Warning: tau -> had decay declared for leg: Pt = 76.0301, eta = 1.04546, phi = 3.01968, mass = 1.05475 !!
 (mass expected in the range = 0.13957..0.13957)
Warning: tau -> had decay declared for leg: Pt = 76.0301, eta = 1.04546, phi = 3.01968, mass = 1.05475 !!
 (mass expected in the range = 0.13957..0.13957)
Warning: tau -> had decay declared for leg: Pt = 101.044, eta = 1.05694, phi = 2.17065, mass = 0.928273 !!
 (mass expected in the range = 0.13957..0.13957)
Warning: tau -> had decay declared for leg: Pt = 101.044, eta = 1.05694, phi = 2.17065, mass = 0.928273 !!
 (mass expected in the range = 0.13957..0.13957)
Warning: tau -> had decay declared for leg: Pt = 101.044, eta = 1.05694, phi = 2.17065, mass = 0.928273 !!
 (mass expected in the range = 0.13957..0.13957)
Warning: tau -> had decay declared for leg: Pt = 101.044, eta = 1.05694, phi = 2.17065, mass = 0.928273 !!
 (mass expected in the range = 0.13957..0.13957)
Warning: tau -> had decay declared for leg: Pt = 101.044, eta = 1.05694, phi = 2.17065, mass = 0.928273 !!
 (mass expected in the range = 0.13957..0.13957)
Warning: tau -> had decay declared for leg: Pt = 64.9108, eta = 0.199371, phi = -2.50604, mass = 0.781314 !!
 (mass expected in the range = 0.13957..0.13957)
Warning: tau -> had decay declared for leg: Pt = 31.4883, eta = 0.241379, phi = -1.91999, mass = 1.06595 !!
 (mass expected in the range = 0.13957..0.13957)
