[FERMIHTC-APPTAINER]: INFO -- ApptainerImage classAd detected
[FERMIHTC-APPTAINER]: INFO -- Attempting to run job in /cvmfs/singularity.opensciencegrid.org/cmssw/cms:rhel7
[FERMIHTC-APPTAINER]: INFO -- Running /cvmfs/oasis.opensciencegrid.org/mis/apptainer/current/bin/apptainer exec --pid --ipc --contain --bind /cvmfs --bind /etc/hosts --bind /etc/grid-security --home /storage/local/data1/condor/execute/dir_1187370:/srv --pwd /srv /cvmfs/singularity.opensciencegrid.org/cmssw/cms:rhel7 ./run_condor.csh plotBoostedTauTau.py ./filelists/AToTauTau/UL2017/ALP_Ntuple_m_35_htj_100to400_UL2017/ALP_Ntuple_m_35_htj_100to400_UL2017_0.txt root://cmseos.fnal.gov//store/user/dalam/UL2017/ TCP 2017
Starting job on  Tue Jul 9 06:35:21 UTC 2024
Running on: Linux dalam-33520923-0-cmswn2071.fnal.gov 5.14.0-427.18.1.el9_4.x86_64 #1 SMP PREEMPT_DYNAMIC Tue May 28 06:27:02 EDT 2024 x86_64 x86_64 x86_64 GNU/Linux
System software: CentOS Linux release 7.9.2009 (Core)
Done: ProjectRename
Arguments passed to this script are: 
  script: plotBoostedTauTau.py
  input files: ./filelists/AToTauTau/UL2017/ALP_Ntuple_m_35_htj_100to400_UL2017/ALP_Ntuple_m_35_htj_100to400_UL2017_0.txt
  output dir: root://cmseos.fnal.gov//store/user/dalam/UL2017/
  mode: TCP
  year: 2017
{'lowMET_BFlavour': <cppyy.gbl.TH2F object at 0x570ef40>, 'highMET_BFlavour': <cppyy.gbl.TH2F object at 0x86515d0>, 'lowMET_CFlavour': <cppyy.gbl.TH2F object at 0x8650c10>, 'highMET_CFlavour': <cppyy.gbl.TH2F object at 0x8650790>, 'lowMET_LFlavour': <cppyy.gbl.TH2F object at 0x86510d0>, 'highMET_LFlavour': <cppyy.gbl.TH2F object at 0x8662520>}
root://cmseos.fnal.gov//store/user/dalam/UL2017/h_plotBoostedTauTau_2017_ALP_Ntuple_m_35_htj_100to400_UL2017_0.root
root://cmseos.fnal.gov//store/user/mwulansa/TCPNtuple/AToTauTau_ALP_M-35_HT-100to400_TuneCP5_13TeV-madgraphMLM-pythia8/Ntuple_ALP_M-35_HT-100to400_Summer20UL17_miniAODv2_v2024/240103_125837/0000/TCPNtuple_Backgrounds_1-1.root
root://cmseos.fnal.gov//store/user/mwulansa/TCPNtuple/AToTauTau_ALP_M-35_HT-100to400_TuneCP5_13TeV-madgraphMLM-pythia8/Ntuple_ALP_M-35_HT-100to400_Summer20UL17_miniAODv2_v2024/240103_125837/0000/TCPNtuple_Backgrounds_1-2.root
root://cmseos.fnal.gov//store/user/mwulansa/TCPNtuple/AToTauTau_ALP_M-35_HT-100to400_TuneCP5_13TeV-madgraphMLM-pythia8/Ntuple_ALP_M-35_HT-100to400_Summer20UL17_miniAODv2_v2024/240103_125837/0000/TCPNtuple_Backgrounds_1-3.root
root://cmseos.fnal.gov//store/user/mwulansa/TCPNtuple/AToTauTau_ALP_M-35_HT-100to400_TuneCP5_13TeV-madgraphMLM-pythia8/Ntuple_ALP_M-35_HT-100to400_Summer20UL17_miniAODv2_v2024/240103_125837/0000/TCPNtuple_Backgrounds_1-4.root
root://cmseos.fnal.gov//store/user/mwulansa/TCPNtuple/AToTauTau_ALP_M-35_HT-100to400_TuneCP5_13TeV-madgraphMLM-pythia8/Ntuple_ALP_M-35_HT-100to400_Summer20UL17_miniAODv2_v2024/240103_125837/0000/TCPNtuple_Backgrounds_1.root
root://cmseos.fnal.gov//store/user/mwulansa/TCPNtuple/AToTauTau_ALP_M-35_HT-100to400_TuneCP5_13TeV-madgraphMLM-pythia8/Ntuple_ALP_M-35_HT-100to400_Summer20UL17_miniAODv2_v2024/240103_125837/0000/TCPNtuple_Backgrounds_2.root
root://cmseos.fnal.gov//store/user/mwulansa/TCPNtuple/AToTauTau_ALP_M-35_HT-100to400_TuneCP5_13TeV-madgraphMLM-pythia8/Ntuple_ALP_M-35_HT-100to400_Summer20UL17_miniAODv2_v2024/240103_125837/0000/TCPNtuple_Backgrounds_3.root
root://cmseos.fnal.gov//store/user/mwulansa/TCPNtuple/AToTauTau_ALP_M-35_HT-100to400_TuneCP5_13TeV-madgraphMLM-pythia8/Ntuple_ALP_M-35_HT-100to400_Summer20UL17_miniAODv2_v2024/240103_125837/0000/TCPNtuple_Backgrounds_4.root
