040 (3536166.000.000) 2024-07-08 16:39:40 Started transferring input files
	Transferring to host: <131.225.188.241:9618?addrs=[2620-6a-0-8421-f0-0-188-241]-9618+131.225.188.241-9618&alias=cmswn2073.fnal.gov&noUDP&sock=slot1_5_2523_6e80_2479>
...
040 (3536166.000.000) 2024-07-08 16:39:40 Finished transferring input files
...
001 (3536166.000.000) 2024-07-08 16:39:41 Job executing on host: <131.225.188.241:9618?addrs=[2620-6a-0-8421-f0-0-188-241]-9618+131.225.188.241-9618&alias=cmswn2073.fnal.gov&noUDP&sock=startd_1947_0efb>
	SlotName: slot1_5@cmswn2073.fnal.gov
	CondorScratchDir = "/storage/local/data1/condor/execute/dir_3892125"
	Cpus = 1
	Disk = 1612181
	Memory = 2048
...
040 (3536166.000.000) 2024-07-08 16:39:47 Started transferring output files
...
040 (3536166.000.000) 2024-07-08 16:39:47 Finished transferring output files
...
005 (3536166.000.000) 2024-07-08 16:39:47 Job terminated.
	(1) Normal termination (return value 1)
		Usr 0 00:00:00, Sys 0 00:00:00  -  Run Remote Usage
		Usr 0 00:00:00, Sys 0 00:00:00  -  Run Local Usage
		Usr 0 00:00:00, Sys 0 00:00:00  -  Total Remote Usage
		Usr 0 00:00:00, Sys 0 00:00:00  -  Total Local Usage
	1386  -  Run Bytes Sent By Job
	11440  -  Run Bytes Received By Job
	1386  -  Total Bytes Sent By Job
	11440  -  Total Bytes Received By Job
	Partitionable Resources :    Usage  Request Allocated 
	   Cpus                 :        0        1         1 
	   Disk (KB)            :       42        4   1612181 
	   Memory (MB)          :              2048      2048 

	Job terminated of its own accord at 2024-07-08T21:39:46Z with exit-code 1.
...
040 (33520929.000.000) 2024-07-09 01:31:06 Started transferring input files
	Transferring to host: <131.225.189.54:9618?addrs=[2620-6a-0-8421-f0-0-189-54]-9618+131.225.189.54-9618&alias=cmswn2098.fnal.gov&noUDP&sock=slot1_47_2616_f563_38925>
...
040 (33520929.000.000) 2024-07-09 01:31:06 Finished transferring input files
...
001 (33520929.000.000) 2024-07-09 01:31:07 Job executing on host: <131.225.189.54:9618?addrs=[2620-6a-0-8421-f0-0-189-54]-9618+131.225.189.54-9618&alias=cmswn2098.fnal.gov&noUDP&sock=startd_2154_0b16>
	SlotName: slot1_47@cmswn2098.fnal.gov
	CondorScratchDir = "/storage/local/data1/condor/execute/dir_2545879"
	Cpus = 1
	Disk = 1596021
	Memory = 2048
...
040 (33520929.000.000) 2024-07-09 01:40:38 Started transferring output files
...
040 (33520929.000.000) 2024-07-09 01:40:38 Finished transferring output files
...
005 (33520929.000.000) 2024-07-09 01:40:46 Job terminated.
	(1) Normal termination (return value 0)
		Usr 0 00:00:00, Sys 0 00:00:00  -  Run Remote Usage
		Usr 0 00:00:00, Sys 0 00:00:00  -  Run Local Usage
		Usr 0 00:00:00, Sys 0 00:00:00  -  Total Remote Usage
		Usr 0 00:00:00, Sys 0 00:00:00  -  Total Local Usage
	12528  -  Run Bytes Sent By Job
	11452  -  Run Bytes Received By Job
	12528  -  Total Bytes Sent By Job
	11452  -  Total Bytes Received By Job
	Partitionable Resources :     Usage  Request Allocated 
	   Cpus                 :      0.00        1         1 
	   Disk (KB)            : 102618           4   1596021 
	   Memory (MB)          :               2048      2048 

	Job terminated of its own accord at 2024-07-09T06:40:37Z with exit-code 0.
...
