040 (3536164.000.000) 2024-07-08 16:39:40 Started transferring input files
	Transferring to host: <131.225.189.173:9618?addrs=[2620-6a-0-8421-f0-0-189-173]-9618+131.225.189.173-9618&alias=cmswn2123.fnal.gov&noUDP&sock=slot1_4_2352_f259_23765>
...
040 (3536164.000.000) 2024-07-08 16:39:40 Finished transferring input files
...
001 (3536164.000.000) 2024-07-08 16:39:41 Job executing on host: <131.225.189.173:9618?addrs=[2620-6a-0-8421-f0-0-189-173]-9618+131.225.189.173-9618&alias=cmswn2123.fnal.gov&noUDP&sock=startd_1983_c064>
	SlotName: slot1_4@cmswn2123.fnal.gov
	CondorScratchDir = "/storage/local/data1/condor/execute/dir_305402"
	Cpus = 1
	Disk = 3451134
	Memory = 2048
...
040 (3536164.000.000) 2024-07-08 16:39:47 Started transferring output files
...
040 (3536164.000.000) 2024-07-08 16:39:47 Finished transferring output files
...
005 (3536164.000.000) 2024-07-08 16:39:49 Job terminated.
	(1) Normal termination (return value 1)
		Usr 0 00:00:00, Sys 0 00:00:00  -  Run Remote Usage
		Usr 0 00:00:00, Sys 0 00:00:00  -  Run Local Usage
		Usr 0 00:00:00, Sys 0 00:00:00  -  Total Remote Usage
		Usr 0 00:00:00, Sys 0 00:00:00  -  Total Local Usage
	1385  -  Run Bytes Sent By Job
	11440  -  Run Bytes Received By Job
	1385  -  Total Bytes Sent By Job
	11440  -  Total Bytes Received By Job
	Partitionable Resources :    Usage  Request Allocated 
	   Cpus                 :        0        1         1 
	   Disk (KB)            :       42        4   3451134 
	   Memory (MB)          :              2048      2048 

	Job terminated of its own accord at 2024-07-08T21:39:47Z with exit-code 1.
...
040 (33520927.000.000) 2024-07-09 01:31:06 Started transferring input files
	Transferring to host: <131.225.189.225:9618?addrs=[2620-6a-0-8421-f0-0-189-225]-9618+131.225.189.225-9618&alias=cmswn2150.fnal.gov&noUDP&sock=slot1_6_2648_8165_15854>
...
040 (33520927.000.000) 2024-07-09 01:31:06 Finished transferring input files
...
001 (33520927.000.000) 2024-07-09 01:31:07 Job executing on host: <131.225.189.225:9618?addrs=[2620-6a-0-8421-f0-0-189-225]-9618+131.225.189.225-9618&alias=cmswn2150.fnal.gov&noUDP&sock=startd_2370_338b>
	SlotName: slot1_6@cmswn2150.fnal.gov
	CondorScratchDir = "/storage/local/data1/condor/execute/dir_2260760"
	Cpus = 1
	Disk = 3673094
	Memory = 2048
...
040 (33520927.000.000) 2024-07-09 02:07:47 Started transferring output files
...
040 (33520927.000.000) 2024-07-09 02:07:47 Finished transferring output files
...
005 (33520927.000.000) 2024-07-09 02:07:48 Job terminated.
	(1) Normal termination (return value 0)
		Usr 0 00:00:00, Sys 0 00:00:00  -  Run Remote Usage
		Usr 0 00:00:00, Sys 0 00:00:00  -  Run Local Usage
		Usr 0 00:00:00, Sys 0 00:00:00  -  Total Remote Usage
		Usr 0 00:00:00, Sys 0 00:00:00  -  Total Local Usage
	10053  -  Run Bytes Sent By Job
	11452  -  Run Bytes Received By Job
	10053  -  Total Bytes Sent By Job
	11452  -  Total Bytes Received By Job
	Partitionable Resources :     Usage  Request Allocated 
	   Cpus                 :      0.00        1         1 
	   Disk (KB)            : 102616           4   3673094 
	   Memory (MB)          :               2048      2048 

	Job terminated of its own accord at 2024-07-09T07:07:47Z with exit-code 0.
...
