040 (3536169.000.000) 2024-07-08 16:39:41 Started transferring input files
	Transferring to host: <131.225.188.25:9618?addrs=[2620-6a-0-8421-f0-0-188-25]-9618+131.225.188.25-9618&alias=cmswn2025.fnal.gov&noUDP&sock=slot1_44_2650_ea25_46192>
...
040 (3536169.000.000) 2024-07-08 16:39:41 Finished transferring input files
...
001 (3536169.000.000) 2024-07-08 16:39:42 Job executing on host: <131.225.188.25:9618?addrs=[2620-6a-0-8421-f0-0-188-25]-9618+131.225.188.25-9618&alias=cmswn2025.fnal.gov&noUDP&sock=startd_2443_45f5>
	SlotName: slot1_44@cmswn2025.fnal.gov
	CondorScratchDir = "/storage/local/data1/condor/execute/dir_2756696"
	Cpus = 1
	Disk = 1739016
	Memory = 2048
...
040 (3536169.000.000) 2024-07-08 16:39:48 Started transferring output files
...
040 (3536169.000.000) 2024-07-08 16:39:48 Finished transferring output files
...
005 (3536169.000.000) 2024-07-08 16:39:50 Job terminated.
	(1) Normal termination (return value 1)
		Usr 0 00:00:00, Sys 0 00:00:00  -  Run Remote Usage
		Usr 0 00:00:00, Sys 0 00:00:00  -  Run Local Usage
		Usr 0 00:00:00, Sys 0 00:00:00  -  Total Remote Usage
		Usr 0 00:00:00, Sys 0 00:00:00  -  Total Local Usage
	1385  -  Run Bytes Sent By Job
	11440  -  Run Bytes Received By Job
	1385  -  Total Bytes Sent By Job
	11440  -  Total Bytes Received By Job
	Partitionable Resources :    Usage  Request Allocated 
	   Cpus                 :        0        1         1 
	   Disk (KB)            :       44        4   1739016 
	   Memory (MB)          :              2048      2048 

	Job terminated of its own accord at 2024-07-08T21:39:48Z with exit-code 1.
...
040 (33520932.000.000) 2024-07-09 01:31:07 Started transferring input files
	Transferring to host: <131.225.189.170:9618?addrs=[2620-6a-0-8421-f0-0-189-170]-9618+131.225.189.170-9618&alias=cmswn2121.fnal.gov&noUDP&sock=slot1_25_2203_f673_27571>
...
040 (33520932.000.000) 2024-07-09 01:31:07 Finished transferring input files
...
001 (33520932.000.000) 2024-07-09 01:31:08 Job executing on host: <131.225.189.170:9618?addrs=[2620-6a-0-8421-f0-0-189-170]-9618+131.225.189.170-9618&alias=cmswn2121.fnal.gov&noUDP&sock=startd_1949_6e2c>
	SlotName: slot1_25@cmswn2121.fnal.gov
	CondorScratchDir = "/storage/local/data1/condor/execute/dir_3377648"
	Cpus = 1
	Disk = 3448892
	Memory = 2048
...
040 (33520932.000.000) 2024-07-09 01:38:47 Started transferring output files
...
040 (33520932.000.000) 2024-07-09 01:38:47 Finished transferring output files
...
005 (33520932.000.000) 2024-07-09 01:38:59 Job terminated.
	(1) Normal termination (return value 0)
		Usr 0 00:00:00, Sys 0 00:00:00  -  Run Remote Usage
		Usr 0 00:00:00, Sys 0 00:00:00  -  Run Local Usage
		Usr 0 00:00:00, Sys 0 00:00:00  -  Total Remote Usage
		Usr 0 00:00:00, Sys 0 00:00:00  -  Total Local Usage
	13431  -  Run Bytes Sent By Job
	11452  -  Run Bytes Received By Job
	13431  -  Total Bytes Sent By Job
	11452  -  Total Bytes Received By Job
	Partitionable Resources :    Usage  Request Allocated 
	   Cpus                 :        0        1         1 
	   Disk (KB)            :   102616        4   3448892 
	   Memory (MB)          :              2048      2048 

	Job terminated of its own accord at 2024-07-09T06:38:47Z with exit-code 0.
...
