[8MB/19.45MB][ 41%][====================>                             ][8MB/s]  [19.45MB/19.45MB][100%][==================================================][19.45MB/s]  [19.45MB/19.45MB][100%][==================================================][19.45MB/s]  
Warning: tau -> had decay declared for leg: Pt = 27.1052, eta = 0.70056, phi = 0.636176, mass = 0.416737 !!
 (mass expected in the range = 0.13957..0.13957)
Warning: tau -> had decay declared for leg: Pt = 32.5721, eta = 1.98718, phi = 2.15368, mass = 1.07143 !!
 (mass expected in the range = 0.13957..0.13957)
Warning: tau -> had decay declared for leg: Pt = 32.5721, eta = 1.98718, phi = 2.15368, mass = 1.07143 !!
 (mass expected in the range = 0.13957..0.13957)
Warning: tau -> had decay declared for leg: Pt = 32.5721, eta = 1.98718, phi = 2.15368, mass = 1.07143 !!
 (mass expected in the range = 0.13957..0.13957)
Warning: tau -> had decay declared for leg: Pt = 32.5721, eta = 1.98718, phi = 2.15368, mass = 1.07143 !!
 (mass expected in the range = 0.13957..0.13957)
Warning: tau -> had decay declared for leg: Pt = 32.5721, eta = 1.98718, phi = 2.15368, mass = 1.07143 !!
 (mass expected in the range = 0.13957..0.13957)
Warning: tau -> had decay declared for leg: Pt = 20.5606, eta = -0.109087, phi = 2.25063, mass = 0.996897 !!
 (mass expected in the range = 0.13957..0.13957)
Warning: tau -> had decay declared for leg: Pt = 20.5606, eta = -0.109087, phi = 2.25063, mass = 0.996897 !!
 (mass expected in the range = 0.13957..0.13957)
Warning: tau -> had decay declared for leg: Pt = 20.5606, eta = -0.109087, phi = 2.25063, mass = 0.996897 !!
 (mass expected in the range = 0.13957..0.13957)
Warning: tau -> had decay declared for leg: Pt = 20.5606, eta = -0.109087, phi = 2.25063, mass = 0.996897 !!
 (mass expected in the range = 0.13957..0.13957)
Warning: tau -> had decay declared for leg: Pt = 20.5606, eta = -0.109087, phi = 2.25063, mass = 0.996897 !!
 (mass expected in the range = 0.13957..0.13957)
Warning: tau -> had decay declared for leg: Pt = 78.7478, eta = 0.157957, phi = -2.12611, mass = 0.752495 !!
 (mass expected in the range = 0.13957..0.13957)
Warning: tau -> had decay declared for leg: Pt = 45.3293, eta = -0.459795, phi = 0.597352, mass = 0.884901 !!
 (mass expected in the range = 0.13957..0.13957)
Warning: tau -> had decay declared for leg: Pt = 28.7152, eta = -2.25867, phi = -2.11592, mass = 0.983674 !!
 (mass expected in the range = 0.13957..0.13957)
Warning: tau -> had decay declared for leg: Pt = 25.2207, eta = -0.197789, phi = 1.33104, mass = 0.81885 !!
 (mass expected in the range = 0.13957..0.13957)
Warning: tau -> had decay declared for leg: Pt = 24.8338, eta = -0.29378, phi = -0.221338, mass = 1.17664 !!
 (mass expected in the range = 0.13957..0.13957)
Warning: tau -> had decay declared for leg: Pt = 70.3613, eta = 0.421501, phi = -2.48032, mass = 0.849653 !!
 (mass expected in the range = 0.13957..0.13957)
Warning: tau -> had decay declared for leg: Pt = 27.4329, eta = -0.0878245, phi = 0.0760026, mass = 0.904046 !!
 (mass expected in the range = 0.13957..0.13957)
Warning: tau -> had decay declared for leg: Pt = 27.4329, eta = -0.0878245, phi = 0.0760026, mass = 0.904046 !!
 (mass expected in the range = 0.13957..0.13957)
Warning: tau -> had decay declared for leg: Pt = 27.4329, eta = -0.0878245, phi = 0.0760026, mass = 0.904046 !!
 (mass expected in the range = 0.13957..0.13957)
Warning: tau -> had decay declared for leg: Pt = 27.4329, eta = -0.0878245, phi = 0.0760026, mass = 0.904046 !!
 (mass expected in the range = 0.13957..0.13957)
Warning: tau -> had decay declared for leg: Pt = 27.4329, eta = -0.0878245, phi = 0.0760026, mass = 0.904046 !!
 (mass expected in the range = 0.13957..0.13957)
Warning: tau -> had decay declared for leg: Pt = 89.6526, eta = -0.154043, phi = -0.0656168, mass = 1.42422 !!
 (mass expected in the range = 0.13957..0.13957)
Warning: tau -> had decay declared for leg: Pt = 28.9104, eta = 1.79011, phi = -2.91135, mass = 0.630663 !!
 (mass expected in the range = 0.13957..0.13957)
Warning: tau -> had decay declared for leg: Pt = 28.9104, eta = 1.79011, phi = -2.91135, mass = 0.630663 !!
 (mass expected in the range = 0.13957..0.13957)
Warning: tau -> had decay declared for leg: Pt = 28.9104, eta = 1.79011, phi = -2.91135, mass = 0.630663 !!
 (mass expected in the range = 0.13957..0.13957)
Warning: tau -> had decay declared for leg: Pt = 28.9104, eta = 1.79011, phi = -2.91135, mass = 0.630663 !!
 (mass expected in the range = 0.13957..0.13957)
Warning: tau -> had decay declared for leg: Pt = 28.9104, eta = 1.79011, phi = -2.91135, mass = 0.630663 !!
 (mass expected in the range = 0.13957..0.13957)
Warning: tau -> had decay declared for leg: Pt = 75.9637, eta = -0.0293979, phi = 0.110199, mass = 0.964216 !!
 (mass expected in the range = 0.13957..0.13957)
Warning: tau -> had decay declared for leg: Pt = 45.6475, eta = 0.402425, phi = -0.657107, mass = 0.990503 !!
 (mass expected in the range = 0.13957..0.13957)
Warning: tau -> had decay declared for leg: Pt = 29.0731, eta = 0.0316913, phi = -0.330296, mass = 1.25677 !!
 (mass expected in the range = 0.13957..0.13957)
Warning: tau -> had decay declared for leg: Pt = 46.7445, eta = 0.706622, phi = -2.72064, mass = 0.782282 !!
 (mass expected in the range = 0.13957..0.13957)
Warning: tau -> had decay declared for leg: Pt = 21.9908, eta = -0.146442, phi = -0.981015, mass = 0.534246 !!
 (mass expected in the range = 0.13957..0.13957)
Warning: tau -> had decay declared for leg: Pt = 26.9517, eta = 0.0822046, phi = 1.86176, mass = 0.892833 !!
 (mass expected in the range = 0.13957..0.13957)
Warning: tau -> had decay declared for leg: Pt = 30.0349, eta = -1.99808, phi = -2.779, mass = 0.734425 !!
 (mass expected in the range = 0.13957..0.13957)
Warning: tau -> had decay declared for leg: Pt = 30.0349, eta = -1.99808, phi = -2.779, mass = 0.734425 !!
 (mass expected in the range = 0.13957..0.13957)
Warning: tau -> had decay declared for leg: Pt = 30.0349, eta = -1.99808, phi = -2.779, mass = 0.734425 !!
 (mass expected in the range = 0.13957..0.13957)
Warning: tau -> had decay declared for leg: Pt = 30.0349, eta = -1.99808, phi = -2.779, mass = 0.734425 !!
 (mass expected in the range = 0.13957..0.13957)
Warning: tau -> had decay declared for leg: Pt = 30.0349, eta = -1.99808, phi = -2.779, mass = 0.734425 !!
 (mass expected in the range = 0.13957..0.13957)
Warning: tau -> had decay declared for leg: Pt = 91.5846, eta = 0.0368977, phi = -2.44083, mass = 0.711542 !!
 (mass expected in the range = 0.13957..0.13957)
Warning: tau -> had decay declared for leg: Pt = 64.6855, eta = 0.678619, phi = 1.39056, mass = 0.451104 !!
 (mass expected in the range = 0.13957..0.13957)
Warning: tau -> had decay declared for leg: Pt = 64.6855, eta = 0.678619, phi = 1.39056, mass = 0.451104 !!
 (mass expected in the range = 0.13957..0.13957)
Warning: tau -> had decay declared for leg: Pt = 64.6855, eta = 0.678619, phi = 1.39056, mass = 0.451104 !!
 (mass expected in the range = 0.13957..0.13957)
Warning: tau -> had decay declared for leg: Pt = 64.6855, eta = 0.678619, phi = 1.39056, mass = 0.451104 !!
 (mass expected in the range = 0.13957..0.13957)
Warning: tau -> had decay declared for leg: Pt = 64.6855, eta = 0.678619, phi = 1.39056, mass = 0.451104 !!
 (mass expected in the range = 0.13957..0.13957)
Warning: tau -> had decay declared for leg: Pt = 35.7008, eta = 1.02828, phi = -0.324846, mass = 0.77124 !!
 (mass expected in the range = 0.13957..0.13957)
Warning: tau -> had decay declared for leg: Pt = 137.141, eta = 0.9869, phi = -0.855853, mass = 0.401817 !!
 (mass expected in the range = 0.13957..0.13957)
Warning: tau -> had decay declared for leg: Pt = 30.985, eta = 1.51289, phi = 1.43823, mass = 0.626471 !!
 (mass expected in the range = 0.13957..0.13957)
Warning: tau -> had decay declared for leg: Pt = 88.2617, eta = -0.215341, phi = -1.35705, mass = 0.929367 !!
 (mass expected in the range = 0.13957..0.13957)
Warning: tau -> had decay declared for leg: Pt = 21.8828, eta = 0.0912277, phi = -1.80669, mass = 1.02891 !!
 (mass expected in the range = 0.13957..0.13957)
Warning: tau -> had decay declared for leg: Pt = 21.8828, eta = 0.0912277, phi = -1.80669, mass = 1.02891 !!
 (mass expected in the range = 0.13957..0.13957)
Warning: tau -> had decay declared for leg: Pt = 21.8828, eta = 0.0912277, phi = -1.80669, mass = 1.02891 !!
 (mass expected in the range = 0.13957..0.13957)
Warning: tau -> had decay declared for leg: Pt = 21.8828, eta = 0.0912277, phi = -1.80669, mass = 1.02891 !!
 (mass expected in the range = 0.13957..0.13957)
Warning: tau -> had decay declared for leg: Pt = 21.8828, eta = 0.0912277, phi = -1.80669, mass = 1.02891 !!
 (mass expected in the range = 0.13957..0.13957)
Warning: tau -> had decay declared for leg: Pt = 43.8869, eta = 0.623973, phi = -0.938166, mass = 0.752236 !!
 (mass expected in the range = 0.13957..0.13957)
Warning: tau -> had decay declared for leg: Pt = 43.8869, eta = 0.623973, phi = -0.938166, mass = 0.752236 !!
 (mass expected in the range = 0.13957..0.13957)
Warning: tau -> had decay declared for leg: Pt = 43.8869, eta = 0.623973, phi = -0.938166, mass = 0.752236 !!
 (mass expected in the range = 0.13957..0.13957)
Warning: tau -> had decay declared for leg: Pt = 43.8869, eta = 0.623973, phi = -0.938166, mass = 0.752236 !!
 (mass expected in the range = 0.13957..0.13957)
Warning: tau -> had decay declared for leg: Pt = 43.8869, eta = 0.623973, phi = -0.938166, mass = 0.752236 !!
 (mass expected in the range = 0.13957..0.13957)
Warning: tau -> had decay declared for leg: Pt = 96.3726, eta = -0.546798, phi = -0.819648, mass = 0.959377 !!
 (mass expected in the range = 0.13957..0.13957)
Warning: tau -> had decay declared for leg: Pt = 120.684, eta = 1.02796, phi = 2.96046, mass = 0.701167 !!
 (mass expected in the range = 0.13957..0.13957)
Warning: tau -> had decay declared for leg: Pt = 24.3316, eta = 0.693261, phi = 1.55561, mass = 1.36372 !!
 (mass expected in the range = 0.13957..0.13957)
Warning: tau -> had decay declared for leg: Pt = 23.3437, eta = 1.89157, phi = 1.28391, mass = 0.847651 !!
 (mass expected in the range = 0.13957..0.13957)
Warning: tau -> had decay declared for leg: Pt = 81.3101, eta = 0.859238, phi = 2.88301, mass = 1.35421 !!
 (mass expected in the range = 0.13957..0.13957)
Warning: tau -> had decay declared for leg: Pt = 26.3833, eta = -0.226488, phi = -0.586102, mass = 1.03566 !!
 (mass expected in the range = 0.13957..0.13957)
Warning: tau -> had decay declared for leg: Pt = 26.3833, eta = -0.226488, phi = -0.586102, mass = 1.03566 !!
 (mass expected in the range = 0.13957..0.13957)
Warning: tau -> had decay declared for leg: Pt = 26.3833, eta = -0.226488, phi = -0.586102, mass = 1.03566 !!
 (mass expected in the range = 0.13957..0.13957)
Warning: tau -> had decay declared for leg: Pt = 26.3833, eta = -0.226488, phi = -0.586102, mass = 1.03566 !!
 (mass expected in the range = 0.13957..0.13957)
Warning: tau -> had decay declared for leg: Pt = 26.3833, eta = -0.226488, phi = -0.586102, mass = 1.03566 !!
 (mass expected in the range = 0.13957..0.13957)
Warning: tau -> had decay declared for leg: Pt = 65.3006, eta = 0.690318, phi = -3.08524, mass = 0.960236 !!
 (mass expected in the range = 0.13957..0.13957)
Warning: tau -> had decay declared for leg: Pt = 31.2201, eta = 0.828813, phi = -1.06707, mass = 0.486718 !!
 (mass expected in the range = 0.13957..0.13957)
Warning: tau -> had decay declared for leg: Pt = 31.2201, eta = 0.828813, phi = -1.06707, mass = 0.486718 !!
 (mass expected in the range = 0.13957..0.13957)
Warning: tau -> had decay declared for leg: Pt = 31.2201, eta = 0.828813, phi = -1.06707, mass = 0.486718 !!
 (mass expected in the range = 0.13957..0.13957)
Warning: tau -> had decay declared for leg: Pt = 31.2201, eta = 0.828813, phi = -1.06707, mass = 0.486718 !!
 (mass expected in the range = 0.13957..0.13957)
Warning: tau -> had decay declared for leg: Pt = 31.2201, eta = 0.828813, phi = -1.06707, mass = 0.486718 !!
 (mass expected in the range = 0.13957..0.13957)
Warning: tau -> had decay declared for leg: Pt = 27.8445, eta = 0.532736, phi = 2.31181, mass = 0.620483 !!
 (mass expected in the range = 0.13957..0.13957)
Warning: tau -> had decay declared for leg: Pt = 29.1598, eta = -1.34216, phi = -0.925038, mass = 1.23145 !!
 (mass expected in the range = 0.13957..0.13957)
Warning: tau -> had decay declared for leg: Pt = 29.0298, eta = 1.23065, phi = -3.09706, mass = 1.07139 !!
 (mass expected in the range = 0.13957..0.13957)
Warning: tau -> had decay declared for leg: Pt = 29.0298, eta = 1.23065, phi = -3.09706, mass = 1.07139 !!
 (mass expected in the range = 0.13957..0.13957)
Warning: tau -> had decay declared for leg: Pt = 29.0298, eta = 1.23065, phi = -3.09706, mass = 1.07139 !!
 (mass expected in the range = 0.13957..0.13957)
Warning: tau -> had decay declared for leg: Pt = 29.0298, eta = 1.23065, phi = -3.09706, mass = 1.07139 !!
 (mass expected in the range = 0.13957..0.13957)
Warning: tau -> had decay declared for leg: Pt = 29.0298, eta = 1.23065, phi = -3.09706, mass = 1.07139 !!
 (mass expected in the range = 0.13957..0.13957)
Warning: tau -> had decay declared for leg: Pt = 79.4727, eta = 0.307689, phi = -1.12878, mass = 1.22247 !!
 (mass expected in the range = 0.13957..0.13957)
Warning: tau -> had decay declared for leg: Pt = 77.0565, eta = 0.847598, phi = 0.836932, mass = 0.82547 !!
 (mass expected in the range = 0.13957..0.13957)
Warning: tau -> had decay declared for leg: Pt = 77.0565, eta = 0.847598, phi = 0.836932, mass = 0.82547 !!
 (mass expected in the range = 0.13957..0.13957)
Warning: tau -> had decay declared for leg: Pt = 77.0565, eta = 0.847598, phi = 0.836932, mass = 0.82547 !!
 (mass expected in the range = 0.13957..0.13957)
Warning: tau -> had decay declared for leg: Pt = 77.0565, eta = 0.847598, phi = 0.836932, mass = 0.82547 !!
 (mass expected in the range = 0.13957..0.13957)
Warning: tau -> had decay declared for leg: Pt = 77.0565, eta = 0.847598, phi = 0.836932, mass = 0.82547 !!
 (mass expected in the range = 0.13957..0.13957)
Warning: tau -> had decay declared for leg: Pt = 71.5608, eta = 0.481227, phi = -2.5592, mass = 0.579823 !!
 (mass expected in the range = 0.13957..0.13957)
Warning: tau -> had decay declared for leg: Pt = 71.5608, eta = 0.481227, phi = -2.5592, mass = 0.579823 !!
 (mass expected in the range = 0.13957..0.13957)
Warning: tau -> had decay declared for leg: Pt = 71.5608, eta = 0.481227, phi = -2.5592, mass = 0.579823 !!
 (mass expected in the range = 0.13957..0.13957)
Warning: tau -> had decay declared for leg: Pt = 71.5608, eta = 0.481227, phi = -2.5592, mass = 0.579823 !!
 (mass expected in the range = 0.13957..0.13957)
Warning: tau -> had decay declared for leg: Pt = 71.5608, eta = 0.481227, phi = -2.5592, mass = 0.579823 !!
 (mass expected in the range = 0.13957..0.13957)
Warning: tau -> had decay declared for leg: Pt = 23.4661, eta = 0.0629423, phi = -1.36869, mass = 0.866776 !!
 (mass expected in the range = 0.13957..0.13957)
Warning: tau -> had decay declared for leg: Pt = 46.5091, eta = 0.507468, phi = -0.297266, mass = 1.04493 !!
 (mass expected in the range = 0.13957..0.13957)
Warning: tau -> had decay declared for leg: Pt = 49.068, eta = -0.453317, phi = -0.17896, mass = 0.734328 !!
 (mass expected in the range = 0.13957..0.13957)
Warning: tau -> had decay declared for leg: Pt = 85.5932, eta = 0.579079, phi = 0.50039, mass = 0.579118 !!
 (mass expected in the range = 0.13957..0.13957)
Warning: tau -> had decay declared for leg: Pt = 43.109, eta = 0.862216, phi = -0.0120646, mass = 0.311102 !!
 (mass expected in the range = 0.13957..0.13957)
Warning: tau -> had decay declared for leg: Pt = 43.109, eta = 0.862216, phi = -0.0120646, mass = 0.311102 !!
 (mass expected in the range = 0.13957..0.13957)
Warning: tau -> had decay declared for leg: Pt = 43.109, eta = 0.862216, phi = -0.0120646, mass = 0.311102 !!
 (mass expected in the range = 0.13957..0.13957)
Warning: tau -> had decay declared for leg: Pt = 43.109, eta = 0.862216, phi = -0.0120646, mass = 0.311102 !!
 (mass expected in the range = 0.13957..0.13957)
Warning: tau -> had decay declared for leg: Pt = 43.109, eta = 0.862216, phi = -0.0120646, mass = 0.311102 !!
 (mass expected in the range = 0.13957..0.13957)
Warning: tau -> had decay declared for leg: Pt = 73.6244, eta = 0.446022, phi = 1.1959, mass = 0.924328 !!
 (mass expected in the range = 0.13957..0.13957)
Warning: tau -> had decay declared for leg: Pt = 50.9501, eta = 1.17074, phi = -2.58692, mass = 0.625463 !!
 (mass expected in the range = 0.13957..0.13957)
Warning: tau -> had decay declared for leg: Pt = 71.5072, eta = -2.01902, phi = 1.99467, mass = 1.17758 !!
 (mass expected in the range = 0.13957..0.13957)
Warning: tau -> had decay declared for leg: Pt = 44.1091, eta = 0.386245, phi = -0.909952, mass = 1.17327 !!
 (mass expected in the range = 0.13957..0.13957)
Warning: tau -> had decay declared for leg: Pt = 24.673, eta = -0.953869, phi = -3.09706, mass = 0.618025 !!
 (mass expected in the range = 0.13957..0.13957)
Warning: tau -> had decay declared for leg: Pt = 33.6595, eta = 0.045991, phi = -0.216326, mass = 0.885305 !!
 (mass expected in the range = 0.13957..0.13957)
Warning: tau -> had decay declared for leg: Pt = 40.113, eta = 1.11623, phi = -0.0399383, mass = 1.00081 !!
 (mass expected in the range = 0.13957..0.13957)
Warning: tau -> had decay declared for leg: Pt = 66.0029, eta = -1.4774, phi = -1.80758, mass = 1.0862 !!
 (mass expected in the range = 0.13957..0.13957)
Warning: tau -> had decay declared for leg: Pt = 39.4005, eta = 0.81638, phi = 1.84155, mass = 0.902468 !!
 (mass expected in the range = 0.13957..0.13957)
Warning: tau -> had decay declared for leg: Pt = 64.0408, eta = -0.26213, phi = -1.43013, mass = 1.07926 !!
 (mass expected in the range = 0.13957..0.13957)
Warning: tau -> had decay declared for leg: Pt = 28.4945, eta = -0.268952, phi = -1.80153, mass = 0.477806 !!
 (mass expected in the range = 0.13957..0.13957)
Warning: tau -> had decay declared for leg: Pt = 28.4945, eta = -0.268952, phi = -1.80153, mass = 0.477806 !!
 (mass expected in the range = 0.13957..0.13957)
Warning: tau -> had decay declared for leg: Pt = 28.4945, eta = -0.268952, phi = -1.80153, mass = 0.477806 !!
 (mass expected in the range = 0.13957..0.13957)
Warning: tau -> had decay declared for leg: Pt = 28.4945, eta = -0.268952, phi = -1.80153, mass = 0.477806 !!
 (mass expected in the range = 0.13957..0.13957)
Warning: tau -> had decay declared for leg: Pt = 28.4945, eta = -0.268952, phi = -1.80153, mass = 0.477806 !!
 (mass expected in the range = 0.13957..0.13957)
Warning: tau -> had decay declared for leg: Pt = 91.0419, eta = 0.207121, phi = -2.30523, mass = 1.16314 !!
 (mass expected in the range = 0.13957..0.13957)
Warning: tau -> had decay declared for leg: Pt = 91.0419, eta = 0.207121, phi = -2.30523, mass = 1.16314 !!
 (mass expected in the range = 0.13957..0.13957)
Warning: tau -> had decay declared for leg: Pt = 91.0419, eta = 0.207121, phi = -2.30523, mass = 1.16314 !!
 (mass expected in the range = 0.13957..0.13957)
Warning: tau -> had decay declared for leg: Pt = 91.0419, eta = 0.207121, phi = -2.30523, mass = 1.16314 !!
 (mass expected in the range = 0.13957..0.13957)
Warning: tau -> had decay declared for leg: Pt = 91.0419, eta = 0.207121, phi = -2.30523, mass = 1.16314 !!
 (mass expected in the range = 0.13957..0.13957)
Warning: tau -> had decay declared for leg: Pt = 24.6314, eta = 0.527633, phi = -1.00077, mass = 0.746199 !!
 (mass expected in the range = 0.13957..0.13957)
Warning: tau -> had decay declared for leg: Pt = 134.266, eta = 0.696193, phi = 1.14847, mass = 1.15267 !!
 (mass expected in the range = 0.13957..0.13957)
