040 (3536301.000.000) 2024-07-08 16:52:33 Started transferring input files
	Transferring to host: <131.225.188.184:9618?addrs=[2620-6a-0-8421-f0-0-188-184]-9618+131.225.188.184-9618&alias=cmswn2061.fnal.gov&noUDP&sock=slot1_24_2620_c6e4_5759>
...
040 (3536301.000.000) 2024-07-08 16:52:33 Finished transferring input files
...
001 (3536301.000.000) 2024-07-08 16:52:34 Job executing on host: <131.225.188.184:9618?addrs=[2620-6a-0-8421-f0-0-188-184]-9618+131.225.188.184-9618&alias=cmswn2061.fnal.gov&noUDP&sock=startd_2115_4ae5>
	SlotName: slot1_24@cmswn2061.fnal.gov
	CondorScratchDir = "/storage/local/data1/condor/execute/dir_1180825"
	Cpus = 1
	Disk = 1607548
	Memory = 2048
...
040 (3536301.000.000) 2024-07-08 16:52:49 Started transferring output files
...
040 (3536301.000.000) 2024-07-08 16:52:49 Finished transferring output files
...
005 (3536301.000.000) 2024-07-08 16:52:52 Job terminated.
	(1) Normal termination (return value 1)
		Usr 0 00:00:00, Sys 0 00:00:00  -  Run Remote Usage
		Usr 0 00:00:00, Sys 0 00:00:00  -  Run Local Usage
		Usr 0 00:00:00, Sys 0 00:00:00  -  Total Remote Usage
		Usr 0 00:00:00, Sys 0 00:00:00  -  Total Local Usage
	1386  -  Run Bytes Sent By Job
	11440  -  Run Bytes Received By Job
	1386  -  Total Bytes Sent By Job
	11440  -  Total Bytes Received By Job
	Partitionable Resources :    Usage  Request Allocated 
	   Cpus                 :        0        1         1 
	   Disk (KB)            :       43        4   1607548 
	   Memory (MB)          :              2048      2048 

	Job terminated of its own accord at 2024-07-08T21:52:49Z with exit-code 1.
...
