040 (3536159.000.000) 2024-07-08 16:39:39 Started transferring input files
	Transferring to host: <131.225.189.134:9618?addrs=[2620-6a-0-8421-f0-0-189-134]-9618+131.225.189.134-9618&alias=cmswn2104.fnal.gov&noUDP&sock=slot1_32_451910_3a02_2589>
...
040 (3536159.000.000) 2024-07-08 16:39:39 Finished transferring input files
...
001 (3536159.000.000) 2024-07-08 16:39:40 Job executing on host: <131.225.189.134:9618?addrs=[2620-6a-0-8421-f0-0-189-134]-9618+131.225.189.134-9618&alias=cmswn2104.fnal.gov&noUDP&sock=startd_2197_89a9>
	SlotName: slot1_32@cmswn2104.fnal.gov
	CondorScratchDir = "/storage/local/data1/condor/execute/dir_3723058"
	Cpus = 1
	Disk = 3453101
	Memory = 2048
...
040 (3536159.000.000) 2024-07-08 16:39:46 Started transferring output files
...
040 (3536159.000.000) 2024-07-08 16:39:46 Finished transferring output files
...
005 (3536159.000.000) 2024-07-08 16:39:46 Job terminated.
	(1) Normal termination (return value 1)
		Usr 0 00:00:00, Sys 0 00:00:00  -  Run Remote Usage
		Usr 0 00:00:00, Sys 0 00:00:00  -  Run Local Usage
		Usr 0 00:00:00, Sys 0 00:00:00  -  Total Remote Usage
		Usr 0 00:00:00, Sys 0 00:00:00  -  Total Local Usage
	1386  -  Run Bytes Sent By Job
	11440  -  Run Bytes Received By Job
	1386  -  Total Bytes Sent By Job
	11440  -  Total Bytes Received By Job
	Partitionable Resources :    Usage  Request Allocated 
	   Cpus                 :        0        1         1 
	   Disk (KB)            :       43        4   3453101 
	   Memory (MB)          :              2048      2048 

	Job terminated of its own accord at 2024-07-08T21:39:46Z with exit-code 1.
...
040 (33520922.000.000) 2024-07-09 01:30:40 Started transferring input files
	Transferring to host: <131.225.189.15:9618?addrs=[2620-6a-0-8421-f0-0-189-15]-9618+131.225.189.15-9618&alias=cmswn2079.fnal.gov&noUDP&sock=slot1_17_2339_c978_2430>
...
040 (33520922.000.000) 2024-07-09 01:30:40 Finished transferring input files
...
001 (33520922.000.000) 2024-07-09 01:30:41 Job executing on host: <131.225.189.15:9618?addrs=[2620-6a-0-8421-f0-0-189-15]-9618+131.225.189.15-9618&alias=cmswn2079.fnal.gov&noUDP&sock=startd_1955_8bbd>
	SlotName: slot1_17@cmswn2079.fnal.gov
	CondorScratchDir = "/storage/local/data1/condor/execute/dir_3314289"
	Cpus = 1
	Disk = 1621207
	Memory = 2048
...
040 (33520922.000.000) 2024-07-09 01:37:24 Started transferring output files
...
040 (33520922.000.000) 2024-07-09 01:37:24 Finished transferring output files
...
005 (33520922.000.000) 2024-07-09 01:37:28 Job terminated.
	(1) Normal termination (return value 0)
		Usr 0 00:00:00, Sys 0 00:00:00  -  Run Remote Usage
		Usr 0 00:00:00, Sys 0 00:00:00  -  Run Local Usage
		Usr 0 00:00:00, Sys 0 00:00:00  -  Total Remote Usage
		Usr 0 00:00:00, Sys 0 00:00:00  -  Total Local Usage
	13425  -  Run Bytes Sent By Job
	11452  -  Run Bytes Received By Job
	13425  -  Total Bytes Sent By Job
	11452  -  Total Bytes Received By Job
	Partitionable Resources :     Usage  Request Allocated 
	   Cpus                 :      0.09        1         1 
	   Disk (KB)            : 102618           4   1621207 
	   Memory (MB)          :               2048      2048 

	Job terminated of its own accord at 2024-07-09T06:37:23Z with exit-code 0.
...
