[FERMIHTC-APPTAINER]: INFO -- ApptainerImage classAd detected
[FERMIHTC-APPTAINER]: INFO -- Attempting to run job in /cvmfs/singularity.opensciencegrid.org/cmssw/cms:rhel7
[FERMIHTC-APPTAINER]: INFO -- Running /cvmfs/oasis.opensciencegrid.org/mis/apptainer/current/bin/apptainer exec --pid --ipc --contain --bind /cvmfs --bind /etc/hosts --bind /etc/grid-security --home /storage/local/data1/condor/execute/dir_4069600:/srv --pwd /srv /cvmfs/singularity.opensciencegrid.org/cmssw/cms:rhel7 ./run_condor.csh plotBoostedTauTau.py ./filelists/AToTauTau/UL16pre/ALP_M-50_HT-100to400_preVFPUL16/ALP_M-50_HT-100to400_preVFPUL16_0.txt root://cmseos.fnal.gov//store/user/dalam/UL2016pre/ TCP 16pre
Starting job on  Tue Jul 9 10:21:12 UTC 2024
Running on: Linux dalam-65483373-0-cmswn2053.fnal.gov 5.14.0-427.18.1.el9_4.x86_64 #1 SMP PREEMPT_DYNAMIC Tue May 28 06:27:02 EDT 2024 x86_64 x86_64 x86_64 GNU/Linux
System software: CentOS Linux release 7.9.2009 (Core)
Done: ProjectRename
Arguments passed to this script are: 
  script: plotBoostedTauTau.py
  input files: ./filelists/AToTauTau/UL16pre/ALP_M-50_HT-100to400_preVFPUL16/ALP_M-50_HT-100to400_preVFPUL16_0.txt
  output dir: root://cmseos.fnal.gov//store/user/dalam/UL2016pre/
  mode: TCP
  year: 16pre
mode: 1
tau_e tau_mu
Kappa: 3
SVFit Mass: 46.8797
mode: 1
tau_e tau_mu
Kappa: 3
SVFit Mass: 46.8797
mode: 1
tau_e tau_mu
Kappa: 3
SVFit Mass: 40.9957
mode: 2
tau_mu tau_h
Kappa: 4
SVFit Mass: 52.3367
mode: 1
tau_e tau_mu
Kappa: 3
SVFit Mass: 26.3292
mode: 1
tau_e tau_mu
Kappa: 3
SVFit Mass: 53.0407
mode: 1
tau_e tau_mu
Kappa: 3
SVFit Mass: 53.0407
mode: 2
tau_mu tau_h
Kappa: 4
SVFit Mass: 39.4473
mode: 1
tau_e tau_mu
Kappa: 3
SVFit Mass: 46.18
mode: 1
tau_e tau_mu
Kappa: 3
SVFit Mass: 46.18
mode: 2
tau_mu tau_h
Kappa: 4
SVFit Mass: 43.9499
mode: 2
tau_mu tau_h
Kappa: 4
SVFit Mass: 50.9065
mode: 2
tau_mu tau_h
Kappa: 4
SVFit Mass: 50.9065
mode: 2
tau_mu tau_h
Kappa: 4
SVFit Mass: 50.9065
mode: 2
tau_mu tau_h
Kappa: 4
SVFit Mass: 50.9065
mode: 2
tau_mu tau_h
Kappa: 4
SVFit Mass: 50.9065
mode: 1
tau_e tau_mu
Kappa: 3
SVFit Mass: 47.9931
mode: 2
tau_mu tau_h
Kappa: 4
SVFit Mass: 46.1466
mode: 2
tau_mu tau_h
Kappa: 4
SVFit Mass: 46.1466
mode: 2
tau_mu tau_h
Kappa: 4
SVFit Mass: 46.1466
mode: 2
tau_mu tau_h
Kappa: 4
SVFit Mass: 46.1466
mode: 2
tau_mu tau_h
Kappa: 4
SVFit Mass: 46.1466
mode: 2
tau_mu tau_h
Kappa: 4
SVFit Mass: 49.302
mode: 1
tau_e tau_mu
Kappa: 3
SVFit Mass: 65.4465
mode: 1
tau_e tau_mu
Kappa: 3
SVFit Mass: 65.4465
mode: 2
tau_mu tau_h
Kappa: 4
SVFit Mass: 43.0239
mode: 2
tau_mu tau_h
Kappa: 4
SVFit Mass: 49.4289
mode: 2
tau_mu tau_h
Kappa: 4
SVFit Mass: 191.661
mode: 1
tau_e tau_mu
Kappa: 3
SVFit Mass: 53.4774
mode: 2
tau_mu tau_h
Kappa: 4
SVFit Mass: 50.8979
mode: 1
tau_e tau_mu
Kappa: 3
SVFit Mass: 52.8314
mode: 1
tau_e tau_mu
Kappa: 3
SVFit Mass: 52.8314
mode: 2
tau_mu tau_h
Kappa: 4
SVFit Mass: 47.8695
mode: 2
tau_mu tau_h
Kappa: 4
SVFit Mass: 51.2331
mode: 1
tau_e tau_mu
Kappa: 3
SVFit Mass: 56.1064
mode: 1
tau_e tau_mu
Kappa: 3
SVFit Mass: 56.1064
mode: 1
tau_e tau_mu
Kappa: 3
SVFit Mass: 56.1064
mode: 1
tau_e tau_mu
Kappa: 3
SVFit Mass: 56.1064
mode: 2
tau_mu tau_h
Kappa: 4
SVFit Mass: 41.9691
mode: 2
tau_mu tau_h
Kappa: 4
SVFit Mass: 580.042
mode: 2
tau_mu tau_h
Kappa: 4
SVFit Mass: 43.0583
mode: 2
tau_mu tau_h
Kappa: 4
SVFit Mass: 53.8119
mode: 2
tau_mu tau_h
Kappa: 4
SVFit Mass: 49.9705
mode: 1
tau_e tau_mu
Kappa: 3
SVFit Mass: 57.4906
mode: 1
tau_e tau_mu
Kappa: 3
SVFit Mass: 57.4906
mode: 2
tau_mu tau_h
Kappa: 4
SVFit Mass: 54.7389
mode: 2
tau_mu tau_h
Kappa: 4
SVFit Mass: 41.8421
mode: 2
tau_mu tau_h
Kappa: 4
SVFit Mass: 47.3712
mode: 1
tau_e tau_mu
Kappa: 3
SVFit Mass: 61.1702
mode: 2
tau_mu tau_h
Kappa: 4
SVFit Mass: 50.9975
mode: 2
tau_mu tau_h
Kappa: 4
SVFit Mass: 50.9975
mode: 2
tau_mu tau_h
Kappa: 4
SVFit Mass: 50.9975
mode: 2
tau_mu tau_h
Kappa: 4
SVFit Mass: 50.9975
mode: 2
tau_mu tau_h
Kappa: 4
SVFit Mass: 50.9975
mode: 1
tau_e tau_mu
Kappa: 3
SVFit Mass: 42.127
mode: 1
tau_e tau_mu
Kappa: 3
SVFit Mass: 49.1883
mode: 2
tau_mu tau_h
Kappa: 4
SVFit Mass: 47.9635
mode: 2
tau_mu tau_h
Kappa: 4
SVFit Mass: 47.9635
mode: 2
tau_mu tau_h
Kappa: 4
SVFit Mass: 47.9635
mode: 2
tau_mu tau_h
Kappa: 4
SVFit Mass: 47.9635
mode: 2
tau_mu tau_h
Kappa: 4
SVFit Mass: 47.9635
mode: 1
tau_e tau_mu
Kappa: 3
SVFit Mass: 51.4434
mode: 1
tau_e tau_mu
Kappa: 3
SVFit Mass: 51.4434
mode: 1
tau_e tau_mu
Kappa: 3
SVFit Mass: 51.4434
mode: 1
tau_e tau_mu
Kappa: 3
SVFit Mass: 51.4434
mode: 1
tau_e tau_mu
Kappa: 3
SVFit Mass: 50.6285
mode: 1
tau_e tau_mu
Kappa: 3
SVFit Mass: 46.4138
mode: 1
tau_e tau_mu
Kappa: 3
SVFit Mass: 46.4138
mode: 1
tau_e tau_mu
Kappa: 3
SVFit Mass: 46.4138
mode: 1
tau_e tau_mu
Kappa: 3
SVFit Mass: 46.4138
mode: 1
tau_e tau_mu
Kappa: 3
SVFit Mass: 50.5277
mode: 2
tau_mu tau_h
Kappa: 4
SVFit Mass: 40.7132
mode: 2
tau_mu tau_h
Kappa: 4
SVFit Mass: 40.7132
mode: 2
tau_mu tau_h
Kappa: 4
SVFit Mass: 40.7132
mode: 2
tau_mu tau_h
Kappa: 4
SVFit Mass: 40.7132
mode: 2
tau_mu tau_h
Kappa: 4
SVFit Mass: 40.7132
mode: 2
tau_mu tau_h
Kappa: 4
SVFit Mass: 49.5512
mode: 2
tau_mu tau_h
Kappa: 4
SVFit Mass: 42.4254
mode: 1
tau_e tau_mu
Kappa: 3
SVFit Mass: 43.6595
mode: 1
tau_e tau_mu
Kappa: 3
SVFit Mass: 43.6595
mode: 1
tau_e tau_mu
Kappa: 3
SVFit Mass: 35.559
mode: 1
tau_e tau_mu
Kappa: 3
SVFit Mass: 35.559
mode: 1
tau_e tau_mu
Kappa: 3
SVFit Mass: 38.1526
mode: 1
tau_e tau_mu
Kappa: 3
SVFit Mass: 38.1526
mode: 1
tau_e tau_mu
Kappa: 3
SVFit Mass: 38.1526
mode: 1
tau_e tau_mu
Kappa: 3
SVFit Mass: 38.1526
mode: 1
tau_e tau_mu
Kappa: 3
SVFit Mass: 56.0339
mode: 2
tau_mu tau_h
Kappa: 4
SVFit Mass: 39.586
mode: 2
tau_mu tau_h
Kappa: 4
SVFit Mass: 52.1205
mode: 2
tau_mu tau_h
Kappa: 4
SVFit Mass: 218.987
mode: 1
tau_e tau_mu
Kappa: 3
SVFit Mass: 46.5829
mode: 1
tau_e tau_mu
Kappa: 3
SVFit Mass: 46.5829
mode: 1
tau_e tau_mu
Kappa: 3
SVFit Mass: 46.5829
mode: 1
tau_e tau_mu
Kappa: 3
SVFit Mass: 46.5829
mode: 2
tau_mu tau_h
Kappa: 4
SVFit Mass: 48.6606
mode: 1
tau_e tau_mu
Kappa: 3
SVFit Mass: 42.897
mode: 1
tau_e tau_mu
Kappa: 3
SVFit Mass: 42.897
mode: 1
tau_e tau_mu
Kappa: 3
SVFit Mass: 42.897
mode: 1
tau_e tau_mu
Kappa: 3
SVFit Mass: 42.897
mode: 2
tau_mu tau_h
Kappa: 4
SVFit Mass: 53.0072
mode: 1
tau_e tau_mu
Kappa: 3
SVFit Mass: 49.859
mode: 1
tau_e tau_mu
Kappa: 3
SVFit Mass: 42.7118
mode: 1
tau_e tau_mu
Kappa: 3
SVFit Mass: 52.8461
mode: 1
tau_e tau_mu
Kappa: 3
SVFit Mass: 52.8461
mode: 1
tau_e tau_mu
Kappa: 3
SVFit Mass: 42.1872
mode: 1
tau_e tau_mu
Kappa: 3
SVFit Mass: 42.1872
mode: 1
tau_e tau_mu
Kappa: 3
SVFit Mass: 42.1872
mode: 1
tau_e tau_mu
Kappa: 3
SVFit Mass: 42.1872
mode: 1
tau_e tau_mu
Kappa: 3
SVFit Mass: 43.1506
mode: 2
tau_mu tau_h
Kappa: 4
SVFit Mass: 37.7981
mode: 1
tau_e tau_mu
Kappa: 3
SVFit Mass: 28.7841
mode: 1
tau_e tau_mu
Kappa: 3
SVFit Mass: 43.4383
mode: 1
tau_e tau_mu
Kappa: 3
SVFit Mass: 43.4383
mode: 1
tau_e tau_mu
Kappa: 3
SVFit Mass: 43.4383
mode: 1
tau_e tau_mu
Kappa: 3
SVFit Mass: 43.4383
mode: 1
tau_e tau_mu
Kappa: 3
SVFit Mass: 45.309
mode: 1
tau_e tau_mu
Kappa: 3
SVFit Mass: 45.309
mode: 2
tau_mu tau_h
Kappa: 4
SVFit Mass: 47.2661
mode: 2
tau_mu tau_h
Kappa: 4
SVFit Mass: 47.2661
mode: 2
tau_mu tau_h
Kappa: 4
SVFit Mass: 47.2661
mode: 2
tau_mu tau_h
Kappa: 4
SVFit Mass: 47.2661
mode: 2
tau_mu tau_h
Kappa: 4
SVFit Mass: 47.2661
mode: 2
tau_mu tau_h
Kappa: 4
SVFit Mass: 57.124
mode: 2
tau_mu tau_h
Kappa: 4
SVFit Mass: 405.559
mode: 2
tau_mu tau_h
Kappa: 4
SVFit Mass: 51.4744
mode: 2
tau_mu tau_h
Kappa: 4
SVFit Mass: 51.4744
mode: 2
tau_mu tau_h
Kappa: 4
SVFit Mass: 51.4744
mode: 2
tau_mu tau_h
Kappa: 4
SVFit Mass: 51.4744
mode: 2
tau_mu tau_h
Kappa: 4
SVFit Mass: 51.4744
mode: 2
tau_mu tau_h
Kappa: 4
SVFit Mass: 59.0157
mode: 2
tau_mu tau_h
Kappa: 4
SVFit Mass: 37.2537
mode: 2
tau_mu tau_h
Kappa: 4
SVFit Mass: 47.7155
mode: 2
tau_mu tau_h
Kappa: 4
SVFit Mass: 47.7155
mode: 2
tau_mu tau_h
Kappa: 4
SVFit Mass: 47.7155
mode: 2
tau_mu tau_h
Kappa: 4
SVFit Mass: 47.7155
mode: 2
tau_mu tau_h
Kappa: 4
SVFit Mass: 47.7155
mode: 2
tau_mu tau_h
Kappa: 4
SVFit Mass: 50.6003
mode: 1
tau_e tau_mu
Kappa: 3
SVFit Mass: 48.3633
mode: 1
tau_e tau_mu
Kappa: 3
SVFit Mass: 32.2981
mode: 2
tau_mu tau_h
Kappa: 4
SVFit Mass: 34.2399
mode: 1
tau_e tau_mu
Kappa: 3
SVFit Mass: 45.3593
mode: 1
tau_e tau_mu
Kappa: 3
SVFit Mass: 45.5031
mode: 2
tau_mu tau_h
Kappa: 4
SVFit Mass: 44.7206
mode: 2
tau_mu tau_h
Kappa: 4
SVFit Mass: 53.2287
mode: 2
tau_mu tau_h
Kappa: 4
SVFit Mass: 35.553
mode: 2
tau_mu tau_h
Kappa: 4
SVFit Mass: 35.553
mode: 2
tau_mu tau_h
Kappa: 4
SVFit Mass: 35.553
mode: 2
tau_mu tau_h
Kappa: 4
SVFit Mass: 35.553
mode: 2
tau_mu tau_h
Kappa: 4
SVFit Mass: 35.553
mode: 2
tau_mu tau_h
Kappa: 4
SVFit Mass: 52.9792
mode: 1
tau_e tau_mu
Kappa: 3
SVFit Mass: 35.8229
mode: 1
tau_e tau_mu
Kappa: 3
SVFit Mass: 35.8229
mode: 1
tau_e tau_mu
Kappa: 3
SVFit Mass: 35.8229
mode: 1
tau_e tau_mu
Kappa: 3
SVFit Mass: 35.8229
mode: 2
tau_mu tau_h
Kappa: 4
SVFit Mass: 52.7005
mode: 2
tau_mu tau_h
Kappa: 4
SVFit Mass: 52.7005
mode: 2
tau_mu tau_h
Kappa: 4
SVFit Mass: 52.7005
mode: 2
tau_mu tau_h
Kappa: 4
SVFit Mass: 52.7005
mode: 2
tau_mu tau_h
Kappa: 4
SVFit Mass: 52.7005
mode: 1
tau_e tau_mu
Kappa: 3
SVFit Mass: 58.501
mode: 1
tau_e tau_mu
Kappa: 3
SVFit Mass: 58.501
mode: 1
tau_e tau_mu
Kappa: 3
SVFit Mass: 58.501
mode: 1
tau_e tau_mu
Kappa: 3
SVFit Mass: 58.501
mode: 1
tau_e tau_mu
Kappa: 3
SVFit Mass: 60.4389
mode: 2
tau_mu tau_h
Kappa: 4
SVFit Mass: 34.3157
mode: 1
tau_e tau_mu
Kappa: 3
SVFit Mass: 31.973
mode: 1
tau_e tau_mu
Kappa: 3
SVFit Mass: 31.973
mode: 1
tau_e tau_mu
Kappa: 3
SVFit Mass: 31.973
mode: 1
tau_e tau_mu
Kappa: 3
SVFit Mass: 31.973
mode: 2
tau_mu tau_h
Kappa: 4
SVFit Mass: 36.6763
mode: 1
tau_e tau_mu
Kappa: 3
SVFit Mass: 51.0811
mode: 1
tau_e tau_mu
Kappa: 3
SVFit Mass: 51.0811
mode: 1
tau_e tau_mu
Kappa: 3
SVFit Mass: 47.0732
mode: 1
tau_e tau_mu
Kappa: 3
SVFit Mass: 49.2067
mode: 1
tau_e tau_mu
Kappa: 3
SVFit Mass: 49.2067
mode: 2
tau_mu tau_h
Kappa: 4
SVFit Mass: 39.412
mode: 2
tau_mu tau_h
Kappa: 4
SVFit Mass: 42.016
mode: 2
tau_mu tau_h
Kappa: 4
SVFit Mass: 44.4169
mode: 2
tau_mu tau_h
Kappa: 4
SVFit Mass: 57.6401
mode: 1
tau_e tau_mu
Kappa: 3
SVFit Mass: 80.3949
mode: 2
tau_mu tau_h
Kappa: 4
SVFit Mass: 37.5929
mode: 2
tau_mu tau_h
Kappa: 4
SVFit Mass: 42.9808
mode: 2
tau_mu tau_h
Kappa: 4
SVFit Mass: 42.9808
mode: 2
tau_mu tau_h
Kappa: 4
SVFit Mass: 42.9808
mode: 2
tau_mu tau_h
Kappa: 4
SVFit Mass: 42.9808
mode: 2
tau_mu tau_h
Kappa: 4
SVFit Mass: 42.9808
mode: 1
tau_e tau_mu
Kappa: 3
SVFit Mass: 48.8143
mode: 1
tau_e tau_mu
Kappa: 3
SVFit Mass: 48.8143
mode: 2
tau_mu tau_h
Kappa: 4
SVFit Mass: 142.811
mode: 2
tau_mu tau_h
Kappa: 4
SVFit Mass: 51.1445
mode: 2
tau_mu tau_h
Kappa: 4
SVFit Mass: 49.6464
mode: 2
tau_mu tau_h
Kappa: 4
SVFit Mass: 49.6464
mode: 2
tau_mu tau_h
Kappa: 4
SVFit Mass: 49.6464
mode: 2
tau_mu tau_h
Kappa: 4
SVFit Mass: 49.6464
mode: 2
tau_mu tau_h
Kappa: 4
SVFit Mass: 49.6464
mode: 2
tau_mu tau_h
Kappa: 4
SVFit Mass: 45.3784
mode: 2
tau_mu tau_h
Kappa: 4
SVFit Mass: 45.3784
mode: 2
tau_mu tau_h
Kappa: 4
SVFit Mass: 45.3784
mode: 2
tau_mu tau_h
Kappa: 4
SVFit Mass: 45.3784
mode: 2
tau_mu tau_h
Kappa: 4
SVFit Mass: 45.3784
mode: 2
tau_mu tau_h
Kappa: 4
SVFit Mass: 56.7238
mode: 2
tau_mu tau_h
Kappa: 4
SVFit Mass: 56.7238
mode: 2
tau_mu tau_h
Kappa: 4
SVFit Mass: 56.7238
mode: 2
tau_mu tau_h
Kappa: 4
SVFit Mass: 56.7238
mode: 2
tau_mu tau_h
Kappa: 4
SVFit Mass: 56.7238
mode: 2
tau_mu tau_h
Kappa: 4
SVFit Mass: 33.4145
mode: 2
tau_mu tau_h
Kappa: 4
SVFit Mass: 33.4145
mode: 2
tau_mu tau_h
Kappa: 4
SVFit Mass: 33.4145
mode: 2
tau_mu tau_h
Kappa: 4
SVFit Mass: 158.962
mode: 1
tau_e tau_mu
Kappa: 3
SVFit Mass: 38.5136
mode: 2
tau_mu tau_h
Kappa: 4
SVFit Mass: 43.5122
mode: 1
tau_e tau_mu
Kappa: 3
SVFit Mass: 87.4614
mode: 2
tau_mu tau_h
Kappa: 4
SVFit Mass: 41.4024
mode: 1
tau_e tau_mu
Kappa: 3
SVFit Mass: 71.3376
mode: 1
tau_e tau_mu
Kappa: 3
SVFit Mass: 71.3376
mode: 2
tau_mu tau_h
Kappa: 4
SVFit Mass: 48.4564
mode: 2
tau_mu tau_h
Kappa: 4
SVFit Mass: 35.1288
mode: 2
tau_mu tau_h
Kappa: 4
SVFit Mass: 35.1288
mode: 2
tau_mu tau_h
Kappa: 4
SVFit Mass: 35.1288
mode: 2
tau_mu tau_h
Kappa: 4
SVFit Mass: 35.1288
mode: 2
tau_mu tau_h
Kappa: 4
SVFit Mass: 35.1288
mode: 2
tau_mu tau_h
Kappa: 4
SVFit Mass: 44.8801
mode: 2
tau_mu tau_h
Kappa: 4
SVFit Mass: 44.8801
mode: 2
tau_mu tau_h
Kappa: 4
SVFit Mass: 44.8801
mode: 2
tau_mu tau_h
Kappa: 4
SVFit Mass: 44.8801
mode: 2
tau_mu tau_h
Kappa: 4
SVFit Mass: 44.8801
mode: 1
tau_e tau_mu
Kappa: 3
SVFit Mass: 67.6505
mode: 1
tau_e tau_mu
Kappa: 3
SVFit Mass: 45.6641
mode: 1
tau_e tau_mu
Kappa: 3
SVFit Mass: 45.6641
mode: 1
tau_e tau_mu
Kappa: 3
SVFit Mass: 45.6641
mode: 1
tau_e tau_mu
Kappa: 3
SVFit Mass: 45.6641
mode: 2
tau_mu tau_h
Kappa: 4
SVFit Mass: 155.468
mode: 2
tau_mu tau_h
Kappa: 4
SVFit Mass: 54.1135
mode: 1
tau_e tau_mu
Kappa: 3
SVFit Mass: 50.5269
mode: 1
tau_e tau_mu
Kappa: 3
SVFit Mass: 50.5269
mode: 2
tau_mu tau_h
Kappa: 4
SVFit Mass: 56.167
mode: 1
tau_e tau_mu
Kappa: 3
SVFit Mass: 44.8271
mode: 1
tau_e tau_mu
Kappa: 3
SVFit Mass: 44.8271
mode: 2
tau_mu tau_h
Kappa: 4
SVFit Mass: 57.7451
mode: 2
tau_mu tau_h
Kappa: 4
SVFit Mass: 57.7451
mode: 2
tau_mu tau_h
Kappa: 4
SVFit Mass: 57.7451
mode: 2
tau_mu tau_h
Kappa: 4
SVFit Mass: 57.7451
mode: 2
tau_mu tau_h
Kappa: 4
SVFit Mass: 57.7451
mode: 2
tau_mu tau_h
Kappa: 4
SVFit Mass: 46.0326
mode: 2
tau_mu tau_h
Kappa: 4
SVFit Mass: 46.0326
mode: 2
tau_mu tau_h
Kappa: 4
SVFit Mass: 46.0326
mode: 2
tau_mu tau_h
Kappa: 4
SVFit Mass: 46.0326
mode: 2
tau_mu tau_h
Kappa: 4
SVFit Mass: 46.0326
mode: 1
tau_e tau_mu
Kappa: 3
SVFit Mass: 46.9058
mode: 1
tau_e tau_mu
Kappa: 3
SVFit Mass: 46.9058
mode: 1
tau_e tau_mu
Kappa: 3
SVFit Mass: 46.9058
mode: 1
tau_e tau_mu
Kappa: 3
SVFit Mass: 46.9058
mode: 2
tau_mu tau_h
Kappa: 4
SVFit Mass: 60.909
mode: 2
tau_mu tau_h
Kappa: 4
SVFit Mass: 42.3189
mode: 1
tau_e tau_mu
Kappa: 3
SVFit Mass: 36.9742
mode: 1
tau_e tau_mu
Kappa: 3
SVFit Mass: 36.9742
mode: 2
tau_mu tau_h
Kappa: 4
SVFit Mass: 38.7258
mode: 2
tau_mu tau_h
Kappa: 4
SVFit Mass: 38.7258
mode: 2
tau_mu tau_h
Kappa: 4
SVFit Mass: 38.7258
mode: 2
tau_mu tau_h
Kappa: 4
SVFit Mass: 38.7258
mode: 2
tau_mu tau_h
Kappa: 4
SVFit Mass: 38.7258
mode: 2
tau_mu tau_h
Kappa: 4
SVFit Mass: 45.5714
mode: 2
tau_mu tau_h
Kappa: 4
SVFit Mass: 48.1218
mode: 2
tau_mu tau_h
Kappa: 4
SVFit Mass: 54.9711
mode: 1
tau_e tau_mu
Kappa: 3
SVFit Mass: 53.7999
mode: 1
tau_e tau_mu
Kappa: 3
SVFit Mass: 53.7999
mode: 1
tau_e tau_mu
Kappa: 3
SVFit Mass: 53.7999
mode: 1
tau_e tau_mu
Kappa: 3
SVFit Mass: 53.7999
mode: 2
tau_mu tau_h
Kappa: 4
SVFit Mass: 50.967
mode: 2
tau_mu tau_h
Kappa: 4
SVFit Mass: 52.4598
mode: 1
tau_e tau_mu
Kappa: 3
SVFit Mass: 54.4809
mode: 1
tau_e tau_mu
Kappa: 3
SVFit Mass: 50.3852
mode: 2
tau_mu tau_h
Kappa: 4
SVFit Mass: 41.7218
mode: 2
tau_mu tau_h
Kappa: 4
SVFit Mass: 41.7218
mode: 2
tau_mu tau_h
Kappa: 4
SVFit Mass: 41.7218
mode: 2
tau_mu tau_h
Kappa: 4
SVFit Mass: 41.7218
mode: 2
tau_mu tau_h
Kappa: 4
SVFit Mass: 41.7218
mode: 2
tau_mu tau_h
Kappa: 4
SVFit Mass: 46.392
mode: 2
tau_mu tau_h
Kappa: 4
SVFit Mass: 47.3066
mode: 1
tau_e tau_mu
Kappa: 3
SVFit Mass: 56.5588
mode: 1
tau_e tau_mu
Kappa: 3
SVFit Mass: 47.0531
mode: 1
tau_e tau_mu
Kappa: 3
SVFit Mass: 47.0531
mode: 2
tau_mu tau_h
Kappa: 4
SVFit Mass: 34.0091
mode: 2
tau_mu tau_h
Kappa: 4
SVFit Mass: 34.0091
mode: 2
tau_mu tau_h
Kappa: 4
SVFit Mass: 34.0091
mode: 2
tau_mu tau_h
Kappa: 4
SVFit Mass: 34.0091
mode: 2
tau_mu tau_h
Kappa: 4
SVFit Mass: 34.0091
mode: 2
tau_mu tau_h
Kappa: 4
SVFit Mass: 38.1174
mode: 2
tau_mu tau_h
Kappa: 4
SVFit Mass: 38.1174
mode: 2
tau_mu tau_h
Kappa: 4
SVFit Mass: 38.1174
mode: 2
tau_mu tau_h
Kappa: 4
SVFit Mass: 38.1174
mode: 2
tau_mu tau_h
Kappa: 4
SVFit Mass: 38.1174
mode: 2
tau_mu tau_h
Kappa: 4
SVFit Mass: 55.1431
mode: 1
tau_e tau_mu
Kappa: 3
SVFit Mass: 50.8525
mode: 1
tau_e tau_mu
Kappa: 3
SVFit Mass: 50.8525
mode: 2
tau_mu tau_h
Kappa: 4
SVFit Mass: 42.7668
mode: 2
tau_mu tau_h
Kappa: 4
SVFit Mass: 53.4611
mode: 2
tau_mu tau_h
Kappa: 4
SVFit Mass: 47.7313
mode: 1
tau_e tau_mu
Kappa: 3
SVFit Mass: 53.9823
mode: 1
tau_e tau_mu
Kappa: 3
SVFit Mass: 53.9823
mode: 1
tau_e tau_mu
Kappa: 3
SVFit Mass: 53.9823
mode: 1
tau_e tau_mu
Kappa: 3
SVFit Mass: 53.9823
mode: 2
tau_mu tau_h
Kappa: 4
SVFit Mass: 51.633
mode: 2
tau_mu tau_h
Kappa: 4
SVFit Mass: 31.5177
mode: 2
tau_mu tau_h
Kappa: 4
SVFit Mass: 31.5177
mode: 2
tau_mu tau_h
Kappa: 4
SVFit Mass: 31.5177
mode: 2
tau_mu tau_h
Kappa: 4
SVFit Mass: 31.5177
mode: 2
tau_mu tau_h
Kappa: 4
SVFit Mass: 31.5177
mode: 2
tau_mu tau_h
Kappa: 4
SVFit Mass: 56.7412
mode: 2
tau_mu tau_h
Kappa: 4
SVFit Mass: 38.8385
mode: 2
tau_mu tau_h
Kappa: 4
SVFit Mass: 65.4531
mode: 1
tau_e tau_mu
Kappa: 3
SVFit Mass: 55.8215
mode: 1
tau_e tau_mu
Kappa: 3
SVFit Mass: 55.8215
mode: 1
tau_e tau_mu
Kappa: 3
SVFit Mass: 55.8215
mode: 1
tau_e tau_mu
Kappa: 3
SVFit Mass: 55.8215
mode: 1
tau_e tau_mu
Kappa: 3
SVFit Mass: 52.1206
mode: 1
tau_e tau_mu
Kappa: 3
SVFit Mass: 52.1206
mode: 2
tau_mu tau_h
Kappa: 4
SVFit Mass: 316.478
mode: 2
tau_mu tau_h
Kappa: 4
SVFit Mass: 61.9773
mode: 2
tau_mu tau_h
Kappa: 4
SVFit Mass: 61.9773
mode: 2
tau_mu tau_h
Kappa: 4
SVFit Mass: 61.9773
mode: 2
tau_mu tau_h
Kappa: 4
SVFit Mass: 61.9773
mode: 2
tau_mu tau_h
Kappa: 4
SVFit Mass: 61.9773
mode: 2
tau_mu tau_h
Kappa: 4
SVFit Mass: 53.6114
mode: 2
tau_mu tau_h
Kappa: 4
SVFit Mass: 53.6114
mode: 2
tau_mu tau_h
Kappa: 4
SVFit Mass: 53.6114
mode: 2
tau_mu tau_h
Kappa: 4
SVFit Mass: 53.6114
mode: 2
tau_mu tau_h
Kappa: 4
SVFit Mass: 53.6114
mode: 2
tau_mu tau_h
Kappa: 4
SVFit Mass: 38.7433
mode: 1
tau_e tau_mu
Kappa: 3
SVFit Mass: 53.4052
mode: 1
tau_e tau_mu
Kappa: 3
SVFit Mass: 53.4052
mode: 2
tau_mu tau_h
Kappa: 4
SVFit Mass: 53.6716
mode: 2
tau_mu tau_h
Kappa: 4
SVFit Mass: 53.6716
mode: 2
tau_mu tau_h
Kappa: 4
SVFit Mass: 53.6716
mode: 2
tau_mu tau_h
Kappa: 4
SVFit Mass: 53.6716
mode: 2
tau_mu tau_h
Kappa: 4
SVFit Mass: 53.6716
{'lowMET_BFlavour': <cppyy.gbl.TH2F object at 0x4acd220>, 'highMET_BFlavour': <cppyy.gbl.TH2F object at 0x7a0ae00>, 'lowMET_CFlavour': <cppyy.gbl.TH2F object at 0x7a0a440>, 'highMET_CFlavour': <cppyy.gbl.TH2F object at 0x7a09fc0>, 'lowMET_LFlavour': <cppyy.gbl.TH2F object at 0x7a0a900>, 'highMET_LFlavour': <cppyy.gbl.TH2F object at 0x7a1bd50>}
root://cmseos.fnal.gov//store/user/dalam/UL2016pre/h_plotBoostedTauTau_16pre_ALP_M-50_HT-100to400_preVFPUL16_0.root
root://cmsio2.rc.ufl.edu:1094//store/user/zhangj/TCPNtuple/AToTauTau_ALP_M-50_HT-100to400_TuneCP5_13TeV-madgraphMLM-pythia8/Ntuple_ALP_M-50_HT-100to400_preVFPUL16_miniAODv2_v5/240514_010130/0000/TCPNtuple_Backgrounds_1.root
root://cmsio2.rc.ufl.edu:1094//store/user/zhangj/TCPNtuple/AToTauTau_ALP_M-50_HT-100to400_TuneCP5_13TeV-madgraphMLM-pythia8/Ntuple_ALP_M-50_HT-100to400_preVFPUL16_miniAODv2_v5/240514_010130/0000/TCPNtuple_Backgrounds_3.root
root://cmsio2.rc.ufl.edu:1094//store/user/zhangj/TCPNtuple/AToTauTau_ALP_M-50_HT-100to400_TuneCP5_13TeV-madgraphMLM-pythia8/Ntuple_ALP_M-50_HT-100to400_preVFPUL16_miniAODv2_v5/240514_010130/0000/TCPNtuple_Backgrounds_4.root
root://cmsio2.rc.ufl.edu:1094//store/user/zhangj/TCPNtuple/AToTauTau_ALP_M-50_HT-100to400_TuneCP5_13TeV-madgraphMLM-pythia8/Ntuple_ALP_M-50_HT-100to400_preVFPUL16_miniAODv2_v5/240514_010130/0000/TCPNtuple_Backgrounds_2.root
--- 494.79126358032227 seconds ---
