[8MB/19.45MB][ 41%][====================>                             ][8MB/s]  [19.45MB/19.45MB][100%][==================================================][19.45MB/s]  [19.45MB/19.45MB][100%][==================================================][19.45MB/s]  
Warning: tau -> had decay declared for leg: Pt = 133.359, eta = -0.707974, phi = -1.43514, mass = 0.403649 !!
 (mass expected in the range = 0.13957..0.13957)
Warning: tau -> had decay declared for leg: Pt = 133.359, eta = -0.707974, phi = -1.43514, mass = 0.403649 !!
 (mass expected in the range = 0.13957..0.13957)
Warning: tau -> had decay declared for leg: Pt = 133.359, eta = -0.707974, phi = -1.43514, mass = 0.403649 !!
 (mass expected in the range = 0.13957..0.13957)
Warning: tau -> had decay declared for leg: Pt = 133.359, eta = -0.707974, phi = -1.43514, mass = 0.403649 !!
 (mass expected in the range = 0.13957..0.13957)
Warning: tau -> had decay declared for leg: Pt = 133.359, eta = -0.707974, phi = -1.43514, mass = 0.403649 !!
 (mass expected in the range = 0.13957..0.13957)
Warning: tau -> had decay declared for leg: Pt = 58.7924, eta = 0.0526111, phi = -1.92029, mass = 0.889156 !!
 (mass expected in the range = 0.13957..0.13957)
Warning: tau -> had decay declared for leg: Pt = 36.2805, eta = -0.462239, phi = 1.03949, mass = 1.4858 !!
 (mass expected in the range = 0.13957..0.13957)
Warning: tau -> had decay declared for leg: Pt = 36.2805, eta = -0.462239, phi = 1.03949, mass = 1.4858 !!
 (mass expected in the range = 0.13957..0.13957)
Warning: tau -> had decay declared for leg: Pt = 36.2805, eta = -0.462239, phi = 1.03949, mass = 1.4858 !!
 (mass expected in the range = 0.13957..0.13957)
Warning: tau -> had decay declared for leg: Pt = 36.2805, eta = -0.462239, phi = 1.03949, mass = 1.4858 !!
 (mass expected in the range = 0.13957..0.13957)
Warning: tau -> had decay declared for leg: Pt = 36.2805, eta = -0.462239, phi = 1.03949, mass = 1.4858 !!
 (mass expected in the range = 0.13957..0.13957)
Warning: tau -> had decay declared for leg: Pt = 38.5366, eta = -1.75983, phi = -2.82896, mass = 1.33097 !!
 (mass expected in the range = 0.13957..0.13957)
Warning: tau -> had decay declared for leg: Pt = 81.38, eta = 0.571887, phi = -0.361717, mass = 1.13912 !!
 (mass expected in the range = 0.13957..0.13957)
Warning: tau -> had decay declared for leg: Pt = 81.38, eta = 0.571887, phi = -0.361717, mass = 1.13912 !!
 (mass expected in the range = 0.13957..0.13957)
Warning: tau -> had decay declared for leg: Pt = 81.38, eta = 0.571887, phi = -0.361717, mass = 1.13912 !!
 (mass expected in the range = 0.13957..0.13957)
Warning: tau -> had decay declared for leg: Pt = 81.38, eta = 0.571887, phi = -0.361717, mass = 1.13912 !!
 (mass expected in the range = 0.13957..0.13957)
Warning: tau -> had decay declared for leg: Pt = 81.38, eta = 0.571887, phi = -0.361717, mass = 1.13912 !!
 (mass expected in the range = 0.13957..0.13957)
Warning: tau -> had decay declared for leg: Pt = 55.7177, eta = 1.57426, phi = 2.20989, mass = 0.557138 !!
 (mass expected in the range = 0.13957..0.13957)
Warning: tau -> had decay declared for leg: Pt = 55.7177, eta = 1.57426, phi = 2.20989, mass = 0.557138 !!
 (mass expected in the range = 0.13957..0.13957)
Warning: tau -> had decay declared for leg: Pt = 55.7177, eta = 1.57426, phi = 2.20989, mass = 0.557138 !!
 (mass expected in the range = 0.13957..0.13957)
Warning: tau -> had decay declared for leg: Pt = 55.7177, eta = 1.57426, phi = 2.20989, mass = 0.557138 !!
 (mass expected in the range = 0.13957..0.13957)
Warning: tau -> had decay declared for leg: Pt = 55.7177, eta = 1.57426, phi = 2.20989, mass = 0.557138 !!
 (mass expected in the range = 0.13957..0.13957)
Warning: tau -> had decay declared for leg: Pt = 37.0073, eta = 0.896441, phi = 0.964654, mass = 0.446816 !!
 (mass expected in the range = 0.13957..0.13957)
Warning: tau -> had decay declared for leg: Pt = 20.0491, eta = 1.60987, phi = 0.779163, mass = 0.898813 !!
 (mass expected in the range = 0.13957..0.13957)
Warning: tau -> had decay declared for leg: Pt = 60.286, eta = -0.783254, phi = 1.41219, mass = 1.16021 !!
 (mass expected in the range = 0.13957..0.13957)
Warning: tau -> had decay declared for leg: Pt = 57.3766, eta = 0.828784, phi = 0.70467, mass = 1.23003 !!
 (mass expected in the range = 0.13957..0.13957)
Warning: tau -> had decay declared for leg: Pt = 147.531, eta = 0.0922275, phi = 1.25781, mass = 0.646457 !!
 (mass expected in the range = 0.13957..0.13957)
Warning: tau -> had decay declared for leg: Pt = 98.1555, eta = 0.355118, phi = 0.158872, mass = 1.08575 !!
 (mass expected in the range = 0.13957..0.13957)
Warning: tau -> had decay declared for leg: Pt = 57.5728, eta = -1.7358, phi = 3.11443, mass = 1.28434 !!
 (mass expected in the range = 0.13957..0.13957)
Warning: tau -> had decay declared for leg: Pt = 57.5728, eta = -1.7358, phi = 3.11443, mass = 1.28434 !!
 (mass expected in the range = 0.13957..0.13957)
Warning: tau -> had decay declared for leg: Pt = 57.5728, eta = -1.7358, phi = 3.11443, mass = 1.28434 !!
 (mass expected in the range = 0.13957..0.13957)
Warning: tau -> had decay declared for leg: Pt = 57.5728, eta = -1.7358, phi = 3.11443, mass = 1.28434 !!
 (mass expected in the range = 0.13957..0.13957)
Warning: tau -> had decay declared for leg: Pt = 57.5728, eta = -1.7358, phi = 3.11443, mass = 1.28434 !!
 (mass expected in the range = 0.13957..0.13957)
Warning: tau -> had decay declared for leg: Pt = 35.1219, eta = -0.125117, phi = 0.188366, mass = 0.666999 !!
 (mass expected in the range = 0.13957..0.13957)
Warning: tau -> had decay declared for leg: Pt = 35.1219, eta = -0.125117, phi = 0.188366, mass = 0.666999 !!
 (mass expected in the range = 0.13957..0.13957)
Warning: tau -> had decay declared for leg: Pt = 35.1219, eta = -0.125117, phi = 0.188366, mass = 0.666999 !!
 (mass expected in the range = 0.13957..0.13957)
Warning: tau -> had decay declared for leg: Pt = 35.1219, eta = -0.125117, phi = 0.188366, mass = 0.666999 !!
 (mass expected in the range = 0.13957..0.13957)
Warning: tau -> had decay declared for leg: Pt = 35.1219, eta = -0.125117, phi = 0.188366, mass = 0.666999 !!
 (mass expected in the range = 0.13957..0.13957)
Warning: tau -> had decay declared for leg: Pt = 47.1212, eta = -0.782477, phi = 2.11572, mass = 1.00867 !!
 (mass expected in the range = 0.13957..0.13957)
Warning: tau -> had decay declared for leg: Pt = 47.1212, eta = -0.782477, phi = 2.11572, mass = 1.00867 !!
 (mass expected in the range = 0.13957..0.13957)
Warning: tau -> had decay declared for leg: Pt = 47.1212, eta = -0.782477, phi = 2.11572, mass = 1.00867 !!
 (mass expected in the range = 0.13957..0.13957)
Warning: tau -> had decay declared for leg: Pt = 47.1212, eta = -0.782477, phi = 2.11572, mass = 1.00867 !!
 (mass expected in the range = 0.13957..0.13957)
Warning: tau -> had decay declared for leg: Pt = 47.1212, eta = -0.782477, phi = 2.11572, mass = 1.00867 !!
 (mass expected in the range = 0.13957..0.13957)
Warning: tau -> had decay declared for leg: Pt = 24.2345, eta = -1.2872, phi = -1.00486, mass = 0.668331 !!
 (mass expected in the range = 0.13957..0.13957)
Warning: tau -> had decay declared for leg: Pt = 24.2345, eta = -1.2872, phi = -1.00486, mass = 0.668331 !!
 (mass expected in the range = 0.13957..0.13957)
Warning: tau -> had decay declared for leg: Pt = 24.2345, eta = -1.2872, phi = -1.00486, mass = 0.668331 !!
 (mass expected in the range = 0.13957..0.13957)
Warning: tau -> had decay declared for leg: Pt = 24.2345, eta = -1.2872, phi = -1.00486, mass = 0.668331 !!
 (mass expected in the range = 0.13957..0.13957)
Warning: tau -> had decay declared for leg: Pt = 24.2345, eta = -1.2872, phi = -1.00486, mass = 0.668331 !!
 (mass expected in the range = 0.13957..0.13957)
Warning: tau -> had decay declared for leg: Pt = 52.3275, eta = 0.570644, phi = 0.514088, mass = 1.19371 !!
 (mass expected in the range = 0.13957..0.13957)
Warning: tau -> had decay declared for leg: Pt = 52.3275, eta = 0.570644, phi = 0.514088, mass = 1.19371 !!
 (mass expected in the range = 0.13957..0.13957)
Warning: tau -> had decay declared for leg: Pt = 52.3275, eta = 0.570644, phi = 0.514088, mass = 1.19371 !!
 (mass expected in the range = 0.13957..0.13957)
Warning: tau -> had decay declared for leg: Pt = 52.3275, eta = 0.570644, phi = 0.514088, mass = 1.19371 !!
 (mass expected in the range = 0.13957..0.13957)
Warning: tau -> had decay declared for leg: Pt = 52.3275, eta = 0.570644, phi = 0.514088, mass = 1.19371 !!
 (mass expected in the range = 0.13957..0.13957)
Warning: tau -> had decay declared for leg: Pt = 69.3336, eta = 0.807631, phi = -2.05996, mass = 0.416613 !!
 (mass expected in the range = 0.13957..0.13957)
Warning: tau -> had decay declared for leg: Pt = 113.765, eta = -0.525854, phi = 1.86816, mass = 1.01559 !!
 (mass expected in the range = 0.13957..0.13957)
Warning: tau -> had decay declared for leg: Pt = 113.765, eta = -0.525854, phi = 1.86816, mass = 1.01559 !!
 (mass expected in the range = 0.13957..0.13957)
Warning: tau -> had decay declared for leg: Pt = 113.765, eta = -0.525854, phi = 1.86816, mass = 1.01559 !!
 (mass expected in the range = 0.13957..0.13957)
Warning: tau -> had decay declared for leg: Pt = 113.765, eta = -0.525854, phi = 1.86816, mass = 1.01559 !!
 (mass expected in the range = 0.13957..0.13957)
Warning: tau -> had decay declared for leg: Pt = 113.765, eta = -0.525854, phi = 1.86816, mass = 1.01559 !!
 (mass expected in the range = 0.13957..0.13957)
Warning: tau -> had decay declared for leg: Pt = 23.3838, eta = -0.402134, phi = 2.8529, mass = 0.896496 !!
 (mass expected in the range = 0.13957..0.13957)
Warning: tau -> had decay declared for leg: Pt = 91.1318, eta = 0.0103262, phi = -0.187667, mass = 0.800789 !!
 (mass expected in the range = 0.13957..0.13957)
Warning: tau -> had decay declared for leg: Pt = 133.598, eta = -0.547469, phi = 0.453961, mass = 0.69672 !!
 (mass expected in the range = 0.13957..0.13957)
Warning: tau -> had decay declared for leg: Pt = 65.0894, eta = 2.25523, phi = -1.90782, mass = 1.22683 !!
 (mass expected in the range = 0.13957..0.13957)
Warning: tau -> had decay declared for leg: Pt = 65.0894, eta = 2.25523, phi = -1.90782, mass = 1.22683 !!
 (mass expected in the range = 0.13957..0.13957)
Warning: tau -> had decay declared for leg: Pt = 65.0894, eta = 2.25523, phi = -1.90782, mass = 1.22683 !!
 (mass expected in the range = 0.13957..0.13957)
Warning: tau -> had decay declared for leg: Pt = 65.0894, eta = 2.25523, phi = -1.90782, mass = 1.22683 !!
 (mass expected in the range = 0.13957..0.13957)
Warning: tau -> had decay declared for leg: Pt = 65.0894, eta = 2.25523, phi = -1.90782, mass = 1.22683 !!
 (mass expected in the range = 0.13957..0.13957)
Warning: tau -> had decay declared for leg: Pt = 34.62, eta = 1.55369, phi = 1.01774, mass = 0.668957 !!
 (mass expected in the range = 0.13957..0.13957)
Warning: tau -> had decay declared for leg: Pt = 20.4092, eta = 1.19972, phi = 0.282979, mass = 0.893447 !!
 (mass expected in the range = 0.13957..0.13957)
Warning: tau -> had decay declared for leg: Pt = 26.6269, eta = 1.03238, phi = 2.35718, mass = 0.70726 !!
 (mass expected in the range = 0.13957..0.13957)
Warning: tau -> had decay declared for leg: Pt = 72.0243, eta = 1.56622, phi = 2.1387, mass = 0.795529 !!
 (mass expected in the range = 0.13957..0.13957)
Warning: tau -> had decay declared for leg: Pt = 72.0243, eta = 1.56622, phi = 2.1387, mass = 0.795529 !!
 (mass expected in the range = 0.13957..0.13957)
Warning: tau -> had decay declared for leg: Pt = 72.0243, eta = 1.56622, phi = 2.1387, mass = 0.795529 !!
 (mass expected in the range = 0.13957..0.13957)
Warning: tau -> had decay declared for leg: Pt = 72.0243, eta = 1.56622, phi = 2.1387, mass = 0.795529 !!
 (mass expected in the range = 0.13957..0.13957)
Warning: tau -> had decay declared for leg: Pt = 72.0243, eta = 1.56622, phi = 2.1387, mass = 0.795529 !!
 (mass expected in the range = 0.13957..0.13957)
Warning: tau -> had decay declared for leg: Pt = 21.7066, eta = -0.693419, phi = -0.031108, mass = 0.834334 !!
 (mass expected in the range = 0.13957..0.13957)
Warning: tau -> had decay declared for leg: Pt = 115.542, eta = -0.677407, phi = 3.08933, mass = 0.443233 !!
 (mass expected in the range = 0.13957..0.13957)
Warning: tau -> had decay declared for leg: Pt = 40.8308, eta = -1.40849, phi = 1.20916, mass = 1.30431 !!
 (mass expected in the range = 0.13957..0.13957)
Warning: tau -> had decay declared for leg: Pt = 40.8308, eta = -1.40849, phi = 1.20916, mass = 1.30431 !!
 (mass expected in the range = 0.13957..0.13957)
Warning: tau -> had decay declared for leg: Pt = 40.8308, eta = -1.40849, phi = 1.20916, mass = 1.30431 !!
 (mass expected in the range = 0.13957..0.13957)
Warning: tau -> had decay declared for leg: Pt = 40.8308, eta = -1.40849, phi = 1.20916, mass = 1.30431 !!
 (mass expected in the range = 0.13957..0.13957)
Warning: tau -> had decay declared for leg: Pt = 40.8308, eta = -1.40849, phi = 1.20916, mass = 1.30431 !!
 (mass expected in the range = 0.13957..0.13957)
Warning: tau -> had decay declared for leg: Pt = 40.3046, eta = -0.0381716, phi = -2.49587, mass = 0.688597 !!
 (mass expected in the range = 0.13957..0.13957)
Warning: tau -> had decay declared for leg: Pt = 67.2846, eta = 0.568332, phi = -0.627827, mass = 1.30078 !!
 (mass expected in the range = 0.13957..0.13957)
Warning: tau -> had decay declared for leg: Pt = 67.2846, eta = 0.568332, phi = -0.627827, mass = 1.30078 !!
 (mass expected in the range = 0.13957..0.13957)
Warning: tau -> had decay declared for leg: Pt = 67.2846, eta = 0.568332, phi = -0.627827, mass = 1.30078 !!
 (mass expected in the range = 0.13957..0.13957)
Warning: tau -> had decay declared for leg: Pt = 67.2846, eta = 0.568332, phi = -0.627827, mass = 1.30078 !!
 (mass expected in the range = 0.13957..0.13957)
Warning: tau -> had decay declared for leg: Pt = 67.2846, eta = 0.568332, phi = -0.627827, mass = 1.30078 !!
 (mass expected in the range = 0.13957..0.13957)
Warning: tau -> had decay declared for leg: Pt = 96.5625, eta = -0.704011, phi = -0.545422, mass = 0.353732 !!
 (mass expected in the range = 0.13957..0.13957)
Warning: tau -> had decay declared for leg: Pt = 96.5625, eta = -0.704011, phi = -0.545422, mass = 0.353732 !!
 (mass expected in the range = 0.13957..0.13957)
Warning: tau -> had decay declared for leg: Pt = 96.5625, eta = -0.704011, phi = -0.545422, mass = 0.353732 !!
 (mass expected in the range = 0.13957..0.13957)
Warning: tau -> had decay declared for leg: Pt = 96.5625, eta = -0.704011, phi = -0.545422, mass = 0.353732 !!
 (mass expected in the range = 0.13957..0.13957)
Warning: tau -> had decay declared for leg: Pt = 96.5625, eta = -0.704011, phi = -0.545422, mass = 0.353732 !!
 (mass expected in the range = 0.13957..0.13957)
Warning: tau -> had decay declared for leg: Pt = 157.094, eta = 0.20347, phi = -3.00846, mass = 1.60215 !!
 (mass expected in the range = 0.13957..0.13957)
Warning: tau -> had decay declared for leg: Pt = 26.0843, eta = 0.403246, phi = 3.10994, mass = 1.26921 !!
 (mass expected in the range = 0.13957..0.13957)
Warning: tau -> had decay declared for leg: Pt = 26.0843, eta = 0.403246, phi = 3.10994, mass = 1.26921 !!
 (mass expected in the range = 0.13957..0.13957)
Warning: tau -> had decay declared for leg: Pt = 26.0843, eta = 0.403246, phi = 3.10994, mass = 1.26921 !!
 (mass expected in the range = 0.13957..0.13957)
Warning: tau -> had decay declared for leg: Pt = 26.0843, eta = 0.403246, phi = 3.10994, mass = 1.26921 !!
 (mass expected in the range = 0.13957..0.13957)
Warning: tau -> had decay declared for leg: Pt = 26.0843, eta = 0.403246, phi = 3.10994, mass = 1.26921 !!
 (mass expected in the range = 0.13957..0.13957)
Warning: tau -> had decay declared for leg: Pt = 52.987, eta = 0.959092, phi = -2.84683, mass = 0.868168 !!
 (mass expected in the range = 0.13957..0.13957)
Warning: tau -> had decay declared for leg: Pt = 52.987, eta = 0.959092, phi = -2.84683, mass = 0.868168 !!
 (mass expected in the range = 0.13957..0.13957)
Warning: tau -> had decay declared for leg: Pt = 52.987, eta = 0.959092, phi = -2.84683, mass = 0.868168 !!
 (mass expected in the range = 0.13957..0.13957)
Warning: tau -> had decay declared for leg: Pt = 52.987, eta = 0.959092, phi = -2.84683, mass = 0.868168 !!
 (mass expected in the range = 0.13957..0.13957)
Warning: tau -> had decay declared for leg: Pt = 52.987, eta = 0.959092, phi = -2.84683, mass = 0.868168 !!
 (mass expected in the range = 0.13957..0.13957)
Warning: tau -> had decay declared for leg: Pt = 21.355, eta = 1.29387, phi = 2.64939, mass = 0.768765 !!
 (mass expected in the range = 0.13957..0.13957)
Warning: tau -> had decay declared for leg: Pt = 74.1726, eta = -1.06435, phi = -0.0608584, mass = 1.04309 !!
 (mass expected in the range = 0.13957..0.13957)
Warning: tau -> had decay declared for leg: Pt = 74.1726, eta = -1.06435, phi = -0.0608584, mass = 1.04309 !!
 (mass expected in the range = 0.13957..0.13957)
Warning: tau -> had decay declared for leg: Pt = 74.1726, eta = -1.06435, phi = -0.0608584, mass = 1.04309 !!
 (mass expected in the range = 0.13957..0.13957)
Warning: tau -> had decay declared for leg: Pt = 74.1726, eta = -1.06435, phi = -0.0608584, mass = 1.04309 !!
 (mass expected in the range = 0.13957..0.13957)
Warning: tau -> had decay declared for leg: Pt = 74.1726, eta = -1.06435, phi = -0.0608584, mass = 1.04309 !!
 (mass expected in the range = 0.13957..0.13957)
Warning: tau -> had decay declared for leg: Pt = 23.4305, eta = 1.48785, phi = 0.76275, mass = 0.36961 !!
 (mass expected in the range = 0.13957..0.13957)
Warning: tau -> had decay declared for leg: Pt = 93.3101, eta = 0.0954623, phi = 0.297798, mass = 1.64365 !!
 (mass expected in the range = 0.13957..0.13957)
Warning: tau -> had decay declared for leg: Pt = 93.3101, eta = 0.0954623, phi = 0.297798, mass = 1.64365 !!
 (mass expected in the range = 0.13957..0.13957)
Warning: tau -> had decay declared for leg: Pt = 93.3101, eta = 0.0954623, phi = 0.297798, mass = 1.64365 !!
 (mass expected in the range = 0.13957..0.13957)
Warning: tau -> had decay declared for leg: Pt = 93.3101, eta = 0.0954623, phi = 0.297798, mass = 1.64365 !!
 (mass expected in the range = 0.13957..0.13957)
Warning: tau -> had decay declared for leg: Pt = 93.3101, eta = 0.0954623, phi = 0.297798, mass = 1.64365 !!
 (mass expected in the range = 0.13957..0.13957)
