040 (65483358.000.000) 2024-07-09 05:20:38 Started transferring input files
	Transferring to host: <131.225.189.36:9618?addrs=[2620-6a-0-8421-f0-0-189-36]-9618+131.225.189.36-9618&alias=cmswn2089.fnal.gov&noUDP&sock=slot1_36_3917342_917b_19896>
...
040 (65483358.000.000) 2024-07-09 05:20:38 Finished transferring input files
...
001 (65483358.000.000) 2024-07-09 05:20:39 Job executing on host: <131.225.189.36:9618?addrs=[2620-6a-0-8421-f0-0-189-36]-9618+131.225.189.36-9618&alias=cmswn2089.fnal.gov&noUDP&sock=startd_2244_c69c>
	SlotName: slot1_36@cmswn2089.fnal.gov
	CondorScratchDir = "/storage/local/data1/condor/execute/dir_1900532"
	Cpus = 1
	Disk = 1596864
	Memory = 2048
...
040 (65483358.000.000) 2024-07-09 05:57:31 Started transferring output files
...
040 (65483358.000.000) 2024-07-09 05:57:31 Finished transferring output files
...
005 (65483358.000.000) 2024-07-09 05:57:32 Job terminated.
	(1) Normal termination (return value 0)
		Usr 0 00:00:00, Sys 0 00:00:00  -  Run Remote Usage
		Usr 0 00:00:00, Sys 0 00:00:00  -  Run Local Usage
		Usr 0 00:00:00, Sys 0 00:00:00  -  Total Remote Usage
		Usr 0 00:00:00, Sys 0 00:00:00  -  Total Local Usage
	603702  -  Run Bytes Sent By Job
	11452  -  Run Bytes Received By Job
	603702  -  Total Bytes Sent By Job
	11452  -  Total Bytes Received By Job
	Partitionable Resources :     Usage  Request Allocated 
	   Cpus                 :      0.00        1         1 
	   Disk (KB)            : 152870           4   1596864 
	   Memory (MB)          :               2048      2048 

	Job terminated of its own accord at 2024-07-09T10:57:31Z with exit-code 0.
...
