040 (3536314.000.000) 2024-07-08 16:52:57 Started transferring input files
	Transferring to host: <131.225.189.204:9618?addrs=[2620-6a-0-8421-f0-0-189-204]-9618+131.225.189.204-9618&alias=cmswn2141.fnal.gov&noUDP&sock=slot1_26_2655_7005_13002>
...
040 (3536314.000.000) 2024-07-08 16:52:57 Finished transferring input files
...
001 (3536314.000.000) 2024-07-08 16:52:58 Job executing on host: <131.225.189.204:9618?addrs=[2620-6a-0-8421-f0-0-189-204]-9618+131.225.189.204-9618&alias=cmswn2141.fnal.gov&noUDP&sock=startd_2381_bf16>
	SlotName: slot1_26@cmswn2141.fnal.gov
	CondorScratchDir = "/storage/local/data1/condor/execute/dir_3898824"
	Cpus = 1
	Disk = 3675490
	Memory = 2048
...
040 (3536314.000.000) 2024-07-08 16:53:31 Started transferring output files
...
040 (3536314.000.000) 2024-07-08 16:53:31 Finished transferring output files
...
005 (3536314.000.000) 2024-07-08 16:53:32 Job terminated.
	(1) Normal termination (return value 1)
		Usr 0 00:00:00, Sys 0 00:00:00  -  Run Remote Usage
		Usr 0 00:00:00, Sys 0 00:00:00  -  Run Local Usage
		Usr 0 00:00:00, Sys 0 00:00:00  -  Total Remote Usage
		Usr 0 00:00:00, Sys 0 00:00:00  -  Total Local Usage
	1386  -  Run Bytes Sent By Job
	11440  -  Run Bytes Received By Job
	1386  -  Total Bytes Sent By Job
	11440  -  Total Bytes Received By Job
	Partitionable Resources :    Usage  Request Allocated 
	   Cpus                 :        0        1         1 
	   Disk (KB)            :       43        4   3675490 
	   Memory (MB)          :              2048      2048 

	Job terminated of its own accord at 2024-07-08T21:53:31Z with exit-code 1.
...
