[FERMIHTC-APPTAINER]: INFO -- ApptainerImage classAd detected
[FERMIHTC-APPTAINER]: INFO -- Attempting to run job in /cvmfs/singularity.opensciencegrid.org/cmssw/cms:rhel7
[FERMIHTC-APPTAINER]: INFO -- Running /cvmfs/oasis.opensciencegrid.org/mis/apptainer/current/bin/apptainer exec --pid --ipc --contain --bind /cvmfs --bind /etc/hosts --bind /etc/grid-security --home /storage/local/data1/condor/execute/dir_3314289:/srv --pwd /srv /cvmfs/singularity.opensciencegrid.org/cmssw/cms:rhel7 ./run_condor.csh plotBoostedTauTau.py ./filelists/AToTauTau/UL2017/ALP_Ntuple_m_30_htj_400toInf_UL2017/ALP_Ntuple_m_30_htj_400toInf_UL2017_0.txt root://cmseos.fnal.gov//store/user/dalam/UL2017/ TCP 2017
Starting job on  Tue Jul 9 06:31:02 UTC 2024
Running on: Linux dalam-33520922-0-cmswn2079.fnal.gov 5.14.0-427.22.1.el9_4.x86_64 #1 SMP PREEMPT_DYNAMIC Sun Jun 23 17:57:52 EDT 2024 x86_64 x86_64 x86_64 GNU/Linux
System software: CentOS Linux release 7.9.2009 (Core)
Done: ProjectRename
Arguments passed to this script are: 
  script: plotBoostedTauTau.py
  input files: ./filelists/AToTauTau/UL2017/ALP_Ntuple_m_30_htj_400toInf_UL2017/ALP_Ntuple_m_30_htj_400toInf_UL2017_0.txt
  output dir: root://cmseos.fnal.gov//store/user/dalam/UL2017/
  mode: TCP
  year: 2017
{'lowMET_BFlavour': <cppyy.gbl.TH2F object at 0x4f63170>, 'highMET_BFlavour': <cppyy.gbl.TH2F object at 0x7ea07e0>, 'lowMET_CFlavour': <cppyy.gbl.TH2F object at 0x7e9fe20>, 'highMET_CFlavour': <cppyy.gbl.TH2F object at 0x7e9f9a0>, 'lowMET_LFlavour': <cppyy.gbl.TH2F object at 0x7ea02e0>, 'highMET_LFlavour': <cppyy.gbl.TH2F object at 0x7eb1730>}
root://cmseos.fnal.gov//store/user/dalam/UL2017/h_plotBoostedTauTau_2017_ALP_Ntuple_m_30_htj_400toInf_UL2017_0.root
root://cmseos.fnal.gov//store/user/mwulansa/TCPNtuple/AToTauTau_ALP_M-30_HT-400toInf_TuneCP5_13TeV-madgraphMLM-pythia8/Ntuple_ALP_M-30_HT-400toInf_Summer20UL17_miniAODv2_v2024/240103_125814/0000/TCPNtuple_Backgrounds_1-1.root
root://cmseos.fnal.gov//store/user/mwulansa/TCPNtuple/AToTauTau_ALP_M-30_HT-400toInf_TuneCP5_13TeV-madgraphMLM-pythia8/Ntuple_ALP_M-30_HT-400toInf_Summer20UL17_miniAODv2_v2024/240103_125814/0000/TCPNtuple_Backgrounds_1.root
root://cmseos.fnal.gov//store/user/mwulansa/TCPNtuple/AToTauTau_ALP_M-30_HT-400toInf_TuneCP5_13TeV-madgraphMLM-pythia8/Ntuple_ALP_M-30_HT-400toInf_Summer20UL17_miniAODv2_v2024/240103_125814/0000/TCPNtuple_Backgrounds_10.root
root://cmseos.fnal.gov//store/user/mwulansa/TCPNtuple/AToTauTau_ALP_M-30_HT-400toInf_TuneCP5_13TeV-madgraphMLM-pythia8/Ntuple_ALP_M-30_HT-400toInf_Summer20UL17_miniAODv2_v2024/240103_125814/0000/TCPNtuple_Backgrounds_11.root
root://cmseos.fnal.gov//store/user/mwulansa/TCPNtuple/AToTauTau_ALP_M-30_HT-400toInf_TuneCP5_13TeV-madgraphMLM-pythia8/Ntuple_ALP_M-30_HT-400toInf_Summer20UL17_miniAODv2_v2024/240103_125814/0000/TCPNtuple_Backgrounds_12.root
root://cmseos.fnal.gov//store/user/mwulansa/TCPNtuple/AToTauTau_ALP_M-30_HT-400toInf_TuneCP5_13TeV-madgraphMLM-pythia8/Ntuple_ALP_M-30_HT-400toInf_Summer20UL17_miniAODv2_v2024/240103_125814/0000/TCPNtuple_Backgrounds_13.root
root://cmseos.fnal.gov//store/user/mwulansa/TCPNtuple/AToTauTau_ALP_M-30_HT-400toInf_TuneCP5_13TeV-madgraphMLM-pythia8/Ntuple_ALP_M-30_HT-400toInf_Summer20UL17_miniAODv2_v2024/240103_125814/0000/TCPNtuple_Backgrounds_14.root
root://cmseos.fnal.gov//store/user/mwulansa/TCPNtuple/AToTauTau_ALP_M-30_HT-400toInf_TuneCP5_13TeV-madgraphMLM-pythia8/Ntuple_ALP_M-30_HT-400toInf_Summer20UL17_miniAODv2_v2024/240103_125814/0000/TCPNtuple_Backgrounds_15.root
root://cmseos.fnal.gov//store/user/mwulansa/TCPNtuple/AToTauTau_ALP_M-30_HT-400toInf_TuneCP5_13TeV-madgraphMLM-pythia8/Ntuple_ALP_M-30_HT-400toInf_Summer20UL17_miniAODv2_v2024/240103_125814/0000/TCPNtuple_Backgrounds_16.root
root://cmseos.fnal.gov//store/user/mwulansa/TCPNtuple/AToTauTau_ALP_M-30_HT-400toInf_TuneCP5_13TeV-madgraphMLM-pythia8/Ntuple_ALP_M-30_HT-400toInf_Summer20UL17_miniAODv2_v2024/240103_125814/0000/TCPNtuple_Backgrounds_17.root
root://cmseos.fnal.gov//store/user/mwulansa/TCPNtuple/AToTauTau_ALP_M-30_HT-400toInf_TuneCP5_13TeV-madgraphMLM-pythia8/Ntuple_ALP_M-30_HT-400toInf_Summer20UL17_miniAODv2_v2024/240103_125814/0000/TCPNtuple_Backgrounds_18.root
root://cmseos.fnal.gov//store/user/mwulansa/TCPNtuple/AToTauTau_ALP_M-30_HT-400toInf_TuneCP5_13TeV-madgraphMLM-pythia8/Ntuple_ALP_M-30_HT-400toInf_Summer20UL17_miniAODv2_v2024/240103_125814/0000/TCPNtuple_Backgrounds_19.root
root://cmseos.fnal.gov//store/user/mwulansa/TCPNtuple/AToTauTau_ALP_M-30_HT-400toInf_TuneCP5_13TeV-madgraphMLM-pythia8/Ntuple_ALP_M-30_HT-400toInf_Summer20UL17_miniAODv2_v2024/240103_125814/0000/TCPNtuple_Backgrounds_2.root
root://cmseos.fnal.gov//store/user/mwulansa/TCPNtuple/AToTauTau_ALP_M-30_HT-400toInf_TuneCP5_13TeV-madgraphMLM-pythia8/Ntuple_ALP_M-30_HT-400toInf_Summer20UL17_miniAODv2_v2024/240103_125814/0000/TCPNtuple_Backgrounds_4.root
root://cmseos.fnal.gov//store/user/mwulansa/TCPNtuple/AToTauTau_ALP_M-30_HT-400toInf_TuneCP5_13TeV-madgraphMLM-pythia8/Ntuple_ALP_M-30_HT-400toInf_Summer20UL17_miniAODv2_v2024/240103_125814/0000/TCPNtuple_Backgrounds_5.root
root://cmseos.fnal.gov//store/user/mwulansa/TCPNtuple/AToTauTau_ALP_M-30_HT-400toInf_TuneCP5_13TeV-madgraphMLM-pythia8/Ntuple_ALP_M-30_HT-400toInf_Summer20UL17_miniAODv2_v2024/240103_125814/0000/TCPNtuple_Backgrounds_6.root
root://cmseos.fnal.gov//store/user/mwulansa/TCPNtuple/AToTauTau_ALP_M-30_HT-400toInf_TuneCP5_13TeV-madgraphMLM-pythia8/Ntuple_ALP_M-30_HT-400toInf_Summer20UL17_miniAODv2_v2024/240103_125814/0000/TCPNtuple_Backgrounds_7.root
root://cmseos.fnal.gov//store/user/mwulansa/TCPNtuple/AToTauTau_ALP_M-30_HT-400toInf_TuneCP5_13TeV-madgraphMLM-pythia8/Ntuple_ALP_M-30_HT-400toInf_Summer20UL17_miniAODv2_v2024/240103_125814/0000/TCPNtuple_Backgrounds_8.root
root://cmseos.fnal.gov//store/user/mwulansa/TCPNtuple/AToTauTau_ALP_M-30_HT-400toInf_TuneCP5_13TeV-madgraphMLM-pythia8/Ntuple_ALP_M-30_HT-400toInf_Summer20UL17_miniAODv2_v2024/240103_125814/0000/TCPNtuple_Backgrounds_9.root
