[FERMIHTC-APPTAINER]: INFO -- ApptainerImage classAd detected
[FERMIHTC-APPTAINER]: INFO -- Attempting to run job in /cvmfs/singularity.opensciencegrid.org/cmssw/cms:rhel7
[FERMIHTC-APPTAINER]: INFO -- Running /cvmfs/oasis.opensciencegrid.org/mis/apptainer/current/bin/apptainer exec --pid --ipc --contain --bind /cvmfs --bind /etc/hosts --bind /etc/grid-security --home /storage/local/data1/condor/execute/dir_4069604:/srv --pwd /srv /cvmfs/singularity.opensciencegrid.org/cmssw/cms:rhel7 ./run_condor.csh plotBoostedTauTau.py ./filelists/AToTauTau/UL16pre/ALP_M-55_HT-100to400_preVFPUL16/ALP_M-55_HT-100to400_preVFPUL16_0.txt root://cmseos.fnal.gov//store/user/dalam/UL2016pre/ TCP 16pre
Starting job on  Tue Jul 9 10:21:13 UTC 2024
Running on: Linux dalam-65483375-0-cmswn2053.fnal.gov 5.14.0-427.18.1.el9_4.x86_64 #1 SMP PREEMPT_DYNAMIC Tue May 28 06:27:02 EDT 2024 x86_64 x86_64 x86_64 GNU/Linux
System software: CentOS Linux release 7.9.2009 (Core)
Done: ProjectRename
Arguments passed to this script are: 
  script: plotBoostedTauTau.py
  input files: ./filelists/AToTauTau/UL16pre/ALP_M-55_HT-100to400_preVFPUL16/ALP_M-55_HT-100to400_preVFPUL16_0.txt
  output dir: root://cmseos.fnal.gov//store/user/dalam/UL2016pre/
  mode: TCP
  year: 16pre
mode: 2
tau_mu tau_h
Kappa: 4
SVFit Mass: 85.7061
mode: 2
tau_mu tau_h
Kappa: 4
SVFit Mass: 53.6774
mode: 2
tau_mu tau_h
Kappa: 4
SVFit Mass: 53.6774
mode: 2
tau_mu tau_h
Kappa: 4
SVFit Mass: 53.6774
mode: 2
tau_mu tau_h
Kappa: 4
SVFit Mass: 53.6774
mode: 2
tau_mu tau_h
Kappa: 4
SVFit Mass: 53.6774
mode: 1
tau_e tau_mu
Kappa: 3
SVFit Mass: 59.0294
mode: 1
tau_e tau_mu
Kappa: 3
SVFit Mass: 49.5841
mode: 1
tau_e tau_mu
Kappa: 3
SVFit Mass: 51.4172
mode: 1
tau_e tau_mu
Kappa: 3
SVFit Mass: 51.4172
mode: 1
tau_e tau_mu
Kappa: 3
SVFit Mass: 51.4172
mode: 1
tau_e tau_mu
Kappa: 3
SVFit Mass: 51.4172
mode: 2
tau_mu tau_h
Kappa: 4
SVFit Mass: 151.249
mode: 1
tau_e tau_mu
Kappa: 3
SVFit Mass: 50.5562
mode: 1
tau_e tau_mu
Kappa: 3
SVFit Mass: 50.5562
mode: 1
tau_e tau_mu
Kappa: 3
SVFit Mass: 52.6883
mode: 2
tau_mu tau_h
Kappa: 4
SVFit Mass: 43.247
mode: 1
tau_e tau_mu
Kappa: 3
SVFit Mass: 44.7164
mode: 1
tau_e tau_mu
Kappa: 3
SVFit Mass: 44.7164
mode: 2
tau_mu tau_h
Kappa: 4
SVFit Mass: 56.3302
mode: 2
tau_mu tau_h
Kappa: 4
SVFit Mass: 36.3508
mode: 2
tau_mu tau_h
Kappa: 4
SVFit Mass: 36.3508
mode: 2
tau_mu tau_h
Kappa: 4
SVFit Mass: 36.3508
mode: 2
tau_mu tau_h
Kappa: 4
SVFit Mass: 36.3508
mode: 2
tau_mu tau_h
Kappa: 4
SVFit Mass: 36.3508
mode: 2
tau_mu tau_h
Kappa: 4
SVFit Mass: 55.8814
mode: 2
tau_mu tau_h
Kappa: 4
SVFit Mass: 49.6217
mode: 2
tau_mu tau_h
Kappa: 4
SVFit Mass: 56.7695
mode: 1
tau_e tau_mu
Kappa: 3
SVFit Mass: 54.6354
mode: 1
tau_e tau_mu
Kappa: 3
SVFit Mass: 54.6354
mode: 2
tau_mu tau_h
Kappa: 4
SVFit Mass: 47.0976
mode: 2
tau_mu tau_h
Kappa: 4
SVFit Mass: 34.3805
mode: 1
tau_e tau_mu
Kappa: 3
SVFit Mass: 70.0322
mode: 1
tau_e tau_mu
Kappa: 3
SVFit Mass: 88.3763
mode: 2
tau_mu tau_h
Kappa: 4
SVFit Mass: 69.1621
mode: 1
tau_e tau_mu
Kappa: 3
SVFit Mass: 55.8963
mode: 2
tau_mu tau_h
Kappa: 4
SVFit Mass: 47.0262
mode: 2
tau_mu tau_h
Kappa: 4
SVFit Mass: 36.0244
mode: 1
tau_e tau_mu
Kappa: 3
SVFit Mass: 43.4023
mode: 1
tau_e tau_mu
Kappa: 3
SVFit Mass: 43.4023
mode: 2
tau_mu tau_h
Kappa: 4
SVFit Mass: 335.373
mode: 1
tau_e tau_mu
Kappa: 3
SVFit Mass: 53.3473
mode: 1
tau_e tau_mu
Kappa: 3
SVFit Mass: 53.3473
mode: 1
tau_e tau_mu
Kappa: 3
SVFit Mass: 53.3473
mode: 1
tau_e tau_mu
Kappa: 3
SVFit Mass: 53.3473
mode: 2
tau_mu tau_h
Kappa: 4
SVFit Mass: 52.1501
mode: 1
tau_e tau_mu
Kappa: 3
SVFit Mass: 39.5707
mode: 1
tau_e tau_mu
Kappa: 3
SVFit Mass: 39.5707
mode: 2
tau_mu tau_h
Kappa: 4
SVFit Mass: 41.0739
mode: 2
tau_mu tau_h
Kappa: 4
SVFit Mass: 59.2059
mode: 2
tau_mu tau_h
Kappa: 4
SVFit Mass: 59.2059
mode: 2
tau_mu tau_h
Kappa: 4
SVFit Mass: 59.2059
mode: 2
tau_mu tau_h
Kappa: 4
SVFit Mass: 59.2059
mode: 2
tau_mu tau_h
Kappa: 4
SVFit Mass: 59.2059
mode: 2
tau_mu tau_h
Kappa: 4
SVFit Mass: 48.7543
mode: 1
tau_e tau_mu
Kappa: 3
SVFit Mass: 58.6712
mode: 2
tau_mu tau_h
Kappa: 4
SVFit Mass: 54.4183
mode: 1
tau_e tau_mu
Kappa: 3
SVFit Mass: 50.7059
mode: 1
tau_e tau_mu
Kappa: 3
SVFit Mass: 50.7059
mode: 2
tau_mu tau_h
Kappa: 4
SVFit Mass: 45.9333
mode: 1
tau_e tau_mu
Kappa: 3
SVFit Mass: 55.7779
mode: 2
tau_mu tau_h
Kappa: 4
SVFit Mass: 58.7801
mode: 1
tau_e tau_mu
Kappa: 3
SVFit Mass: 77.5558
mode: 1
tau_e tau_mu
Kappa: 3
SVFit Mass: 50.9878
mode: 1
tau_e tau_mu
Kappa: 3
SVFit Mass: 50.9878
mode: 2
tau_mu tau_h
Kappa: 4
SVFit Mass: 50.9928
mode: 2
tau_mu tau_h
Kappa: 4
SVFit Mass: 50.9841
mode: 2
tau_mu tau_h
Kappa: 4
SVFit Mass: 50.9841
mode: 2
tau_mu tau_h
Kappa: 4
SVFit Mass: 50.9841
mode: 2
tau_mu tau_h
Kappa: 4
SVFit Mass: 50.9841
mode: 2
tau_mu tau_h
Kappa: 4
SVFit Mass: 50.9841
mode: 1
tau_e tau_mu
Kappa: 3
SVFit Mass: 57.7748
mode: 1
tau_e tau_mu
Kappa: 3
SVFit Mass: 57.7748
mode: 2
tau_mu tau_h
Kappa: 4
SVFit Mass: 54.9798
mode: 2
tau_mu tau_h
Kappa: 4
SVFit Mass: 41.7423
mode: 1
tau_e tau_mu
Kappa: 3
SVFit Mass: 31.0902
mode: 1
tau_e tau_mu
Kappa: 3
SVFit Mass: 31.0902
mode: 1
tau_e tau_mu
Kappa: 3
SVFit Mass: 31.0902
mode: 1
tau_e tau_mu
Kappa: 3
SVFit Mass: 31.0902
mode: 1
tau_e tau_mu
Kappa: 3
SVFit Mass: 56.7457
mode: 1
tau_e tau_mu
Kappa: 3
SVFit Mass: 56.7457
mode: 2
tau_mu tau_h
Kappa: 4
SVFit Mass: 59.1287
mode: 2
tau_mu tau_h
Kappa: 4
SVFit Mass: 42.9035
mode: 1
tau_e tau_mu
Kappa: 3
SVFit Mass: 76.9678
mode: 1
tau_e tau_mu
Kappa: 3
SVFit Mass: 58.7809
mode: 1
tau_e tau_mu
Kappa: 3
SVFit Mass: 58.7809
mode: 2
tau_mu tau_h
Kappa: 4
SVFit Mass: 55.9498
mode: 2
tau_mu tau_h
Kappa: 4
SVFit Mass: 54.3301
mode: 2
tau_mu tau_h
Kappa: 4
SVFit Mass: 54.3301
mode: 2
tau_mu tau_h
Kappa: 4
SVFit Mass: 54.3301
mode: 2
tau_mu tau_h
Kappa: 4
SVFit Mass: 54.3301
mode: 2
tau_mu tau_h
Kappa: 4
SVFit Mass: 54.3301
mode: 2
tau_mu tau_h
Kappa: 4
SVFit Mass: 49.8351
mode: 2
tau_mu tau_h
Kappa: 4
SVFit Mass: 56.1544
mode: 1
tau_e tau_mu
Kappa: 3
SVFit Mass: 57.763
mode: 1
tau_e tau_mu
Kappa: 3
SVFit Mass: 65.2443
mode: 2
tau_mu tau_h
Kappa: 4
SVFit Mass: 46.6987
mode: 1
tau_e tau_mu
Kappa: 3
SVFit Mass: 49.1856
mode: 2
tau_mu tau_h
Kappa: 4
SVFit Mass: 178.37
mode: 2
tau_mu tau_h
Kappa: 4
SVFit Mass: 61.1959
mode: 1
tau_e tau_mu
Kappa: 3
SVFit Mass: 50.9862
mode: 1
tau_e tau_mu
Kappa: 3
SVFit Mass: 50.9862
mode: 1
tau_e tau_mu
Kappa: 3
SVFit Mass: 50.9862
mode: 1
tau_e tau_mu
Kappa: 3
SVFit Mass: 50.9862
mode: 1
tau_e tau_mu
Kappa: 3
SVFit Mass: 37.5738
mode: 1
tau_e tau_mu
Kappa: 3
SVFit Mass: 37.5738
mode: 2
tau_mu tau_h
Kappa: 4
SVFit Mass: 201.001
mode: 1
tau_e tau_mu
Kappa: 3
SVFit Mass: 60.3494
mode: 1
tau_e tau_mu
Kappa: 3
SVFit Mass: 60.3494
mode: 2
tau_mu tau_h
Kappa: 4
SVFit Mass: 58.8761
mode: 1
tau_e tau_mu
Kappa: 3
SVFit Mass: 63.5557
mode: 2
tau_mu tau_h
Kappa: 4
SVFit Mass: 43.8366
mode: 1
tau_e tau_mu
Kappa: 3
SVFit Mass: 51.7491
mode: 1
tau_e tau_mu
Kappa: 3
SVFit Mass: 51.7491
mode: 2
tau_mu tau_h
Kappa: 4
SVFit Mass: 48.0509
mode: 2
tau_mu tau_h
Kappa: 4
SVFit Mass: 50.1173
mode: 2
tau_mu tau_h
Kappa: 4
SVFit Mass: 39.9295
mode: 2
tau_mu tau_h
Kappa: 4
SVFit Mass: 56.321
mode: 1
tau_e tau_mu
Kappa: 3
SVFit Mass: 38.1766
mode: 1
tau_e tau_mu
Kappa: 3
SVFit Mass: 46.5119
mode: 1
tau_e tau_mu
Kappa: 3
SVFit Mass: 54.9895
mode: 1
tau_e tau_mu
Kappa: 3
SVFit Mass: 54.9895
mode: 1
tau_e tau_mu
Kappa: 3
SVFit Mass: 51.8344
mode: 1
tau_e tau_mu
Kappa: 3
SVFit Mass: 51.8344
mode: 1
tau_e tau_mu
Kappa: 3
SVFit Mass: 51.8344
mode: 1
tau_e tau_mu
Kappa: 3
SVFit Mass: 51.8344
mode: 2
tau_mu tau_h
Kappa: 4
SVFit Mass: 25.1939
mode: 2
tau_mu tau_h
Kappa: 4
SVFit Mass: 25.1939
mode: 2
tau_mu tau_h
Kappa: 4
SVFit Mass: 25.1939
mode: 2
tau_mu tau_h
Kappa: 4
SVFit Mass: 25.1939
mode: 2
tau_mu tau_h
Kappa: 4
SVFit Mass: 25.1939
mode: 1
tau_e tau_mu
Kappa: 3
SVFit Mass: 55.7983
mode: 1
tau_e tau_mu
Kappa: 3
SVFit Mass: 55.7983
mode: 1
tau_e tau_mu
Kappa: 3
SVFit Mass: 55.7983
mode: 1
tau_e tau_mu
Kappa: 3
SVFit Mass: 55.7983
mode: 1
tau_e tau_mu
Kappa: 3
SVFit Mass: 62.7477
mode: 1
tau_e tau_mu
Kappa: 3
SVFit Mass: 87.6253
mode: 1
tau_e tau_mu
Kappa: 3
SVFit Mass: 48.5531
mode: 1
tau_e tau_mu
Kappa: 3
SVFit Mass: 48.5531
mode: 2
tau_mu tau_h
Kappa: 4
SVFit Mass: 43.86
mode: 2
tau_mu tau_h
Kappa: 4
SVFit Mass: 39.3816
mode: 2
tau_mu tau_h
Kappa: 4
SVFit Mass: 63.8006
mode: 2
tau_mu tau_h
Kappa: 4
SVFit Mass: 63.8006
mode: 2
tau_mu tau_h
Kappa: 4
SVFit Mass: 63.8006
mode: 2
tau_mu tau_h
Kappa: 4
SVFit Mass: 63.8006
mode: 2
tau_mu tau_h
Kappa: 4
SVFit Mass: 63.8006
mode: 2
tau_mu tau_h
Kappa: 4
SVFit Mass: 46.6026
mode: 1
tau_e tau_mu
Kappa: 3
SVFit Mass: 58.0175
mode: 1
tau_e tau_mu
Kappa: 3
SVFit Mass: 52.4193
mode: 1
tau_e tau_mu
Kappa: 3
SVFit Mass: 52.4193
mode: 2
tau_mu tau_h
Kappa: 4
SVFit Mass: 37.0913
mode: 2
tau_mu tau_h
Kappa: 4
SVFit Mass: 62.9656
mode: 2
tau_mu tau_h
Kappa: 4
SVFit Mass: 55.4456
mode: 1
tau_e tau_mu
Kappa: 3
SVFit Mass: 45.9635
mode: 1
tau_e tau_mu
Kappa: 3
SVFit Mass: 45.9635
mode: 2
tau_mu tau_h
Kappa: 4
SVFit Mass: 42.679
mode: 2
tau_mu tau_h
Kappa: 4
SVFit Mass: 53.5449
mode: 1
tau_e tau_mu
Kappa: 3
SVFit Mass: 73.1289
mode: 1
tau_e tau_mu
Kappa: 3
SVFit Mass: 68.6419
mode: 2
tau_mu tau_h
Kappa: 4
SVFit Mass: 50.5595
mode: 2
tau_mu tau_h
Kappa: 4
SVFit Mass: 50.5595
mode: 2
tau_mu tau_h
Kappa: 4
SVFit Mass: 50.5595
mode: 2
tau_mu tau_h
Kappa: 4
SVFit Mass: 50.5595
mode: 2
tau_mu tau_h
Kappa: 4
SVFit Mass: 50.5595
mode: 2
tau_mu tau_h
Kappa: 4
SVFit Mass: 53.5619
mode: 2
tau_mu tau_h
Kappa: 4
SVFit Mass: 54.4262
mode: 2
tau_mu tau_h
Kappa: 4
SVFit Mass: 44.2059
mode: 2
tau_mu tau_h
Kappa: 4
SVFit Mass: 44.2059
mode: 2
tau_mu tau_h
Kappa: 4
SVFit Mass: 44.2059
mode: 2
tau_mu tau_h
Kappa: 4
SVFit Mass: 44.2059
mode: 2
tau_mu tau_h
Kappa: 4
SVFit Mass: 44.2059
mode: 2
tau_mu tau_h
Kappa: 4
SVFit Mass: 49.132
mode: 2
tau_mu tau_h
Kappa: 4
SVFit Mass: 49.8639
mode: 2
tau_mu tau_h
Kappa: 4
SVFit Mass: 49.8639
mode: 2
tau_mu tau_h
Kappa: 4
SVFit Mass: 49.8639
mode: 2
tau_mu tau_h
Kappa: 4
SVFit Mass: 49.8639
mode: 2
tau_mu tau_h
Kappa: 4
SVFit Mass: 49.8639
mode: 1
tau_e tau_mu
Kappa: 3
SVFit Mass: 72.4084
mode: 1
tau_e tau_mu
Kappa: 3
SVFit Mass: 72.4084
mode: 1
tau_e tau_mu
Kappa: 3
SVFit Mass: 53.2889
mode: 2
tau_mu tau_h
Kappa: 4
SVFit Mass: 35.2044
mode: 1
tau_e tau_mu
Kappa: 3
SVFit Mass: 47.4398
mode: 2
tau_mu tau_h
Kappa: 4
SVFit Mass: 57.5313
mode: 2
tau_mu tau_h
Kappa: 4
SVFit Mass: 54.4513
mode: 1
tau_e tau_mu
Kappa: 3
SVFit Mass: 55.0808
mode: 1
tau_e tau_mu
Kappa: 3
SVFit Mass: 55.0808
mode: 1
tau_e tau_mu
Kappa: 3
SVFit Mass: 55.0808
mode: 1
tau_e tau_mu
Kappa: 3
SVFit Mass: 55.0808
mode: 1
tau_e tau_mu
Kappa: 3
SVFit Mass: 60.9008
mode: 1
tau_e tau_mu
Kappa: 3
SVFit Mass: 60.9008
mode: 2
tau_mu tau_h
Kappa: 4
SVFit Mass: 35.5087
mode: 2
tau_mu tau_h
Kappa: 4
SVFit Mass: 54.8118
mode: 2
tau_mu tau_h
Kappa: 4
SVFit Mass: 55.4381
mode: 2
tau_mu tau_h
Kappa: 4
SVFit Mass: 50.1895
mode: 2
tau_mu tau_h
Kappa: 4
SVFit Mass: 45.3109
mode: 2
tau_mu tau_h
Kappa: 4
SVFit Mass: 38.6565
mode: 2
tau_mu tau_h
Kappa: 4
SVFit Mass: 38.6565
mode: 2
tau_mu tau_h
Kappa: 4
SVFit Mass: 38.6565
mode: 2
tau_mu tau_h
Kappa: 4
SVFit Mass: 38.6565
mode: 2
tau_mu tau_h
Kappa: 4
SVFit Mass: 38.6565
mode: 1
tau_e tau_mu
Kappa: 3
SVFit Mass: 58.993
mode: 1
tau_e tau_mu
Kappa: 3
SVFit Mass: 58.993
mode: 2
tau_mu tau_h
Kappa: 4
SVFit Mass: 57.5631
mode: 1
tau_e tau_mu
Kappa: 3
SVFit Mass: 46.3237
mode: 1
tau_e tau_mu
Kappa: 3
SVFit Mass: 46.3237
mode: 2
tau_mu tau_h
Kappa: 4
SVFit Mass: 48.021
mode: 2
tau_mu tau_h
Kappa: 4
SVFit Mass: 48.021
mode: 2
tau_mu tau_h
Kappa: 4
SVFit Mass: 48.021
mode: 2
tau_mu tau_h
Kappa: 4
SVFit Mass: 48.021
mode: 2
tau_mu tau_h
Kappa: 4
SVFit Mass: 48.021
mode: 1
tau_e tau_mu
Kappa: 3
SVFit Mass: 57.2111
mode: 1
tau_e tau_mu
Kappa: 3
SVFit Mass: 57.2111
mode: 1
tau_e tau_mu
Kappa: 3
SVFit Mass: 59.2945
mode: 1
tau_e tau_mu
Kappa: 3
SVFit Mass: 59.2945
mode: 2
tau_mu tau_h
Kappa: 4
SVFit Mass: 53.7126
mode: 2
tau_mu tau_h
Kappa: 4
SVFit Mass: 55.9337
mode: 1
tau_e tau_mu
Kappa: 3
SVFit Mass: 26.7853
mode: 1
tau_e tau_mu
Kappa: 3
SVFit Mass: 26.7853
mode: 1
tau_e tau_mu
Kappa: 3
SVFit Mass: 58.6154
mode: 1
tau_e tau_mu
Kappa: 3
SVFit Mass: 52.6233
mode: 1
tau_e tau_mu
Kappa: 3
SVFit Mass: 52.6233
mode: 1
tau_e tau_mu
Kappa: 3
SVFit Mass: 52.6233
mode: 1
tau_e tau_mu
Kappa: 3
SVFit Mass: 52.6233
mode: 1
tau_e tau_mu
Kappa: 3
SVFit Mass: 48.6541
mode: 1
tau_e tau_mu
Kappa: 3
SVFit Mass: 48.6541
mode: 2
tau_mu tau_h
Kappa: 4
SVFit Mass: 45.1915
mode: 1
tau_e tau_mu
Kappa: 3
SVFit Mass: 54.2519
mode: 1
tau_e tau_mu
Kappa: 3
SVFit Mass: 47.6536
mode: 1
tau_e tau_mu
Kappa: 3
SVFit Mass: 47.6536
mode: 2
tau_mu tau_h
Kappa: 4
SVFit Mass: 45.7471
mode: 2
tau_mu tau_h
Kappa: 4
SVFit Mass: 49.0796
mode: 2
tau_mu tau_h
Kappa: 4
SVFit Mass: 56.3453
mode: 2
tau_mu tau_h
Kappa: 4
SVFit Mass: 59.5776
mode: 2
tau_mu tau_h
Kappa: 4
SVFit Mass: 51.3857
mode: 1
tau_e tau_mu
Kappa: 3
SVFit Mass: 58.0524
mode: 1
tau_e tau_mu
Kappa: 3
SVFit Mass: 58.0524
mode: 1
tau_e tau_mu
Kappa: 3
SVFit Mass: 58.0524
mode: 1
tau_e tau_mu
Kappa: 3
SVFit Mass: 58.0524
mode: 1
tau_e tau_mu
Kappa: 3
SVFit Mass: 58.2505
mode: 1
tau_e tau_mu
Kappa: 3
SVFit Mass: 58.2505
mode: 2
tau_mu tau_h
Kappa: 4
SVFit Mass: 55.4453
mode: 1
tau_e tau_mu
Kappa: 3
SVFit Mass: 58.3039
mode: 1
tau_e tau_mu
Kappa: 3
SVFit Mass: 58.3039
mode: 2
tau_mu tau_h
Kappa: 4
SVFit Mass: 54.1446
mode: 2
tau_mu tau_h
Kappa: 4
SVFit Mass: 43.6211
mode: 2
tau_mu tau_h
Kappa: 4
SVFit Mass: 43.6211
mode: 2
tau_mu tau_h
Kappa: 4
SVFit Mass: 43.6211
mode: 2
tau_mu tau_h
Kappa: 4
SVFit Mass: 43.6211
mode: 2
tau_mu tau_h
Kappa: 4
SVFit Mass: 43.6211
mode: 1
tau_e tau_mu
Kappa: 3
SVFit Mass: 52.3808
mode: 1
tau_e tau_mu
Kappa: 3
SVFit Mass: 52.3808
mode: 2
tau_mu tau_h
Kappa: 4
SVFit Mass: 63.3488
mode: 1
tau_e tau_mu
Kappa: 3
SVFit Mass: 47.4031
mode: 1
tau_e tau_mu
Kappa: 3
SVFit Mass: 57.9914
mode: 1
tau_e tau_mu
Kappa: 3
SVFit Mass: 57.9914
mode: 1
tau_e tau_mu
Kappa: 3
SVFit Mass: 57.9914
mode: 1
tau_e tau_mu
Kappa: 3
SVFit Mass: 57.9914
mode: 2
tau_mu tau_h
Kappa: 4
SVFit Mass: 197.971
mode: 2
tau_mu tau_h
Kappa: 4
SVFit Mass: 55.0517
mode: 1
tau_e tau_mu
Kappa: 3
SVFit Mass: 65.9528
{'lowMET_BFlavour': <cppyy.gbl.TH2F object at 0x4621760>, 'highMET_BFlavour': <cppyy.gbl.TH2F object at 0x7563f00>, 'lowMET_CFlavour': <cppyy.gbl.TH2F object at 0x7563540>, 'highMET_CFlavour': <cppyy.gbl.TH2F object at 0x75630c0>, 'lowMET_LFlavour': <cppyy.gbl.TH2F object at 0x7563a00>, 'highMET_LFlavour': <cppyy.gbl.TH2F object at 0x7574e50>}
root://cmseos.fnal.gov//store/user/dalam/UL2016pre/h_plotBoostedTauTau_16pre_ALP_M-55_HT-100to400_preVFPUL16_0.root
root://cmsio2.rc.ufl.edu:1094//store/user/zhangj/TCPNtuple/AToTauTau_ALP_M-55_HT-100to400_TuneCP5_13TeV-madgraphMLM-pythia8/Ntuple_ALP_M-55_HT-100to400_preVFPUL16_miniAODv2_v5/240514_005357/0000/TCPNtuple_Backgrounds_1.root
root://cmsio2.rc.ufl.edu:1094//store/user/zhangj/TCPNtuple/AToTauTau_ALP_M-55_HT-100to400_TuneCP5_13TeV-madgraphMLM-pythia8/Ntuple_ALP_M-55_HT-100to400_preVFPUL16_miniAODv2_v5/240514_005357/0000/TCPNtuple_Backgrounds_6.root
root://cmsio2.rc.ufl.edu:1094//store/user/zhangj/TCPNtuple/AToTauTau_ALP_M-55_HT-100to400_TuneCP5_13TeV-madgraphMLM-pythia8/Ntuple_ALP_M-55_HT-100to400_preVFPUL16_miniAODv2_v5/240514_005357/0000/TCPNtuple_Backgrounds_3.root
root://cmsio2.rc.ufl.edu:1094//store/user/zhangj/TCPNtuple/AToTauTau_ALP_M-55_HT-100to400_TuneCP5_13TeV-madgraphMLM-pythia8/Ntuple_ALP_M-55_HT-100to400_preVFPUL16_miniAODv2_v5/240514_005357/0000/TCPNtuple_Backgrounds_4.root
root://cmsio2.rc.ufl.edu:1094//store/user/zhangj/TCPNtuple/AToTauTau_ALP_M-55_HT-100to400_TuneCP5_13TeV-madgraphMLM-pythia8/Ntuple_ALP_M-55_HT-100to400_preVFPUL16_miniAODv2_v5/240514_005357/0000/TCPNtuple_Backgrounds_5.root
root://cmsio2.rc.ufl.edu:1094//store/user/zhangj/TCPNtuple/AToTauTau_ALP_M-55_HT-100to400_TuneCP5_13TeV-madgraphMLM-pythia8/Ntuple_ALP_M-55_HT-100to400_preVFPUL16_miniAODv2_v5/240514_005357/0000/TCPNtuple_Backgrounds_2.root
--- 513.9020736217499 seconds ---
