040 (3550507.000.000) 2024-07-09 17:28:12 Started transferring input files
	Transferring to host: <131.225.189.51:9618?addrs=[2620-6a-0-8421-f0-0-189-51]-9618+131.225.189.51-9618&alias=cmswn2097.fnal.gov&noUDP&sock=slot1_20_2619_1284_40074>
...
040 (3550507.000.000) 2024-07-09 17:28:12 Finished transferring input files
...
001 (3550507.000.000) 2024-07-09 17:28:13 Job executing on host: <131.225.189.51:9618?addrs=[2620-6a-0-8421-f0-0-189-51]-9618+131.225.189.51-9618&alias=cmswn2097.fnal.gov&noUDP&sock=startd_2167_f5d1>
	SlotName: slot1_20@cmswn2097.fnal.gov
	CondorScratchDir = "/storage/local/data1/condor/execute/dir_2466188"
	Cpus = 1
	Disk = 1597916
	Memory = 2048
...
040 (3550507.000.000) 2024-07-10 04:11:33 Started transferring output files
...
040 (3550507.000.000) 2024-07-10 04:11:33 Finished transferring output files
...
005 (3550507.000.000) 2024-07-10 04:11:37 Job terminated.
	(1) Normal termination (return value 0)
		Usr 0 00:00:00, Sys 0 00:00:00  -  Run Remote Usage
		Usr 0 00:00:00, Sys 0 00:00:00  -  Run Local Usage
		Usr 0 00:00:00, Sys 0 00:00:00  -  Total Remote Usage
		Usr 0 00:00:00, Sys 0 00:00:00  -  Total Local Usage
	151636  -  Run Bytes Sent By Job
	11452  -  Run Bytes Received By Job
	151636  -  Total Bytes Sent By Job
	11452  -  Total Bytes Received By Job
	Partitionable Resources :    Usage  Request Allocated 
	   Cpus                 :        0        1         1 
	   Disk (KB)            :   152437        4   1597916 
	   Memory (MB)          :              2048      2048 

	Job terminated of its own accord at 2024-07-10T09:11:32Z with exit-code 0.
...
