[FERMIHTC-APPTAINER]: INFO -- ApptainerImage classAd detected
[FERMIHTC-APPTAINER]: INFO -- Attempting to run job in /cvmfs/singularity.opensciencegrid.org/cmssw/cms:rhel7
[FERMIHTC-APPTAINER]: INFO -- Running /cvmfs/oasis.opensciencegrid.org/mis/apptainer/current/bin/apptainer exec --pid --ipc --contain --bind /cvmfs --bind /etc/hosts --bind /etc/grid-security --home /storage/local/data1/condor/execute/dir_156533:/srv --pwd /srv /cvmfs/singularity.opensciencegrid.org/cmssw/cms:rhel7 ./run_condor.csh plotBoostedTauTau.py ./filelists/AToTauTau/UL16pre/ALP_M-15_HT-100to400_preVFPUL16/ALP_M-15_HT-100to400_preVFPUL16_0.txt root://cmseos.fnal.gov//store/user/dalam/UL2016pre/ TCP 16pre
Starting job on  Tue Jul 9 10:20:43 UTC 2024
Running on: Linux dalam-65483359-0-cmswn2077.fnal.gov 5.14.0-427.18.1.el9_4.x86_64 #1 SMP PREEMPT_DYNAMIC Tue May 28 06:27:02 EDT 2024 x86_64 x86_64 x86_64 GNU/Linux
System software: CentOS Linux release 7.9.2009 (Core)
Done: ProjectRename
Arguments passed to this script are: 
  script: plotBoostedTauTau.py
  input files: ./filelists/AToTauTau/UL16pre/ALP_M-15_HT-100to400_preVFPUL16/ALP_M-15_HT-100to400_preVFPUL16_0.txt
  output dir: root://cmseos.fnal.gov//store/user/dalam/UL2016pre/
  mode: TCP
  year: 16pre
mode: 2
tau_mu tau_h
Kappa: 4
SVFit Mass: 11.6321
mode: 2
tau_mu tau_h
Kappa: 4
SVFit Mass: 17.7313
mode: 2
tau_mu tau_h
Kappa: 4
SVFit Mass: 17.7313
mode: 2
tau_mu tau_h
Kappa: 4
SVFit Mass: 17.7313
mode: 2
tau_mu tau_h
Kappa: 4
SVFit Mass: 17.7313
mode: 2
tau_mu tau_h
Kappa: 4
SVFit Mass: 17.7313
mode: 2
tau_mu tau_h
Kappa: 4
SVFit Mass: 16.0734
mode: 2
tau_mu tau_h
Kappa: 4
SVFit Mass: 15.1637
mode: 1
tau_e tau_mu
Kappa: 3
SVFit Mass: 12.2989
mode: 1
tau_e tau_mu
Kappa: 3
SVFit Mass: 12.2989
mode: 2
tau_mu tau_h
Kappa: 4
SVFit Mass: 15.519
mode: 2
tau_mu tau_h
Kappa: 4
SVFit Mass: 17.466
mode: 2
tau_mu tau_h
Kappa: 4
SVFit Mass: 13.5056
mode: 2
tau_mu tau_h
Kappa: 4
SVFit Mass: 12.6487
mode: 2
tau_mu tau_h
Kappa: 4
SVFit Mass: 21.4238
mode: 1
tau_e tau_mu
Kappa: 3
SVFit Mass: 14.6701
mode: 2
tau_mu tau_h
Kappa: 4
SVFit Mass: 15.8033
mode: 2
tau_mu tau_h
Kappa: 4
SVFit Mass: 15.8033
mode: 2
tau_mu tau_h
Kappa: 4
SVFit Mass: 15.8033
mode: 2
tau_mu tau_h
Kappa: 4
SVFit Mass: 15.8033
mode: 2
tau_mu tau_h
Kappa: 4
SVFit Mass: 15.8033
mode: 2
tau_mu tau_h
Kappa: 4
SVFit Mass: 13.4303
mode: 2
tau_mu tau_h
Kappa: 4
SVFit Mass: 14.3562
mode: 2
tau_mu tau_h
Kappa: 4
SVFit Mass: 17.6758
mode: 1
tau_e tau_mu
Kappa: 3
SVFit Mass: 17.398
mode: 2
tau_mu tau_h
Kappa: 4
SVFit Mass: 15.7723
mode: 2
tau_mu tau_h
Kappa: 4
SVFit Mass: 15.7723
mode: 2
tau_mu tau_h
Kappa: 4
SVFit Mass: 15.7723
mode: 2
tau_mu tau_h
Kappa: 4
SVFit Mass: 15.7723
mode: 2
tau_mu tau_h
Kappa: 4
SVFit Mass: 15.7723
mode: 2
tau_mu tau_h
Kappa: 4
SVFit Mass: 17.5948
mode: 2
tau_mu tau_h
Kappa: 4
SVFit Mass: 20.5097
mode: 2
tau_mu tau_h
Kappa: 4
SVFit Mass: 20.5097
mode: 2
tau_mu tau_h
Kappa: 4
SVFit Mass: 20.5097
mode: 2
tau_mu tau_h
Kappa: 4
SVFit Mass: 20.5097
mode: 2
tau_mu tau_h
Kappa: 4
SVFit Mass: 20.5097
mode: 1
tau_e tau_mu
Kappa: 3
SVFit Mass: 21.795
mode: 1
tau_e tau_mu
Kappa: 3
SVFit Mass: 21.795
mode: 1
tau_e tau_mu
Kappa: 3
SVFit Mass: 21.795
mode: 1
tau_e tau_mu
Kappa: 3
SVFit Mass: 21.795
mode: 2
tau_mu tau_h
Kappa: 4
SVFit Mass: 10.6804
mode: 2
tau_mu tau_h
Kappa: 4
SVFit Mass: 10.6804
mode: 2
tau_mu tau_h
Kappa: 4
SVFit Mass: 10.6804
mode: 2
tau_mu tau_h
Kappa: 4
SVFit Mass: 10.6804
mode: 2
tau_mu tau_h
Kappa: 4
SVFit Mass: 10.6804
mode: 1
tau_e tau_mu
Kappa: 3
SVFit Mass: 12.9353
mode: 1
tau_e tau_mu
Kappa: 3
SVFit Mass: 12.9353
mode: 2
tau_mu tau_h
Kappa: 4
SVFit Mass: 14.0378
mode: 2
tau_mu tau_h
Kappa: 4
SVFit Mass: 14.0378
mode: 2
tau_mu tau_h
Kappa: 4
SVFit Mass: 14.0378
mode: 2
tau_mu tau_h
Kappa: 4
SVFit Mass: 14.0378
mode: 2
tau_mu tau_h
Kappa: 4
SVFit Mass: 14.0378
mode: 1
tau_e tau_mu
Kappa: 3
SVFit Mass: 13.7267
mode: 1
tau_e tau_mu
Kappa: 3
SVFit Mass: 13.6649
mode: 1
tau_e tau_mu
Kappa: 3
SVFit Mass: 13.6649
mode: 1
tau_e tau_mu
Kappa: 3
SVFit Mass: 13.6649
mode: 1
tau_e tau_mu
Kappa: 3
SVFit Mass: 13.6649
mode: 2
tau_mu tau_h
Kappa: 4
SVFit Mass: 13.0942
mode: 2
tau_mu tau_h
Kappa: 4
SVFit Mass: 13.0942
mode: 2
tau_mu tau_h
Kappa: 4
SVFit Mass: 13.0942
mode: 2
tau_mu tau_h
Kappa: 4
SVFit Mass: 13.0942
mode: 2
tau_mu tau_h
Kappa: 4
SVFit Mass: 13.0942
mode: 2
tau_mu tau_h
Kappa: 4
SVFit Mass: 19.8268
mode: 1
tau_e tau_mu
Kappa: 3
SVFit Mass: 17.8622
mode: 2
tau_mu tau_h
Kappa: 4
SVFit Mass: 276.267
mode: 2
tau_mu tau_h
Kappa: 4
SVFit Mass: 10.098
mode: 2
tau_mu tau_h
Kappa: 4
SVFit Mass: 10.098
mode: 2
tau_mu tau_h
Kappa: 4
SVFit Mass: 10.098
mode: 2
tau_mu tau_h
Kappa: 4
SVFit Mass: 16.7604
mode: 1
tau_e tau_mu
Kappa: 3
SVFit Mass: 11.9792
mode: 2
tau_mu tau_h
Kappa: 4
SVFit Mass: 10.3416
mode: 2
tau_mu tau_h
Kappa: 4
SVFit Mass: 14.8686
mode: 2
tau_mu tau_h
Kappa: 4
SVFit Mass: 14.8686
mode: 2
tau_mu tau_h
Kappa: 4
SVFit Mass: 14.8686
mode: 2
tau_mu tau_h
Kappa: 4
SVFit Mass: 14.8686
mode: 2
tau_mu tau_h
Kappa: 4
SVFit Mass: 14.8686
mode: 2
tau_mu tau_h
Kappa: 4
SVFit Mass: 161.411
mode: 1
tau_e tau_mu
Kappa: 3
SVFit Mass: 18.8234
mode: 1
tau_e tau_mu
Kappa: 3
SVFit Mass: 18.8234
mode: 1
tau_e tau_mu
Kappa: 3
SVFit Mass: 18.8234
mode: 1
tau_e tau_mu
Kappa: 3
SVFit Mass: 18.8234
mode: 2
tau_mu tau_h
Kappa: 4
SVFit Mass: 11.9447
mode: 2
tau_mu tau_h
Kappa: 4
SVFit Mass: 14.542
mode: 2
tau_mu tau_h
Kappa: 4
SVFit Mass: 8.84205
mode: 1
tau_e tau_mu
Kappa: 3
SVFit Mass: 15.5286
mode: 1
tau_e tau_mu
Kappa: 3
SVFit Mass: 15.5286
mode: 2
tau_mu tau_h
Kappa: 4
SVFit Mass: 14.4242
mode: 2
tau_mu tau_h
Kappa: 4
SVFit Mass: 12.6541
mode: 2
tau_mu tau_h
Kappa: 4
SVFit Mass: 12.6541
mode: 2
tau_mu tau_h
Kappa: 4
SVFit Mass: 12.6541
mode: 2
tau_mu tau_h
Kappa: 4
SVFit Mass: 12.6541
mode: 2
tau_mu tau_h
Kappa: 4
SVFit Mass: 12.6541
mode: 2
tau_mu tau_h
Kappa: 4
SVFit Mass: 11.4886
mode: 2
tau_mu tau_h
Kappa: 4
SVFit Mass: 11.4886
mode: 2
tau_mu tau_h
Kappa: 4
SVFit Mass: 11.4886
mode: 2
tau_mu tau_h
Kappa: 4
SVFit Mass: 11.4886
mode: 2
tau_mu tau_h
Kappa: 4
SVFit Mass: 11.4886
mode: 2
tau_mu tau_h
Kappa: 4
SVFit Mass: 13.6363
mode: 2
tau_mu tau_h
Kappa: 4
SVFit Mass: 13.6363
mode: 2
tau_mu tau_h
Kappa: 4
SVFit Mass: 13.6363
mode: 2
tau_mu tau_h
Kappa: 4
SVFit Mass: 13.6363
mode: 2
tau_mu tau_h
Kappa: 4
SVFit Mass: 13.6363
mode: 2
tau_mu tau_h
Kappa: 4
SVFit Mass: 14.6103
mode: 2
tau_mu tau_h
Kappa: 4
SVFit Mass: 14.6103
mode: 2
tau_mu tau_h
Kappa: 4
SVFit Mass: 14.6103
mode: 2
tau_mu tau_h
Kappa: 4
SVFit Mass: 14.6103
mode: 2
tau_mu tau_h
Kappa: 4
SVFit Mass: 14.6103
mode: 1
tau_e tau_mu
Kappa: 3
SVFit Mass: 11.9741
mode: 1
tau_e tau_mu
Kappa: 3
SVFit Mass: 11.9741
mode: 2
tau_mu tau_h
Kappa: 4
SVFit Mass: 17.2707
mode: 2
tau_mu tau_h
Kappa: 4
SVFit Mass: 20.3709
mode: 2
tau_mu tau_h
Kappa: 4
SVFit Mass: 20.3709
mode: 2
tau_mu tau_h
Kappa: 4
SVFit Mass: 20.3709
mode: 2
tau_mu tau_h
Kappa: 4
SVFit Mass: 20.3709
mode: 2
tau_mu tau_h
Kappa: 4
SVFit Mass: 20.3709
mode: 1
tau_e tau_mu
Kappa: 3
SVFit Mass: 17.3042
mode: 1
tau_e tau_mu
Kappa: 3
SVFit Mass: 17.3042
mode: 2
tau_mu tau_h
Kappa: 4
SVFit Mass: 14.2102
mode: 2
tau_mu tau_h
Kappa: 4
SVFit Mass: 15.2655
mode: 1
tau_e tau_mu
Kappa: 3
SVFit Mass: 12.3478
mode: 1
tau_e tau_mu
Kappa: 3
SVFit Mass: 12.3478
mode: 1
tau_e tau_mu
Kappa: 3
SVFit Mass: 12.3478
mode: 1
tau_e tau_mu
Kappa: 3
SVFit Mass: 12.3478
mode: 2
tau_mu tau_h
Kappa: 4
SVFit Mass: 15.0743
mode: 2
tau_mu tau_h
Kappa: 4
SVFit Mass: 15.0743
mode: 2
tau_mu tau_h
Kappa: 4
SVFit Mass: 15.0743
mode: 2
tau_mu tau_h
Kappa: 4
SVFit Mass: 15.0743
mode: 2
tau_mu tau_h
Kappa: 4
SVFit Mass: 15.0743
mode: 2
tau_mu tau_h
Kappa: 4
SVFit Mass: 12.5229
mode: 2
tau_mu tau_h
Kappa: 4
SVFit Mass: 18.4647
mode: 2
tau_mu tau_h
Kappa: 4
SVFit Mass: 18.4647
mode: 2
tau_mu tau_h
Kappa: 4
SVFit Mass: 18.4647
mode: 2
tau_mu tau_h
Kappa: 4
SVFit Mass: 18.4647
mode: 2
tau_mu tau_h
Kappa: 4
SVFit Mass: 18.4647
mode: 1
tau_e tau_mu
Kappa: 3
SVFit Mass: 10.378
mode: 1
tau_e tau_mu
Kappa: 3
SVFit Mass: 24.3259
mode: 1
tau_e tau_mu
Kappa: 3
SVFit Mass: 24.3259
mode: 1
tau_e tau_mu
Kappa: 3
SVFit Mass: 24.3259
mode: 1
tau_e tau_mu
Kappa: 3
SVFit Mass: 24.3259
mode: 2
tau_mu tau_h
Kappa: 4
SVFit Mass: 22.8205
mode: 1
tau_e tau_mu
Kappa: 3
SVFit Mass: 16.2133
mode: 1
tau_e tau_mu
Kappa: 3
SVFit Mass: 16.2133
mode: 1
tau_e tau_mu
Kappa: 3
SVFit Mass: 16.2133
mode: 1
tau_e tau_mu
Kappa: 3
SVFit Mass: 16.2133
mode: 2
tau_mu tau_h
Kappa: 4
SVFit Mass: 24.5449
mode: 1
tau_e tau_mu
Kappa: 3
SVFit Mass: 10.8127
mode: 1
tau_e tau_mu
Kappa: 3
SVFit Mass: 10.8127
mode: 1
tau_e tau_mu
Kappa: 3
SVFit Mass: 10.8127
mode: 1
tau_e tau_mu
Kappa: 3
SVFit Mass: 10.8127
mode: 2
tau_mu tau_h
Kappa: 4
SVFit Mass: 10.5411
mode: 1
tau_e tau_mu
Kappa: 3
SVFit Mass: 13.7038
mode: 1
tau_e tau_mu
Kappa: 3
SVFit Mass: 11.9089
mode: 1
tau_e tau_mu
Kappa: 3
SVFit Mass: 11.9089
mode: 1
tau_e tau_mu
Kappa: 3
SVFit Mass: 14.28
mode: 1
tau_e tau_mu
Kappa: 3
SVFit Mass: 14.28
mode: 2
tau_mu tau_h
Kappa: 4
SVFit Mass: 12.6261
mode: 1
tau_e tau_mu
Kappa: 3
SVFit Mass: 32.393
mode: 1
tau_e tau_mu
Kappa: 3
SVFit Mass: 32.393
mode: 1
tau_e tau_mu
Kappa: 3
SVFit Mass: 16.12
mode: 1
tau_e tau_mu
Kappa: 3
SVFit Mass: 16.12
mode: 2
tau_mu tau_h
Kappa: 4
SVFit Mass: 14.2763
mode: 2
tau_mu tau_h
Kappa: 4
SVFit Mass: 14.2763
mode: 2
tau_mu tau_h
Kappa: 4
SVFit Mass: 14.2763
mode: 2
tau_mu tau_h
Kappa: 4
SVFit Mass: 14.2763
mode: 2
tau_mu tau_h
Kappa: 4
SVFit Mass: 14.2763
mode: 2
tau_mu tau_h
Kappa: 4
SVFit Mass: 14.5341
mode: 2
tau_mu tau_h
Kappa: 4
SVFit Mass: 9.78119
mode: 2
tau_mu tau_h
Kappa: 4
SVFit Mass: 9.78119
mode: 2
tau_mu tau_h
Kappa: 4
SVFit Mass: 9.78119
mode: 2
tau_mu tau_h
Kappa: 4
SVFit Mass: 9.78119
mode: 2
tau_mu tau_h
Kappa: 4
SVFit Mass: 9.78119
mode: 1
tau_e tau_mu
Kappa: 3
SVFit Mass: 11.962
mode: 1
tau_e tau_mu
Kappa: 3
SVFit Mass: 11.962
mode: 2
tau_mu tau_h
Kappa: 4
SVFit Mass: 17.3289
mode: 2
tau_mu tau_h
Kappa: 4
SVFit Mass: 73.2801
mode: 2
tau_mu tau_h
Kappa: 4
SVFit Mass: 14.0874
mode: 2
tau_mu tau_h
Kappa: 4
SVFit Mass: 13.0964
mode: 2
tau_mu tau_h
Kappa: 4
SVFit Mass: 13.0964
mode: 2
tau_mu tau_h
Kappa: 4
SVFit Mass: 13.0964
mode: 2
tau_mu tau_h
Kappa: 4
SVFit Mass: 13.0964
mode: 2
tau_mu tau_h
Kappa: 4
SVFit Mass: 13.0964
mode: 2
tau_mu tau_h
Kappa: 4
SVFit Mass: 14.4728
mode: 2
tau_mu tau_h
Kappa: 4
SVFit Mass: 10.7289
mode: 2
tau_mu tau_h
Kappa: 4
SVFit Mass: 12.6309
mode: 1
tau_e tau_mu
Kappa: 3
SVFit Mass: 10.1844
mode: 1
tau_e tau_mu
Kappa: 3
SVFit Mass: 10.1844
mode: 1
tau_e tau_mu
Kappa: 3
SVFit Mass: 10.1844
mode: 1
tau_e tau_mu
Kappa: 3
SVFit Mass: 10.1844
mode: 1
tau_e tau_mu
Kappa: 3
SVFit Mass: 15.5119
mode: 1
tau_e tau_mu
Kappa: 3
SVFit Mass: 15.5119
mode: 2
tau_mu tau_h
Kappa: 4
SVFit Mass: 13.0512
mode: 1
tau_e tau_mu
Kappa: 3
SVFit Mass: 18.6951
mode: 1
tau_e tau_mu
Kappa: 3
SVFit Mass: 14.2751
mode: 1
tau_e tau_mu
Kappa: 3
SVFit Mass: 20.0518
mode: 2
tau_mu tau_h
Kappa: 4
SVFit Mass: 12.4592
mode: 2
tau_mu tau_h
Kappa: 4
SVFit Mass: 16.2188
mode: 1
tau_e tau_mu
Kappa: 3
SVFit Mass: 16.5025
mode: 1
tau_e tau_mu
Kappa: 3
SVFit Mass: 16.5025
mode: 2
tau_mu tau_h
Kappa: 4
SVFit Mass: 13.2232
mode: 2
tau_mu tau_h
Kappa: 4
SVFit Mass: 15.6091
mode: 2
tau_mu tau_h
Kappa: 4
SVFit Mass: 14.3703
mode: 2
tau_mu tau_h
Kappa: 4
SVFit Mass: 12.7615
mode: 1
tau_e tau_mu
Kappa: 3
SVFit Mass: 13.8806
mode: 1
tau_e tau_mu
Kappa: 3
SVFit Mass: 13.8806
mode: 1
tau_e tau_mu
Kappa: 3
SVFit Mass: 13.8806
mode: 1
tau_e tau_mu
Kappa: 3
SVFit Mass: 13.8806
mode: 2
tau_mu tau_h
Kappa: 4
SVFit Mass: 22.6485
mode: 1
tau_e tau_mu
Kappa: 3
SVFit Mass: 12.5637
mode: 2
tau_mu tau_h
Kappa: 4
SVFit Mass: 13.0292
mode: 2
tau_mu tau_h
Kappa: 4
SVFit Mass: 11.9033
mode: 2
tau_mu tau_h
Kappa: 4
SVFit Mass: 9.46682
mode: 1
tau_e tau_mu
Kappa: 3
SVFit Mass: 12.9806
mode: 1
tau_e tau_mu
Kappa: 3
SVFit Mass: 12.9806
mode: 2
tau_mu tau_h
Kappa: 4
SVFit Mass: 11.3343
mode: 1
tau_e tau_mu
Kappa: 3
SVFit Mass: 16.4326
mode: 1
tau_e tau_mu
Kappa: 3
SVFit Mass: 16.4326
mode: 2
tau_mu tau_h
Kappa: 4
SVFit Mass: 17.3067
mode: 1
tau_e tau_mu
Kappa: 3
SVFit Mass: 17.8096
mode: 1
tau_e tau_mu
Kappa: 3
SVFit Mass: 17.8096
mode: 2
tau_mu tau_h
Kappa: 4
SVFit Mass: 11.2067
mode: 2
tau_mu tau_h
Kappa: 4
SVFit Mass: 11.2067
mode: 2
tau_mu tau_h
Kappa: 4
SVFit Mass: 11.2067
mode: 2
tau_mu tau_h
Kappa: 4
SVFit Mass: 11.2067
mode: 2
tau_mu tau_h
Kappa: 4
SVFit Mass: 11.2067
mode: 2
tau_mu tau_h
Kappa: 4
SVFit Mass: 10.4912
mode: 2
tau_mu tau_h
Kappa: 4
SVFit Mass: 10.4912
mode: 2
tau_mu tau_h
Kappa: 4
SVFit Mass: 10.4912
mode: 2
tau_mu tau_h
Kappa: 4
SVFit Mass: 10.4912
mode: 2
tau_mu tau_h
Kappa: 4
SVFit Mass: 10.4912
mode: 2
tau_mu tau_h
Kappa: 4
SVFit Mass: 15.2511
mode: 2
tau_mu tau_h
Kappa: 4
SVFit Mass: 15.2511
mode: 2
tau_mu tau_h
Kappa: 4
SVFit Mass: 15.2511
mode: 2
tau_mu tau_h
Kappa: 4
SVFit Mass: 15.2511
mode: 2
tau_mu tau_h
Kappa: 4
SVFit Mass: 15.2511
mode: 2
tau_mu tau_h
Kappa: 4
SVFit Mass: 17.0841
mode: 1
tau_e tau_mu
Kappa: 3
SVFit Mass: 10.5207
mode: 2
tau_mu tau_h
Kappa: 4
SVFit Mass: 12.1628
mode: 2
tau_mu tau_h
Kappa: 4
SVFit Mass: 12.3868
mode: 2
tau_mu tau_h
Kappa: 4
SVFit Mass: 14.581
mode: 1
tau_e tau_mu
Kappa: 3
SVFit Mass: 16.653
mode: 1
tau_e tau_mu
Kappa: 3
SVFit Mass: 16.653
mode: 1
tau_e tau_mu
Kappa: 3
SVFit Mass: 16.653
mode: 1
tau_e tau_mu
Kappa: 3
SVFit Mass: 16.653
mode: 2
tau_mu tau_h
Kappa: 4
SVFit Mass: 12.1486
mode: 1
tau_e tau_mu
Kappa: 3
SVFit Mass: 14.6517
mode: 1
tau_e tau_mu
Kappa: 3
SVFit Mass: 14.6517
mode: 2
tau_mu tau_h
Kappa: 4
SVFit Mass: 15.5744
mode: 1
tau_e tau_mu
Kappa: 3
SVFit Mass: 13.7563
mode: 2
tau_mu tau_h
Kappa: 4
SVFit Mass: 16.1951
mode: 2
tau_mu tau_h
Kappa: 4
SVFit Mass: 16.1951
mode: 2
tau_mu tau_h
Kappa: 4
SVFit Mass: 16.1951
mode: 2
tau_mu tau_h
Kappa: 4
SVFit Mass: 16.1951
mode: 2
tau_mu tau_h
Kappa: 4
SVFit Mass: 16.1951
mode: 1
tau_e tau_mu
Kappa: 3
SVFit Mass: 13.5196
mode: 1
tau_e tau_mu
Kappa: 3
SVFit Mass: 13.5196
mode: 2
tau_mu tau_h
Kappa: 4
SVFit Mass: 12.9818
mode: 2
tau_mu tau_h
Kappa: 4
SVFit Mass: 15.4115
mode: 1
tau_e tau_mu
Kappa: 3
SVFit Mass: 13.9824
mode: 1
tau_e tau_mu
Kappa: 3
SVFit Mass: 13.9824
mode: 1
tau_e tau_mu
Kappa: 3
SVFit Mass: 13.9824
mode: 1
tau_e tau_mu
Kappa: 3
SVFit Mass: 13.9824
mode: 1
tau_e tau_mu
Kappa: 3
SVFit Mass: 11.9357
mode: 1
tau_e tau_mu
Kappa: 3
SVFit Mass: 11.9357
mode: 1
tau_e tau_mu
Kappa: 3
SVFit Mass: 11.9357
mode: 1
tau_e tau_mu
Kappa: 3
SVFit Mass: 11.9357
mode: 2
tau_mu tau_h
Kappa: 4
SVFit Mass: 11.3666
mode: 2
tau_mu tau_h
Kappa: 4
SVFit Mass: 11.3666
mode: 2
tau_mu tau_h
Kappa: 4
SVFit Mass: 11.3666
mode: 2
tau_mu tau_h
Kappa: 4
SVFit Mass: 11.3666
mode: 2
tau_mu tau_h
Kappa: 4
SVFit Mass: 11.3666
mode: 2
tau_mu tau_h
Kappa: 4
SVFit Mass: 14.3683
mode: 2
tau_mu tau_h
Kappa: 4
SVFit Mass: 14.2906
mode: 2
tau_mu tau_h
Kappa: 4
SVFit Mass: 14.2906
mode: 2
tau_mu tau_h
Kappa: 4
SVFit Mass: 14.2906
mode: 2
tau_mu tau_h
Kappa: 4
SVFit Mass: 14.2906
mode: 2
tau_mu tau_h
Kappa: 4
SVFit Mass: 14.2906
mode: 2
tau_mu tau_h
Kappa: 4
SVFit Mass: 15.2056
mode: 1
tau_e tau_mu
Kappa: 3
SVFit Mass: 11.5603
mode: 2
tau_mu tau_h
Kappa: 4
SVFit Mass: 14.5491
mode: 2
tau_mu tau_h
Kappa: 4
SVFit Mass: 14.5491
mode: 2
tau_mu tau_h
Kappa: 4
SVFit Mass: 14.5491
mode: 1
tau_e tau_mu
Kappa: 3
SVFit Mass: 15.4288
mode: 1
tau_e tau_mu
Kappa: 3
SVFit Mass: 15.4288
mode: 1
tau_e tau_mu
Kappa: 3
SVFit Mass: 14.9866
mode: 1
tau_e tau_mu
Kappa: 3
SVFit Mass: 14.9866
mode: 1
tau_e tau_mu
Kappa: 3
SVFit Mass: 14.9866
mode: 1
tau_e tau_mu
Kappa: 3
SVFit Mass: 14.9866
mode: 2
tau_mu tau_h
Kappa: 4
SVFit Mass: 14.7111
mode: 1
tau_e tau_mu
Kappa: 3
SVFit Mass: 14.4645
mode: 1
tau_e tau_mu
Kappa: 3
SVFit Mass: 14.4645
mode: 2
tau_mu tau_h
Kappa: 4
SVFit Mass: 14.1766
mode: 2
tau_mu tau_h
Kappa: 4
SVFit Mass: 14.1766
mode: 2
tau_mu tau_h
Kappa: 4
SVFit Mass: 14.1766
mode: 2
tau_mu tau_h
Kappa: 4
SVFit Mass: 14.1766
mode: 2
tau_mu tau_h
Kappa: 4
SVFit Mass: 14.1766
mode: 2
tau_mu tau_h
Kappa: 4
SVFit Mass: 8.76273
mode: 2
tau_mu tau_h
Kappa: 4
SVFit Mass: 8.76273
mode: 2
tau_mu tau_h
Kappa: 4
SVFit Mass: 8.76273
mode: 2
tau_mu tau_h
Kappa: 4
SVFit Mass: 8.76273
mode: 2
tau_mu tau_h
Kappa: 4
SVFit Mass: 8.76273
mode: 1
tau_e tau_mu
Kappa: 3
SVFit Mass: 11.0828
mode: 1
tau_e tau_mu
Kappa: 3
SVFit Mass: 11.0828
mode: 2
tau_mu tau_h
Kappa: 4
SVFit Mass: 10.8416
mode: 2
tau_mu tau_h
Kappa: 4
SVFit Mass: 10.8416
mode: 2
tau_mu tau_h
Kappa: 4
SVFit Mass: 10.8416
mode: 2
tau_mu tau_h
Kappa: 4
SVFit Mass: 10.8416
mode: 2
tau_mu tau_h
Kappa: 4
SVFit Mass: 10.8416
mode: 2
tau_mu tau_h
Kappa: 4
SVFit Mass: 10.2139
mode: 2
tau_mu tau_h
Kappa: 4
SVFit Mass: 10.2139
mode: 2
tau_mu tau_h
Kappa: 4
SVFit Mass: 10.2139
mode: 2
tau_mu tau_h
Kappa: 4
SVFit Mass: 10.2139
mode: 2
tau_mu tau_h
Kappa: 4
SVFit Mass: 10.2139
mode: 2
tau_mu tau_h
Kappa: 4
SVFit Mass: 11.3317
mode: 2
tau_mu tau_h
Kappa: 4
SVFit Mass: 11.3317
mode: 2
tau_mu tau_h
Kappa: 4
SVFit Mass: 11.3317
mode: 2
tau_mu tau_h
Kappa: 4
SVFit Mass: 11.3317
mode: 2
tau_mu tau_h
Kappa: 4
SVFit Mass: 11.3317
mode: 2
tau_mu tau_h
Kappa: 4
SVFit Mass: 15.0625
mode: 2
tau_mu tau_h
Kappa: 4
SVFit Mass: 15.5704
mode: 1
tau_e tau_mu
Kappa: 3
SVFit Mass: 11.793
mode: 2
tau_mu tau_h
Kappa: 4
SVFit Mass: 14.5072
mode: 2
tau_mu tau_h
Kappa: 4
SVFit Mass: 14.5072
mode: 2
tau_mu tau_h
Kappa: 4
SVFit Mass: 14.5072
mode: 2
tau_mu tau_h
Kappa: 4
SVFit Mass: 14.5072
mode: 2
tau_mu tau_h
Kappa: 4
SVFit Mass: 14.5072
mode: 1
tau_e tau_mu
Kappa: 3
SVFit Mass: 15.6579
mode: 1
tau_e tau_mu
Kappa: 3
SVFit Mass: 15.6579
mode: 2
tau_mu tau_h
Kappa: 4
SVFit Mass: 14.5411
mode: 2
tau_mu tau_h
Kappa: 4
SVFit Mass: 398.253
mode: 2
tau_mu tau_h
Kappa: 4
SVFit Mass: 15.0217
mode: 2
tau_mu tau_h
Kappa: 4
SVFit Mass: 12.6543
mode: 2
tau_mu tau_h
Kappa: 4
SVFit Mass: 12.6543
mode: 2
tau_mu tau_h
Kappa: 4
SVFit Mass: 12.6543
mode: 2
tau_mu tau_h
Kappa: 4
SVFit Mass: 12.6543
mode: 2
tau_mu tau_h
Kappa: 4
SVFit Mass: 12.6543
mode: 1
tau_e tau_mu
Kappa: 3
SVFit Mass: 14.0809
mode: 1
tau_e tau_mu
Kappa: 3
SVFit Mass: 14.0809
mode: 2
tau_mu tau_h
Kappa: 4
SVFit Mass: 17.07
mode: 2
tau_mu tau_h
Kappa: 4
SVFit Mass: 15.9156
mode: 2
tau_mu tau_h
Kappa: 4
SVFit Mass: 15.9156
mode: 2
tau_mu tau_h
Kappa: 4
SVFit Mass: 15.9156
mode: 2
tau_mu tau_h
Kappa: 4
SVFit Mass: 15.9156
mode: 2
tau_mu tau_h
Kappa: 4
SVFit Mass: 15.9156
mode: 2
tau_mu tau_h
Kappa: 4
SVFit Mass: 12.1364
mode: 2
tau_mu tau_h
Kappa: 4
SVFit Mass: 12.1364
mode: 2
tau_mu tau_h
Kappa: 4
SVFit Mass: 12.1364
mode: 2
tau_mu tau_h
Kappa: 4
SVFit Mass: 12.1364
mode: 2
tau_mu tau_h
Kappa: 4
SVFit Mass: 12.1364
mode: 2
tau_mu tau_h
Kappa: 4
SVFit Mass: 10.5461
mode: 2
tau_mu tau_h
Kappa: 4
SVFit Mass: 12.5407
mode: 2
tau_mu tau_h
Kappa: 4
SVFit Mass: 18.2614
mode: 2
tau_mu tau_h
Kappa: 4
SVFit Mass: 18.4875
mode: 2
tau_mu tau_h
Kappa: 4
SVFit Mass: 18.4875
mode: 2
tau_mu tau_h
Kappa: 4
SVFit Mass: 18.4875
mode: 2
tau_mu tau_h
Kappa: 4
SVFit Mass: 18.4875
mode: 2
tau_mu tau_h
Kappa: 4
SVFit Mass: 18.4875
mode: 2
tau_mu tau_h
Kappa: 4
SVFit Mass: 9.53775
mode: 1
tau_e tau_mu
Kappa: 3
SVFit Mass: 11.0276
mode: 1
tau_e tau_mu
Kappa: 3
SVFit Mass: 11.0276
mode: 2
tau_mu tau_h
Kappa: 4
SVFit Mass: 8.84416
mode: 2
tau_mu tau_h
Kappa: 4
SVFit Mass: 15.1988
mode: 2
tau_mu tau_h
Kappa: 4
SVFit Mass: 15.1988
mode: 2
tau_mu tau_h
Kappa: 4
SVFit Mass: 15.1988
mode: 2
tau_mu tau_h
Kappa: 4
SVFit Mass: 15.1988
mode: 2
tau_mu tau_h
Kappa: 4
SVFit Mass: 15.1988
mode: 1
tau_e tau_mu
Kappa: 3
SVFit Mass: 13.9967
mode: 1
tau_e tau_mu
Kappa: 3
SVFit Mass: 13.9967
mode: 2
tau_mu tau_h
Kappa: 4
SVFit Mass: 12.5804
mode: 2
tau_mu tau_h
Kappa: 4
SVFit Mass: 12.5804
mode: 2
tau_mu tau_h
Kappa: 4
SVFit Mass: 12.5804
mode: 2
tau_mu tau_h
Kappa: 4
SVFit Mass: 12.5804
mode: 2
tau_mu tau_h
Kappa: 4
SVFit Mass: 12.5804
mode: 1
tau_e tau_mu
Kappa: 3
SVFit Mass: 17.6867
mode: 2
tau_mu tau_h
Kappa: 4
SVFit Mass: 14.2165
mode: 1
tau_e tau_mu
Kappa: 3
SVFit Mass: 13.503
mode: 1
tau_e tau_mu
Kappa: 3
SVFit Mass: 13.503
mode: 1
tau_e tau_mu
Kappa: 3
SVFit Mass: 13.503
mode: 1
tau_e tau_mu
Kappa: 3
SVFit Mass: 13.503
mode: 1
tau_e tau_mu
Kappa: 3
SVFit Mass: 14.7188
mode: 1
tau_e tau_mu
Kappa: 3
SVFit Mass: 12.8723
mode: 1
tau_e tau_mu
Kappa: 3
SVFit Mass: 12.8723
mode: 1
tau_e tau_mu
Kappa: 3
SVFit Mass: 12.8723
mode: 1
tau_e tau_mu
Kappa: 3
SVFit Mass: 12.8723
mode: 2
tau_mu tau_h
Kappa: 4
SVFit Mass: 16.6052
mode: 2
tau_mu tau_h
Kappa: 4
SVFit Mass: 10.3598
mode: 2
tau_mu tau_h
Kappa: 4
SVFit Mass: 10.3598
mode: 2
tau_mu tau_h
Kappa: 4
SVFit Mass: 10.3598
mode: 2
tau_mu tau_h
Kappa: 4
SVFit Mass: 10.3598
mode: 2
tau_mu tau_h
Kappa: 4
SVFit Mass: 10.3598
mode: 2
tau_mu tau_h
Kappa: 4
SVFit Mass: 9.03128
mode: 2
tau_mu tau_h
Kappa: 4
SVFit Mass: 9.03128
mode: 2
tau_mu tau_h
Kappa: 4
SVFit Mass: 9.03128
mode: 2
tau_mu tau_h
Kappa: 4
SVFit Mass: 9.03128
mode: 2
tau_mu tau_h
Kappa: 4
SVFit Mass: 9.03128
mode: 2
tau_mu tau_h
Kappa: 4
SVFit Mass: 17.5423
mode: 2
tau_mu tau_h
Kappa: 4
SVFit Mass: 17.5423
mode: 2
tau_mu tau_h
Kappa: 4
SVFit Mass: 17.5423
mode: 2
tau_mu tau_h
Kappa: 4
SVFit Mass: 17.5423
mode: 2
tau_mu tau_h
Kappa: 4
SVFit Mass: 17.5423
mode: 1
tau_e tau_mu
Kappa: 3
SVFit Mass: 7.42024
mode: 1
tau_e tau_mu
Kappa: 3
SVFit Mass: 7.42024
mode: 2
tau_mu tau_h
Kappa: 4
SVFit Mass: 10.0224
mode: 2
tau_mu tau_h
Kappa: 4
SVFit Mass: 19.8756
mode: 2
tau_mu tau_h
Kappa: 4
SVFit Mass: 19.8756
mode: 2
tau_mu tau_h
Kappa: 4
SVFit Mass: 19.8756
mode: 2
tau_mu tau_h
Kappa: 4
SVFit Mass: 19.8756
mode: 2
tau_mu tau_h
Kappa: 4
SVFit Mass: 19.8756
mode: 1
tau_e tau_mu
Kappa: 3
SVFit Mass: 15.6556
mode: 2
tau_mu tau_h
Kappa: 4
SVFit Mass: 15.4091
mode: 2
tau_mu tau_h
Kappa: 4
SVFit Mass: 15.4091
mode: 2
tau_mu tau_h
Kappa: 4
SVFit Mass: 15.4091
mode: 2
tau_mu tau_h
Kappa: 4
SVFit Mass: 15.4091
mode: 2
tau_mu tau_h
Kappa: 4
SVFit Mass: 15.4091
mode: 1
tau_e tau_mu
Kappa: 3
SVFit Mass: 16.3011
mode: 1
tau_e tau_mu
Kappa: 3
SVFit Mass: 16.3011
{'lowMET_BFlavour': <cppyy.gbl.TH2F object at 0x593d990>, 'highMET_BFlavour': <cppyy.gbl.TH2F object at 0x8880360>, 'lowMET_CFlavour': <cppyy.gbl.TH2F object at 0x887f9a0>, 'highMET_CFlavour': <cppyy.gbl.TH2F object at 0x887f520>, 'lowMET_LFlavour': <cppyy.gbl.TH2F object at 0x887fe60>, 'highMET_LFlavour': <cppyy.gbl.TH2F object at 0x88912b0>}
root://cmseos.fnal.gov//store/user/dalam/UL2016pre/h_plotBoostedTauTau_16pre_ALP_M-15_HT-100to400_preVFPUL16_0.root
root://cmsio2.rc.ufl.edu:1094//store/user/zhangj/TCPNtuple/AToTauTau_ALP_M-15_HT-100to400_TuneCP5_13TeV-madgraphMLM-pythia8/Ntuple_ALP_M-15_HT-100to400_preVFPUL16_miniAODv2_v5/240514_004104/0000/TCPNtuple_Backgrounds_1.root
root://cmsio2.rc.ufl.edu:1094//store/user/zhangj/TCPNtuple/AToTauTau_ALP_M-15_HT-100to400_TuneCP5_13TeV-madgraphMLM-pythia8/Ntuple_ALP_M-15_HT-100to400_preVFPUL16_miniAODv2_v5/240514_004104/0000/TCPNtuple_Backgrounds_3.root
root://cmsio2.rc.ufl.edu:1094//store/user/zhangj/TCPNtuple/AToTauTau_ALP_M-15_HT-100to400_TuneCP5_13TeV-madgraphMLM-pythia8/Ntuple_ALP_M-15_HT-100to400_preVFPUL16_miniAODv2_v5/240514_004104/0000/TCPNtuple_Backgrounds_2.root
--- 373.2854549884796 seconds ---
