[8MB/19.45MB][ 41%][====================>                             ][8MB/s]  [16MB/19.45MB][ 82%][=========================================>        ][16MB/s]  [19.45MB/19.45MB][100%][==================================================][19.45MB/s]  [19.45MB/19.45MB][100%][==================================================][19.45MB/s]  
Warning: tau -> had decay declared for leg: Pt = 174.537, eta = -0.0189146, phi = -2.15891, mass = 1.0121 !!
 (mass expected in the range = 0.13957..0.13957)
Warning: tau -> had decay declared for leg: Pt = 30.6166, eta = 0.531093, phi = -0.513635, mass = 0.919331 !!
 (mass expected in the range = 0.13957..0.13957)
Warning: tau -> had decay declared for leg: Pt = 30.6166, eta = 0.531093, phi = -0.513635, mass = 0.919331 !!
 (mass expected in the range = 0.13957..0.13957)
Warning: tau -> had decay declared for leg: Pt = 30.6166, eta = 0.531093, phi = -0.513635, mass = 0.919331 !!
 (mass expected in the range = 0.13957..0.13957)
Warning: tau -> had decay declared for leg: Pt = 30.6166, eta = 0.531093, phi = -0.513635, mass = 0.919331 !!
 (mass expected in the range = 0.13957..0.13957)
Warning: tau -> had decay declared for leg: Pt = 30.6166, eta = 0.531093, phi = -0.513635, mass = 0.919331 !!
 (mass expected in the range = 0.13957..0.13957)
Warning: tau -> had decay declared for leg: Pt = 47.781, eta = 0.692926, phi = -0.0489552, mass = 0.361636 !!
 (mass expected in the range = 0.13957..0.13957)
Warning: tau -> had decay declared for leg: Pt = 20.0641, eta = -0.722446, phi = -0.484665, mass = 0.69429 !!
 (mass expected in the range = 0.13957..0.13957)
Warning: tau -> had decay declared for leg: Pt = 37.3037, eta = -0.812252, phi = 1.2123, mass = 1.05569 !!
 (mass expected in the range = 0.13957..0.13957)
Warning: tau -> had decay declared for leg: Pt = 23.5609, eta = 2.19858, phi = -3.06208, mass = 0.955506 !!
 (mass expected in the range = 0.13957..0.13957)
Warning: tau -> had decay declared for leg: Pt = 166.968, eta = 1.25966, phi = 0.558085, mass = 1.1538 !!
 (mass expected in the range = 0.13957..0.13957)
Warning: tau -> had decay declared for leg: Pt = 33.9627, eta = -0.555546, phi = 0.467485, mass = 1.93327 !!
 (mass expected in the range = 0.13957..0.13957)
Warning: tau -> had decay declared for leg: Pt = 131.531, eta = 0.602826, phi = -0.541862, mass = 0.481241 !!
 (mass expected in the range = 0.13957..0.13957)
Warning: tau -> had decay declared for leg: Pt = 131.531, eta = 0.602826, phi = -0.541862, mass = 0.481241 !!
 (mass expected in the range = 0.13957..0.13957)
Warning: tau -> had decay declared for leg: Pt = 131.531, eta = 0.602826, phi = -0.541862, mass = 0.481241 !!
 (mass expected in the range = 0.13957..0.13957)
Warning: tau -> had decay declared for leg: Pt = 131.531, eta = 0.602826, phi = -0.541862, mass = 0.481241 !!
 (mass expected in the range = 0.13957..0.13957)
Warning: tau -> had decay declared for leg: Pt = 131.531, eta = 0.602826, phi = -0.541862, mass = 0.481241 !!
 (mass expected in the range = 0.13957..0.13957)
Warning: tau -> had decay declared for leg: Pt = 37.8851, eta = 0.102913, phi = -2.37871, mass = 1.24574 !!
 (mass expected in the range = 0.13957..0.13957)
Warning: tau -> had decay declared for leg: Pt = 180.17, eta = -0.717527, phi = 3.055, mass = 0.999138 !!
 (mass expected in the range = 0.13957..0.13957)
Warning: tau -> had decay declared for leg: Pt = 120.912, eta = 0.0132322, phi = 1.58971, mass = 0.997844 !!
 (mass expected in the range = 0.13957..0.13957)
Warning: tau -> had decay declared for leg: Pt = 120.912, eta = 0.0132322, phi = 1.58971, mass = 0.997844 !!
 (mass expected in the range = 0.13957..0.13957)
Warning: tau -> had decay declared for leg: Pt = 120.912, eta = 0.0132322, phi = 1.58971, mass = 0.997844 !!
 (mass expected in the range = 0.13957..0.13957)
Warning: tau -> had decay declared for leg: Pt = 120.912, eta = 0.0132322, phi = 1.58971, mass = 0.997844 !!
 (mass expected in the range = 0.13957..0.13957)
Warning: tau -> had decay declared for leg: Pt = 120.912, eta = 0.0132322, phi = 1.58971, mass = 0.997844 !!
 (mass expected in the range = 0.13957..0.13957)
Warning: tau -> had decay declared for leg: Pt = 53.0903, eta = 0.04197, phi = 2.61275, mass = 0.777963 !!
 (mass expected in the range = 0.13957..0.13957)
Warning: tau -> had decay declared for leg: Pt = 90.7636, eta = 0.808263, phi = 0.579965, mass = 0.688883 !!
 (mass expected in the range = 0.13957..0.13957)
Warning: tau -> had decay declared for leg: Pt = 90.7636, eta = 0.808263, phi = 0.579965, mass = 0.688883 !!
 (mass expected in the range = 0.13957..0.13957)
Warning: tau -> had decay declared for leg: Pt = 90.7636, eta = 0.808263, phi = 0.579965, mass = 0.688883 !!
 (mass expected in the range = 0.13957..0.13957)
Warning: tau -> had decay declared for leg: Pt = 90.7636, eta = 0.808263, phi = 0.579965, mass = 0.688883 !!
 (mass expected in the range = 0.13957..0.13957)
Warning: tau -> had decay declared for leg: Pt = 90.7636, eta = 0.808263, phi = 0.579965, mass = 0.688883 !!
 (mass expected in the range = 0.13957..0.13957)
Warning: tau -> had decay declared for leg: Pt = 24.9525, eta = -1.83844, phi = 1.06916, mass = 0.869434 !!
 (mass expected in the range = 0.13957..0.13957)
Warning: tau -> had decay declared for leg: Pt = 54.2925, eta = -0.182936, phi = -0.461299, mass = 0.797254 !!
 (mass expected in the range = 0.13957..0.13957)
Warning: tau -> had decay declared for leg: Pt = 28.2344, eta = 0.193179, phi = 1.96268, mass = 1.11456 !!
 (mass expected in the range = 0.13957..0.13957)
Warning: tau -> had decay declared for leg: Pt = 36.2688, eta = -0.570903, phi = -2.35387, mass = 1.35265 !!
 (mass expected in the range = 0.13957..0.13957)
Warning: tau -> had decay declared for leg: Pt = 22.111, eta = -0.0819156, phi = -2.80264, mass = 1.11519 !!
 (mass expected in the range = 0.13957..0.13957)
Warning: tau -> had decay declared for leg: Pt = 23.6152, eta = 0.242678, phi = 2.94352, mass = 1.1627 !!
 (mass expected in the range = 0.13957..0.13957)
Warning: tau -> had decay declared for leg: Pt = 78.3419, eta = 0.794717, phi = 1.09289, mass = 0.693388 !!
 (mass expected in the range = 0.13957..0.13957)
Warning: tau -> had decay declared for leg: Pt = 41.5533, eta = -0.563523, phi = 2.20834, mass = 0.894992 !!
 (mass expected in the range = 0.13957..0.13957)
Warning: tau -> had decay declared for leg: Pt = 22.0328, eta = 0.213985, phi = 1.5076, mass = 0.542679 !!
 (mass expected in the range = 0.13957..0.13957)
Warning: tau -> had decay declared for leg: Pt = 22.0328, eta = 0.213985, phi = 1.5076, mass = 0.542679 !!
 (mass expected in the range = 0.13957..0.13957)
Warning: tau -> had decay declared for leg: Pt = 22.0328, eta = 0.213985, phi = 1.5076, mass = 0.542679 !!
 (mass expected in the range = 0.13957..0.13957)
Warning: tau -> had decay declared for leg: Pt = 22.0328, eta = 0.213985, phi = 1.5076, mass = 0.542679 !!
 (mass expected in the range = 0.13957..0.13957)
Warning: tau -> had decay declared for leg: Pt = 22.0328, eta = 0.213985, phi = 1.5076, mass = 0.542679 !!
 (mass expected in the range = 0.13957..0.13957)
Warning: tau -> had decay declared for leg: Pt = 32.4248, eta = -0.44336, phi = 2.32264, mass = 1.20982 !!
 (mass expected in the range = 0.13957..0.13957)
Warning: tau -> had decay declared for leg: Pt = 32.1053, eta = 0.0786038, phi = -2.61958, mass = 0.545853 !!
 (mass expected in the range = 0.13957..0.13957)
Warning: tau -> had decay declared for leg: Pt = 36.0373, eta = 0.456316, phi = 1.01578, mass = 0.638792 !!
 (mass expected in the range = 0.13957..0.13957)
Warning: tau -> had decay declared for leg: Pt = 36.0373, eta = 0.456316, phi = 1.01578, mass = 0.638792 !!
 (mass expected in the range = 0.13957..0.13957)
Warning: tau -> had decay declared for leg: Pt = 36.0373, eta = 0.456316, phi = 1.01578, mass = 0.638792 !!
 (mass expected in the range = 0.13957..0.13957)
Warning: tau -> had decay declared for leg: Pt = 36.0373, eta = 0.456316, phi = 1.01578, mass = 0.638792 !!
 (mass expected in the range = 0.13957..0.13957)
Warning: tau -> had decay declared for leg: Pt = 36.0373, eta = 0.456316, phi = 1.01578, mass = 0.638792 !!
 (mass expected in the range = 0.13957..0.13957)
Warning: tau -> had decay declared for leg: Pt = 82.7192, eta = -0.545636, phi = 2.85129, mass = 1.27546 !!
 (mass expected in the range = 0.13957..0.13957)
Warning: tau -> had decay declared for leg: Pt = 28.6399, eta = 0.0858059, phi = -2.61938, mass = 1.00919 !!
 (mass expected in the range = 0.13957..0.13957)
Warning: tau -> had decay declared for leg: Pt = 73.9043, eta = 0.751516, phi = 2.48544, mass = 0.841671 !!
 (mass expected in the range = 0.13957..0.13957)
Warning: tau -> had decay declared for leg: Pt = 73.9043, eta = 0.751516, phi = 2.48544, mass = 0.841671 !!
 (mass expected in the range = 0.13957..0.13957)
Warning: tau -> had decay declared for leg: Pt = 73.9043, eta = 0.751516, phi = 2.48544, mass = 0.841671 !!
 (mass expected in the range = 0.13957..0.13957)
Warning: tau -> had decay declared for leg: Pt = 73.9043, eta = 0.751516, phi = 2.48544, mass = 0.841671 !!
 (mass expected in the range = 0.13957..0.13957)
Warning: tau -> had decay declared for leg: Pt = 73.9043, eta = 0.751516, phi = 2.48544, mass = 0.841671 !!
 (mass expected in the range = 0.13957..0.13957)
Warning: tau -> had decay declared for leg: Pt = 25.6578, eta = -0.484654, phi = -3.1023, mass = 1.18141 !!
 (mass expected in the range = 0.13957..0.13957)
Warning: tau -> had decay declared for leg: Pt = 25.7783, eta = -0.150942, phi = 0.937578, mass = 0.49262 !!
 (mass expected in the range = 0.13957..0.13957)
Warning: tau -> had decay declared for leg: Pt = 54.6995, eta = -0.739397, phi = -2.38049, mass = 0.421618 !!
 (mass expected in the range = 0.13957..0.13957)
Warning: tau -> had decay declared for leg: Pt = 122.475, eta = 0.901297, phi = -0.5038, mass = 0.798464 !!
 (mass expected in the range = 0.13957..0.13957)
Warning: tau -> had decay declared for leg: Pt = 29.3656, eta = -1.61939, phi = -0.255607, mass = 0.548455 !!
 (mass expected in the range = 0.13957..0.13957)
Warning: tau -> had decay declared for leg: Pt = 41.2042, eta = 1.01135, phi = -1.39492, mass = 1.51516 !!
 (mass expected in the range = 0.13957..0.13957)
Warning: tau -> had decay declared for leg: Pt = 41.2042, eta = 1.01135, phi = -1.39492, mass = 1.51516 !!
 (mass expected in the range = 0.13957..0.13957)
Warning: tau -> had decay declared for leg: Pt = 41.2042, eta = 1.01135, phi = -1.39492, mass = 1.51516 !!
 (mass expected in the range = 0.13957..0.13957)
Warning: tau -> had decay declared for leg: Pt = 41.2042, eta = 1.01135, phi = -1.39492, mass = 1.51516 !!
 (mass expected in the range = 0.13957..0.13957)
Warning: tau -> had decay declared for leg: Pt = 41.2042, eta = 1.01135, phi = -1.39492, mass = 1.51516 !!
 (mass expected in the range = 0.13957..0.13957)
Warning: tau -> had decay declared for leg: Pt = 23.1527, eta = -0.246778, phi = -1.44337, mass = 1.09342 !!
 (mass expected in the range = 0.13957..0.13957)
Warning: tau -> had decay declared for leg: Pt = 31.4923, eta = -0.552288, phi = -1.04699, mass = 0.686439 !!
 (mass expected in the range = 0.13957..0.13957)
Warning: tau -> had decay declared for leg: Pt = 28.1587, eta = 0.435758, phi = -1.36607, mass = 0.857345 !!
 (mass expected in the range = 0.13957..0.13957)
Warning: tau -> had decay declared for leg: Pt = 30.191, eta = 0.922781, phi = -0.316718, mass = 0.619289 !!
 (mass expected in the range = 0.13957..0.13957)
Warning: tau -> had decay declared for leg: Pt = 79.3726, eta = -2.26207, phi = -0.930211, mass = 0.681861 !!
 (mass expected in the range = 0.13957..0.13957)
Warning: tau -> had decay declared for leg: Pt = 79.3726, eta = -2.26207, phi = -0.930211, mass = 0.681861 !!
 (mass expected in the range = 0.13957..0.13957)
Warning: tau -> had decay declared for leg: Pt = 79.3726, eta = -2.26207, phi = -0.930211, mass = 0.681861 !!
 (mass expected in the range = 0.13957..0.13957)
Warning: tau -> had decay declared for leg: Pt = 79.3726, eta = -2.26207, phi = -0.930211, mass = 0.681861 !!
 (mass expected in the range = 0.13957..0.13957)
Warning: tau -> had decay declared for leg: Pt = 79.3726, eta = -2.26207, phi = -0.930211, mass = 0.681861 !!
 (mass expected in the range = 0.13957..0.13957)
Warning: tau -> had decay declared for leg: Pt = 22.1498, eta = -1.15382, phi = 2.11528, mass = 0.981284 !!
 (mass expected in the range = 0.13957..0.13957)
Warning: tau -> had decay declared for leg: Pt = 23.583, eta = 0.40695, phi = 1.22991, mass = 0.758283 !!
 (mass expected in the range = 0.13957..0.13957)
