040 (3536308.000.000) 2024-07-08 16:52:56 Started transferring input files
	Transferring to host: <131.225.189.27:9618?addrs=[2620-6a-0-8421-f0-0-189-27]-9618+131.225.189.27-9618&alias=cmswn2084.fnal.gov&noUDP&sock=slot1_18_2602_1823_41834>
...
040 (3536308.000.000) 2024-07-08 16:52:56 Finished transferring input files
...
001 (3536308.000.000) 2024-07-08 16:52:57 Job executing on host: <131.225.189.27:9618?addrs=[2620-6a-0-8421-f0-0-189-27]-9618+131.225.189.27-9618&alias=cmswn2084.fnal.gov&noUDP&sock=startd_2121_6876>
	SlotName: slot1_18@cmswn2084.fnal.gov
	CondorScratchDir = "/storage/local/data1/condor/execute/dir_441344"
	Cpus = 1
	Disk = 1609868
	Memory = 2048
...
040 (3536308.000.000) 2024-07-08 16:53:35 Started transferring output files
...
040 (3536308.000.000) 2024-07-08 16:53:35 Finished transferring output files
...
005 (3536308.000.000) 2024-07-08 16:53:38 Job terminated.
	(1) Normal termination (return value 1)
		Usr 0 00:00:00, Sys 0 00:00:00  -  Run Remote Usage
		Usr 0 00:00:00, Sys 0 00:00:00  -  Run Local Usage
		Usr 0 00:00:00, Sys 0 00:00:00  -  Total Remote Usage
		Usr 0 00:00:00, Sys 0 00:00:00  -  Total Local Usage
	1385  -  Run Bytes Sent By Job
	11440  -  Run Bytes Received By Job
	1385  -  Total Bytes Sent By Job
	11440  -  Total Bytes Received By Job
	Partitionable Resources :    Usage  Request Allocated 
	   Cpus                 :     0.08        1         1 
	   Disk (KB)            :    43           4   1609868 
	   Memory (MB)          :              2048      2048 

	Job terminated of its own accord at 2024-07-08T21:53:35Z with exit-code 1.
...
