040 (65483370.000.000) 2024-07-09 05:20:42 Started transferring input files
	Transferring to host: <131.225.189.41:9618?addrs=[2620-6a-0-8421-f0-0-189-41]-9618+131.225.189.41-9618&alias=cmswn2093.fnal.gov&noUDP&sock=slot1_29_2455_84fd_29231>
...
040 (65483370.000.000) 2024-07-09 05:20:42 Finished transferring input files
...
001 (65483370.000.000) 2024-07-09 05:20:43 Job executing on host: <131.225.189.41:9618?addrs=[2620-6a-0-8421-f0-0-189-41]-9618+131.225.189.41-9618&alias=cmswn2093.fnal.gov&noUDP&sock=startd_2158_c977>
	SlotName: slot1_29@cmswn2093.fnal.gov
	CondorScratchDir = "/storage/local/data1/condor/execute/dir_2538684"
	Cpus = 1
	Disk = 1598926
	Memory = 2048
...
040 (65483370.000.000) 2024-07-09 06:47:40 Started transferring output files
...
040 (65483370.000.000) 2024-07-09 06:47:40 Finished transferring output files
...
005 (65483370.000.000) 2024-07-09 06:47:41 Job terminated.
	(1) Normal termination (return value 0)
		Usr 0 00:00:00, Sys 0 00:00:00  -  Run Remote Usage
		Usr 0 00:00:00, Sys 0 00:00:00  -  Run Local Usage
		Usr 0 00:00:00, Sys 0 00:00:00  -  Total Remote Usage
		Usr 0 00:00:00, Sys 0 00:00:00  -  Total Local Usage
	1210216  -  Run Bytes Sent By Job
	11452  -  Run Bytes Received By Job
	1210216  -  Total Bytes Sent By Job
	11452  -  Total Bytes Received By Job
	Partitionable Resources :    Usage  Request Allocated 
	   Cpus                 :        0        1         1 
	   Disk (KB)            :   153468        4   1598926 
	   Memory (MB)          :              2048      2048 

	Job terminated of its own accord at 2024-07-09T11:47:40Z with exit-code 0.
...
