[FERMIHTC-APPTAINER]: INFO -- ApptainerImage classAd detected
[FERMIHTC-APPTAINER]: INFO -- Attempting to run job in /cvmfs/singularity.opensciencegrid.org/cmssw/cms:rhel7
[FERMIHTC-APPTAINER]: INFO -- Running /cvmfs/oasis.opensciencegrid.org/mis/apptainer/current/bin/apptainer exec --pid --ipc --contain --bind /cvmfs --bind /etc/hosts --bind /etc/grid-security --home /storage/local/data1/condor/execute/dir_3294875:/srv --pwd /srv /cvmfs/singularity.opensciencegrid.org/cmssw/cms:rhel7 ./run_condor.csh plotBoostedTauTau.py ./filelists/AToTauTau/UL2017/ALP_Ntuple_m_50_htj_400toInf_UL2017/ALP_Ntuple_m_50_htj_400toInf_UL2017_0.txt root://cmseos.fnal.gov//store/user/dalam/UL2017/ TCP 2017
Starting job on  Tue Jul 9 06:31:59 UTC 2024
Running on: Linux dalam-33520930-0-cmswn2046.fnal.gov 5.14.0-427.16.1.el9_4.x86_64 #1 SMP PREEMPT_DYNAMIC Thu May 9 18:15:59 EDT 2024 x86_64 x86_64 x86_64 GNU/Linux
System software: CentOS Linux release 7.9.2009 (Core)
Done: ProjectRename
Arguments passed to this script are: 
  script: plotBoostedTauTau.py
  input files: ./filelists/AToTauTau/UL2017/ALP_Ntuple_m_50_htj_400toInf_UL2017/ALP_Ntuple_m_50_htj_400toInf_UL2017_0.txt
  output dir: root://cmseos.fnal.gov//store/user/dalam/UL2017/
  mode: TCP
  year: 2017
{'lowMET_BFlavour': <cppyy.gbl.TH2F object at 0x5ae26e0>, 'highMET_BFlavour': <cppyy.gbl.TH2F object at 0x8a227c0>, 'lowMET_CFlavour': <cppyy.gbl.TH2F object at 0x8a21e00>, 'highMET_CFlavour': <cppyy.gbl.TH2F object at 0x8a21980>, 'lowMET_LFlavour': <cppyy.gbl.TH2F object at 0x8a222c0>, 'highMET_LFlavour': <cppyy.gbl.TH2F object at 0x8a33710>}
root://cmseos.fnal.gov//store/user/dalam/UL2017/h_plotBoostedTauTau_2017_ALP_Ntuple_m_50_htj_400toInf_UL2017_0.root
root://cmseos.fnal.gov//store/user/mwulansa/TCPNtuple/AToTauTau_ALP_M-50_HT-400toInf_TuneCP5_13TeV-madgraphMLM-pythia8/Ntuple_ALP_M-50_HT-400toInf_Summer20UL17_miniAODv2_v2024/240103_130119/0000/TCPNtuple_Backgrounds_1-1.root
root://cmseos.fnal.gov//store/user/mwulansa/TCPNtuple/AToTauTau_ALP_M-50_HT-400toInf_TuneCP5_13TeV-madgraphMLM-pythia8/Ntuple_ALP_M-50_HT-400toInf_Summer20UL17_miniAODv2_v2024/240103_130119/0000/TCPNtuple_Backgrounds_1-2.root
root://cmseos.fnal.gov//store/user/mwulansa/TCPNtuple/AToTauTau_ALP_M-50_HT-400toInf_TuneCP5_13TeV-madgraphMLM-pythia8/Ntuple_ALP_M-50_HT-400toInf_Summer20UL17_miniAODv2_v2024/240103_130119/0000/TCPNtuple_Backgrounds_1-3.root
root://cmseos.fnal.gov//store/user/mwulansa/TCPNtuple/AToTauTau_ALP_M-50_HT-400toInf_TuneCP5_13TeV-madgraphMLM-pythia8/Ntuple_ALP_M-50_HT-400toInf_Summer20UL17_miniAODv2_v2024/240103_130119/0000/TCPNtuple_Backgrounds_1-4.root
root://cmseos.fnal.gov//store/user/mwulansa/TCPNtuple/AToTauTau_ALP_M-50_HT-400toInf_TuneCP5_13TeV-madgraphMLM-pythia8/Ntuple_ALP_M-50_HT-400toInf_Summer20UL17_miniAODv2_v2024/240103_130119/0000/TCPNtuple_Backgrounds_1.root
root://cmseos.fnal.gov//store/user/mwulansa/TCPNtuple/AToTauTau_ALP_M-50_HT-400toInf_TuneCP5_13TeV-madgraphMLM-pythia8/Ntuple_ALP_M-50_HT-400toInf_Summer20UL17_miniAODv2_v2024/240103_130119/0000/TCPNtuple_Backgrounds_4.root
root://cmseos.fnal.gov//store/user/mwulansa/TCPNtuple/AToTauTau_ALP_M-50_HT-400toInf_TuneCP5_13TeV-madgraphMLM-pythia8/Ntuple_ALP_M-50_HT-400toInf_Summer20UL17_miniAODv2_v2024/240103_130119/0000/TCPNtuple_Backgrounds_5.root
root://cmseos.fnal.gov//store/user/mwulansa/TCPNtuple/AToTauTau_ALP_M-50_HT-400toInf_TuneCP5_13TeV-madgraphMLM-pythia8/Ntuple_ALP_M-50_HT-400toInf_Summer20UL17_miniAODv2_v2024/240103_130119/0000/TCPNtuple_Backgrounds_6.root
root://cmseos.fnal.gov//store/user/mwulansa/TCPNtuple/AToTauTau_ALP_M-50_HT-400toInf_TuneCP5_13TeV-madgraphMLM-pythia8/Ntuple_ALP_M-50_HT-400toInf_Summer20UL17_miniAODv2_v2024/240103_130119/0000/TCPNtuple_Backgrounds_7.root
