[FERMIHTC-APPTAINER]: INFO -- ApptainerImage classAd detected
[FERMIHTC-APPTAINER]: INFO -- Attempting to run job in /cvmfs/singularity.opensciencegrid.org/cmssw/cms:rhel7
[FERMIHTC-APPTAINER]: INFO -- Running /cvmfs/oasis.opensciencegrid.org/mis/apptainer/current/bin/apptainer exec --pid --ipc --contain --bind /cvmfs --bind /etc/hosts --bind /etc/grid-security --home /storage/local/data1/condor/execute/dir_285988:/srv --pwd /srv /cvmfs/singularity.opensciencegrid.org/cmssw/cms:rhel7 ./run_condor.csh plotBoostedTauTau.py ./filelists/AToTauTau/UL16pre/ALP_M-35_HT-100to400_preVFPUL16/ALP_M-35_HT-100to400_preVFPUL16_0.txt root://cmseos.fnal.gov//store/user/dalam/UL2016pre/ TCP 16pre
Starting job on  Tue Jul 9 10:47:36 UTC 2024
Running on: Linux dalam-65483367-0-cmswn2151.fnal.gov 5.14.0-427.16.1.el9_4.x86_64 #1 SMP PREEMPT_DYNAMIC Thu May 9 18:15:59 EDT 2024 x86_64 x86_64 x86_64 GNU/Linux
System software: CentOS Linux release 7.9.2009 (Core)
Done: ProjectRename
Arguments passed to this script are: 
  script: plotBoostedTauTau.py
  input files: ./filelists/AToTauTau/UL16pre/ALP_M-35_HT-100to400_preVFPUL16/ALP_M-35_HT-100to400_preVFPUL16_0.txt
  output dir: root://cmseos.fnal.gov//store/user/dalam/UL2016pre/
  mode: TCP
  year: 16pre
mode: 1
tau_e tau_mu
Kappa: 3
SVFit Mass: 39.5274
mode: 1
tau_e tau_mu
Kappa: 3
SVFit Mass: 33.8632
mode: 1
tau_e tau_mu
Kappa: 3
SVFit Mass: 33.8632
mode: 1
tau_e tau_mu
Kappa: 3
SVFit Mass: 33.8632
mode: 1
tau_e tau_mu
Kappa: 3
SVFit Mass: 33.8632
mode: 1
tau_e tau_mu
Kappa: 3
SVFit Mass: 36.8122
mode: 1
tau_e tau_mu
Kappa: 3
SVFit Mass: 36.8122
mode: 1
tau_e tau_mu
Kappa: 3
SVFit Mass: 36.8122
mode: 1
tau_e tau_mu
Kappa: 3
SVFit Mass: 36.8122
mode: 1
tau_e tau_mu
Kappa: 3
SVFit Mass: 32.5471
mode: 1
tau_e tau_mu
Kappa: 3
SVFit Mass: 32.5471
mode: 1
tau_e tau_mu
Kappa: 3
SVFit Mass: 32.5471
mode: 1
tau_e tau_mu
Kappa: 3
SVFit Mass: 32.5471
mode: 2
tau_mu tau_h
Kappa: 4
SVFit Mass: 26.9384
mode: 2
tau_mu tau_h
Kappa: 4
SVFit Mass: 47.4047
mode: 2
tau_mu tau_h
Kappa: 4
SVFit Mass: 47.4047
mode: 2
tau_mu tau_h
Kappa: 4
SVFit Mass: 47.4047
mode: 2
tau_mu tau_h
Kappa: 4
SVFit Mass: 47.4047
mode: 2
tau_mu tau_h
Kappa: 4
SVFit Mass: 47.4047
mode: 1
tau_e tau_mu
Kappa: 3
SVFit Mass: 36.9559
mode: 2
tau_mu tau_h
Kappa: 4
SVFit Mass: 32.5109
mode: 2
tau_mu tau_h
Kappa: 4
SVFit Mass: 32.5109
mode: 2
tau_mu tau_h
Kappa: 4
SVFit Mass: 32.5109
mode: 2
tau_mu tau_h
Kappa: 4
SVFit Mass: 32.5109
mode: 2
tau_mu tau_h
Kappa: 4
SVFit Mass: 32.5109
mode: 2
tau_mu tau_h
Kappa: 4
SVFit Mass: 35.627
mode: 2
tau_mu tau_h
Kappa: 4
SVFit Mass: 35.627
mode: 2
tau_mu tau_h
Kappa: 4
SVFit Mass: 35.627
mode: 2
tau_mu tau_h
Kappa: 4
SVFit Mass: 35.627
mode: 2
tau_mu tau_h
Kappa: 4
SVFit Mass: 35.627
mode: 1
tau_e tau_mu
Kappa: 3
SVFit Mass: 26.9893
mode: 1
tau_e tau_mu
Kappa: 3
SVFit Mass: 26.9893
mode: 2
tau_mu tau_h
Kappa: 4
SVFit Mass: 25.0653
mode: 1
tau_e tau_mu
Kappa: 3
SVFit Mass: 36.3249
mode: 1
tau_e tau_mu
Kappa: 3
SVFit Mass: 36.3249
mode: 1
tau_e tau_mu
Kappa: 3
SVFit Mass: 36.3249
mode: 1
tau_e tau_mu
Kappa: 3
SVFit Mass: 36.3249
mode: 2
tau_mu tau_h
Kappa: 4
SVFit Mass: 32.6772
mode: 2
tau_mu tau_h
Kappa: 4
SVFit Mass: 295.521
mode: 2
tau_mu tau_h
Kappa: 4
SVFit Mass: 29.2213
mode: 2
tau_mu tau_h
Kappa: 4
SVFit Mass: 35.6694
mode: 1
tau_e tau_mu
Kappa: 3
SVFit Mass: 27.46
mode: 1
tau_e tau_mu
Kappa: 3
SVFit Mass: 27.46
mode: 1
tau_e tau_mu
Kappa: 3
SVFit Mass: 38.0603
mode: 1
tau_e tau_mu
Kappa: 3
SVFit Mass: 38.0603
mode: 2
tau_mu tau_h
Kappa: 4
SVFit Mass: 33.8955
mode: 2
tau_mu tau_h
Kappa: 4
SVFit Mass: 39.1507
mode: 2
tau_mu tau_h
Kappa: 4
SVFit Mass: 39.1507
mode: 2
tau_mu tau_h
Kappa: 4
SVFit Mass: 39.1507
mode: 2
tau_mu tau_h
Kappa: 4
SVFit Mass: 39.1507
mode: 2
tau_mu tau_h
Kappa: 4
SVFit Mass: 39.1507
mode: 1
tau_e tau_mu
Kappa: 3
SVFit Mass: 43.7947
mode: 1
tau_e tau_mu
Kappa: 3
SVFit Mass: 43.7947
mode: 1
tau_e tau_mu
Kappa: 3
SVFit Mass: 43.7947
mode: 1
tau_e tau_mu
Kappa: 3
SVFit Mass: 43.7947
mode: 1
tau_e tau_mu
Kappa: 3
SVFit Mass: 36.6579
mode: 1
tau_e tau_mu
Kappa: 3
SVFit Mass: 36.6579
mode: 1
tau_e tau_mu
Kappa: 3
SVFit Mass: 23.5196
mode: 1
tau_e tau_mu
Kappa: 3
SVFit Mass: 23.5196
mode: 2
tau_mu tau_h
Kappa: 4
SVFit Mass: 32.3353
mode: 1
tau_e tau_mu
Kappa: 3
SVFit Mass: 38.5972
mode: 1
tau_e tau_mu
Kappa: 3
SVFit Mass: 35.2057
mode: 1
tau_e tau_mu
Kappa: 3
SVFit Mass: 35.2057
mode: 1
tau_e tau_mu
Kappa: 3
SVFit Mass: 35.2057
mode: 1
tau_e tau_mu
Kappa: 3
SVFit Mass: 35.2057
mode: 2
tau_mu tau_h
Kappa: 4
SVFit Mass: 24.8237
mode: 2
tau_mu tau_h
Kappa: 4
SVFit Mass: 24.8237
mode: 2
tau_mu tau_h
Kappa: 4
SVFit Mass: 24.8237
mode: 2
tau_mu tau_h
Kappa: 4
SVFit Mass: 24.8237
mode: 2
tau_mu tau_h
Kappa: 4
SVFit Mass: 24.8237
mode: 1
tau_e tau_mu
Kappa: 3
SVFit Mass: 42.9878
mode: 1
tau_e tau_mu
Kappa: 3
SVFit Mass: 42.9878
mode: 1
tau_e tau_mu
Kappa: 3
SVFit Mass: 42.9878
mode: 1
tau_e tau_mu
Kappa: 3
SVFit Mass: 42.9878
mode: 2
tau_mu tau_h
Kappa: 4
SVFit Mass: 32.8635
mode: 2
tau_mu tau_h
Kappa: 4
SVFit Mass: 36.0366
mode: 2
tau_mu tau_h
Kappa: 4
SVFit Mass: 32.3165
mode: 1
tau_e tau_mu
Kappa: 3
SVFit Mass: 37.0656
mode: 1
tau_e tau_mu
Kappa: 3
SVFit Mass: 37.0656
mode: 1
tau_e tau_mu
Kappa: 3
SVFit Mass: 37.0656
mode: 1
tau_e tau_mu
Kappa: 3
SVFit Mass: 37.0656
mode: 2
tau_mu tau_h
Kappa: 4
SVFit Mass: 37.5328
mode: 2
tau_mu tau_h
Kappa: 4
SVFit Mass: 27.7929
mode: 2
tau_mu tau_h
Kappa: 4
SVFit Mass: 27.7929
mode: 2
tau_mu tau_h
Kappa: 4
SVFit Mass: 27.7929
mode: 2
tau_mu tau_h
Kappa: 4
SVFit Mass: 27.7929
mode: 2
tau_mu tau_h
Kappa: 4
SVFit Mass: 27.7929
mode: 1
tau_e tau_mu
Kappa: 3
SVFit Mass: 23.5197
mode: 1
tau_e tau_mu
Kappa: 3
SVFit Mass: 23.5197
mode: 1
tau_e tau_mu
Kappa: 3
SVFit Mass: 27.5206
mode: 1
tau_e tau_mu
Kappa: 3
SVFit Mass: 27.5206
mode: 1
tau_e tau_mu
Kappa: 3
SVFit Mass: 27.5206
mode: 1
tau_e tau_mu
Kappa: 3
SVFit Mass: 27.5206
mode: 1
tau_e tau_mu
Kappa: 3
SVFit Mass: 35.4743
mode: 2
tau_mu tau_h
Kappa: 4
SVFit Mass: 31.2781
mode: 2
tau_mu tau_h
Kappa: 4
SVFit Mass: 31.2781
mode: 2
tau_mu tau_h
Kappa: 4
SVFit Mass: 31.2781
mode: 2
tau_mu tau_h
Kappa: 4
SVFit Mass: 31.2781
mode: 2
tau_mu tau_h
Kappa: 4
SVFit Mass: 31.2781
mode: 1
tau_e tau_mu
Kappa: 3
SVFit Mass: 37.3725
mode: 1
tau_e tau_mu
Kappa: 3
SVFit Mass: 37.3725
mode: 1
tau_e tau_mu
Kappa: 3
SVFit Mass: 37.3725
mode: 1
tau_e tau_mu
Kappa: 3
SVFit Mass: 37.3725
mode: 2
tau_mu tau_h
Kappa: 4
SVFit Mass: 31.2151
mode: 2
tau_mu tau_h
Kappa: 4
SVFit Mass: 31.2151
mode: 2
tau_mu tau_h
Kappa: 4
SVFit Mass: 31.2151
mode: 2
tau_mu tau_h
Kappa: 4
SVFit Mass: 31.2151
mode: 2
tau_mu tau_h
Kappa: 4
SVFit Mass: 31.2151
mode: 1
tau_e tau_mu
Kappa: 3
SVFit Mass: 36.4278
mode: 2
tau_mu tau_h
Kappa: 4
SVFit Mass: 36.3115
mode: 2
tau_mu tau_h
Kappa: 4
SVFit Mass: 36.3115
mode: 2
tau_mu tau_h
Kappa: 4
SVFit Mass: 36.3115
mode: 2
tau_mu tau_h
Kappa: 4
SVFit Mass: 36.3115
mode: 2
tau_mu tau_h
Kappa: 4
SVFit Mass: 36.3115
mode: 2
tau_mu tau_h
Kappa: 4
SVFit Mass: 23.5003
mode: 1
tau_e tau_mu
Kappa: 3
SVFit Mass: 53.5419
mode: 1
tau_e tau_mu
Kappa: 3
SVFit Mass: 53.5419
mode: 2
tau_mu tau_h
Kappa: 4
SVFit Mass: 35.7074
mode: 2
tau_mu tau_h
Kappa: 4
SVFit Mass: 30.5188
mode: 2
tau_mu tau_h
Kappa: 4
SVFit Mass: 33.0287
mode: 2
tau_mu tau_h
Kappa: 4
SVFit Mass: 35.7893
mode: 1
tau_e tau_mu
Kappa: 3
SVFit Mass: 39.0268
mode: 1
tau_e tau_mu
Kappa: 3
SVFit Mass: 39.0268
mode: 2
tau_mu tau_h
Kappa: 4
SVFit Mass: 38.0794
mode: 1
tau_e tau_mu
Kappa: 3
SVFit Mass: 31.6663
mode: 2
tau_mu tau_h
Kappa: 4
SVFit Mass: 32.6378
mode: 2
tau_mu tau_h
Kappa: 4
SVFit Mass: 39.3409
mode: 2
tau_mu tau_h
Kappa: 4
SVFit Mass: 26.8911
mode: 2
tau_mu tau_h
Kappa: 4
SVFit Mass: 26.8911
mode: 2
tau_mu tau_h
Kappa: 4
SVFit Mass: 26.8911
mode: 2
tau_mu tau_h
Kappa: 4
SVFit Mass: 26.8911
mode: 2
tau_mu tau_h
Kappa: 4
SVFit Mass: 26.8911
mode: 2
tau_mu tau_h
Kappa: 4
SVFit Mass: 30.5067
mode: 1
tau_e tau_mu
Kappa: 3
SVFit Mass: 27.9304
mode: 1
tau_e tau_mu
Kappa: 3
SVFit Mass: 27.9304
mode: 1
tau_e tau_mu
Kappa: 3
SVFit Mass: 27.9304
mode: 1
tau_e tau_mu
Kappa: 3
SVFit Mass: 27.9304
mode: 1
tau_e tau_mu
Kappa: 3
SVFit Mass: 34.7457
mode: 1
tau_e tau_mu
Kappa: 3
SVFit Mass: 34.7457
mode: 2
tau_mu tau_h
Kappa: 4
SVFit Mass: 28.8891
mode: 2
tau_mu tau_h
Kappa: 4
SVFit Mass: 28.8891
mode: 2
tau_mu tau_h
Kappa: 4
SVFit Mass: 28.8891
mode: 2
tau_mu tau_h
Kappa: 4
SVFit Mass: 28.8891
mode: 2
tau_mu tau_h
Kappa: 4
SVFit Mass: 28.8891
mode: 2
tau_mu tau_h
Kappa: 4
SVFit Mass: 33.5819
mode: 1
tau_e tau_mu
Kappa: 3
SVFit Mass: 32.7158
mode: 1
tau_e tau_mu
Kappa: 3
SVFit Mass: 32.7158
mode: 2
tau_mu tau_h
Kappa: 4
SVFit Mass: 28.2092
mode: 2
tau_mu tau_h
Kappa: 4
SVFit Mass: 31.3931
mode: 1
tau_e tau_mu
Kappa: 3
SVFit Mass: 37.9165
mode: 2
tau_mu tau_h
Kappa: 4
SVFit Mass: 34.0847
mode: 2
tau_mu tau_h
Kappa: 4
SVFit Mass: 34.0847
mode: 2
tau_mu tau_h
Kappa: 4
SVFit Mass: 34.0847
mode: 2
tau_mu tau_h
Kappa: 4
SVFit Mass: 34.0847
mode: 2
tau_mu tau_h
Kappa: 4
SVFit Mass: 34.0847
mode: 2
tau_mu tau_h
Kappa: 4
SVFit Mass: 26.4253
mode: 2
tau_mu tau_h
Kappa: 4
SVFit Mass: 36.3483
mode: 2
tau_mu tau_h
Kappa: 4
SVFit Mass: 36.2829
mode: 2
tau_mu tau_h
Kappa: 4
SVFit Mass: 36.2829
mode: 2
tau_mu tau_h
Kappa: 4
SVFit Mass: 36.2829
mode: 2
tau_mu tau_h
Kappa: 4
SVFit Mass: 36.2829
mode: 2
tau_mu tau_h
Kappa: 4
SVFit Mass: 36.2829
mode: 1
tau_e tau_mu
Kappa: 3
SVFit Mass: 30.9852
mode: 1
tau_e tau_mu
Kappa: 3
SVFit Mass: 30.9852
mode: 2
tau_mu tau_h
Kappa: 4
SVFit Mass: 28.2111
mode: 2
tau_mu tau_h
Kappa: 4
SVFit Mass: 28.2111
mode: 2
tau_mu tau_h
Kappa: 4
SVFit Mass: 28.2111
mode: 2
tau_mu tau_h
Kappa: 4
SVFit Mass: 28.2111
mode: 2
tau_mu tau_h
Kappa: 4
SVFit Mass: 28.2111
mode: 2
tau_mu tau_h
Kappa: 4
SVFit Mass: 37.9699
mode: 2
tau_mu tau_h
Kappa: 4
SVFit Mass: 33.173
mode: 2
tau_mu tau_h
Kappa: 4
SVFit Mass: 25.8233
mode: 2
tau_mu tau_h
Kappa: 4
SVFit Mass: 25.8233
mode: 2
tau_mu tau_h
Kappa: 4
SVFit Mass: 25.8233
mode: 2
tau_mu tau_h
Kappa: 4
SVFit Mass: 25.8233
mode: 2
tau_mu tau_h
Kappa: 4
SVFit Mass: 25.8233
mode: 2
tau_mu tau_h
Kappa: 4
SVFit Mass: 35.4082
mode: 1
tau_e tau_mu
Kappa: 3
SVFit Mass: 30.658
mode: 1
tau_e tau_mu
Kappa: 3
SVFit Mass: 30.658
mode: 1
tau_e tau_mu
Kappa: 3
SVFit Mass: 47.4834
mode: 1
tau_e tau_mu
Kappa: 3
SVFit Mass: 42.8015
mode: 1
tau_e tau_mu
Kappa: 3
SVFit Mass: 42.8015
mode: 1
tau_e tau_mu
Kappa: 3
SVFit Mass: 42.8015
mode: 1
tau_e tau_mu
Kappa: 3
SVFit Mass: 42.8015
mode: 2
tau_mu tau_h
Kappa: 4
SVFit Mass: 34.2574
mode: 2
tau_mu tau_h
Kappa: 4
SVFit Mass: 34.2574
mode: 2
tau_mu tau_h
Kappa: 4
SVFit Mass: 34.2574
mode: 2
tau_mu tau_h
Kappa: 4
SVFit Mass: 34.2574
mode: 2
tau_mu tau_h
Kappa: 4
SVFit Mass: 34.2574
mode: 2
tau_mu tau_h
Kappa: 4
SVFit Mass: 148.054
mode: 2
tau_mu tau_h
Kappa: 4
SVFit Mass: 31.0496
mode: 2
tau_mu tau_h
Kappa: 4
SVFit Mass: 31.0496
mode: 2
tau_mu tau_h
Kappa: 4
SVFit Mass: 31.0496
mode: 2
tau_mu tau_h
Kappa: 4
SVFit Mass: 31.0496
mode: 2
tau_mu tau_h
Kappa: 4
SVFit Mass: 31.0496
mode: 2
tau_mu tau_h
Kappa: 4
SVFit Mass: 23.8787
mode: 2
tau_mu tau_h
Kappa: 4
SVFit Mass: 30.6387
mode: 1
tau_e tau_mu
Kappa: 3
SVFit Mass: 36.4174
mode: 1
tau_e tau_mu
Kappa: 3
SVFit Mass: 36.4174
mode: 2
tau_mu tau_h
Kappa: 4
SVFit Mass: 36.2933
mode: 1
tau_e tau_mu
Kappa: 3
SVFit Mass: 44.4479
mode: 1
tau_e tau_mu
Kappa: 3
SVFit Mass: 14.9931
mode: 1
tau_e tau_mu
Kappa: 3
SVFit Mass: 14.9931
mode: 2
tau_mu tau_h
Kappa: 4
SVFit Mass: 32.1079
mode: 1
tau_e tau_mu
Kappa: 3
SVFit Mass: 45.2775
mode: 1
tau_e tau_mu
Kappa: 3
SVFit Mass: 45.2775
mode: 2
tau_mu tau_h
Kappa: 4
SVFit Mass: 19.0053
mode: 2
tau_mu tau_h
Kappa: 4
SVFit Mass: 19.0053
mode: 2
tau_mu tau_h
Kappa: 4
SVFit Mass: 19.0053
mode: 1
tau_e tau_mu
Kappa: 3
SVFit Mass: 39.063
mode: 2
tau_mu tau_h
Kappa: 4
SVFit Mass: 29.4994
mode: 2
tau_mu tau_h
Kappa: 4
SVFit Mass: 27.2635
mode: 2
tau_mu tau_h
Kappa: 4
SVFit Mass: 27.2635
mode: 2
tau_mu tau_h
Kappa: 4
SVFit Mass: 27.2635
mode: 2
tau_mu tau_h
Kappa: 4
SVFit Mass: 27.2635
mode: 2
tau_mu tau_h
Kappa: 4
SVFit Mass: 27.2635
mode: 1
tau_e tau_mu
Kappa: 3
SVFit Mass: 37.3966
mode: 1
tau_e tau_mu
Kappa: 3
SVFit Mass: 37.3966
mode: 1
tau_e tau_mu
Kappa: 3
SVFit Mass: 37.3966
mode: 1
tau_e tau_mu
Kappa: 3
SVFit Mass: 37.3966
mode: 1
tau_e tau_mu
Kappa: 3
SVFit Mass: 34.2219
mode: 1
tau_e tau_mu
Kappa: 3
SVFit Mass: 34.2219
mode: 2
tau_mu tau_h
Kappa: 4
SVFit Mass: 29.3331
mode: 2
tau_mu tau_h
Kappa: 4
SVFit Mass: 29.3331
mode: 2
tau_mu tau_h
Kappa: 4
SVFit Mass: 29.3331
mode: 2
tau_mu tau_h
Kappa: 4
SVFit Mass: 29.3331
mode: 2
tau_mu tau_h
Kappa: 4
SVFit Mass: 29.3331
mode: 2
tau_mu tau_h
Kappa: 4
SVFit Mass: 30.8164
mode: 2
tau_mu tau_h
Kappa: 4
SVFit Mass: 35.1105
mode: 1
tau_e tau_mu
Kappa: 3
SVFit Mass: 34.7554
mode: 2
tau_mu tau_h
Kappa: 4
SVFit Mass: 19.5554
mode: 2
tau_mu tau_h
Kappa: 4
SVFit Mass: 28.6864
mode: 1
tau_e tau_mu
Kappa: 3
SVFit Mass: 29.1914
mode: 2
tau_mu tau_h
Kappa: 4
SVFit Mass: 27.5702
mode: 2
tau_mu tau_h
Kappa: 4
SVFit Mass: 27.5702
mode: 2
tau_mu tau_h
Kappa: 4
SVFit Mass: 27.5702
mode: 2
tau_mu tau_h
Kappa: 4
SVFit Mass: 27.5702
mode: 2
tau_mu tau_h
Kappa: 4
SVFit Mass: 27.5702
mode: 2
tau_mu tau_h
Kappa: 4
SVFit Mass: 36.0475
mode: 2
tau_mu tau_h
Kappa: 4
SVFit Mass: 29.2022
mode: 2
tau_mu tau_h
Kappa: 4
SVFit Mass: 29.2022
mode: 2
tau_mu tau_h
Kappa: 4
SVFit Mass: 29.2022
mode: 2
tau_mu tau_h
Kappa: 4
SVFit Mass: 29.2022
mode: 2
tau_mu tau_h
Kappa: 4
SVFit Mass: 29.2022
mode: 2
tau_mu tau_h
Kappa: 4
SVFit Mass: 39.4426
mode: 2
tau_mu tau_h
Kappa: 4
SVFit Mass: 28.2527
mode: 2
tau_mu tau_h
Kappa: 4
SVFit Mass: 28.2527
mode: 2
tau_mu tau_h
Kappa: 4
SVFit Mass: 28.2527
mode: 2
tau_mu tau_h
Kappa: 4
SVFit Mass: 28.2527
mode: 2
tau_mu tau_h
Kappa: 4
SVFit Mass: 28.2527
mode: 2
tau_mu tau_h
Kappa: 4
SVFit Mass: 31.6839
mode: 2
tau_mu tau_h
Kappa: 4
SVFit Mass: 31.6839
mode: 2
tau_mu tau_h
Kappa: 4
SVFit Mass: 31.6839
mode: 2
tau_mu tau_h
Kappa: 4
SVFit Mass: 31.6839
mode: 2
tau_mu tau_h
Kappa: 4
SVFit Mass: 31.6839
mode: 1
tau_e tau_mu
Kappa: 3
SVFit Mass: 32.1593
mode: 2
tau_mu tau_h
Kappa: 4
SVFit Mass: 31.3759
mode: 2
tau_mu tau_h
Kappa: 4
SVFit Mass: 36.2712
mode: 1
tau_e tau_mu
Kappa: 3
SVFit Mass: 36.4641
mode: 1
tau_e tau_mu
Kappa: 3
SVFit Mass: 36.4641
mode: 1
tau_e tau_mu
Kappa: 3
SVFit Mass: 36.4641
mode: 1
tau_e tau_mu
Kappa: 3
SVFit Mass: 36.4641
mode: 2
tau_mu tau_h
Kappa: 4
SVFit Mass: 34.7579
mode: 2
tau_mu tau_h
Kappa: 4
SVFit Mass: 34.7579
mode: 2
tau_mu tau_h
Kappa: 4
SVFit Mass: 34.7579
mode: 2
tau_mu tau_h
Kappa: 4
SVFit Mass: 34.7579
mode: 2
tau_mu tau_h
Kappa: 4
SVFit Mass: 34.7579
mode: 2
tau_mu tau_h
Kappa: 4
SVFit Mass: 33.2403
mode: 1
tau_e tau_mu
Kappa: 3
SVFit Mass: 30.6413
mode: 2
tau_mu tau_h
Kappa: 4
SVFit Mass: 35.8486
mode: 2
tau_mu tau_h
Kappa: 4
SVFit Mass: 27.3678
mode: 2
tau_mu tau_h
Kappa: 4
SVFit Mass: 27.3678
mode: 2
tau_mu tau_h
Kappa: 4
SVFit Mass: 27.3678
mode: 2
tau_mu tau_h
Kappa: 4
SVFit Mass: 27.3678
mode: 2
tau_mu tau_h
Kappa: 4
SVFit Mass: 27.3678
mode: 1
tau_e tau_mu
Kappa: 3
SVFit Mass: 21.1507
mode: 1
tau_e tau_mu
Kappa: 3
SVFit Mass: 21.1507
mode: 1
tau_e tau_mu
Kappa: 3
SVFit Mass: 21.1507
mode: 1
tau_e tau_mu
Kappa: 3
SVFit Mass: 21.1507
mode: 1
tau_e tau_mu
Kappa: 3
SVFit Mass: 37.1059
mode: 1
tau_e tau_mu
Kappa: 3
SVFit Mass: 37.1059
mode: 2
tau_mu tau_h
Kappa: 4
SVFit Mass: 31.6371
mode: 2
tau_mu tau_h
Kappa: 4
SVFit Mass: 29.7252
mode: 2
tau_mu tau_h
Kappa: 4
SVFit Mass: 29.7252
mode: 2
tau_mu tau_h
Kappa: 4
SVFit Mass: 29.7252
mode: 2
tau_mu tau_h
Kappa: 4
SVFit Mass: 29.7252
mode: 2
tau_mu tau_h
Kappa: 4
SVFit Mass: 29.7252
mode: 1
tau_e tau_mu
Kappa: 3
SVFit Mass: 29.0545
mode: 1
tau_e tau_mu
Kappa: 3
SVFit Mass: 21.8747
mode: 1
tau_e tau_mu
Kappa: 3
SVFit Mass: 21.8747
mode: 1
tau_e tau_mu
Kappa: 3
SVFit Mass: 21.8747
mode: 1
tau_e tau_mu
Kappa: 3
SVFit Mass: 21.8747
mode: 2
tau_mu tau_h
Kappa: 4
SVFit Mass: 32.529
mode: 1
tau_e tau_mu
Kappa: 3
SVFit Mass: 26.8351
mode: 1
tau_e tau_mu
Kappa: 3
SVFit Mass: 26.8351
mode: 1
tau_e tau_mu
Kappa: 3
SVFit Mass: 26.8351
mode: 1
tau_e tau_mu
Kappa: 3
SVFit Mass: 26.8351
mode: 2
tau_mu tau_h
Kappa: 4
SVFit Mass: 24.5505
mode: 2
tau_mu tau_h
Kappa: 4
SVFit Mass: 30.8089
mode: 2
tau_mu tau_h
Kappa: 4
SVFit Mass: 30.8089
mode: 2
tau_mu tau_h
Kappa: 4
SVFit Mass: 30.8089
mode: 2
tau_mu tau_h
Kappa: 4
SVFit Mass: 30.8089
mode: 2
tau_mu tau_h
Kappa: 4
SVFit Mass: 30.8089
mode: 2
tau_mu tau_h
Kappa: 4
SVFit Mass: 34.4013
mode: 2
tau_mu tau_h
Kappa: 4
SVFit Mass: 33.3627
mode: 2
tau_mu tau_h
Kappa: 4
SVFit Mass: 30.4188
mode: 1
tau_e tau_mu
Kappa: 3
SVFit Mass: 36.6689
mode: 1
tau_e tau_mu
Kappa: 3
SVFit Mass: 36.6689
mode: 1
tau_e tau_mu
Kappa: 3
SVFit Mass: 36.6689
mode: 1
tau_e tau_mu
Kappa: 3
SVFit Mass: 36.6689
mode: 2
tau_mu tau_h
Kappa: 4
SVFit Mass: 25.2007
mode: 1
tau_e tau_mu
Kappa: 3
SVFit Mass: 57.8856
mode: 1
tau_e tau_mu
Kappa: 3
SVFit Mass: 32.9932
mode: 2
tau_mu tau_h
Kappa: 4
SVFit Mass: 39.5963
mode: 2
tau_mu tau_h
Kappa: 4
SVFit Mass: 21.0577
mode: 1
tau_e tau_mu
Kappa: 3
SVFit Mass: 20.4544
mode: 2
tau_mu tau_h
Kappa: 4
SVFit Mass: 31.5905
mode: 2
tau_mu tau_h
Kappa: 4
SVFit Mass: 31.5905
mode: 2
tau_mu tau_h
Kappa: 4
SVFit Mass: 31.5905
mode: 2
tau_mu tau_h
Kappa: 4
SVFit Mass: 31.5905
mode: 2
tau_mu tau_h
Kappa: 4
SVFit Mass: 31.5905
mode: 2
tau_mu tau_h
Kappa: 4
SVFit Mass: 30.4143
mode: 1
tau_e tau_mu
Kappa: 3
SVFit Mass: 31.6377
mode: 1
tau_e tau_mu
Kappa: 3
SVFit Mass: 15.5799
mode: 1
tau_e tau_mu
Kappa: 3
SVFit Mass: 15.5799
mode: 1
tau_e tau_mu
Kappa: 3
SVFit Mass: 34.8472
mode: 1
tau_e tau_mu
Kappa: 3
SVFit Mass: 34.8472
mode: 1
tau_e tau_mu
Kappa: 3
SVFit Mass: 34.8472
mode: 1
tau_e tau_mu
Kappa: 3
SVFit Mass: 34.8472
mode: 2
tau_mu tau_h
Kappa: 4
SVFit Mass: 27.0889
mode: 2
tau_mu tau_h
Kappa: 4
SVFit Mass: 27.0889
mode: 2
tau_mu tau_h
Kappa: 4
SVFit Mass: 27.0889
mode: 2
tau_mu tau_h
Kappa: 4
SVFit Mass: 27.0889
mode: 2
tau_mu tau_h
Kappa: 4
SVFit Mass: 27.0889
mode: 2
tau_mu tau_h
Kappa: 4
SVFit Mass: 31.7483
mode: 2
tau_mu tau_h
Kappa: 4
SVFit Mass: 32.2336
mode: 2
tau_mu tau_h
Kappa: 4
SVFit Mass: 31.3016
mode: 2
tau_mu tau_h
Kappa: 4
SVFit Mass: 31.3016
mode: 2
tau_mu tau_h
Kappa: 4
SVFit Mass: 31.3016
mode: 2
tau_mu tau_h
Kappa: 4
SVFit Mass: 31.3016
mode: 2
tau_mu tau_h
Kappa: 4
SVFit Mass: 31.3016
mode: 1
tau_e tau_mu
Kappa: 3
SVFit Mass: 39.6536
mode: 2
tau_mu tau_h
Kappa: 4
SVFit Mass: 33.9153
mode: 2
tau_mu tau_h
Kappa: 4
SVFit Mass: 33.9153
mode: 2
tau_mu tau_h
Kappa: 4
SVFit Mass: 33.9153
mode: 2
tau_mu tau_h
Kappa: 4
SVFit Mass: 33.9153
mode: 2
tau_mu tau_h
Kappa: 4
SVFit Mass: 33.9153
mode: 2
tau_mu tau_h
Kappa: 4
SVFit Mass: 36.1633
mode: 2
tau_mu tau_h
Kappa: 4
SVFit Mass: 30.0351
mode: 1
tau_e tau_mu
Kappa: 3
SVFit Mass: 35.8306
mode: 1
tau_e tau_mu
Kappa: 3
SVFit Mass: 35.8306
mode: 1
tau_e tau_mu
Kappa: 3
SVFit Mass: 35.8306
mode: 1
tau_e tau_mu
Kappa: 3
SVFit Mass: 35.8306
mode: 2
tau_mu tau_h
Kappa: 4
SVFit Mass: 29.9593
mode: 2
tau_mu tau_h
Kappa: 4
SVFit Mass: 34.807
mode: 2
tau_mu tau_h
Kappa: 4
SVFit Mass: 34.807
mode: 2
tau_mu tau_h
Kappa: 4
SVFit Mass: 34.807
mode: 2
tau_mu tau_h
Kappa: 4
SVFit Mass: 34.807
mode: 2
tau_mu tau_h
Kappa: 4
SVFit Mass: 34.807
mode: 2
tau_mu tau_h
Kappa: 4
SVFit Mass: 32.7831
mode: 2
tau_mu tau_h
Kappa: 4
SVFit Mass: 32.7831
mode: 2
tau_mu tau_h
Kappa: 4
SVFit Mass: 32.7831
mode: 2
tau_mu tau_h
Kappa: 4
SVFit Mass: 32.7831
mode: 2
tau_mu tau_h
Kappa: 4
SVFit Mass: 32.7831
mode: 1
tau_e tau_mu
Kappa: 3
SVFit Mass: 37.5649
mode: 1
tau_e tau_mu
Kappa: 3
SVFit Mass: 37.5649
mode: 1
tau_e tau_mu
Kappa: 3
SVFit Mass: 46.7584
mode: 2
tau_mu tau_h
Kappa: 4
SVFit Mass: 36.4403
mode: 2
tau_mu tau_h
Kappa: 4
SVFit Mass: 32.1223
mode: 1
tau_e tau_mu
Kappa: 3
SVFit Mass: 36.879
{'lowMET_BFlavour': <cppyy.gbl.TH2F object at 0x5f94240>, 'highMET_BFlavour': <cppyy.gbl.TH2F object at 0x8ed1ab0>, 'lowMET_CFlavour': <cppyy.gbl.TH2F object at 0x8ed10f0>, 'highMET_CFlavour': <cppyy.gbl.TH2F object at 0x8ed0c70>, 'lowMET_LFlavour': <cppyy.gbl.TH2F object at 0x8ed15b0>, 'highMET_LFlavour': <cppyy.gbl.TH2F object at 0x8ee2a00>}
root://cmseos.fnal.gov//store/user/dalam/UL2016pre/h_plotBoostedTauTau_16pre_ALP_M-35_HT-100to400_preVFPUL16_0.root
root://cmsio2.rc.ufl.edu:1094//store/user/zhangj/TCPNtuple/AToTauTau_ALP_M-35_HT-100to400_TuneCP5_13TeV-madgraphMLM-pythia8/Ntuple_ALP_M-35_HT-100to400_preVFPUL16_miniAODv2_v5/240514_005939/0000/TCPNtuple_Backgrounds_1.root
root://cmsio2.rc.ufl.edu:1094//store/user/zhangj/TCPNtuple/AToTauTau_ALP_M-35_HT-100to400_TuneCP5_13TeV-madgraphMLM-pythia8/Ntuple_ALP_M-35_HT-100to400_preVFPUL16_miniAODv2_v5/240514_005939/0000/TCPNtuple_Backgrounds_2.root
--- 444.9362487792969 seconds ---
