040 (3536172.000.000) 2024-07-08 16:39:41 Started transferring input files
	Transferring to host: <131.225.189.197:9618?addrs=[2620-6a-0-8421-f0-0-189-197]-9618+131.225.189.197-9618&alias=cmswn2138.fnal.gov&noUDP&sock=slot1_17_2647_cd05_15277>
...
040 (3536172.000.000) 2024-07-08 16:39:41 Finished transferring input files
...
001 (3536172.000.000) 2024-07-08 16:39:42 Job executing on host: <131.225.189.197:9618?addrs=[2620-6a-0-8421-f0-0-189-197]-9618+131.225.189.197-9618&alias=cmswn2138.fnal.gov&noUDP&sock=startd_2359_a800>
	SlotName: slot1_17@cmswn2138.fnal.gov
	CondorScratchDir = "/storage/local/data1/condor/execute/dir_691399"
	Cpus = 1
	Disk = 3667132
	Memory = 2048
...
040 (3536172.000.000) 2024-07-08 16:39:50 Started transferring output files
...
040 (3536172.000.000) 2024-07-08 16:39:50 Finished transferring output files
...
005 (3536172.000.000) 2024-07-08 16:39:51 Job terminated.
	(1) Normal termination (return value 1)
		Usr 0 00:00:00, Sys 0 00:00:00  -  Run Remote Usage
		Usr 0 00:00:00, Sys 0 00:00:00  -  Run Local Usage
		Usr 0 00:00:00, Sys 0 00:00:00  -  Total Remote Usage
		Usr 0 00:00:00, Sys 0 00:00:00  -  Total Local Usage
	1385  -  Run Bytes Sent By Job
	11440  -  Run Bytes Received By Job
	1385  -  Total Bytes Sent By Job
	11440  -  Total Bytes Received By Job
	Partitionable Resources :    Usage  Request Allocated 
	   Cpus                 :        0        1         1 
	   Disk (KB)            :       42        4   3667132 
	   Memory (MB)          :              2048      2048 

	Job terminated of its own accord at 2024-07-08T21:39:50Z with exit-code 1.
...
040 (33520935.000.000) 2024-07-09 01:31:08 Started transferring input files
	Transferring to host: <131.225.189.62:9618?addrs=[2620-6a-0-8421-f0-0-189-62]-9618+131.225.189.62-9618&alias=cmswn2077.fnal.gov&noUDP&sock=slot1_32_2634_a424_42414>
...
040 (33520935.000.000) 2024-07-09 01:31:08 Finished transferring input files
...
001 (33520935.000.000) 2024-07-09 01:31:09 Job executing on host: <131.225.189.62:9618?addrs=[2620-6a-0-8421-f0-0-189-62]-9618+131.225.189.62-9618&alias=cmswn2077.fnal.gov&noUDP&sock=startd_2163_3770>
	SlotName: slot1_32@cmswn2077.fnal.gov
	CondorScratchDir = "/storage/local/data1/condor/execute/dir_4066119"
	Cpus = 1
	Disk = 1598970
	Memory = 2048
...
040 (33520935.000.000) 2024-07-09 01:37:45 Started transferring output files
...
040 (33520935.000.000) 2024-07-09 01:37:45 Finished transferring output files
...
005 (33520935.000.000) 2024-07-09 01:37:47 Job terminated.
	(1) Normal termination (return value 0)
		Usr 0 00:00:00, Sys 0 00:00:00  -  Run Remote Usage
		Usr 0 00:00:00, Sys 0 00:00:00  -  Run Local Usage
		Usr 0 00:00:00, Sys 0 00:00:00  -  Total Remote Usage
		Usr 0 00:00:00, Sys 0 00:00:00  -  Total Local Usage
	12750  -  Run Bytes Sent By Job
	11452  -  Run Bytes Received By Job
	12750  -  Total Bytes Sent By Job
	11452  -  Total Bytes Received By Job
	Partitionable Resources :    Usage  Request Allocated 
	   Cpus                 :        0        1         1 
	   Disk (KB)            :   102614        4   1598970 
	   Memory (MB)          :              2048      2048 

	Job terminated of its own accord at 2024-07-09T06:37:45Z with exit-code 0.
...
