[8MB/19.45MB][ 41%][====================>                             ][8MB/s]  [19.45MB/19.45MB][100%][==================================================][19.45MB/s]  [19.45MB/19.45MB][100%][==================================================][19.45MB/s]  
Warning: tau -> had decay declared for leg: Pt = 39.7099, eta = 0.0898291, phi = 1.73092, mass = 1.24443 !!
 (mass expected in the range = 0.13957..0.13957)
Warning: tau -> had decay declared for leg: Pt = 26.4543, eta = -0.987565, phi = -1.30303, mass = 0.646955 !!
 (mass expected in the range = 0.13957..0.13957)
Warning: tau -> had decay declared for leg: Pt = 26.7002, eta = 0.120278, phi = -2.38138, mass = 0.850565 !!
 (mass expected in the range = 0.13957..0.13957)
Warning: tau -> had decay declared for leg: Pt = 22.2588, eta = 1.96329, phi = 3.06415, mass = 0.752122 !!
 (mass expected in the range = 0.13957..0.13957)
Warning: tau -> had decay declared for leg: Pt = 97.029, eta = 0.664173, phi = 3.01274, mass = 1.04956 !!
 (mass expected in the range = 0.13957..0.13957)
Warning: tau -> had decay declared for leg: Pt = 97.029, eta = 0.664173, phi = 3.01274, mass = 1.04956 !!
 (mass expected in the range = 0.13957..0.13957)
Warning: tau -> had decay declared for leg: Pt = 97.029, eta = 0.664173, phi = 3.01274, mass = 1.04956 !!
 (mass expected in the range = 0.13957..0.13957)
Warning: tau -> had decay declared for leg: Pt = 97.029, eta = 0.664173, phi = 3.01274, mass = 1.04956 !!
 (mass expected in the range = 0.13957..0.13957)
Warning: tau -> had decay declared for leg: Pt = 97.029, eta = 0.664173, phi = 3.01274, mass = 1.04956 !!
 (mass expected in the range = 0.13957..0.13957)
Warning: tau -> had decay declared for leg: Pt = 57.7728, eta = -0.669669, phi = 0.211182, mass = 1.30869 !!
 (mass expected in the range = 0.13957..0.13957)
Warning: tau -> had decay declared for leg: Pt = 59.5296, eta = 1.10786, phi = 1.45629, mass = 0.598073 !!
 (mass expected in the range = 0.13957..0.13957)
Warning: tau -> had decay declared for leg: Pt = 43.6464, eta = 0.278902, phi = 2.26495, mass = 1.20599 !!
 (mass expected in the range = 0.13957..0.13957)
Warning: tau -> had decay declared for leg: Pt = 43.6464, eta = 0.278902, phi = 2.26495, mass = 1.20599 !!
 (mass expected in the range = 0.13957..0.13957)
Warning: tau -> had decay declared for leg: Pt = 43.6464, eta = 0.278902, phi = 2.26495, mass = 1.20599 !!
 (mass expected in the range = 0.13957..0.13957)
Warning: tau -> had decay declared for leg: Pt = 43.6464, eta = 0.278902, phi = 2.26495, mass = 1.20599 !!
 (mass expected in the range = 0.13957..0.13957)
Warning: tau -> had decay declared for leg: Pt = 43.6464, eta = 0.278902, phi = 2.26495, mass = 1.20599 !!
 (mass expected in the range = 0.13957..0.13957)
Warning: tau -> had decay declared for leg: Pt = 34.5769, eta = -0.118118, phi = 2.1652, mass = 1.38211 !!
 (mass expected in the range = 0.13957..0.13957)
Warning: tau -> had decay declared for leg: Pt = 31.119, eta = -1.15498, phi = -0.36637, mass = 0.679994 !!
 (mass expected in the range = 0.13957..0.13957)
Warning: tau -> had decay declared for leg: Pt = 31.119, eta = -1.15498, phi = -0.36637, mass = 0.679994 !!
 (mass expected in the range = 0.13957..0.13957)
Warning: tau -> had decay declared for leg: Pt = 31.119, eta = -1.15498, phi = -0.36637, mass = 0.679994 !!
 (mass expected in the range = 0.13957..0.13957)
Warning: tau -> had decay declared for leg: Pt = 31.119, eta = -1.15498, phi = -0.36637, mass = 0.679994 !!
 (mass expected in the range = 0.13957..0.13957)
Warning: tau -> had decay declared for leg: Pt = 31.119, eta = -1.15498, phi = -0.36637, mass = 0.679994 !!
 (mass expected in the range = 0.13957..0.13957)
Warning: tau -> had decay declared for leg: Pt = 111.945, eta = 0.0759873, phi = -0.988823, mass = 0.542647 !!
 (mass expected in the range = 0.13957..0.13957)
Warning: tau -> had decay declared for leg: Pt = 111.945, eta = 0.0759873, phi = -0.988823, mass = 0.542647 !!
 (mass expected in the range = 0.13957..0.13957)
Warning: tau -> had decay declared for leg: Pt = 111.945, eta = 0.0759873, phi = -0.988823, mass = 0.542647 !!
 (mass expected in the range = 0.13957..0.13957)
Warning: tau -> had decay declared for leg: Pt = 111.945, eta = 0.0759873, phi = -0.988823, mass = 0.542647 !!
 (mass expected in the range = 0.13957..0.13957)
Warning: tau -> had decay declared for leg: Pt = 111.945, eta = 0.0759873, phi = -0.988823, mass = 0.542647 !!
 (mass expected in the range = 0.13957..0.13957)
Warning: tau -> had decay declared for leg: Pt = 32.7147, eta = 0.441206, phi = 1.7532, mass = 0.572056 !!
 (mass expected in the range = 0.13957..0.13957)
Warning: tau -> had decay declared for leg: Pt = 31.63, eta = 0.671272, phi = -1.04111, mass = 1.81475 !!
 (mass expected in the range = 0.13957..0.13957)
Warning: tau -> had decay declared for leg: Pt = 20.0915, eta = -0.939653, phi = 2.01722, mass = 0.748898 !!
 (mass expected in the range = 0.13957..0.13957)
Warning: tau -> had decay declared for leg: Pt = 20.0915, eta = -0.939653, phi = 2.01722, mass = 0.748898 !!
 (mass expected in the range = 0.13957..0.13957)
Warning: tau -> had decay declared for leg: Pt = 20.0915, eta = -0.939653, phi = 2.01722, mass = 0.748898 !!
 (mass expected in the range = 0.13957..0.13957)
Warning: tau -> had decay declared for leg: Pt = 32.1622, eta = -0.440411, phi = 2.59301, mass = 0.444601 !!
 (mass expected in the range = 0.13957..0.13957)
Warning: tau -> had decay declared for leg: Pt = 32.1622, eta = -0.440411, phi = 2.59301, mass = 0.444601 !!
 (mass expected in the range = 0.13957..0.13957)
Warning: tau -> had decay declared for leg: Pt = 32.1622, eta = -0.440411, phi = 2.59301, mass = 0.444601 !!
 (mass expected in the range = 0.13957..0.13957)
Warning: tau -> had decay declared for leg: Pt = 32.1622, eta = -0.440411, phi = 2.59301, mass = 0.444601 !!
 (mass expected in the range = 0.13957..0.13957)
Warning: tau -> had decay declared for leg: Pt = 32.1622, eta = -0.440411, phi = 2.59301, mass = 0.444601 !!
 (mass expected in the range = 0.13957..0.13957)
Warning: tau -> had decay declared for leg: Pt = 26.1643, eta = -0.830565, phi = 2.00157, mass = 1.30899 !!
 (mass expected in the range = 0.13957..0.13957)
Warning: tau -> had decay declared for leg: Pt = 93.4176, eta = -0.837008, phi = 2.91372, mass = 1.32175 !!
 (mass expected in the range = 0.13957..0.13957)
Warning: tau -> had decay declared for leg: Pt = 26.2806, eta = 0.304517, phi = -1.69614, mass = 0.803034 !!
 (mass expected in the range = 0.13957..0.13957)
Warning: tau -> had decay declared for leg: Pt = 33.7115, eta = 1.38871, phi = -1.50661, mass = 0.767608 !!
 (mass expected in the range = 0.13957..0.13957)
Warning: tau -> had decay declared for leg: Pt = 29.1565, eta = -0.213481, phi = 0.0378975, mass = 0.745158 !!
 (mass expected in the range = 0.13957..0.13957)
Warning: tau -> had decay declared for leg: Pt = 29.1565, eta = -0.213481, phi = 0.0378975, mass = 0.745158 !!
 (mass expected in the range = 0.13957..0.13957)
Warning: tau -> had decay declared for leg: Pt = 29.1565, eta = -0.213481, phi = 0.0378975, mass = 0.745158 !!
 (mass expected in the range = 0.13957..0.13957)
Warning: tau -> had decay declared for leg: Pt = 29.1565, eta = -0.213481, phi = 0.0378975, mass = 0.745158 !!
 (mass expected in the range = 0.13957..0.13957)
Warning: tau -> had decay declared for leg: Pt = 29.1565, eta = -0.213481, phi = 0.0378975, mass = 0.745158 !!
 (mass expected in the range = 0.13957..0.13957)
Warning: tau -> had decay declared for leg: Pt = 28.5947, eta = 0.155721, phi = 0.238105, mass = 0.545504 !!
 (mass expected in the range = 0.13957..0.13957)
Warning: tau -> had decay declared for leg: Pt = 28.5947, eta = 0.155721, phi = 0.238105, mass = 0.545504 !!
 (mass expected in the range = 0.13957..0.13957)
Warning: tau -> had decay declared for leg: Pt = 28.5947, eta = 0.155721, phi = 0.238105, mass = 0.545504 !!
 (mass expected in the range = 0.13957..0.13957)
Warning: tau -> had decay declared for leg: Pt = 28.5947, eta = 0.155721, phi = 0.238105, mass = 0.545504 !!
 (mass expected in the range = 0.13957..0.13957)
Warning: tau -> had decay declared for leg: Pt = 28.5947, eta = 0.155721, phi = 0.238105, mass = 0.545504 !!
 (mass expected in the range = 0.13957..0.13957)
Warning: tau -> had decay declared for leg: Pt = 67.025, eta = -0.0234839, phi = 3.12197, mass = 0.967845 !!
 (mass expected in the range = 0.13957..0.13957)
Warning: tau -> had decay declared for leg: Pt = 67.025, eta = -0.0234839, phi = 3.12197, mass = 0.967845 !!
 (mass expected in the range = 0.13957..0.13957)
Warning: tau -> had decay declared for leg: Pt = 67.025, eta = -0.0234839, phi = 3.12197, mass = 0.967845 !!
 (mass expected in the range = 0.13957..0.13957)
Warning: tau -> had decay declared for leg: Pt = 67.025, eta = -0.0234839, phi = 3.12197, mass = 0.967845 !!
 (mass expected in the range = 0.13957..0.13957)
Warning: tau -> had decay declared for leg: Pt = 67.025, eta = -0.0234839, phi = 3.12197, mass = 0.967845 !!
 (mass expected in the range = 0.13957..0.13957)
Warning: tau -> had decay declared for leg: Pt = 29.4504, eta = 0.830657, phi = 1.13093, mass = 1.02556 !!
 (mass expected in the range = 0.13957..0.13957)
Warning: tau -> had decay declared for leg: Pt = 25.8136, eta = 1.28742, phi = 1.13181, mass = 0.378471 !!
 (mass expected in the range = 0.13957..0.13957)
Warning: tau -> had decay declared for leg: Pt = 25.8136, eta = 1.28742, phi = 1.13181, mass = 0.378471 !!
 (mass expected in the range = 0.13957..0.13957)
Warning: tau -> had decay declared for leg: Pt = 25.8136, eta = 1.28742, phi = 1.13181, mass = 0.378471 !!
 (mass expected in the range = 0.13957..0.13957)
Warning: tau -> had decay declared for leg: Pt = 25.8136, eta = 1.28742, phi = 1.13181, mass = 0.378471 !!
 (mass expected in the range = 0.13957..0.13957)
Warning: tau -> had decay declared for leg: Pt = 25.8136, eta = 1.28742, phi = 1.13181, mass = 0.378471 !!
 (mass expected in the range = 0.13957..0.13957)
Warning: tau -> had decay declared for leg: Pt = 28.4797, eta = -0.215516, phi = 1.41921, mass = 0.971565 !!
 (mass expected in the range = 0.13957..0.13957)
Warning: tau -> had decay declared for leg: Pt = 31.4813, eta = 1.00074, phi = -0.568067, mass = 0.725532 !!
 (mass expected in the range = 0.13957..0.13957)
Warning: tau -> had decay declared for leg: Pt = 63.828, eta = -0.935403, phi = 0.976371, mass = 0.640347 !!
 (mass expected in the range = 0.13957..0.13957)
Warning: tau -> had decay declared for leg: Pt = 63.828, eta = -0.935403, phi = 0.976371, mass = 0.640347 !!
 (mass expected in the range = 0.13957..0.13957)
Warning: tau -> had decay declared for leg: Pt = 63.828, eta = -0.935403, phi = 0.976371, mass = 0.640347 !!
 (mass expected in the range = 0.13957..0.13957)
Warning: tau -> had decay declared for leg: Pt = 63.828, eta = -0.935403, phi = 0.976371, mass = 0.640347 !!
 (mass expected in the range = 0.13957..0.13957)
Warning: tau -> had decay declared for leg: Pt = 63.828, eta = -0.935403, phi = 0.976371, mass = 0.640347 !!
 (mass expected in the range = 0.13957..0.13957)
Warning: tau -> had decay declared for leg: Pt = 46.0248, eta = 0.841455, phi = 0.208143, mass = 0.626944 !!
 (mass expected in the range = 0.13957..0.13957)
Warning: tau -> had decay declared for leg: Pt = 20.742, eta = 1.07855, phi = -2.14474, mass = 1.03485 !!
 (mass expected in the range = 0.13957..0.13957)
Warning: tau -> had decay declared for leg: Pt = 53.8744, eta = 0.634416, phi = -2.60341, mass = 1.00336 !!
 (mass expected in the range = 0.13957..0.13957)
Warning: tau -> had decay declared for leg: Pt = 53.8744, eta = 0.634416, phi = -2.60341, mass = 1.00336 !!
 (mass expected in the range = 0.13957..0.13957)
Warning: tau -> had decay declared for leg: Pt = 53.8744, eta = 0.634416, phi = -2.60341, mass = 1.00336 !!
 (mass expected in the range = 0.13957..0.13957)
Warning: tau -> had decay declared for leg: Pt = 53.8744, eta = 0.634416, phi = -2.60341, mass = 1.00336 !!
 (mass expected in the range = 0.13957..0.13957)
Warning: tau -> had decay declared for leg: Pt = 53.8744, eta = 0.634416, phi = -2.60341, mass = 1.00336 !!
 (mass expected in the range = 0.13957..0.13957)
Warning: tau -> had decay declared for leg: Pt = 58.5784, eta = -1.14675, phi = 1.55002, mass = 0.709695 !!
 (mass expected in the range = 0.13957..0.13957)
Warning: tau -> had decay declared for leg: Pt = 49.4145, eta = 0.382365, phi = 1.96145, mass = 1.47694 !!
 (mass expected in the range = 0.13957..0.13957)
Warning: tau -> had decay declared for leg: Pt = 59.2557, eta = -0.0633227, phi = -1.40546, mass = 0.807719 !!
 (mass expected in the range = 0.13957..0.13957)
Warning: tau -> had decay declared for leg: Pt = 67.3104, eta = 0.0728531, phi = -2.56475, mass = 0.534159 !!
 (mass expected in the range = 0.13957..0.13957)
Warning: tau -> had decay declared for leg: Pt = 67.3104, eta = 0.0728531, phi = -2.56475, mass = 0.534159 !!
 (mass expected in the range = 0.13957..0.13957)
Warning: tau -> had decay declared for leg: Pt = 67.3104, eta = 0.0728531, phi = -2.56475, mass = 0.534159 !!
 (mass expected in the range = 0.13957..0.13957)
Warning: tau -> had decay declared for leg: Pt = 67.3104, eta = 0.0728531, phi = -2.56475, mass = 0.534159 !!
 (mass expected in the range = 0.13957..0.13957)
Warning: tau -> had decay declared for leg: Pt = 67.3104, eta = 0.0728531, phi = -2.56475, mass = 0.534159 !!
 (mass expected in the range = 0.13957..0.13957)
Warning: tau -> had decay declared for leg: Pt = 31.6588, eta = -2.12725, phi = -1.23978, mass = 1.02919 !!
 (mass expected in the range = 0.13957..0.13957)
Warning: tau -> had decay declared for leg: Pt = 41.0053, eta = 0.217491, phi = -0.879122, mass = 0.304448 !!
 (mass expected in the range = 0.13957..0.13957)
Warning: tau -> had decay declared for leg: Pt = 77.246, eta = 0.414978, phi = 2.84981, mass = 0.496061 !!
 (mass expected in the range = 0.13957..0.13957)
Warning: tau -> had decay declared for leg: Pt = 105.81, eta = -1.36103, phi = 1.89975, mass = 1.0766 !!
 (mass expected in the range = 0.13957..0.13957)
Warning: tau -> had decay declared for leg: Pt = 83.0744, eta = -0.977944, phi = -1.45926, mass = 0.879907 !!
 (mass expected in the range = 0.13957..0.13957)
Warning: tau -> had decay declared for leg: Pt = 60.8828, eta = -0.502844, phi = 1.64124, mass = 0.760268 !!
 (mass expected in the range = 0.13957..0.13957)
Warning: tau -> had decay declared for leg: Pt = 72.5855, eta = -0.0995644, phi = 0.134172, mass = 1.30904 !!
 (mass expected in the range = 0.13957..0.13957)
Warning: tau -> had decay declared for leg: Pt = 24.9725, eta = -0.921491, phi = -2.75394, mass = 0.92532 !!
 (mass expected in the range = 0.13957..0.13957)
Warning: tau -> had decay declared for leg: Pt = 59.4958, eta = -0.705493, phi = -1.51411, mass = 0.522553 !!
 (mass expected in the range = 0.13957..0.13957)
Warning: tau -> had decay declared for leg: Pt = 23.5997, eta = -1.68043, phi = -2.17116, mass = 1.01554 !!
 (mass expected in the range = 0.13957..0.13957)
Warning: tau -> had decay declared for leg: Pt = 20.0072, eta = -0.614242, phi = 1.45944, mass = 1.09613 !!
 (mass expected in the range = 0.13957..0.13957)
Warning: tau -> had decay declared for leg: Pt = 30.7189, eta = -0.942359, phi = 1.7625, mass = 1.14112 !!
 (mass expected in the range = 0.13957..0.13957)
Warning: tau -> had decay declared for leg: Pt = 97.9984, eta = 0.241431, phi = 0.0781413, mass = 1.2593 !!
 (mass expected in the range = 0.13957..0.13957)
Warning: tau -> had decay declared for leg: Pt = 167.443, eta = 0.455876, phi = -0.768151, mass = 1.20343 !!
 (mass expected in the range = 0.13957..0.13957)
Warning: tau -> had decay declared for leg: Pt = 167.443, eta = 0.455876, phi = -0.768151, mass = 1.20343 !!
 (mass expected in the range = 0.13957..0.13957)
Warning: tau -> had decay declared for leg: Pt = 167.443, eta = 0.455876, phi = -0.768151, mass = 1.20343 !!
 (mass expected in the range = 0.13957..0.13957)
Warning: tau -> had decay declared for leg: Pt = 167.443, eta = 0.455876, phi = -0.768151, mass = 1.20343 !!
 (mass expected in the range = 0.13957..0.13957)
Warning: tau -> had decay declared for leg: Pt = 167.443, eta = 0.455876, phi = -0.768151, mass = 1.20343 !!
 (mass expected in the range = 0.13957..0.13957)
Warning: tau -> had decay declared for leg: Pt = 30.7538, eta = 0.122456, phi = -1.85227, mass = 0.787148 !!
 (mass expected in the range = 0.13957..0.13957)
Warning: tau -> had decay declared for leg: Pt = 90.7279, eta = 0.144543, phi = -2.49522, mass = 0.486365 !!
 (mass expected in the range = 0.13957..0.13957)
Warning: tau -> had decay declared for leg: Pt = 32.7323, eta = 1.79161, phi = 2.09599, mass = 0.397471 !!
 (mass expected in the range = 0.13957..0.13957)
Warning: tau -> had decay declared for leg: Pt = 32.7323, eta = 1.79161, phi = 2.09599, mass = 0.397471 !!
 (mass expected in the range = 0.13957..0.13957)
Warning: tau -> had decay declared for leg: Pt = 32.7323, eta = 1.79161, phi = 2.09599, mass = 0.397471 !!
 (mass expected in the range = 0.13957..0.13957)
Warning: tau -> had decay declared for leg: Pt = 32.7323, eta = 1.79161, phi = 2.09599, mass = 0.397471 !!
 (mass expected in the range = 0.13957..0.13957)
Warning: tau -> had decay declared for leg: Pt = 32.7323, eta = 1.79161, phi = 2.09599, mass = 0.397471 !!
 (mass expected in the range = 0.13957..0.13957)
Warning: tau -> had decay declared for leg: Pt = 25.4322, eta = -0.175959, phi = 0.330297, mass = 0.57829 !!
 (mass expected in the range = 0.13957..0.13957)
Warning: tau -> had decay declared for leg: Pt = 33.0624, eta = -0.00678346, phi = 0.712978, mass = 0.537359 !!
 (mass expected in the range = 0.13957..0.13957)
Warning: tau -> had decay declared for leg: Pt = 33.0624, eta = -0.00678346, phi = 0.712978, mass = 0.537359 !!
 (mass expected in the range = 0.13957..0.13957)
Warning: tau -> had decay declared for leg: Pt = 33.0624, eta = -0.00678346, phi = 0.712978, mass = 0.537359 !!
 (mass expected in the range = 0.13957..0.13957)
Warning: tau -> had decay declared for leg: Pt = 33.0624, eta = -0.00678346, phi = 0.712978, mass = 0.537359 !!
 (mass expected in the range = 0.13957..0.13957)
Warning: tau -> had decay declared for leg: Pt = 33.0624, eta = -0.00678346, phi = 0.712978, mass = 0.537359 !!
 (mass expected in the range = 0.13957..0.13957)
Warning: tau -> had decay declared for leg: Pt = 20.868, eta = -1.42185, phi = -1.95695, mass = 0.926269 !!
 (mass expected in the range = 0.13957..0.13957)
Warning: tau -> had decay declared for leg: Pt = 20.868, eta = -1.42185, phi = -1.95695, mass = 0.926269 !!
 (mass expected in the range = 0.13957..0.13957)
Warning: tau -> had decay declared for leg: Pt = 20.868, eta = -1.42185, phi = -1.95695, mass = 0.926269 !!
 (mass expected in the range = 0.13957..0.13957)
Warning: tau -> had decay declared for leg: Pt = 20.868, eta = -1.42185, phi = -1.95695, mass = 0.926269 !!
 (mass expected in the range = 0.13957..0.13957)
Warning: tau -> had decay declared for leg: Pt = 20.868, eta = -1.42185, phi = -1.95695, mass = 0.926269 !!
 (mass expected in the range = 0.13957..0.13957)
Warning: tau -> had decay declared for leg: Pt = 59.3219, eta = -0.12049, phi = 0.521942, mass = 0.685716 !!
 (mass expected in the range = 0.13957..0.13957)
Warning: tau -> had decay declared for leg: Pt = 36.4408, eta = -0.329508, phi = 1.45275, mass = 1.70047 !!
 (mass expected in the range = 0.13957..0.13957)
Warning: tau -> had decay declared for leg: Pt = 36.4408, eta = -0.329508, phi = 1.45275, mass = 1.70047 !!
 (mass expected in the range = 0.13957..0.13957)
Warning: tau -> had decay declared for leg: Pt = 36.4408, eta = -0.329508, phi = 1.45275, mass = 1.70047 !!
 (mass expected in the range = 0.13957..0.13957)
Warning: tau -> had decay declared for leg: Pt = 36.4408, eta = -0.329508, phi = 1.45275, mass = 1.70047 !!
 (mass expected in the range = 0.13957..0.13957)
Warning: tau -> had decay declared for leg: Pt = 36.4408, eta = -0.329508, phi = 1.45275, mass = 1.70047 !!
 (mass expected in the range = 0.13957..0.13957)
Warning: tau -> had decay declared for leg: Pt = 140.733, eta = 0.103686, phi = 2.90767, mass = 1.41739 !!
 (mass expected in the range = 0.13957..0.13957)
Warning: tau -> had decay declared for leg: Pt = 23.8019, eta = -0.976192, phi = 1.45134, mass = 1.26999 !!
 (mass expected in the range = 0.13957..0.13957)
Warning: tau -> had decay declared for leg: Pt = 36.3188, eta = -0.773269, phi = 2.03337, mass = 0.811216 !!
 (mass expected in the range = 0.13957..0.13957)
Warning: tau -> had decay declared for leg: Pt = 36.3188, eta = -0.773269, phi = 2.03337, mass = 0.811216 !!
 (mass expected in the range = 0.13957..0.13957)
Warning: tau -> had decay declared for leg: Pt = 36.3188, eta = -0.773269, phi = 2.03337, mass = 0.811216 !!
 (mass expected in the range = 0.13957..0.13957)
Warning: tau -> had decay declared for leg: Pt = 36.3188, eta = -0.773269, phi = 2.03337, mass = 0.811216 !!
 (mass expected in the range = 0.13957..0.13957)
Warning: tau -> had decay declared for leg: Pt = 36.3188, eta = -0.773269, phi = 2.03337, mass = 0.811216 !!
 (mass expected in the range = 0.13957..0.13957)
Warning: tau -> had decay declared for leg: Pt = 123.092, eta = -0.456057, phi = 1.49663, mass = 0.737688 !!
 (mass expected in the range = 0.13957..0.13957)
Warning: tau -> had decay declared for leg: Pt = 123.092, eta = -0.456057, phi = 1.49663, mass = 0.737688 !!
 (mass expected in the range = 0.13957..0.13957)
Warning: tau -> had decay declared for leg: Pt = 123.092, eta = -0.456057, phi = 1.49663, mass = 0.737688 !!
 (mass expected in the range = 0.13957..0.13957)
Warning: tau -> had decay declared for leg: Pt = 123.092, eta = -0.456057, phi = 1.49663, mass = 0.737688 !!
 (mass expected in the range = 0.13957..0.13957)
Warning: tau -> had decay declared for leg: Pt = 123.092, eta = -0.456057, phi = 1.49663, mass = 0.737688 !!
 (mass expected in the range = 0.13957..0.13957)
Warning: tau -> had decay declared for leg: Pt = 118.123, eta = 1.09778, phi = 2.09642, mass = 0.742484 !!
 (mass expected in the range = 0.13957..0.13957)
Warning: tau -> had decay declared for leg: Pt = 74.4477, eta = 0.310456, phi = -0.611703, mass = 1.02823 !!
 (mass expected in the range = 0.13957..0.13957)
Warning: tau -> had decay declared for leg: Pt = 74.4477, eta = 0.310456, phi = -0.611703, mass = 1.02823 !!
 (mass expected in the range = 0.13957..0.13957)
Warning: tau -> had decay declared for leg: Pt = 74.4477, eta = 0.310456, phi = -0.611703, mass = 1.02823 !!
 (mass expected in the range = 0.13957..0.13957)
Warning: tau -> had decay declared for leg: Pt = 74.4477, eta = 0.310456, phi = -0.611703, mass = 1.02823 !!
 (mass expected in the range = 0.13957..0.13957)
Warning: tau -> had decay declared for leg: Pt = 74.4477, eta = 0.310456, phi = -0.611703, mass = 1.02823 !!
 (mass expected in the range = 0.13957..0.13957)
Warning: tau -> had decay declared for leg: Pt = 23.4591, eta = -0.121163, phi = 1.57531, mass = 1.17349 !!
 (mass expected in the range = 0.13957..0.13957)
Warning: tau -> had decay declared for leg: Pt = 51.5969, eta = 0.601899, phi = -2.51599, mass = 1.26703 !!
 (mass expected in the range = 0.13957..0.13957)
Warning: tau -> had decay declared for leg: Pt = 51.5969, eta = 0.601899, phi = -2.51599, mass = 1.26703 !!
 (mass expected in the range = 0.13957..0.13957)
Warning: tau -> had decay declared for leg: Pt = 51.5969, eta = 0.601899, phi = -2.51599, mass = 1.26703 !!
 (mass expected in the range = 0.13957..0.13957)
Warning: tau -> had decay declared for leg: Pt = 51.5969, eta = 0.601899, phi = -2.51599, mass = 1.26703 !!
 (mass expected in the range = 0.13957..0.13957)
Warning: tau -> had decay declared for leg: Pt = 51.5969, eta = 0.601899, phi = -2.51599, mass = 1.26703 !!
 (mass expected in the range = 0.13957..0.13957)
Warning: tau -> had decay declared for leg: Pt = 23.6546, eta = 1.42188, phi = 0.727698, mass = 0.848917 !!
 (mass expected in the range = 0.13957..0.13957)
Warning: tau -> had decay declared for leg: Pt = 23.6546, eta = 1.42188, phi = 0.727698, mass = 0.848917 !!
 (mass expected in the range = 0.13957..0.13957)
Warning: tau -> had decay declared for leg: Pt = 23.6546, eta = 1.42188, phi = 0.727698, mass = 0.848917 !!
 (mass expected in the range = 0.13957..0.13957)
Warning: tau -> had decay declared for leg: Pt = 23.6546, eta = 1.42188, phi = 0.727698, mass = 0.848917 !!
 (mass expected in the range = 0.13957..0.13957)
Warning: tau -> had decay declared for leg: Pt = 23.6546, eta = 1.42188, phi = 0.727698, mass = 0.848917 !!
 (mass expected in the range = 0.13957..0.13957)
Warning: tau -> had decay declared for leg: Pt = 27.6571, eta = -0.704551, phi = 2.35334, mass = 0.742596 !!
 (mass expected in the range = 0.13957..0.13957)
Warning: tau -> had decay declared for leg: Pt = 40.631, eta = -0.629713, phi = 1.68431, mass = 0.660217 !!
 (mass expected in the range = 0.13957..0.13957)
Warning: tau -> had decay declared for leg: Pt = 66.7197, eta = -1.27613, phi = -1.05376, mass = 1.58462 !!
 (mass expected in the range = 0.13957..0.13957)
Warning: tau -> had decay declared for leg: Pt = 66.7197, eta = -1.27613, phi = -1.05376, mass = 1.58462 !!
 (mass expected in the range = 0.13957..0.13957)
Warning: tau -> had decay declared for leg: Pt = 66.7197, eta = -1.27613, phi = -1.05376, mass = 1.58462 !!
 (mass expected in the range = 0.13957..0.13957)
Warning: tau -> had decay declared for leg: Pt = 66.7197, eta = -1.27613, phi = -1.05376, mass = 1.58462 !!
 (mass expected in the range = 0.13957..0.13957)
Warning: tau -> had decay declared for leg: Pt = 66.7197, eta = -1.27613, phi = -1.05376, mass = 1.58462 !!
 (mass expected in the range = 0.13957..0.13957)
Warning: tau -> had decay declared for leg: Pt = 50.7968, eta = -0.272243, phi = -2.00339, mass = 0.853951 !!
 (mass expected in the range = 0.13957..0.13957)
Warning: tau -> had decay declared for leg: Pt = 50.7968, eta = -0.272243, phi = -2.00339, mass = 0.853951 !!
 (mass expected in the range = 0.13957..0.13957)
Warning: tau -> had decay declared for leg: Pt = 50.7968, eta = -0.272243, phi = -2.00339, mass = 0.853951 !!
 (mass expected in the range = 0.13957..0.13957)
Warning: tau -> had decay declared for leg: Pt = 50.7968, eta = -0.272243, phi = -2.00339, mass = 0.853951 !!
 (mass expected in the range = 0.13957..0.13957)
Warning: tau -> had decay declared for leg: Pt = 50.7968, eta = -0.272243, phi = -2.00339, mass = 0.853951 !!
 (mass expected in the range = 0.13957..0.13957)
Warning: tau -> had decay declared for leg: Pt = 60.6597, eta = 1.07833, phi = -0.8826, mass = 1.12689 !!
 (mass expected in the range = 0.13957..0.13957)
Warning: tau -> had decay declared for leg: Pt = 60.6597, eta = 1.07833, phi = -0.8826, mass = 1.12689 !!
 (mass expected in the range = 0.13957..0.13957)
Warning: tau -> had decay declared for leg: Pt = 60.6597, eta = 1.07833, phi = -0.8826, mass = 1.12689 !!
 (mass expected in the range = 0.13957..0.13957)
Warning: tau -> had decay declared for leg: Pt = 60.6597, eta = 1.07833, phi = -0.8826, mass = 1.12689 !!
 (mass expected in the range = 0.13957..0.13957)
Warning: tau -> had decay declared for leg: Pt = 60.6597, eta = 1.07833, phi = -0.8826, mass = 1.12689 !!
 (mass expected in the range = 0.13957..0.13957)
Warning: tau -> had decay declared for leg: Pt = 32.087, eta = 1.14996, phi = -1.31088, mass = 0.762676 !!
 (mass expected in the range = 0.13957..0.13957)
Warning: tau -> had decay declared for leg: Pt = 32.087, eta = 1.14996, phi = -1.31088, mass = 0.762676 !!
 (mass expected in the range = 0.13957..0.13957)
Warning: tau -> had decay declared for leg: Pt = 32.087, eta = 1.14996, phi = -1.31088, mass = 0.762676 !!
 (mass expected in the range = 0.13957..0.13957)
Warning: tau -> had decay declared for leg: Pt = 32.087, eta = 1.14996, phi = -1.31088, mass = 0.762676 !!
 (mass expected in the range = 0.13957..0.13957)
Warning: tau -> had decay declared for leg: Pt = 32.087, eta = 1.14996, phi = -1.31088, mass = 0.762676 !!
 (mass expected in the range = 0.13957..0.13957)
Warning: tau -> had decay declared for leg: Pt = 49.8968, eta = 0.13914, phi = -2.66859, mass = 1.23173 !!
 (mass expected in the range = 0.13957..0.13957)
Warning: tau -> had decay declared for leg: Pt = 49.8968, eta = 0.13914, phi = -2.66859, mass = 1.23173 !!
 (mass expected in the range = 0.13957..0.13957)
Warning: tau -> had decay declared for leg: Pt = 49.8968, eta = 0.13914, phi = -2.66859, mass = 1.23173 !!
 (mass expected in the range = 0.13957..0.13957)
Warning: tau -> had decay declared for leg: Pt = 49.8968, eta = 0.13914, phi = -2.66859, mass = 1.23173 !!
 (mass expected in the range = 0.13957..0.13957)
Warning: tau -> had decay declared for leg: Pt = 49.8968, eta = 0.13914, phi = -2.66859, mass = 1.23173 !!
 (mass expected in the range = 0.13957..0.13957)
