[8MB/19.45MB][ 41%][====================>                             ][8MB/s]  [19.45MB/19.45MB][100%][==================================================][19.45MB/s]  [19.45MB/19.45MB][100%][==================================================][19.45MB/s]  
Warning: tau -> had decay declared for leg: Pt = 20.5519, eta = -0.228623, phi = -0.152754, mass = 1.06294 !!
 (mass expected in the range = 0.13957..0.13957)
Warning: tau -> had decay declared for leg: Pt = 62.8722, eta = -0.168109, phi = 0.0109041, mass = 0.809471 !!
 (mass expected in the range = 0.13957..0.13957)
Warning: tau -> had decay declared for leg: Pt = 42.7923, eta = -0.0493372, phi = 1.41542, mass = 1.14166 !!
 (mass expected in the range = 0.13957..0.13957)
Warning: tau -> had decay declared for leg: Pt = 50.1411, eta = 0.522311, phi = -1.68466, mass = 0.681817 !!
 (mass expected in the range = 0.13957..0.13957)
Warning: tau -> had decay declared for leg: Pt = 50.1411, eta = 0.522311, phi = -1.68466, mass = 0.681817 !!
 (mass expected in the range = 0.13957..0.13957)
Warning: tau -> had decay declared for leg: Pt = 50.1411, eta = 0.522311, phi = -1.68466, mass = 0.681817 !!
 (mass expected in the range = 0.13957..0.13957)
Warning: tau -> had decay declared for leg: Pt = 50.1411, eta = 0.522311, phi = -1.68466, mass = 0.681817 !!
 (mass expected in the range = 0.13957..0.13957)
Warning: tau -> had decay declared for leg: Pt = 50.1411, eta = 0.522311, phi = -1.68466, mass = 0.681817 !!
 (mass expected in the range = 0.13957..0.13957)
Warning: tau -> had decay declared for leg: Pt = 48.8006, eta = 0.758324, phi = -0.451115, mass = 0.994464 !!
 (mass expected in the range = 0.13957..0.13957)
Warning: tau -> had decay declared for leg: Pt = 33.3764, eta = 0.247967, phi = 0.25606, mass = 1.462 !!
 (mass expected in the range = 0.13957..0.13957)
Warning: tau -> had decay declared for leg: Pt = 27.8413, eta = 0.369346, phi = -2.4855, mass = 0.42765 !!
 (mass expected in the range = 0.13957..0.13957)
Warning: tau -> had decay declared for leg: Pt = 32.5095, eta = 0.380045, phi = 0.750583, mass = 0.662733 !!
 (mass expected in the range = 0.13957..0.13957)
Warning: tau -> had decay declared for leg: Pt = 52.9524, eta = 0.0274564, phi = -0.208683, mass = 0.777436 !!
 (mass expected in the range = 0.13957..0.13957)
Warning: tau -> had decay declared for leg: Pt = 52.9524, eta = 0.0274564, phi = -0.208683, mass = 0.777436 !!
 (mass expected in the range = 0.13957..0.13957)
Warning: tau -> had decay declared for leg: Pt = 52.9524, eta = 0.0274564, phi = -0.208683, mass = 0.777436 !!
 (mass expected in the range = 0.13957..0.13957)
Warning: tau -> had decay declared for leg: Pt = 52.9524, eta = 0.0274564, phi = -0.208683, mass = 0.777436 !!
 (mass expected in the range = 0.13957..0.13957)
Warning: tau -> had decay declared for leg: Pt = 52.9524, eta = 0.0274564, phi = -0.208683, mass = 0.777436 !!
 (mass expected in the range = 0.13957..0.13957)
Warning: tau -> had decay declared for leg: Pt = 32.0387, eta = -0.680001, phi = -2.52322, mass = 0.348984 !!
 (mass expected in the range = 0.13957..0.13957)
Warning: tau -> had decay declared for leg: Pt = 54.597, eta = -0.276856, phi = 0.346852, mass = 1.25253 !!
 (mass expected in the range = 0.13957..0.13957)
Warning: tau -> had decay declared for leg: Pt = 54.597, eta = -0.276856, phi = 0.346852, mass = 1.25253 !!
 (mass expected in the range = 0.13957..0.13957)
Warning: tau -> had decay declared for leg: Pt = 54.597, eta = -0.276856, phi = 0.346852, mass = 1.25253 !!
 (mass expected in the range = 0.13957..0.13957)
Warning: tau -> had decay declared for leg: Pt = 54.597, eta = -0.276856, phi = 0.346852, mass = 1.25253 !!
 (mass expected in the range = 0.13957..0.13957)
Warning: tau -> had decay declared for leg: Pt = 54.597, eta = -0.276856, phi = 0.346852, mass = 1.25253 !!
 (mass expected in the range = 0.13957..0.13957)
Warning: tau -> had decay declared for leg: Pt = 46.0689, eta = 0.287724, phi = 0.991595, mass = 0.74176 !!
 (mass expected in the range = 0.13957..0.13957)
Warning: tau -> had decay declared for leg: Pt = 46.0689, eta = 0.287724, phi = 0.991595, mass = 0.74176 !!
 (mass expected in the range = 0.13957..0.13957)
Warning: tau -> had decay declared for leg: Pt = 46.0689, eta = 0.287724, phi = 0.991595, mass = 0.74176 !!
 (mass expected in the range = 0.13957..0.13957)
Warning: tau -> had decay declared for leg: Pt = 46.0689, eta = 0.287724, phi = 0.991595, mass = 0.74176 !!
 (mass expected in the range = 0.13957..0.13957)
Warning: tau -> had decay declared for leg: Pt = 46.0689, eta = 0.287724, phi = 0.991595, mass = 0.74176 !!
 (mass expected in the range = 0.13957..0.13957)
Warning: tau -> had decay declared for leg: Pt = 100.874, eta = -0.112466, phi = 2.67249, mass = 2.32291 !!
 (mass expected in the range = 0.13957..0.13957)
Warning: tau -> had decay declared for leg: Pt = 101.708, eta = -0.68234, phi = -1.06022, mass = 0.989058 !!
 (mass expected in the range = 0.13957..0.13957)
Warning: tau -> had decay declared for leg: Pt = 101.708, eta = -0.68234, phi = -1.06022, mass = 0.989058 !!
 (mass expected in the range = 0.13957..0.13957)
Warning: tau -> had decay declared for leg: Pt = 101.708, eta = -0.68234, phi = -1.06022, mass = 0.989058 !!
 (mass expected in the range = 0.13957..0.13957)
Warning: tau -> had decay declared for leg: Pt = 101.708, eta = -0.68234, phi = -1.06022, mass = 0.989058 !!
 (mass expected in the range = 0.13957..0.13957)
Warning: tau -> had decay declared for leg: Pt = 101.708, eta = -0.68234, phi = -1.06022, mass = 0.989058 !!
 (mass expected in the range = 0.13957..0.13957)
Warning: tau -> had decay declared for leg: Pt = 113.562, eta = 0.313894, phi = 1.22359, mass = 0.374983 !!
 (mass expected in the range = 0.13957..0.13957)
Warning: tau -> had decay declared for leg: Pt = 30.5638, eta = 0.659525, phi = -0.461362, mass = 1.10698 !!
 (mass expected in the range = 0.13957..0.13957)
Warning: tau -> had decay declared for leg: Pt = 41.2598, eta = -1.626, phi = -1.43654, mass = 0.748063 !!
 (mass expected in the range = 0.13957..0.13957)
Warning: tau -> had decay declared for leg: Pt = 41.2598, eta = -1.626, phi = -1.43654, mass = 0.748063 !!
 (mass expected in the range = 0.13957..0.13957)
Warning: tau -> had decay declared for leg: Pt = 41.2598, eta = -1.626, phi = -1.43654, mass = 0.748063 !!
 (mass expected in the range = 0.13957..0.13957)
Warning: tau -> had decay declared for leg: Pt = 41.2598, eta = -1.626, phi = -1.43654, mass = 0.748063 !!
 (mass expected in the range = 0.13957..0.13957)
Warning: tau -> had decay declared for leg: Pt = 41.2598, eta = -1.626, phi = -1.43654, mass = 0.748063 !!
 (mass expected in the range = 0.13957..0.13957)
Warning: tau -> had decay declared for leg: Pt = 25.4728, eta = -0.277331, phi = -1.29689, mass = 1.16676 !!
 (mass expected in the range = 0.13957..0.13957)
Warning: tau -> had decay declared for leg: Pt = 238.733, eta = -0.949581, phi = 2.77085, mass = 1.07765 !!
 (mass expected in the range = 0.13957..0.13957)
Warning: tau -> had decay declared for leg: Pt = 140.25, eta = -0.848, phi = 0.205078, mass = 0.786603 !!
 (mass expected in the range = 0.13957..0.13957)
Warning: tau -> had decay declared for leg: Pt = 29.2116, eta = -1.09266, phi = -1.60898, mass = 0.884573 !!
 (mass expected in the range = 0.13957..0.13957)
Warning: tau -> had decay declared for leg: Pt = 38.786, eta = -0.888246, phi = 1.45713, mass = 0.957033 !!
 (mass expected in the range = 0.13957..0.13957)
Warning: tau -> had decay declared for leg: Pt = 91.3412, eta = -0.65094, phi = 2.40736, mass = 1.13549 !!
 (mass expected in the range = 0.13957..0.13957)
Warning: tau -> had decay declared for leg: Pt = 110.498, eta = 0.912165, phi = 2.07866, mass = 0.840794 !!
 (mass expected in the range = 0.13957..0.13957)
Warning: tau -> had decay declared for leg: Pt = 110.498, eta = 0.912165, phi = 2.07866, mass = 0.840794 !!
 (mass expected in the range = 0.13957..0.13957)
Warning: tau -> had decay declared for leg: Pt = 110.498, eta = 0.912165, phi = 2.07866, mass = 0.840794 !!
 (mass expected in the range = 0.13957..0.13957)
Warning: tau -> had decay declared for leg: Pt = 110.498, eta = 0.912165, phi = 2.07866, mass = 0.840794 !!
 (mass expected in the range = 0.13957..0.13957)
Warning: tau -> had decay declared for leg: Pt = 110.498, eta = 0.912165, phi = 2.07866, mass = 0.840794 !!
 (mass expected in the range = 0.13957..0.13957)
Warning: tau -> had decay declared for leg: Pt = 27.8857, eta = -0.267108, phi = -2.12345, mass = 0.906612 !!
 (mass expected in the range = 0.13957..0.13957)
Warning: tau -> had decay declared for leg: Pt = 77.5492, eta = -0.637448, phi = -0.848387, mass = 0.746415 !!
 (mass expected in the range = 0.13957..0.13957)
Warning: tau -> had decay declared for leg: Pt = 129.718, eta = -0.16337, phi = 3.09692, mass = 0.819442 !!
 (mass expected in the range = 0.13957..0.13957)
Warning: tau -> had decay declared for leg: Pt = 129.718, eta = -0.16337, phi = 3.09692, mass = 0.819442 !!
 (mass expected in the range = 0.13957..0.13957)
Warning: tau -> had decay declared for leg: Pt = 129.718, eta = -0.16337, phi = 3.09692, mass = 0.819442 !!
 (mass expected in the range = 0.13957..0.13957)
Warning: tau -> had decay declared for leg: Pt = 129.718, eta = -0.16337, phi = 3.09692, mass = 0.819442 !!
 (mass expected in the range = 0.13957..0.13957)
Warning: tau -> had decay declared for leg: Pt = 129.718, eta = -0.16337, phi = 3.09692, mass = 0.819442 !!
 (mass expected in the range = 0.13957..0.13957)
Warning: tau -> had decay declared for leg: Pt = 30.1221, eta = -0.261324, phi = -2.56058, mass = 0.476068 !!
 (mass expected in the range = 0.13957..0.13957)
Warning: tau -> had decay declared for leg: Pt = 54.8515, eta = -0.529825, phi = 1.87045, mass = 0.707127 !!
 (mass expected in the range = 0.13957..0.13957)
Warning: tau -> had decay declared for leg: Pt = 54.8515, eta = -0.529825, phi = 1.87045, mass = 0.707127 !!
 (mass expected in the range = 0.13957..0.13957)
Warning: tau -> had decay declared for leg: Pt = 54.8515, eta = -0.529825, phi = 1.87045, mass = 0.707127 !!
 (mass expected in the range = 0.13957..0.13957)
Warning: tau -> had decay declared for leg: Pt = 54.8515, eta = -0.529825, phi = 1.87045, mass = 0.707127 !!
 (mass expected in the range = 0.13957..0.13957)
Warning: tau -> had decay declared for leg: Pt = 54.8515, eta = -0.529825, phi = 1.87045, mass = 0.707127 !!
 (mass expected in the range = 0.13957..0.13957)
Warning: tau -> had decay declared for leg: Pt = 44.7206, eta = -1.11718, phi = 0.98417, mass = 1.04953 !!
 (mass expected in the range = 0.13957..0.13957)
Warning: tau -> had decay declared for leg: Pt = 188.625, eta = 0.447532, phi = -2.8755, mass = 0.957275 !!
 (mass expected in the range = 0.13957..0.13957)
Warning: tau -> had decay declared for leg: Pt = 188.625, eta = 0.447532, phi = -2.8755, mass = 0.957275 !!
 (mass expected in the range = 0.13957..0.13957)
Warning: tau -> had decay declared for leg: Pt = 188.625, eta = 0.447532, phi = -2.8755, mass = 0.957275 !!
 (mass expected in the range = 0.13957..0.13957)
Warning: tau -> had decay declared for leg: Pt = 188.625, eta = 0.447532, phi = -2.8755, mass = 0.957275 !!
 (mass expected in the range = 0.13957..0.13957)
Warning: tau -> had decay declared for leg: Pt = 188.625, eta = 0.447532, phi = -2.8755, mass = 0.957275 !!
 (mass expected in the range = 0.13957..0.13957)
Warning: tau -> had decay declared for leg: Pt = 44.9313, eta = -0.11051, phi = -1.19714, mass = 1.1362 !!
 (mass expected in the range = 0.13957..0.13957)
Warning: tau -> had decay declared for leg: Pt = 44.9313, eta = -0.11051, phi = -1.19714, mass = 1.1362 !!
 (mass expected in the range = 0.13957..0.13957)
Warning: tau -> had decay declared for leg: Pt = 44.9313, eta = -0.11051, phi = -1.19714, mass = 1.1362 !!
 (mass expected in the range = 0.13957..0.13957)
Warning: tau -> had decay declared for leg: Pt = 44.9313, eta = -0.11051, phi = -1.19714, mass = 1.1362 !!
 (mass expected in the range = 0.13957..0.13957)
Warning: tau -> had decay declared for leg: Pt = 44.9313, eta = -0.11051, phi = -1.19714, mass = 1.1362 !!
 (mass expected in the range = 0.13957..0.13957)
Warning: tau -> had decay declared for leg: Pt = 62.0754, eta = 0.268029, phi = 0.0539231, mass = 0.996975 !!
 (mass expected in the range = 0.13957..0.13957)
Warning: tau -> had decay declared for leg: Pt = 62.0754, eta = 0.268029, phi = 0.0539231, mass = 0.996975 !!
 (mass expected in the range = 0.13957..0.13957)
Warning: tau -> had decay declared for leg: Pt = 62.0754, eta = 0.268029, phi = 0.0539231, mass = 0.996975 !!
 (mass expected in the range = 0.13957..0.13957)
Warning: tau -> had decay declared for leg: Pt = 62.0754, eta = 0.268029, phi = 0.0539231, mass = 0.996975 !!
 (mass expected in the range = 0.13957..0.13957)
Warning: tau -> had decay declared for leg: Pt = 62.0754, eta = 0.268029, phi = 0.0539231, mass = 0.996975 !!
 (mass expected in the range = 0.13957..0.13957)
Warning: tau -> had decay declared for leg: Pt = 25.768, eta = -0.954272, phi = 0.836803, mass = 0.995816 !!
 (mass expected in the range = 0.13957..0.13957)
Warning: tau -> had decay declared for leg: Pt = 66.7337, eta = -1.07302, phi = -1.69269, mass = 1.20286 !!
 (mass expected in the range = 0.13957..0.13957)
Warning: tau -> had decay declared for leg: Pt = 28.5135, eta = -0.161359, phi = 0.130028, mass = 1.40287 !!
 (mass expected in the range = 0.13957..0.13957)
Warning: tau -> had decay declared for leg: Pt = 74.8761, eta = 1.91878, phi = 2.49455, mass = 1.2758 !!
 (mass expected in the range = 0.13957..0.13957)
Warning: tau -> had decay declared for leg: Pt = 74.8761, eta = 1.91878, phi = 2.49455, mass = 1.2758 !!
 (mass expected in the range = 0.13957..0.13957)
Warning: tau -> had decay declared for leg: Pt = 74.8761, eta = 1.91878, phi = 2.49455, mass = 1.2758 !!
 (mass expected in the range = 0.13957..0.13957)
Warning: tau -> had decay declared for leg: Pt = 74.8761, eta = 1.91878, phi = 2.49455, mass = 1.2758 !!
 (mass expected in the range = 0.13957..0.13957)
Warning: tau -> had decay declared for leg: Pt = 74.8761, eta = 1.91878, phi = 2.49455, mass = 1.2758 !!
 (mass expected in the range = 0.13957..0.13957)
Warning: tau -> had decay declared for leg: Pt = 22.0724, eta = -0.202079, phi = -2.93254, mass = 0.68672 !!
 (mass expected in the range = 0.13957..0.13957)
Warning: tau -> had decay declared for leg: Pt = 79.5415, eta = -0.0850432, phi = -0.0878224, mass = 0.581463 !!
 (mass expected in the range = 0.13957..0.13957)
Warning: tau -> had decay declared for leg: Pt = 63.0197, eta = 0.567447, phi = 2.70865, mass = 1.18246 !!
 (mass expected in the range = 0.13957..0.13957)
Warning: tau -> had decay declared for leg: Pt = 108.976, eta = 1.26875, phi = 1.28121, mass = 1.29827 !!
 (mass expected in the range = 0.13957..0.13957)
Warning: tau -> had decay declared for leg: Pt = 108.976, eta = 1.26875, phi = 1.28121, mass = 1.29827 !!
 (mass expected in the range = 0.13957..0.13957)
Warning: tau -> had decay declared for leg: Pt = 108.976, eta = 1.26875, phi = 1.28121, mass = 1.29827 !!
 (mass expected in the range = 0.13957..0.13957)
Warning: tau -> had decay declared for leg: Pt = 108.976, eta = 1.26875, phi = 1.28121, mass = 1.29827 !!
 (mass expected in the range = 0.13957..0.13957)
Warning: tau -> had decay declared for leg: Pt = 108.976, eta = 1.26875, phi = 1.28121, mass = 1.29827 !!
 (mass expected in the range = 0.13957..0.13957)
Warning: tau -> had decay declared for leg: Pt = 80.3397, eta = -1.15107, phi = -2.1352, mass = 1.02568 !!
 (mass expected in the range = 0.13957..0.13957)
Warning: tau -> had decay declared for leg: Pt = 20.9722, eta = -1.12856, phi = -1.13356, mass = 0.457257 !!
 (mass expected in the range = 0.13957..0.13957)
Warning: tau -> had decay declared for leg: Pt = 20.9722, eta = -1.12856, phi = -1.13356, mass = 0.457257 !!
 (mass expected in the range = 0.13957..0.13957)
Warning: tau -> had decay declared for leg: Pt = 20.9722, eta = -1.12856, phi = -1.13356, mass = 0.457257 !!
 (mass expected in the range = 0.13957..0.13957)
Warning: tau -> had decay declared for leg: Pt = 20.9722, eta = -1.12856, phi = -1.13356, mass = 0.457257 !!
 (mass expected in the range = 0.13957..0.13957)
Warning: tau -> had decay declared for leg: Pt = 20.9722, eta = -1.12856, phi = -1.13356, mass = 0.457257 !!
 (mass expected in the range = 0.13957..0.13957)
Warning: tau -> had decay declared for leg: Pt = 37.4062, eta = 0.954499, phi = -2.50012, mass = 0.949708 !!
 (mass expected in the range = 0.13957..0.13957)
Warning: tau -> had decay declared for leg: Pt = 48.2148, eta = -0.0381715, phi = 1.62715, mass = 0.406911 !!
 (mass expected in the range = 0.13957..0.13957)
Warning: tau -> had decay declared for leg: Pt = 22.4606, eta = -1.46712, phi = -0.841459, mass = 0.797492 !!
 (mass expected in the range = 0.13957..0.13957)
Warning: tau -> had decay declared for leg: Pt = 22.4606, eta = -1.46712, phi = -0.841459, mass = 0.797492 !!
 (mass expected in the range = 0.13957..0.13957)
Warning: tau -> had decay declared for leg: Pt = 22.4606, eta = -1.46712, phi = -0.841459, mass = 0.797492 !!
 (mass expected in the range = 0.13957..0.13957)
Warning: tau -> had decay declared for leg: Pt = 22.4606, eta = -1.46712, phi = -0.841459, mass = 0.797492 !!
 (mass expected in the range = 0.13957..0.13957)
Warning: tau -> had decay declared for leg: Pt = 22.4606, eta = -1.46712, phi = -0.841459, mass = 0.797492 !!
 (mass expected in the range = 0.13957..0.13957)
Warning: tau -> had decay declared for leg: Pt = 62.3976, eta = 1.19733, phi = 0.817661, mass = 0.891714 !!
 (mass expected in the range = 0.13957..0.13957)
Warning: tau -> had decay declared for leg: Pt = 62.3976, eta = 1.19733, phi = 0.817661, mass = 0.891714 !!
 (mass expected in the range = 0.13957..0.13957)
Warning: tau -> had decay declared for leg: Pt = 62.3976, eta = 1.19733, phi = 0.817661, mass = 0.891714 !!
 (mass expected in the range = 0.13957..0.13957)
Warning: tau -> had decay declared for leg: Pt = 62.3976, eta = 1.19733, phi = 0.817661, mass = 0.891714 !!
 (mass expected in the range = 0.13957..0.13957)
Warning: tau -> had decay declared for leg: Pt = 62.3976, eta = 1.19733, phi = 0.817661, mass = 0.891714 !!
 (mass expected in the range = 0.13957..0.13957)
Warning: tau -> had decay declared for leg: Pt = 64.0613, eta = -0.0232948, phi = 0.698612, mass = 0.847773 !!
 (mass expected in the range = 0.13957..0.13957)
Warning: tau -> had decay declared for leg: Pt = 22.2307, eta = 1.77858, phi = -2.41642, mass = 0.898833 !!
 (mass expected in the range = 0.13957..0.13957)
Warning: tau -> had decay declared for leg: Pt = 76.9351, eta = -1.21786, phi = -2.44589, mass = 0.789799 !!
 (mass expected in the range = 0.13957..0.13957)
Warning: tau -> had decay declared for leg: Pt = 76.9351, eta = -1.21786, phi = -2.44589, mass = 0.789799 !!
 (mass expected in the range = 0.13957..0.13957)
Warning: tau -> had decay declared for leg: Pt = 76.9351, eta = -1.21786, phi = -2.44589, mass = 0.789799 !!
 (mass expected in the range = 0.13957..0.13957)
Warning: tau -> had decay declared for leg: Pt = 76.9351, eta = -1.21786, phi = -2.44589, mass = 0.789799 !!
 (mass expected in the range = 0.13957..0.13957)
Warning: tau -> had decay declared for leg: Pt = 76.9351, eta = -1.21786, phi = -2.44589, mass = 0.789799 !!
 (mass expected in the range = 0.13957..0.13957)
Warning: tau -> had decay declared for leg: Pt = 104.625, eta = -2.18224, phi = 1.99329, mass = 0.482765 !!
 (mass expected in the range = 0.13957..0.13957)
Warning: tau -> had decay declared for leg: Pt = 104.625, eta = -2.18224, phi = 1.99329, mass = 0.482765 !!
 (mass expected in the range = 0.13957..0.13957)
Warning: tau -> had decay declared for leg: Pt = 104.625, eta = -2.18224, phi = 1.99329, mass = 0.482765 !!
 (mass expected in the range = 0.13957..0.13957)
Warning: tau -> had decay declared for leg: Pt = 104.625, eta = -2.18224, phi = 1.99329, mass = 0.482765 !!
 (mass expected in the range = 0.13957..0.13957)
Warning: tau -> had decay declared for leg: Pt = 104.625, eta = -2.18224, phi = 1.99329, mass = 0.482765 !!
 (mass expected in the range = 0.13957..0.13957)
Warning: tau -> had decay declared for leg: Pt = 26.7907, eta = -0.429762, phi = 1.55189, mass = 0.844148 !!
 (mass expected in the range = 0.13957..0.13957)
Warning: tau -> had decay declared for leg: Pt = 38.3828, eta = 0.465663, phi = 2.39445, mass = 1.19492 !!
 (mass expected in the range = 0.13957..0.13957)
Warning: tau -> had decay declared for leg: Pt = 145.597, eta = -1.17216, phi = 1.64631, mass = 0.732502 !!
 (mass expected in the range = 0.13957..0.13957)
Warning: tau -> had decay declared for leg: Pt = 145.597, eta = -1.17216, phi = 1.64631, mass = 0.732502 !!
 (mass expected in the range = 0.13957..0.13957)
Warning: tau -> had decay declared for leg: Pt = 145.597, eta = -1.17216, phi = 1.64631, mass = 0.732502 !!
 (mass expected in the range = 0.13957..0.13957)
Warning: tau -> had decay declared for leg: Pt = 145.597, eta = -1.17216, phi = 1.64631, mass = 0.732502 !!
 (mass expected in the range = 0.13957..0.13957)
Warning: tau -> had decay declared for leg: Pt = 145.597, eta = -1.17216, phi = 1.64631, mass = 0.732502 !!
 (mass expected in the range = 0.13957..0.13957)
Warning: tau -> had decay declared for leg: Pt = 25.9146, eta = -0.510713, phi = -0.175408, mass = 0.949897 !!
 (mass expected in the range = 0.13957..0.13957)
Warning: tau -> had decay declared for leg: Pt = 32.4892, eta = 0.946886, phi = 2.83733, mass = 0.99028 !!
 (mass expected in the range = 0.13957..0.13957)
Warning: tau -> had decay declared for leg: Pt = 32.4892, eta = 0.946886, phi = 2.83733, mass = 0.99028 !!
 (mass expected in the range = 0.13957..0.13957)
Warning: tau -> had decay declared for leg: Pt = 32.4892, eta = 0.946886, phi = 2.83733, mass = 0.99028 !!
 (mass expected in the range = 0.13957..0.13957)
Warning: tau -> had decay declared for leg: Pt = 32.4892, eta = 0.946886, phi = 2.83733, mass = 0.99028 !!
 (mass expected in the range = 0.13957..0.13957)
Warning: tau -> had decay declared for leg: Pt = 32.4892, eta = 0.946886, phi = 2.83733, mass = 0.99028 !!
 (mass expected in the range = 0.13957..0.13957)
