[FERMIHTC-APPTAINER]: INFO -- ApptainerImage classAd detected
[FERMIHTC-APPTAINER]: INFO -- Attempting to run job in /cvmfs/singularity.opensciencegrid.org/cmssw/cms:rhel7
[FERMIHTC-APPTAINER]: INFO -- Running /cvmfs/oasis.opensciencegrid.org/mis/apptainer/current/bin/apptainer exec --pid --ipc --contain --bind /cvmfs --bind /etc/hosts --bind /etc/grid-security --home /storage/local/data1/condor/execute/dir_1760968:/srv --pwd /srv /cvmfs/singularity.opensciencegrid.org/cmssw/cms:rhel7 ./run_condor.csh plotBoostedTauTau.py ./filelists/AToTauTau/UL16pre/ALP_M-30_HT-100to400_preVFPUL16/ALP_M-30_HT-100to400_preVFPUL16_0.txt root://cmseos.fnal.gov//store/user/dalam/UL2016pre/ TCP 16pre
Starting job on  Tue Jul 9 10:20:46 UTC 2024
Running on: Linux dalam-65483365-0-cmswn2102.fnal.gov 5.14.0-427.18.1.el9_4.x86_64 #1 SMP PREEMPT_DYNAMIC Tue May 28 06:27:02 EDT 2024 x86_64 x86_64 x86_64 GNU/Linux
System software: CentOS Linux release 7.9.2009 (Core)
Done: ProjectRename
Arguments passed to this script are: 
  script: plotBoostedTauTau.py
  input files: ./filelists/AToTauTau/UL16pre/ALP_M-30_HT-100to400_preVFPUL16/ALP_M-30_HT-100to400_preVFPUL16_0.txt
  output dir: root://cmseos.fnal.gov//store/user/dalam/UL2016pre/
  mode: TCP
  year: 16pre
mode: 1
tau_e tau_mu
Kappa: 3
SVFit Mass: 38.5202
mode: 2
tau_mu tau_h
Kappa: 4
SVFit Mass: 36.6675
mode: 2
tau_mu tau_h
Kappa: 4
SVFit Mass: 21.3433
mode: 1
tau_e tau_mu
Kappa: 3
SVFit Mass: 32.2923
mode: 2
tau_mu tau_h
Kappa: 4
SVFit Mass: 26.3062
mode: 2
tau_mu tau_h
Kappa: 4
SVFit Mass: 22.1309
mode: 2
tau_mu tau_h
Kappa: 4
SVFit Mass: 21.8964
mode: 1
tau_e tau_mu
Kappa: 3
SVFit Mass: 26.8244
mode: 1
tau_e tau_mu
Kappa: 3
SVFit Mass: 26.8244
mode: 1
tau_e tau_mu
Kappa: 3
SVFit Mass: 19.8461
mode: 1
tau_e tau_mu
Kappa: 3
SVFit Mass: 19.8461
mode: 1
tau_e tau_mu
Kappa: 3
SVFit Mass: 28.6682
mode: 2
tau_mu tau_h
Kappa: 4
SVFit Mass: 28.0662
mode: 1
tau_e tau_mu
Kappa: 3
SVFit Mass: 40.3427
mode: 1
tau_e tau_mu
Kappa: 3
SVFit Mass: 40.3427
mode: 1
tau_e tau_mu
Kappa: 3
SVFit Mass: 40.3427
mode: 1
tau_e tau_mu
Kappa: 3
SVFit Mass: 40.3427
mode: 2
tau_mu tau_h
Kappa: 4
SVFit Mass: 31.0164
mode: 2
tau_mu tau_h
Kappa: 4
SVFit Mass: 19.6778
mode: 2
tau_mu tau_h
Kappa: 4
SVFit Mass: 19.6778
mode: 2
tau_mu tau_h
Kappa: 4
SVFit Mass: 19.6778
mode: 2
tau_mu tau_h
Kappa: 4
SVFit Mass: 19.6778
mode: 2
tau_mu tau_h
Kappa: 4
SVFit Mass: 19.6778
mode: 1
tau_e tau_mu
Kappa: 3
SVFit Mass: 31.0492
mode: 1
tau_e tau_mu
Kappa: 3
SVFit Mass: 31.0492
mode: 1
tau_e tau_mu
Kappa: 3
SVFit Mass: 31.0492
mode: 1
tau_e tau_mu
Kappa: 3
SVFit Mass: 31.0492
mode: 1
tau_e tau_mu
Kappa: 3
SVFit Mass: 26.765
mode: 1
tau_e tau_mu
Kappa: 3
SVFit Mass: 26.765
mode: 2
tau_mu tau_h
Kappa: 4
SVFit Mass: 25.8063
mode: 1
tau_e tau_mu
Kappa: 3
SVFit Mass: 24.4591
mode: 1
tau_e tau_mu
Kappa: 3
SVFit Mass: 24.4591
mode: 1
tau_e tau_mu
Kappa: 3
SVFit Mass: 24.4591
mode: 1
tau_e tau_mu
Kappa: 3
SVFit Mass: 24.4591
mode: 1
tau_e tau_mu
Kappa: 3
SVFit Mass: 21.0817
mode: 1
tau_e tau_mu
Kappa: 3
SVFit Mass: 21.0817
mode: 2
tau_mu tau_h
Kappa: 4
SVFit Mass: 24.9718
mode: 2
tau_mu tau_h
Kappa: 4
SVFit Mass: 24.9718
mode: 2
tau_mu tau_h
Kappa: 4
SVFit Mass: 24.9718
mode: 2
tau_mu tau_h
Kappa: 4
SVFit Mass: 24.9718
mode: 2
tau_mu tau_h
Kappa: 4
SVFit Mass: 24.9718
mode: 2
tau_mu tau_h
Kappa: 4
SVFit Mass: 28.7292
mode: 2
tau_mu tau_h
Kappa: 4
SVFit Mass: 28.7292
mode: 2
tau_mu tau_h
Kappa: 4
SVFit Mass: 28.7292
mode: 2
tau_mu tau_h
Kappa: 4
SVFit Mass: 28.7292
mode: 2
tau_mu tau_h
Kappa: 4
SVFit Mass: 28.7292
mode: 2
tau_mu tau_h
Kappa: 4
SVFit Mass: 27.2417
mode: 2
tau_mu tau_h
Kappa: 4
SVFit Mass: 28.8462
mode: 2
tau_mu tau_h
Kappa: 4
SVFit Mass: 28.8462
mode: 2
tau_mu tau_h
Kappa: 4
SVFit Mass: 28.8462
mode: 2
tau_mu tau_h
Kappa: 4
SVFit Mass: 28.8462
mode: 2
tau_mu tau_h
Kappa: 4
SVFit Mass: 28.8462
mode: 2
tau_mu tau_h
Kappa: 4
SVFit Mass: 29.3063
mode: 1
tau_e tau_mu
Kappa: 3
SVFit Mass: 24.5458
mode: 1
tau_e tau_mu
Kappa: 3
SVFit Mass: 24.5458
mode: 2
tau_mu tau_h
Kappa: 4
SVFit Mass: 22.7923
mode: 1
tau_e tau_mu
Kappa: 3
SVFit Mass: 33.4597
mode: 2
tau_mu tau_h
Kappa: 4
SVFit Mass: 30.3249
mode: 2
tau_mu tau_h
Kappa: 4
SVFit Mass: 28.24
mode: 2
tau_mu tau_h
Kappa: 4
SVFit Mass: 26.4342
mode: 1
tau_e tau_mu
Kappa: 3
SVFit Mass: 27.1551
mode: 1
tau_e tau_mu
Kappa: 3
SVFit Mass: 27.1551
mode: 1
tau_e tau_mu
Kappa: 3
SVFit Mass: 100.595
mode: 1
tau_e tau_mu
Kappa: 3
SVFit Mass: 34.3694
mode: 1
tau_e tau_mu
Kappa: 3
SVFit Mass: 34.3694
mode: 1
tau_e tau_mu
Kappa: 3
SVFit Mass: 34.3694
mode: 1
tau_e tau_mu
Kappa: 3
SVFit Mass: 34.3694
mode: 2
tau_mu tau_h
Kappa: 4
SVFit Mass: 23.7631
mode: 2
tau_mu tau_h
Kappa: 4
SVFit Mass: 23.7631
mode: 2
tau_mu tau_h
Kappa: 4
SVFit Mass: 23.7631
mode: 2
tau_mu tau_h
Kappa: 4
SVFit Mass: 23.7631
mode: 2
tau_mu tau_h
Kappa: 4
SVFit Mass: 23.7631
mode: 2
tau_mu tau_h
Kappa: 4
SVFit Mass: 25.4659
mode: 2
tau_mu tau_h
Kappa: 4
SVFit Mass: 27.9675
mode: 2
tau_mu tau_h
Kappa: 4
SVFit Mass: 18.1066
mode: 2
tau_mu tau_h
Kappa: 4
SVFit Mass: 27.3527
mode: 2
tau_mu tau_h
Kappa: 4
SVFit Mass: 27.3527
mode: 2
tau_mu tau_h
Kappa: 4
SVFit Mass: 27.3527
mode: 2
tau_mu tau_h
Kappa: 4
SVFit Mass: 30.4034
mode: 1
tau_e tau_mu
Kappa: 3
SVFit Mass: 25.6596
mode: 1
tau_e tau_mu
Kappa: 3
SVFit Mass: 25.6596
mode: 1
tau_e tau_mu
Kappa: 3
SVFit Mass: 25.6596
mode: 1
tau_e tau_mu
Kappa: 3
SVFit Mass: 25.6596
mode: 1
tau_e tau_mu
Kappa: 3
SVFit Mass: 27.9813
mode: 1
tau_e tau_mu
Kappa: 3
SVFit Mass: 27.9813
mode: 1
tau_e tau_mu
Kappa: 3
SVFit Mass: 27.9813
mode: 1
tau_e tau_mu
Kappa: 3
SVFit Mass: 27.9813
mode: 2
tau_mu tau_h
Kappa: 4
SVFit Mass: 24.7232
mode: 1
tau_e tau_mu
Kappa: 3
SVFit Mass: 22.5775
mode: 1
tau_e tau_mu
Kappa: 3
SVFit Mass: 22.5775
mode: 2
tau_mu tau_h
Kappa: 4
SVFit Mass: 24.3102
mode: 2
tau_mu tau_h
Kappa: 4
SVFit Mass: 29.5268
mode: 2
tau_mu tau_h
Kappa: 4
SVFit Mass: 15.2273
mode: 2
tau_mu tau_h
Kappa: 4
SVFit Mass: 15.2273
mode: 2
tau_mu tau_h
Kappa: 4
SVFit Mass: 15.2273
mode: 2
tau_mu tau_h
Kappa: 4
SVFit Mass: 15.2273
mode: 2
tau_mu tau_h
Kappa: 4
SVFit Mass: 15.2273
mode: 2
tau_mu tau_h
Kappa: 4
SVFit Mass: 261.479
mode: 2
tau_mu tau_h
Kappa: 4
SVFit Mass: 27.0664
mode: 2
tau_mu tau_h
Kappa: 4
SVFit Mass: 27.0664
mode: 2
tau_mu tau_h
Kappa: 4
SVFit Mass: 27.0664
mode: 2
tau_mu tau_h
Kappa: 4
SVFit Mass: 27.0664
mode: 2
tau_mu tau_h
Kappa: 4
SVFit Mass: 27.0664
mode: 1
tau_e tau_mu
Kappa: 3
SVFit Mass: 27.8141
mode: 2
tau_mu tau_h
Kappa: 4
SVFit Mass: 27.9565
mode: 2
tau_mu tau_h
Kappa: 4
SVFit Mass: 31.0529
mode: 2
tau_mu tau_h
Kappa: 4
SVFit Mass: 31.0529
mode: 2
tau_mu tau_h
Kappa: 4
SVFit Mass: 31.0529
mode: 2
tau_mu tau_h
Kappa: 4
SVFit Mass: 31.0529
mode: 2
tau_mu tau_h
Kappa: 4
SVFit Mass: 31.0529
mode: 1
tau_e tau_mu
Kappa: 3
SVFit Mass: 25.9289
mode: 2
tau_mu tau_h
Kappa: 4
SVFit Mass: 26.3345
mode: 2
tau_mu tau_h
Kappa: 4
SVFit Mass: 24.7906
mode: 2
tau_mu tau_h
Kappa: 4
SVFit Mass: 24.7906
mode: 2
tau_mu tau_h
Kappa: 4
SVFit Mass: 24.7906
mode: 2
tau_mu tau_h
Kappa: 4
SVFit Mass: 24.7906
mode: 2
tau_mu tau_h
Kappa: 4
SVFit Mass: 24.7906
mode: 2
tau_mu tau_h
Kappa: 4
SVFit Mass: 25.3216
mode: 1
tau_e tau_mu
Kappa: 3
SVFit Mass: 32.9419
mode: 2
tau_mu tau_h
Kappa: 4
SVFit Mass: 26.2369
mode: 2
tau_mu tau_h
Kappa: 4
SVFit Mass: 69.5007
mode: 2
tau_mu tau_h
Kappa: 4
SVFit Mass: 25.636
mode: 2
tau_mu tau_h
Kappa: 4
SVFit Mass: 25.636
mode: 2
tau_mu tau_h
Kappa: 4
SVFit Mass: 25.636
mode: 2
tau_mu tau_h
Kappa: 4
SVFit Mass: 25.636
mode: 2
tau_mu tau_h
Kappa: 4
SVFit Mass: 25.636
mode: 1
tau_e tau_mu
Kappa: 3
SVFit Mass: 27.6972
mode: 1
tau_e tau_mu
Kappa: 3
SVFit Mass: 27.6972
mode: 2
tau_mu tau_h
Kappa: 4
SVFit Mass: 32.8903
mode: 2
tau_mu tau_h
Kappa: 4
SVFit Mass: 26.9712
mode: 2
tau_mu tau_h
Kappa: 4
SVFit Mass: 26.9712
mode: 2
tau_mu tau_h
Kappa: 4
SVFit Mass: 26.9712
mode: 2
tau_mu tau_h
Kappa: 4
SVFit Mass: 26.9712
mode: 2
tau_mu tau_h
Kappa: 4
SVFit Mass: 26.9712
mode: 2
tau_mu tau_h
Kappa: 4
SVFit Mass: 26.2937
mode: 2
tau_mu tau_h
Kappa: 4
SVFit Mass: 26.2937
mode: 2
tau_mu tau_h
Kappa: 4
SVFit Mass: 26.2937
mode: 2
tau_mu tau_h
Kappa: 4
SVFit Mass: 26.2937
mode: 2
tau_mu tau_h
Kappa: 4
SVFit Mass: 26.2937
mode: 1
tau_e tau_mu
Kappa: 3
SVFit Mass: 27.9013
mode: 1
tau_e tau_mu
Kappa: 3
SVFit Mass: 26.3761
mode: 2
tau_mu tau_h
Kappa: 4
SVFit Mass: 27.2723
mode: 2
tau_mu tau_h
Kappa: 4
SVFit Mass: 27.2723
mode: 2
tau_mu tau_h
Kappa: 4
SVFit Mass: 27.2723
mode: 2
tau_mu tau_h
Kappa: 4
SVFit Mass: 27.2723
mode: 2
tau_mu tau_h
Kappa: 4
SVFit Mass: 27.2723
mode: 2
tau_mu tau_h
Kappa: 4
SVFit Mass: 24.5556
mode: 2
tau_mu tau_h
Kappa: 4
SVFit Mass: 25.7338
mode: 2
tau_mu tau_h
Kappa: 4
SVFit Mass: 25.7338
mode: 2
tau_mu tau_h
Kappa: 4
SVFit Mass: 25.7338
mode: 2
tau_mu tau_h
Kappa: 4
SVFit Mass: 25.7338
mode: 2
tau_mu tau_h
Kappa: 4
SVFit Mass: 25.7338
mode: 2
tau_mu tau_h
Kappa: 4
SVFit Mass: 15.0023
mode: 2
tau_mu tau_h
Kappa: 4
SVFit Mass: 15.0023
mode: 2
tau_mu tau_h
Kappa: 4
SVFit Mass: 15.0023
mode: 2
tau_mu tau_h
Kappa: 4
SVFit Mass: 15.0023
mode: 2
tau_mu tau_h
Kappa: 4
SVFit Mass: 15.0023
mode: 2
tau_mu tau_h
Kappa: 4
SVFit Mass: 27.516
mode: 2
tau_mu tau_h
Kappa: 4
SVFit Mass: 27.516
mode: 2
tau_mu tau_h
Kappa: 4
SVFit Mass: 27.516
mode: 2
tau_mu tau_h
Kappa: 4
SVFit Mass: 27.516
mode: 2
tau_mu tau_h
Kappa: 4
SVFit Mass: 27.516
mode: 2
tau_mu tau_h
Kappa: 4
SVFit Mass: 26.6541
mode: 2
tau_mu tau_h
Kappa: 4
SVFit Mass: 26.6541
mode: 2
tau_mu tau_h
Kappa: 4
SVFit Mass: 26.6541
mode: 2
tau_mu tau_h
Kappa: 4
SVFit Mass: 26.6541
mode: 2
tau_mu tau_h
Kappa: 4
SVFit Mass: 26.6541
mode: 1
tau_e tau_mu
Kappa: 3
SVFit Mass: 27.8956
mode: 1
tau_e tau_mu
Kappa: 3
SVFit Mass: 27.8956
mode: 2
tau_mu tau_h
Kappa: 4
SVFit Mass: 23.4705
mode: 2
tau_mu tau_h
Kappa: 4
SVFit Mass: 27.628
mode: 2
tau_mu tau_h
Kappa: 4
SVFit Mass: 27.628
mode: 2
tau_mu tau_h
Kappa: 4
SVFit Mass: 27.628
mode: 2
tau_mu tau_h
Kappa: 4
SVFit Mass: 27.628
mode: 2
tau_mu tau_h
Kappa: 4
SVFit Mass: 27.628
mode: 2
tau_mu tau_h
Kappa: 4
SVFit Mass: 27.7592
mode: 2
tau_mu tau_h
Kappa: 4
SVFit Mass: 23.8261
mode: 2
tau_mu tau_h
Kappa: 4
SVFit Mass: 24.6173
mode: 2
tau_mu tau_h
Kappa: 4
SVFit Mass: 24.6173
mode: 2
tau_mu tau_h
Kappa: 4
SVFit Mass: 24.6173
mode: 2
tau_mu tau_h
Kappa: 4
SVFit Mass: 24.6173
mode: 2
tau_mu tau_h
Kappa: 4
SVFit Mass: 24.6173
mode: 2
tau_mu tau_h
Kappa: 4
SVFit Mass: 33.3053
mode: 2
tau_mu tau_h
Kappa: 4
SVFit Mass: 26.263
mode: 1
tau_e tau_mu
Kappa: 3
SVFit Mass: 31.3011
mode: 1
tau_e tau_mu
Kappa: 3
SVFit Mass: 25.0189
mode: 1
tau_e tau_mu
Kappa: 3
SVFit Mass: 25.0189
mode: 1
tau_e tau_mu
Kappa: 3
SVFit Mass: 25.0189
mode: 1
tau_e tau_mu
Kappa: 3
SVFit Mass: 25.0189
mode: 2
tau_mu tau_h
Kappa: 4
SVFit Mass: 29.4742
mode: 2
tau_mu tau_h
Kappa: 4
SVFit Mass: 19.7046
mode: 2
tau_mu tau_h
Kappa: 4
SVFit Mass: 30.1013
mode: 2
tau_mu tau_h
Kappa: 4
SVFit Mass: 30.2416
mode: 1
tau_e tau_mu
Kappa: 3
SVFit Mass: 35.4886
mode: 1
tau_e tau_mu
Kappa: 3
SVFit Mass: 27.64
mode: 1
tau_e tau_mu
Kappa: 3
SVFit Mass: 27.64
mode: 1
tau_e tau_mu
Kappa: 3
SVFit Mass: 27.64
mode: 1
tau_e tau_mu
Kappa: 3
SVFit Mass: 27.64
mode: 2
tau_mu tau_h
Kappa: 4
SVFit Mass: 24.7516
mode: 2
tau_mu tau_h
Kappa: 4
SVFit Mass: 24.7516
mode: 2
tau_mu tau_h
Kappa: 4
SVFit Mass: 24.7516
mode: 2
tau_mu tau_h
Kappa: 4
SVFit Mass: 24.7516
mode: 2
tau_mu tau_h
Kappa: 4
SVFit Mass: 24.7516
mode: 2
tau_mu tau_h
Kappa: 4
SVFit Mass: 28.9908
mode: 2
tau_mu tau_h
Kappa: 4
SVFit Mass: 29.0749
mode: 2
tau_mu tau_h
Kappa: 4
SVFit Mass: 29.0749
mode: 2
tau_mu tau_h
Kappa: 4
SVFit Mass: 29.0749
mode: 2
tau_mu tau_h
Kappa: 4
SVFit Mass: 29.0749
mode: 2
tau_mu tau_h
Kappa: 4
SVFit Mass: 29.0749
mode: 2
tau_mu tau_h
Kappa: 4
SVFit Mass: 24.049
mode: 2
tau_mu tau_h
Kappa: 4
SVFit Mass: 27.1415
mode: 2
tau_mu tau_h
Kappa: 4
SVFit Mass: 30.9918
mode: 1
tau_e tau_mu
Kappa: 3
SVFit Mass: 26.4846
mode: 1
tau_e tau_mu
Kappa: 3
SVFit Mass: 26.4846
mode: 1
tau_e tau_mu
Kappa: 3
SVFit Mass: 23.9957
mode: 1
tau_e tau_mu
Kappa: 3
SVFit Mass: 23.9957
mode: 2
tau_mu tau_h
Kappa: 4
SVFit Mass: 32.1128
mode: 2
tau_mu tau_h
Kappa: 4
SVFit Mass: 32.1128
mode: 2
tau_mu tau_h
Kappa: 4
SVFit Mass: 32.1128
mode: 2
tau_mu tau_h
Kappa: 4
SVFit Mass: 32.1128
mode: 2
tau_mu tau_h
Kappa: 4
SVFit Mass: 32.1128
mode: 2
tau_mu tau_h
Kappa: 4
SVFit Mass: 25.4907
mode: 2
tau_mu tau_h
Kappa: 4
SVFit Mass: 25.4907
mode: 2
tau_mu tau_h
Kappa: 4
SVFit Mass: 25.4907
mode: 2
tau_mu tau_h
Kappa: 4
SVFit Mass: 25.4907
mode: 2
tau_mu tau_h
Kappa: 4
SVFit Mass: 25.4907
mode: 1
tau_e tau_mu
Kappa: 3
SVFit Mass: 26.8876
mode: 1
tau_e tau_mu
Kappa: 3
SVFit Mass: 26.8876
mode: 1
tau_e tau_mu
Kappa: 3
SVFit Mass: 26.8876
mode: 1
tau_e tau_mu
Kappa: 3
SVFit Mass: 26.8876
mode: 1
tau_e tau_mu
Kappa: 3
SVFit Mass: 28.8065
mode: 1
tau_e tau_mu
Kappa: 3
SVFit Mass: 28.8065
mode: 2
tau_mu tau_h
Kappa: 4
SVFit Mass: 21.0008
mode: 2
tau_mu tau_h
Kappa: 4
SVFit Mass: 21.0008
mode: 2
tau_mu tau_h
Kappa: 4
SVFit Mass: 21.0008
mode: 2
tau_mu tau_h
Kappa: 4
SVFit Mass: 21.0008
mode: 2
tau_mu tau_h
Kappa: 4
SVFit Mass: 21.0008
mode: 1
tau_e tau_mu
Kappa: 3
SVFit Mass: 35.2324
mode: 2
tau_mu tau_h
Kappa: 4
SVFit Mass: 22.9522
mode: 1
tau_e tau_mu
Kappa: 3
SVFit Mass: 18.6998
mode: 1
tau_e tau_mu
Kappa: 3
SVFit Mass: 18.6998
mode: 1
tau_e tau_mu
Kappa: 3
SVFit Mass: 18.6998
mode: 1
tau_e tau_mu
Kappa: 3
SVFit Mass: 18.6998
mode: 2
tau_mu tau_h
Kappa: 4
SVFit Mass: 25.2182
mode: 2
tau_mu tau_h
Kappa: 4
SVFit Mass: 28.5357
mode: 1
tau_e tau_mu
Kappa: 3
SVFit Mass: 30.3268
mode: 1
tau_e tau_mu
Kappa: 3
SVFit Mass: 30.3268
mode: 1
tau_e tau_mu
Kappa: 3
SVFit Mass: 30.3268
mode: 1
tau_e tau_mu
Kappa: 3
SVFit Mass: 30.3268
mode: 2
tau_mu tau_h
Kappa: 4
SVFit Mass: 28.9393
mode: 2
tau_mu tau_h
Kappa: 4
SVFit Mass: 28.9393
mode: 2
tau_mu tau_h
Kappa: 4
SVFit Mass: 28.9393
mode: 2
tau_mu tau_h
Kappa: 4
SVFit Mass: 28.9393
mode: 2
tau_mu tau_h
Kappa: 4
SVFit Mass: 28.9393
mode: 1
tau_e tau_mu
Kappa: 3
SVFit Mass: 32.8628
mode: 2
tau_mu tau_h
Kappa: 4
SVFit Mass: 31.7275
mode: 2
tau_mu tau_h
Kappa: 4
SVFit Mass: 31.7275
mode: 2
tau_mu tau_h
Kappa: 4
SVFit Mass: 31.7275
mode: 2
tau_mu tau_h
Kappa: 4
SVFit Mass: 31.7275
mode: 2
tau_mu tau_h
Kappa: 4
SVFit Mass: 31.7275
mode: 1
tau_e tau_mu
Kappa: 3
SVFit Mass: 32.3047
mode: 1
tau_e tau_mu
Kappa: 3
SVFit Mass: 27.1225
mode: 1
tau_e tau_mu
Kappa: 3
SVFit Mass: 27.1225
mode: 2
tau_mu tau_h
Kappa: 4
SVFit Mass: 29.9967
mode: 1
tau_e tau_mu
Kappa: 3
SVFit Mass: 29.902
mode: 2
tau_mu tau_h
Kappa: 4
SVFit Mass: 23.328
mode: 2
tau_mu tau_h
Kappa: 4
SVFit Mass: 23.328
mode: 2
tau_mu tau_h
Kappa: 4
SVFit Mass: 23.328
mode: 2
tau_mu tau_h
Kappa: 4
SVFit Mass: 23.328
mode: 2
tau_mu tau_h
Kappa: 4
SVFit Mass: 23.328
mode: 1
tau_e tau_mu
Kappa: 3
SVFit Mass: 26.3237
mode: 1
tau_e tau_mu
Kappa: 3
SVFit Mass: 26.3237
mode: 2
tau_mu tau_h
Kappa: 4
SVFit Mass: 21.0854
mode: 2
tau_mu tau_h
Kappa: 4
SVFit Mass: 21.998
mode: 1
tau_e tau_mu
Kappa: 3
SVFit Mass: 30.3344
mode: 1
tau_e tau_mu
Kappa: 3
SVFit Mass: 29.3863
mode: 1
tau_e tau_mu
Kappa: 3
SVFit Mass: 29.3863
mode: 2
tau_mu tau_h
Kappa: 4
SVFit Mass: 27.2962
mode: 2
tau_mu tau_h
Kappa: 4
SVFit Mass: 18.6618
mode: 2
tau_mu tau_h
Kappa: 4
SVFit Mass: 18.6618
mode: 2
tau_mu tau_h
Kappa: 4
SVFit Mass: 18.6618
mode: 2
tau_mu tau_h
Kappa: 4
SVFit Mass: 18.6618
mode: 2
tau_mu tau_h
Kappa: 4
SVFit Mass: 18.6618
mode: 2
tau_mu tau_h
Kappa: 4
SVFit Mass: 24.3461
mode: 2
tau_mu tau_h
Kappa: 4
SVFit Mass: 24.3461
mode: 2
tau_mu tau_h
Kappa: 4
SVFit Mass: 24.3461
mode: 2
tau_mu tau_h
Kappa: 4
SVFit Mass: 24.3461
mode: 2
tau_mu tau_h
Kappa: 4
SVFit Mass: 24.3461
mode: 2
tau_mu tau_h
Kappa: 4
SVFit Mass: 31.6001
mode: 2
tau_mu tau_h
Kappa: 4
SVFit Mass: 25.165
mode: 2
tau_mu tau_h
Kappa: 4
SVFit Mass: 25.165
mode: 2
tau_mu tau_h
Kappa: 4
SVFit Mass: 25.165
mode: 2
tau_mu tau_h
Kappa: 4
SVFit Mass: 38.5341
mode: 2
tau_mu tau_h
Kappa: 4
SVFit Mass: 28.6087
mode: 2
tau_mu tau_h
Kappa: 4
SVFit Mass: 28.6087
mode: 2
tau_mu tau_h
Kappa: 4
SVFit Mass: 28.6087
mode: 2
tau_mu tau_h
Kappa: 4
SVFit Mass: 28.6087
mode: 2
tau_mu tau_h
Kappa: 4
SVFit Mass: 28.6087
mode: 1
tau_e tau_mu
Kappa: 3
SVFit Mass: 27.6802
mode: 2
tau_mu tau_h
Kappa: 4
SVFit Mass: 24.9383
mode: 1
tau_e tau_mu
Kappa: 3
SVFit Mass: 37.5025
mode: 2
tau_mu tau_h
Kappa: 4
SVFit Mass: 21.9672
mode: 1
tau_e tau_mu
Kappa: 3
SVFit Mass: 25.0222
mode: 1
tau_e tau_mu
Kappa: 3
SVFit Mass: 25.0222
mode: 1
tau_e tau_mu
Kappa: 3
SVFit Mass: 25.0222
mode: 1
tau_e tau_mu
Kappa: 3
SVFit Mass: 25.0222
mode: 1
tau_e tau_mu
Kappa: 3
SVFit Mass: 39.5699
mode: 1
tau_e tau_mu
Kappa: 3
SVFit Mass: 34.2987
mode: 1
tau_e tau_mu
Kappa: 3
SVFit Mass: 34.2987
mode: 2
tau_mu tau_h
Kappa: 4
SVFit Mass: 29.2163
mode: 2
tau_mu tau_h
Kappa: 4
SVFit Mass: 29.2163
mode: 2
tau_mu tau_h
Kappa: 4
SVFit Mass: 29.2163
mode: 2
tau_mu tau_h
Kappa: 4
SVFit Mass: 29.2163
mode: 2
tau_mu tau_h
Kappa: 4
SVFit Mass: 29.2163
mode: 2
tau_mu tau_h
Kappa: 4
SVFit Mass: 27.6509
mode: 2
tau_mu tau_h
Kappa: 4
SVFit Mass: 26.781
mode: 1
tau_e tau_mu
Kappa: 3
SVFit Mass: 14.9939
mode: 1
tau_e tau_mu
Kappa: 3
SVFit Mass: 14.9939
mode: 1
tau_e tau_mu
Kappa: 3
SVFit Mass: 14.9939
mode: 1
tau_e tau_mu
Kappa: 3
SVFit Mass: 14.9939
mode: 1
tau_e tau_mu
Kappa: 3
SVFit Mass: 22.3664
mode: 1
tau_e tau_mu
Kappa: 3
SVFit Mass: 22.3664
mode: 1
tau_e tau_mu
Kappa: 3
SVFit Mass: 22.3664
mode: 1
tau_e tau_mu
Kappa: 3
SVFit Mass: 22.3664
mode: 2
tau_mu tau_h
Kappa: 4
SVFit Mass: 32.9099
mode: 1
tau_e tau_mu
Kappa: 3
SVFit Mass: 23.7171
mode: 1
tau_e tau_mu
Kappa: 3
SVFit Mass: 23.7171
mode: 1
tau_e tau_mu
Kappa: 3
SVFit Mass: 23.7171
mode: 1
tau_e tau_mu
Kappa: 3
SVFit Mass: 23.7171
mode: 1
tau_e tau_mu
Kappa: 3
SVFit Mass: 33.6756
mode: 1
tau_e tau_mu
Kappa: 3
SVFit Mass: 33.6756
mode: 2
tau_mu tau_h
Kappa: 4
SVFit Mass: 30.5077
mode: 2
tau_mu tau_h
Kappa: 4
SVFit Mass: 28.3609
mode: 1
tau_e tau_mu
Kappa: 3
SVFit Mass: 25.8039
mode: 1
tau_e tau_mu
Kappa: 3
SVFit Mass: 25.8039
mode: 2
tau_mu tau_h
Kappa: 4
SVFit Mass: 23.9639
mode: 2
tau_mu tau_h
Kappa: 4
SVFit Mass: 31.5273
mode: 2
tau_mu tau_h
Kappa: 4
SVFit Mass: 31.5273
mode: 2
tau_mu tau_h
Kappa: 4
SVFit Mass: 31.5273
mode: 2
tau_mu tau_h
Kappa: 4
SVFit Mass: 31.5273
mode: 2
tau_mu tau_h
Kappa: 4
SVFit Mass: 31.5273
mode: 2
tau_mu tau_h
Kappa: 4
SVFit Mass: 22.2082
mode: 1
tau_e tau_mu
Kappa: 3
SVFit Mass: 38.9033
mode: 2
tau_mu tau_h
Kappa: 4
SVFit Mass: 37.0302
mode: 2
tau_mu tau_h
Kappa: 4
SVFit Mass: 39.7258
mode: 1
tau_e tau_mu
Kappa: 3
SVFit Mass: 26.7678
mode: 1
tau_e tau_mu
Kappa: 3
SVFit Mass: 26.7678
mode: 2
tau_mu tau_h
Kappa: 4
SVFit Mass: 23.3092
mode: 2
tau_mu tau_h
Kappa: 4
SVFit Mass: 27.0166
mode: 2
tau_mu tau_h
Kappa: 4
SVFit Mass: 29.1545
mode: 2
tau_mu tau_h
Kappa: 4
SVFit Mass: 23.3009
mode: 2
tau_mu tau_h
Kappa: 4
SVFit Mass: 23.3009
mode: 2
tau_mu tau_h
Kappa: 4
SVFit Mass: 23.3009
mode: 2
tau_mu tau_h
Kappa: 4
SVFit Mass: 23.3009
mode: 2
tau_mu tau_h
Kappa: 4
SVFit Mass: 23.3009
mode: 1
tau_e tau_mu
Kappa: 3
SVFit Mass: 34.1482
mode: 1
tau_e tau_mu
Kappa: 3
SVFit Mass: 34.1482
mode: 1
tau_e tau_mu
Kappa: 3
SVFit Mass: 34.1482
mode: 1
tau_e tau_mu
Kappa: 3
SVFit Mass: 34.1482
mode: 2
tau_mu tau_h
Kappa: 4
SVFit Mass: 23.9934
mode: 2
tau_mu tau_h
Kappa: 4
SVFit Mass: 23.9934
mode: 2
tau_mu tau_h
Kappa: 4
SVFit Mass: 23.9934
mode: 2
tau_mu tau_h
Kappa: 4
SVFit Mass: 23.9934
mode: 2
tau_mu tau_h
Kappa: 4
SVFit Mass: 23.9934
mode: 2
tau_mu tau_h
Kappa: 4
SVFit Mass: 26.8245
mode: 1
tau_e tau_mu
Kappa: 3
SVFit Mass: 33.0938
mode: 1
tau_e tau_mu
Kappa: 3
SVFit Mass: 28.1849
mode: 1
tau_e tau_mu
Kappa: 3
SVFit Mass: 28.1849
mode: 1
tau_e tau_mu
Kappa: 3
SVFit Mass: 28.1849
mode: 1
tau_e tau_mu
Kappa: 3
SVFit Mass: 28.1849
mode: 2
tau_mu tau_h
Kappa: 4
SVFit Mass: 27.0861
mode: 2
tau_mu tau_h
Kappa: 4
SVFit Mass: 24.6261
mode: 2
tau_mu tau_h
Kappa: 4
SVFit Mass: 24.6261
mode: 2
tau_mu tau_h
Kappa: 4
SVFit Mass: 24.6261
mode: 2
tau_mu tau_h
Kappa: 4
SVFit Mass: 24.6261
mode: 2
tau_mu tau_h
Kappa: 4
SVFit Mass: 24.6261
mode: 1
tau_e tau_mu
Kappa: 3
SVFit Mass: 16.7115
mode: 1
tau_e tau_mu
Kappa: 3
SVFit Mass: 16.7115
mode: 1
tau_e tau_mu
Kappa: 3
SVFit Mass: 16.7115
mode: 1
tau_e tau_mu
Kappa: 3
SVFit Mass: 16.7115
mode: 2
tau_mu tau_h
Kappa: 4
SVFit Mass: 21.7218
mode: 1
tau_e tau_mu
Kappa: 3
SVFit Mass: 27.0297
mode: 1
tau_e tau_mu
Kappa: 3
SVFit Mass: 27.0297
mode: 1
tau_e tau_mu
Kappa: 3
SVFit Mass: 27.0297
mode: 1
tau_e tau_mu
Kappa: 3
SVFit Mass: 27.0297
mode: 1
tau_e tau_mu
Kappa: 3
SVFit Mass: 29.2453
mode: 1
tau_e tau_mu
Kappa: 3
SVFit Mass: 27.4903
mode: 1
tau_e tau_mu
Kappa: 3
SVFit Mass: 27.4903
mode: 1
tau_e tau_mu
Kappa: 3
SVFit Mass: 27.4903
mode: 1
tau_e tau_mu
Kappa: 3
SVFit Mass: 27.4903
mode: 1
tau_e tau_mu
Kappa: 3
SVFit Mass: 29.2093
mode: 1
tau_e tau_mu
Kappa: 3
SVFit Mass: 27.3033
mode: 2
tau_mu tau_h
Kappa: 4
SVFit Mass: 30.3858
mode: 2
tau_mu tau_h
Kappa: 4
SVFit Mass: 29.9409
mode: 2
tau_mu tau_h
Kappa: 4
SVFit Mass: 26.7586
mode: 2
tau_mu tau_h
Kappa: 4
SVFit Mass: 26.7586
mode: 2
tau_mu tau_h
Kappa: 4
SVFit Mass: 26.7586
mode: 2
tau_mu tau_h
Kappa: 4
SVFit Mass: 26.7586
mode: 2
tau_mu tau_h
Kappa: 4
SVFit Mass: 26.7586
mode: 1
tau_e tau_mu
Kappa: 3
SVFit Mass: 28.2109
mode: 1
tau_e tau_mu
Kappa: 3
SVFit Mass: 28.2109
mode: 2
tau_mu tau_h
Kappa: 4
SVFit Mass: 25.892
mode: 1
tau_e tau_mu
Kappa: 3
SVFit Mass: 30.6895
mode: 2
tau_mu tau_h
Kappa: 4
SVFit Mass: 29.9515
mode: 2
tau_mu tau_h
Kappa: 4
SVFit Mass: 19.8807
mode: 2
tau_mu tau_h
Kappa: 4
SVFit Mass: 28.6819
mode: 2
tau_mu tau_h
Kappa: 4
SVFit Mass: 28.6819
mode: 2
tau_mu tau_h
Kappa: 4
SVFit Mass: 28.6819
mode: 2
tau_mu tau_h
Kappa: 4
SVFit Mass: 28.6819
mode: 2
tau_mu tau_h
Kappa: 4
SVFit Mass: 28.6819
mode: 1
tau_e tau_mu
Kappa: 3
SVFit Mass: 20.7846
{'lowMET_BFlavour': <cppyy.gbl.TH2F object at 0x61ee760>, 'highMET_BFlavour': <cppyy.gbl.TH2F object at 0x9130ec0>, 'lowMET_CFlavour': <cppyy.gbl.TH2F object at 0x9130500>, 'highMET_CFlavour': <cppyy.gbl.TH2F object at 0x9130080>, 'lowMET_LFlavour': <cppyy.gbl.TH2F object at 0x91309c0>, 'highMET_LFlavour': <cppyy.gbl.TH2F object at 0x9141e10>}
root://cmseos.fnal.gov//store/user/dalam/UL2016pre/h_plotBoostedTauTau_16pre_ALP_M-30_HT-100to400_preVFPUL16_0.root
root://cmsio2.rc.ufl.edu:1094//store/user/zhangj/TCPNtuple/AToTauTau_ALP_M-30_HT-100to400_TuneCP5_13TeV-madgraphMLM-pythia8/Ntuple_ALP_M-30_HT-100to400_preVFPUL16_miniAODv2_v5/240514_010515/0000/TCPNtuple_Backgrounds_1.root
root://cmsio2.rc.ufl.edu:1094//store/user/zhangj/TCPNtuple/AToTauTau_ALP_M-30_HT-100to400_TuneCP5_13TeV-madgraphMLM-pythia8/Ntuple_ALP_M-30_HT-100to400_preVFPUL16_miniAODv2_v5/240514_010515/0000/TCPNtuple_Backgrounds_3.root
root://cmsio2.rc.ufl.edu:1094//store/user/zhangj/TCPNtuple/AToTauTau_ALP_M-30_HT-100to400_TuneCP5_13TeV-madgraphMLM-pythia8/Ntuple_ALP_M-30_HT-100to400_preVFPUL16_miniAODv2_v5/240514_010515/0000/TCPNtuple_Backgrounds_2.root
--- 454.6415331363678 seconds ---
