040 (3550509.000.000) 2024-07-09 17:28:12 Started transferring input files
	Transferring to host: <131.225.188.179:9618?addrs=[2620-6a-0-8421-f0-0-188-179]-9618+131.225.188.179-9618&alias=cmswn2059.fnal.gov&noUDP&sock=slot1_32_2809_f1cb_45379>
...
040 (3550509.000.000) 2024-07-09 17:28:12 Finished transferring input files
...
001 (3550509.000.000) 2024-07-09 17:28:13 Job executing on host: <131.225.188.179:9618?addrs=[2620-6a-0-8421-f0-0-188-179]-9618+131.225.188.179-9618&alias=cmswn2059.fnal.gov&noUDP&sock=startd_2160_28a8>
	SlotName: slot1_32@cmswn2059.fnal.gov
	CondorScratchDir = "/storage/local/data1/condor/execute/dir_4070460"
	Cpus = 1
	Disk = 1603423
	Memory = 2048
...
040 (3550509.000.000) 2024-07-10 06:48:23 Started transferring output files
...
040 (3550509.000.000) 2024-07-10 06:48:23 Finished transferring output files
...
005 (3550509.000.000) 2024-07-10 06:48:24 Job terminated.
	(1) Normal termination (return value 0)
		Usr 0 00:00:00, Sys 0 00:00:00  -  Run Remote Usage
		Usr 0 00:00:00, Sys 0 00:00:00  -  Run Local Usage
		Usr 0 00:00:00, Sys 0 00:00:00  -  Total Remote Usage
		Usr 0 00:00:00, Sys 0 00:00:00  -  Total Local Usage
	733017  -  Run Bytes Sent By Job
	11452  -  Run Bytes Received By Job
	733017  -  Total Bytes Sent By Job
	11452  -  Total Bytes Received By Job
	Partitionable Resources :    Usage  Request Allocated 
	   Cpus                 :        0        1         1 
	   Disk (KB)            :   153000        4   1603423 
	   Memory (MB)          :              2048      2048 

	Job terminated of its own accord at 2024-07-10T11:48:23Z with exit-code 0.
...
