040 (3536167.000.000) 2024-07-08 16:39:40 Started transferring input files
	Transferring to host: <131.225.188.94:9618?addrs=[2620-6a-0-8421-f0-0-188-94]-9618+131.225.188.94-9618&alias=cmswn2045.fnal.gov&noUDP&sock=slot1_39_2649_35c5_47505>
...
040 (3536167.000.000) 2024-07-08 16:39:40 Finished transferring input files
...
001 (3536167.000.000) 2024-07-08 16:39:41 Job executing on host: <131.225.188.94:9618?addrs=[2620-6a-0-8421-f0-0-188-94]-9618+131.225.188.94-9618&alias=cmswn2045.fnal.gov&noUDP&sock=startd_2150_4cb5>
	SlotName: slot1_39@cmswn2045.fnal.gov
	CondorScratchDir = "/storage/local/data1/condor/execute/dir_748788"
	Cpus = 1
	Disk = 1591123
	Memory = 2048
...
040 (3536167.000.000) 2024-07-08 16:39:47 Started transferring output files
...
040 (3536167.000.000) 2024-07-08 16:39:47 Finished transferring output files
...
005 (3536167.000.000) 2024-07-08 16:39:47 Job terminated.
	(1) Normal termination (return value 1)
		Usr 0 00:00:00, Sys 0 00:00:00  -  Run Remote Usage
		Usr 0 00:00:00, Sys 0 00:00:00  -  Run Local Usage
		Usr 0 00:00:00, Sys 0 00:00:00  -  Total Remote Usage
		Usr 0 00:00:00, Sys 0 00:00:00  -  Total Local Usage
	1384  -  Run Bytes Sent By Job
	11440  -  Run Bytes Received By Job
	1384  -  Total Bytes Sent By Job
	11440  -  Total Bytes Received By Job
	Partitionable Resources :    Usage  Request Allocated 
	   Cpus                 :        0        1         1 
	   Disk (KB)            :       43        4   1591123 
	   Memory (MB)          :              2048      2048 

	Job terminated of its own accord at 2024-07-08T21:39:46Z with exit-code 1.
...
040 (33520930.000.000) 2024-07-09 01:31:07 Started transferring input files
	Transferring to host: <131.225.188.105:9618?addrs=[2620-6a-0-8421-f0-0-188-105]-9618+131.225.188.105-9618&alias=cmswn2046.fnal.gov&noUDP&sock=slot1_21_2641_92c4_48168>
...
040 (33520930.000.000) 2024-07-09 01:31:07 Finished transferring input files
...
001 (33520930.000.000) 2024-07-09 01:31:08 Job executing on host: <131.225.188.105:9618?addrs=[2620-6a-0-8421-f0-0-188-105]-9618+131.225.188.105-9618&alias=cmswn2046.fnal.gov&noUDP&sock=startd_2207_659b>
	SlotName: slot1_21@cmswn2046.fnal.gov
	CondorScratchDir = "/storage/local/data1/condor/execute/dir_3294875"
	Cpus = 1
	Disk = 1593249
	Memory = 2048
...
040 (33520930.000.000) 2024-07-09 01:39:32 Started transferring output files
...
040 (33520930.000.000) 2024-07-09 01:39:32 Finished transferring output files
...
005 (33520930.000.000) 2024-07-09 01:39:37 Job terminated.
	(1) Normal termination (return value 0)
		Usr 0 00:00:00, Sys 0 00:00:00  -  Run Remote Usage
		Usr 0 00:00:00, Sys 0 00:00:00  -  Run Local Usage
		Usr 0 00:00:00, Sys 0 00:00:00  -  Total Remote Usage
		Usr 0 00:00:00, Sys 0 00:00:00  -  Total Local Usage
	11180  -  Run Bytes Sent By Job
	11452  -  Run Bytes Received By Job
	11180  -  Total Bytes Sent By Job
	11452  -  Total Bytes Received By Job
	Partitionable Resources :     Usage  Request Allocated 
	   Cpus                 :      0.00        1         1 
	   Disk (KB)            : 102617           4   1593249 
	   Memory (MB)          :               2048      2048 

	Job terminated of its own accord at 2024-07-09T06:39:32Z with exit-code 0.
...
