040 (3536153.000.000) 2024-07-08 16:39:37 Started transferring input files
	Transferring to host: <131.225.188.193:9618?addrs=[2620-6a-0-8421-f0-0-188-193]-9618+131.225.188.193-9618&alias=cmswn2062.fnal.gov&noUDP&sock=slot1_3_2588_3ae2_44902>
...
040 (3536153.000.000) 2024-07-08 16:39:37 Finished transferring input files
...
001 (3536153.000.000) 2024-07-08 16:39:39 Job executing on host: <131.225.188.193:9618?addrs=[2620-6a-0-8421-f0-0-188-193]-9618+131.225.188.193-9618&alias=cmswn2062.fnal.gov&noUDP&sock=startd_2162_87d8>
	SlotName: slot1_3@cmswn2062.fnal.gov
	CondorScratchDir = "/storage/local/data1/condor/execute/dir_4158250"
	Cpus = 1
	Disk = 1612218
	Memory = 2048
...
040 (3536153.000.000) 2024-07-08 16:39:47 Started transferring output files
...
040 (3536153.000.000) 2024-07-08 16:39:47 Finished transferring output files
...
005 (3536153.000.000) 2024-07-08 16:39:50 Job terminated.
	(1) Normal termination (return value 1)
		Usr 0 00:00:00, Sys 0 00:00:00  -  Run Remote Usage
		Usr 0 00:00:00, Sys 0 00:00:00  -  Run Local Usage
		Usr 0 00:00:00, Sys 0 00:00:00  -  Total Remote Usage
		Usr 0 00:00:00, Sys 0 00:00:00  -  Total Local Usage
	1386  -  Run Bytes Sent By Job
	11440  -  Run Bytes Received By Job
	1386  -  Total Bytes Sent By Job
	11440  -  Total Bytes Received By Job
	Partitionable Resources :    Usage  Request Allocated 
	   Cpus                 :        0        1         1 
	   Disk (KB)            :       44        4   1612218 
	   Memory (MB)          :              2048      2048 

	Job terminated of its own accord at 2024-07-08T21:39:47Z with exit-code 1.
...
