040 (3536165.000.000) 2024-07-08 16:39:40 Started transferring input files
	Transferring to host: <131.225.189.16:9618?addrs=[2620-6a-0-8421-f0-0-189-16]-9618+131.225.189.16-9618&alias=cmswn2080.fnal.gov&noUDP&sock=slot1_7_2614_8ca3_19417>
...
040 (3536165.000.000) 2024-07-08 16:39:40 Finished transferring input files
...
001 (3536165.000.000) 2024-07-08 16:39:41 Job executing on host: <131.225.189.16:9618?addrs=[2620-6a-0-8421-f0-0-189-16]-9618+131.225.189.16-9618&alias=cmswn2080.fnal.gov&noUDP&sock=startd_2193_cb48>
	SlotName: slot1_7@cmswn2080.fnal.gov
	CondorScratchDir = "/storage/local/data1/condor/execute/dir_435316"
	Cpus = 1
	Disk = 1598716
	Memory = 2048
...
040 (3536165.000.000) 2024-07-08 16:39:48 Started transferring output files
...
040 (3536165.000.000) 2024-07-08 16:39:48 Finished transferring output files
...
005 (3536165.000.000) 2024-07-08 16:39:48 Job terminated.
	(1) Normal termination (return value 1)
		Usr 0 00:00:00, Sys 0 00:00:00  -  Run Remote Usage
		Usr 0 00:00:00, Sys 0 00:00:00  -  Run Local Usage
		Usr 0 00:00:00, Sys 0 00:00:00  -  Total Remote Usage
		Usr 0 00:00:00, Sys 0 00:00:00  -  Total Local Usage
	1385  -  Run Bytes Sent By Job
	11440  -  Run Bytes Received By Job
	1385  -  Total Bytes Sent By Job
	11440  -  Total Bytes Received By Job
	Partitionable Resources :    Usage  Request Allocated 
	   Cpus                 :        0        1         1 
	   Disk (KB)            :       43        4   1598716 
	   Memory (MB)          :              2048      2048 

	Job terminated of its own accord at 2024-07-08T21:39:48Z with exit-code 1.
...
040 (33520928.000.000) 2024-07-09 01:31:06 Started transferring input files
	Transferring to host: <131.225.189.15:9618?addrs=[2620-6a-0-8421-f0-0-189-15]-9618+131.225.189.15-9618&alias=cmswn2079.fnal.gov&noUDP&sock=slot1_33_2339_c978_2431>
...
040 (33520928.000.000) 2024-07-09 01:31:06 Finished transferring input files
...
001 (33520928.000.000) 2024-07-09 01:31:07 Job executing on host: <131.225.189.15:9618?addrs=[2620-6a-0-8421-f0-0-189-15]-9618+131.225.189.15-9618&alias=cmswn2079.fnal.gov&noUDP&sock=startd_1955_8bbd>
	SlotName: slot1_33@cmswn2079.fnal.gov
	CondorScratchDir = "/storage/local/data1/condor/execute/dir_3315647"
	Cpus = 1
	Disk = 1621207
	Memory = 2048
...
040 (33520928.000.000) 2024-07-09 01:37:23 Started transferring output files
...
040 (33520928.000.000) 2024-07-09 01:37:23 Finished transferring output files
...
005 (33520928.000.000) 2024-07-09 01:37:24 Job terminated.
	(1) Normal termination (return value 0)
		Usr 0 00:00:00, Sys 0 00:00:00  -  Run Remote Usage
		Usr 0 00:00:00, Sys 0 00:00:00  -  Run Local Usage
		Usr 0 00:00:00, Sys 0 00:00:00  -  Total Remote Usage
		Usr 0 00:00:00, Sys 0 00:00:00  -  Total Local Usage
	12523  -  Run Bytes Sent By Job
	11452  -  Run Bytes Received By Job
	12523  -  Total Bytes Sent By Job
	11452  -  Total Bytes Received By Job
	Partitionable Resources :     Usage  Request Allocated 
	   Cpus                 :      0.00        1         1 
	   Disk (KB)            : 102617           4   1621207 
	   Memory (MB)          :               2048      2048 

	Job terminated of its own accord at 2024-07-09T06:37:22Z with exit-code 0.
...
