040 (65483360.000.000) 2024-07-09 05:20:38 Started transferring input files
	Transferring to host: <131.225.189.134:9618?addrs=[2620-6a-0-8421-f0-0-189-134]-9618+131.225.189.134-9618&alias=cmswn2104.fnal.gov&noUDP&sock=slot1_20_451910_3a02_2914>
...
040 (65483360.000.000) 2024-07-09 05:20:38 Finished transferring input files
...
001 (65483360.000.000) 2024-07-09 05:20:39 Job executing on host: <131.225.189.134:9618?addrs=[2620-6a-0-8421-f0-0-189-134]-9618+131.225.189.134-9618&alias=cmswn2104.fnal.gov&noUDP&sock=startd_2197_89a9>
	SlotName: slot1_20@cmswn2104.fnal.gov
	CondorScratchDir = "/storage/local/data1/condor/execute/dir_294937"
	Cpus = 1
	Disk = 3453101
	Memory = 2048
...
040 (65483360.000.000) 2024-07-09 06:30:56 Started transferring output files
...
040 (65483360.000.000) 2024-07-09 06:30:56 Finished transferring output files
...
005 (65483360.000.000) 2024-07-09 06:30:57 Job terminated.
	(1) Normal termination (return value 0)
		Usr 0 00:00:00, Sys 0 00:00:00  -  Run Remote Usage
		Usr 0 00:00:00, Sys 0 00:00:00  -  Run Local Usage
		Usr 0 00:00:00, Sys 0 00:00:00  -  Total Remote Usage
		Usr 0 00:00:00, Sys 0 00:00:00  -  Total Local Usage
	950657  -  Run Bytes Sent By Job
	11452  -  Run Bytes Received By Job
	950657  -  Total Bytes Sent By Job
	11452  -  Total Bytes Received By Job
	Partitionable Resources :     Usage  Request Allocated 
	   Cpus                 :      0.01        1         1 
	   Disk (KB)            : 153209           4   3453101 
	   Memory (MB)          :               2048      2048 

	Job terminated of its own accord at 2024-07-09T11:30:56Z with exit-code 0.
...
