040 (65483359.000.000) 2024-07-09 05:20:38 Started transferring input files
	Transferring to host: <131.225.189.62:9618?addrs=[2620-6a-0-8421-f0-0-189-62]-9618+131.225.189.62-9618&alias=cmswn2077.fnal.gov&noUDP&sock=slot1_5_2634_a424_42498>
...
040 (65483359.000.000) 2024-07-09 05:20:38 Finished transferring input files
...
001 (65483359.000.000) 2024-07-09 05:20:39 Job executing on host: <131.225.189.62:9618?addrs=[2620-6a-0-8421-f0-0-189-62]-9618+131.225.189.62-9618&alias=cmswn2077.fnal.gov&noUDP&sock=startd_2163_3770>
	SlotName: slot1_5@cmswn2077.fnal.gov
	CondorScratchDir = "/storage/local/data1/condor/execute/dir_156533"
	Cpus = 1
	Disk = 1598970
	Memory = 2048
...
040 (65483359.000.000) 2024-07-09 05:27:20 Started transferring output files
...
040 (65483359.000.000) 2024-07-09 05:27:20 Finished transferring output files
...
005 (65483359.000.000) 2024-07-09 05:27:21 Job terminated.
	(1) Normal termination (return value 0)
		Usr 0 00:00:00, Sys 0 00:00:00  -  Run Remote Usage
		Usr 0 00:00:00, Sys 0 00:00:00  -  Run Local Usage
		Usr 0 00:00:00, Sys 0 00:00:00  -  Total Remote Usage
		Usr 0 00:00:00, Sys 0 00:00:00  -  Total Local Usage
	52043  -  Run Bytes Sent By Job
	11452  -  Run Bytes Received By Job
	52043  -  Total Bytes Sent By Job
	11452  -  Total Bytes Received By Job
	Partitionable Resources :     Usage  Request Allocated 
	   Cpus                 :      0.00        1         1 
	   Disk (KB)            : 152330           4   1598970 
	   Memory (MB)          :               2048      2048 

	Job terminated of its own accord at 2024-07-09T10:27:20Z with exit-code 0.
...
