[8MB/19.45MB][ 41%][====================>                             ][8MB/s]  [19.45MB/19.45MB][100%][==================================================][19.45MB/s]  [19.45MB/19.45MB][100%][==================================================][19.45MB/s]  
Warning: tau -> had decay declared for leg: Pt = 153.015, eta = 0.69239, phi = 1.8304, mass = 1.05638 !!
 (mass expected in the range = 0.13957..0.13957)
Warning: tau -> had decay declared for leg: Pt = 153.015, eta = 0.69239, phi = 1.8304, mass = 1.05638 !!
 (mass expected in the range = 0.13957..0.13957)
Warning: tau -> had decay declared for leg: Pt = 153.015, eta = 0.69239, phi = 1.8304, mass = 1.05638 !!
 (mass expected in the range = 0.13957..0.13957)
Warning: tau -> had decay declared for leg: Pt = 153.015, eta = 0.69239, phi = 1.8304, mass = 1.05638 !!
 (mass expected in the range = 0.13957..0.13957)
Warning: tau -> had decay declared for leg: Pt = 153.015, eta = 0.69239, phi = 1.8304, mass = 1.05638 !!
 (mass expected in the range = 0.13957..0.13957)
Warning: tau -> had decay declared for leg: Pt = 44.7734, eta = -0.128727, phi = -2.94117, mass = 0.503045 !!
 (mass expected in the range = 0.13957..0.13957)
Warning: tau -> had decay declared for leg: Pt = 87.9811, eta = -0.172326, phi = 2.66227, mass = 0.820362 !!
 (mass expected in the range = 0.13957..0.13957)
Warning: tau -> had decay declared for leg: Pt = 53.457, eta = 0.679574, phi = 1.87539, mass = 0.756761 !!
 (mass expected in the range = 0.13957..0.13957)
Warning: tau -> had decay declared for leg: Pt = 53.457, eta = 0.679574, phi = 1.87539, mass = 0.756761 !!
 (mass expected in the range = 0.13957..0.13957)
Warning: tau -> had decay declared for leg: Pt = 53.457, eta = 0.679574, phi = 1.87539, mass = 0.756761 !!
 (mass expected in the range = 0.13957..0.13957)
Warning: tau -> had decay declared for leg: Pt = 53.457, eta = 0.679574, phi = 1.87539, mass = 0.756761 !!
 (mass expected in the range = 0.13957..0.13957)
Warning: tau -> had decay declared for leg: Pt = 53.457, eta = 0.679574, phi = 1.87539, mass = 0.756761 !!
 (mass expected in the range = 0.13957..0.13957)
Warning: tau -> had decay declared for leg: Pt = 63.1346, eta = -0.446291, phi = 1.03575, mass = 0.897904 !!
 (mass expected in the range = 0.13957..0.13957)
Warning: tau -> had decay declared for leg: Pt = 63.1346, eta = -0.446291, phi = 1.03575, mass = 0.897904 !!
 (mass expected in the range = 0.13957..0.13957)
Warning: tau -> had decay declared for leg: Pt = 63.1346, eta = -0.446291, phi = 1.03575, mass = 0.897904 !!
 (mass expected in the range = 0.13957..0.13957)
Warning: tau -> had decay declared for leg: Pt = 63.1346, eta = -0.446291, phi = 1.03575, mass = 0.897904 !!
 (mass expected in the range = 0.13957..0.13957)
Warning: tau -> had decay declared for leg: Pt = 63.1346, eta = -0.446291, phi = 1.03575, mass = 0.897904 !!
 (mass expected in the range = 0.13957..0.13957)
Warning: tau -> had decay declared for leg: Pt = 23.9277, eta = 0.43127, phi = 2.39394, mass = 0.84266 !!
 (mass expected in the range = 0.13957..0.13957)
Warning: tau -> had decay declared for leg: Pt = 23.9277, eta = 0.43127, phi = 2.39394, mass = 0.84266 !!
 (mass expected in the range = 0.13957..0.13957)
Warning: tau -> had decay declared for leg: Pt = 23.9277, eta = 0.43127, phi = 2.39394, mass = 0.84266 !!
 (mass expected in the range = 0.13957..0.13957)
Warning: tau -> had decay declared for leg: Pt = 23.9277, eta = 0.43127, phi = 2.39394, mass = 0.84266 !!
 (mass expected in the range = 0.13957..0.13957)
Warning: tau -> had decay declared for leg: Pt = 23.9277, eta = 0.43127, phi = 2.39394, mass = 0.84266 !!
 (mass expected in the range = 0.13957..0.13957)
Warning: tau -> had decay declared for leg: Pt = 26.9354, eta = 0.221754, phi = -1.27213, mass = 1.55595 !!
 (mass expected in the range = 0.13957..0.13957)
Warning: tau -> had decay declared for leg: Pt = 28.5653, eta = -0.725465, phi = 0.890535, mass = 0.575244 !!
 (mass expected in the range = 0.13957..0.13957)
Warning: tau -> had decay declared for leg: Pt = 80.1036, eta = -1.97579, phi = 2.85871, mass = 1.18783 !!
 (mass expected in the range = 0.13957..0.13957)
Warning: tau -> had decay declared for leg: Pt = 80.1036, eta = -1.97579, phi = 2.85871, mass = 1.18783 !!
 (mass expected in the range = 0.13957..0.13957)
Warning: tau -> had decay declared for leg: Pt = 80.1036, eta = -1.97579, phi = 2.85871, mass = 1.18783 !!
 (mass expected in the range = 0.13957..0.13957)
Warning: tau -> had decay declared for leg: Pt = 80.1036, eta = -1.97579, phi = 2.85871, mass = 1.18783 !!
 (mass expected in the range = 0.13957..0.13957)
Warning: tau -> had decay declared for leg: Pt = 80.1036, eta = -1.97579, phi = 2.85871, mass = 1.18783 !!
 (mass expected in the range = 0.13957..0.13957)
Warning: tau -> had decay declared for leg: Pt = 24.2862, eta = 0.932742, phi = -0.303227, mass = 0.85817 !!
 (mass expected in the range = 0.13957..0.13957)
Warning: tau -> had decay declared for leg: Pt = 24.2862, eta = 0.932742, phi = -0.303227, mass = 0.85817 !!
 (mass expected in the range = 0.13957..0.13957)
Warning: tau -> had decay declared for leg: Pt = 24.2862, eta = 0.932742, phi = -0.303227, mass = 0.85817 !!
 (mass expected in the range = 0.13957..0.13957)
Warning: tau -> had decay declared for leg: Pt = 24.2862, eta = 0.932742, phi = -0.303227, mass = 0.85817 !!
 (mass expected in the range = 0.13957..0.13957)
Warning: tau -> had decay declared for leg: Pt = 24.2862, eta = 0.932742, phi = -0.303227, mass = 0.85817 !!
 (mass expected in the range = 0.13957..0.13957)
Warning: tau -> had decay declared for leg: Pt = 34.6029, eta = 0.51518, phi = 3.12696, mass = 1.34202 !!
 (mass expected in the range = 0.13957..0.13957)
Warning: tau -> had decay declared for leg: Pt = 28.7331, eta = -1.16168, phi = 0.26219, mass = 0.928857 !!
 (mass expected in the range = 0.13957..0.13957)
Warning: tau -> had decay declared for leg: Pt = 28.7331, eta = -1.16168, phi = 0.26219, mass = 0.928857 !!
 (mass expected in the range = 0.13957..0.13957)
Warning: tau -> had decay declared for leg: Pt = 28.7331, eta = -1.16168, phi = 0.26219, mass = 0.928857 !!
 (mass expected in the range = 0.13957..0.13957)
Warning: tau -> had decay declared for leg: Pt = 28.7331, eta = -1.16168, phi = 0.26219, mass = 0.928857 !!
 (mass expected in the range = 0.13957..0.13957)
Warning: tau -> had decay declared for leg: Pt = 28.7331, eta = -1.16168, phi = 0.26219, mass = 0.928857 !!
 (mass expected in the range = 0.13957..0.13957)
Warning: tau -> had decay declared for leg: Pt = 46.9713, eta = -1.15723, phi = -2.47823, mass = 0.806766 !!
 (mass expected in the range = 0.13957..0.13957)
Warning: tau -> had decay declared for leg: Pt = 58.1518, eta = 0.102758, phi = 1.6371, mass = 0.612567 !!
 (mass expected in the range = 0.13957..0.13957)
Warning: tau -> had decay declared for leg: Pt = 75.3622, eta = 0.015532, phi = -2.96663, mass = 1.21476 !!
 (mass expected in the range = 0.13957..0.13957)
Warning: tau -> had decay declared for leg: Pt = 34.7889, eta = 0.825643, phi = -1.41727, mass = 0.668673 !!
 (mass expected in the range = 0.13957..0.13957)
Warning: tau -> had decay declared for leg: Pt = 34.7889, eta = 0.825643, phi = -1.41727, mass = 0.668673 !!
 (mass expected in the range = 0.13957..0.13957)
Warning: tau -> had decay declared for leg: Pt = 34.7889, eta = 0.825643, phi = -1.41727, mass = 0.668673 !!
 (mass expected in the range = 0.13957..0.13957)
Warning: tau -> had decay declared for leg: Pt = 34.7889, eta = 0.825643, phi = -1.41727, mass = 0.668673 !!
 (mass expected in the range = 0.13957..0.13957)
Warning: tau -> had decay declared for leg: Pt = 34.7889, eta = 0.825643, phi = -1.41727, mass = 0.668673 !!
 (mass expected in the range = 0.13957..0.13957)
Warning: tau -> had decay declared for leg: Pt = 42.3747, eta = -0.620627, phi = -0.0624276, mass = 0.657561 !!
 (mass expected in the range = 0.13957..0.13957)
Warning: tau -> had decay declared for leg: Pt = 42.3747, eta = -0.620627, phi = -0.0624276, mass = 0.657561 !!
 (mass expected in the range = 0.13957..0.13957)
Warning: tau -> had decay declared for leg: Pt = 42.3747, eta = -0.620627, phi = -0.0624276, mass = 0.657561 !!
 (mass expected in the range = 0.13957..0.13957)
Warning: tau -> had decay declared for leg: Pt = 42.3747, eta = -0.620627, phi = -0.0624276, mass = 0.657561 !!
 (mass expected in the range = 0.13957..0.13957)
Warning: tau -> had decay declared for leg: Pt = 42.3747, eta = -0.620627, phi = -0.0624276, mass = 0.657561 !!
 (mass expected in the range = 0.13957..0.13957)
Warning: tau -> had decay declared for leg: Pt = 21.7766, eta = 1.08248, phi = -2.49244, mass = 0.75668 !!
 (mass expected in the range = 0.13957..0.13957)
Warning: tau -> had decay declared for leg: Pt = 21.7766, eta = 1.08248, phi = -2.49244, mass = 0.75668 !!
 (mass expected in the range = 0.13957..0.13957)
Warning: tau -> had decay declared for leg: Pt = 21.7766, eta = 1.08248, phi = -2.49244, mass = 0.75668 !!
 (mass expected in the range = 0.13957..0.13957)
Warning: tau -> had decay declared for leg: Pt = 21.7766, eta = 1.08248, phi = -2.49244, mass = 0.75668 !!
 (mass expected in the range = 0.13957..0.13957)
Warning: tau -> had decay declared for leg: Pt = 21.7766, eta = 1.08248, phi = -2.49244, mass = 0.75668 !!
 (mass expected in the range = 0.13957..0.13957)
Warning: tau -> had decay declared for leg: Pt = 171.749, eta = 0.729195, phi = -2.26957, mass = 1.1571 !!
 (mass expected in the range = 0.13957..0.13957)
Warning: tau -> had decay declared for leg: Pt = 22.269, eta = -0.0701543, phi = 0.144246, mass = 0.50386 !!
 (mass expected in the range = 0.13957..0.13957)
Warning: tau -> had decay declared for leg: Pt = 33.1718, eta = -0.0797478, phi = 1.13127, mass = 2.08789 !!
 (mass expected in the range = 0.13957..0.13957)
Warning: tau -> had decay declared for leg: Pt = 33.1718, eta = -0.0797478, phi = 1.13127, mass = 2.08789 !!
 (mass expected in the range = 0.13957..0.13957)
Warning: tau -> had decay declared for leg: Pt = 33.1718, eta = -0.0797478, phi = 1.13127, mass = 2.08789 !!
 (mass expected in the range = 0.13957..0.13957)
Warning: tau -> had decay declared for leg: Pt = 33.1718, eta = -0.0797478, phi = 1.13127, mass = 2.08789 !!
 (mass expected in the range = 0.13957..0.13957)
Warning: tau -> had decay declared for leg: Pt = 33.1718, eta = -0.0797478, phi = 1.13127, mass = 2.08789 !!
 (mass expected in the range = 0.13957..0.13957)
Warning: tau -> had decay declared for leg: Pt = 77.3482, eta = 1.23307, phi = 3.10297, mass = 0.726983 !!
 (mass expected in the range = 0.13957..0.13957)
Warning: tau -> had decay declared for leg: Pt = 77.3482, eta = 1.23307, phi = 3.10297, mass = 0.726983 !!
 (mass expected in the range = 0.13957..0.13957)
Warning: tau -> had decay declared for leg: Pt = 77.3482, eta = 1.23307, phi = 3.10297, mass = 0.726983 !!
 (mass expected in the range = 0.13957..0.13957)
Warning: tau -> had decay declared for leg: Pt = 77.3482, eta = 1.23307, phi = 3.10297, mass = 0.726983 !!
 (mass expected in the range = 0.13957..0.13957)
Warning: tau -> had decay declared for leg: Pt = 77.3482, eta = 1.23307, phi = 3.10297, mass = 0.726983 !!
 (mass expected in the range = 0.13957..0.13957)
Warning: tau -> had decay declared for leg: Pt = 32.5003, eta = 0.658986, phi = 0.95189, mass = 1.09444 !!
 (mass expected in the range = 0.13957..0.13957)
Warning: tau -> had decay declared for leg: Pt = 32.5003, eta = 0.658986, phi = 0.95189, mass = 1.09444 !!
 (mass expected in the range = 0.13957..0.13957)
Warning: tau -> had decay declared for leg: Pt = 32.5003, eta = 0.658986, phi = 0.95189, mass = 1.09444 !!
 (mass expected in the range = 0.13957..0.13957)
Warning: tau -> had decay declared for leg: Pt = 32.5003, eta = 0.658986, phi = 0.95189, mass = 1.09444 !!
 (mass expected in the range = 0.13957..0.13957)
Warning: tau -> had decay declared for leg: Pt = 32.5003, eta = 0.658986, phi = 0.95189, mass = 1.09444 !!
 (mass expected in the range = 0.13957..0.13957)
Warning: tau -> had decay declared for leg: Pt = 28.3543, eta = 1.20495, phi = 2.23496, mass = 0.963629 !!
 (mass expected in the range = 0.13957..0.13957)
Warning: tau -> had decay declared for leg: Pt = 98.9869, eta = -1.70646, phi = -2.23053, mass = 0.66495 !!
 (mass expected in the range = 0.13957..0.13957)
Warning: tau -> had decay declared for leg: Pt = 98.9869, eta = -1.70646, phi = -2.23053, mass = 0.66495 !!
 (mass expected in the range = 0.13957..0.13957)
Warning: tau -> had decay declared for leg: Pt = 98.9869, eta = -1.70646, phi = -2.23053, mass = 0.66495 !!
 (mass expected in the range = 0.13957..0.13957)
Warning: tau -> had decay declared for leg: Pt = 98.9869, eta = -1.70646, phi = -2.23053, mass = 0.66495 !!
 (mass expected in the range = 0.13957..0.13957)
Warning: tau -> had decay declared for leg: Pt = 98.9869, eta = -1.70646, phi = -2.23053, mass = 0.66495 !!
 (mass expected in the range = 0.13957..0.13957)
Warning: tau -> had decay declared for leg: Pt = 74.7342, eta = -1.30912, phi = -3.03942, mass = 1.38308 !!
 (mass expected in the range = 0.13957..0.13957)
Warning: tau -> had decay declared for leg: Pt = 52.4838, eta = -0.503137, phi = 0.168074, mass = 1.04848 !!
 (mass expected in the range = 0.13957..0.13957)
Warning: tau -> had decay declared for leg: Pt = 66.2378, eta = -1.03121, phi = 1.85226, mass = 0.864547 !!
 (mass expected in the range = 0.13957..0.13957)
Warning: tau -> had decay declared for leg: Pt = 104.183, eta = -0.611753, phi = -2.07113, mass = 1.17329 !!
 (mass expected in the range = 0.13957..0.13957)
Warning: tau -> had decay declared for leg: Pt = 62.6091, eta = -0.441718, phi = 0.836473, mass = 0.723216 !!
 (mass expected in the range = 0.13957..0.13957)
Warning: tau -> had decay declared for leg: Pt = 102.147, eta = 0.257186, phi = 2.05607, mass = 0.735895 !!
 (mass expected in the range = 0.13957..0.13957)
Warning: tau -> had decay declared for leg: Pt = 30.8918, eta = -0.562047, phi = 2.44068, mass = 0.682352 !!
 (mass expected in the range = 0.13957..0.13957)
Warning: tau -> had decay declared for leg: Pt = 30.8918, eta = -0.562047, phi = 2.44068, mass = 0.682352 !!
 (mass expected in the range = 0.13957..0.13957)
Warning: tau -> had decay declared for leg: Pt = 30.8918, eta = -0.562047, phi = 2.44068, mass = 0.682352 !!
 (mass expected in the range = 0.13957..0.13957)
Warning: tau -> had decay declared for leg: Pt = 30.8918, eta = -0.562047, phi = 2.44068, mass = 0.682352 !!
 (mass expected in the range = 0.13957..0.13957)
Warning: tau -> had decay declared for leg: Pt = 30.8918, eta = -0.562047, phi = 2.44068, mass = 0.682352 !!
 (mass expected in the range = 0.13957..0.13957)
Warning: tau -> had decay declared for leg: Pt = 129.741, eta = -1.01542, phi = 2.68619, mass = 0.558952 !!
 (mass expected in the range = 0.13957..0.13957)
Warning: tau -> had decay declared for leg: Pt = 129.741, eta = -1.01542, phi = 2.68619, mass = 0.558952 !!
 (mass expected in the range = 0.13957..0.13957)
Warning: tau -> had decay declared for leg: Pt = 129.741, eta = -1.01542, phi = 2.68619, mass = 0.558952 !!
 (mass expected in the range = 0.13957..0.13957)
Warning: tau -> had decay declared for leg: Pt = 129.741, eta = -1.01542, phi = 2.68619, mass = 0.558952 !!
 (mass expected in the range = 0.13957..0.13957)
Warning: tau -> had decay declared for leg: Pt = 129.741, eta = -1.01542, phi = 2.68619, mass = 0.558952 !!
 (mass expected in the range = 0.13957..0.13957)
Warning: tau -> had decay declared for leg: Pt = 29.18, eta = 0.475675, phi = -0.358746, mass = 0.55979 !!
 (mass expected in the range = 0.13957..0.13957)
Warning: tau -> had decay declared for leg: Pt = 41.6686, eta = -1.6018, phi = -1.99632, mass = 0.728919 !!
 (mass expected in the range = 0.13957..0.13957)
Warning: tau -> had decay declared for leg: Pt = 41.6686, eta = -1.6018, phi = -1.99632, mass = 0.728919 !!
 (mass expected in the range = 0.13957..0.13957)
Warning: tau -> had decay declared for leg: Pt = 41.6686, eta = -1.6018, phi = -1.99632, mass = 0.728919 !!
 (mass expected in the range = 0.13957..0.13957)
Warning: tau -> had decay declared for leg: Pt = 41.6686, eta = -1.6018, phi = -1.99632, mass = 0.728919 !!
 (mass expected in the range = 0.13957..0.13957)
Warning: tau -> had decay declared for leg: Pt = 41.6686, eta = -1.6018, phi = -1.99632, mass = 0.728919 !!
 (mass expected in the range = 0.13957..0.13957)
Warning: tau -> had decay declared for leg: Pt = 38.0905, eta = 0.908306, phi = 0.757562, mass = 0.573812 !!
 (mass expected in the range = 0.13957..0.13957)
Warning: tau -> had decay declared for leg: Pt = 27.3457, eta = 0.236359, phi = -1.1719, mass = 0.45813 !!
 (mass expected in the range = 0.13957..0.13957)
Warning: tau -> had decay declared for leg: Pt = 52.3284, eta = -2.03356, phi = -0.947728, mass = 1.18475 !!
 (mass expected in the range = 0.13957..0.13957)
Warning: tau -> had decay declared for leg: Pt = 37.3338, eta = 1.1043, phi = 2.58674, mass = 0.664245 !!
 (mass expected in the range = 0.13957..0.13957)
Warning: tau -> had decay declared for leg: Pt = 34.8998, eta = 0.637718, phi = -2.12568, mass = 0.556579 !!
 (mass expected in the range = 0.13957..0.13957)
Warning: tau -> had decay declared for leg: Pt = 34.8998, eta = 0.637718, phi = -2.12568, mass = 0.556579 !!
 (mass expected in the range = 0.13957..0.13957)
Warning: tau -> had decay declared for leg: Pt = 34.8998, eta = 0.637718, phi = -2.12568, mass = 0.556579 !!
 (mass expected in the range = 0.13957..0.13957)
Warning: tau -> had decay declared for leg: Pt = 34.8998, eta = 0.637718, phi = -2.12568, mass = 0.556579 !!
 (mass expected in the range = 0.13957..0.13957)
Warning: tau -> had decay declared for leg: Pt = 34.8998, eta = 0.637718, phi = -2.12568, mass = 0.556579 !!
 (mass expected in the range = 0.13957..0.13957)
Warning: tau -> had decay declared for leg: Pt = 44.0464, eta = -2.2712, phi = 0.672549, mass = 0.357315 !!
 (mass expected in the range = 0.13957..0.13957)
Warning: tau -> had decay declared for leg: Pt = 44.0464, eta = -2.2712, phi = 0.672549, mass = 0.357315 !!
 (mass expected in the range = 0.13957..0.13957)
Warning: tau -> had decay declared for leg: Pt = 44.0464, eta = -2.2712, phi = 0.672549, mass = 0.357315 !!
 (mass expected in the range = 0.13957..0.13957)
Warning: tau -> had decay declared for leg: Pt = 44.0464, eta = -2.2712, phi = 0.672549, mass = 0.357315 !!
 (mass expected in the range = 0.13957..0.13957)
Warning: tau -> had decay declared for leg: Pt = 44.0464, eta = -2.2712, phi = 0.672549, mass = 0.357315 !!
 (mass expected in the range = 0.13957..0.13957)
Warning: tau -> had decay declared for leg: Pt = 53.5378, eta = 0.312979, phi = 1.3939, mass = 1.15651 !!
 (mass expected in the range = 0.13957..0.13957)
Warning: tau -> had decay declared for leg: Pt = 107.649, eta = 0.831345, phi = 2.4235, mass = 1.55079 !!
 (mass expected in the range = 0.13957..0.13957)
Warning: tau -> had decay declared for leg: Pt = 107.649, eta = 0.831345, phi = 2.4235, mass = 1.55079 !!
 (mass expected in the range = 0.13957..0.13957)
Warning: tau -> had decay declared for leg: Pt = 107.649, eta = 0.831345, phi = 2.4235, mass = 1.55079 !!
 (mass expected in the range = 0.13957..0.13957)
Warning: tau -> had decay declared for leg: Pt = 107.649, eta = 0.831345, phi = 2.4235, mass = 1.55079 !!
 (mass expected in the range = 0.13957..0.13957)
Warning: tau -> had decay declared for leg: Pt = 107.649, eta = 0.831345, phi = 2.4235, mass = 1.55079 !!
 (mass expected in the range = 0.13957..0.13957)
Warning: tau -> had decay declared for leg: Pt = 62.1172, eta = -0.806949, phi = 2.02657, mass = 0.776336 !!
 (mass expected in the range = 0.13957..0.13957)
Warning: tau -> had decay declared for leg: Pt = 62.1172, eta = -0.806949, phi = 2.02657, mass = 0.776336 !!
 (mass expected in the range = 0.13957..0.13957)
Warning: tau -> had decay declared for leg: Pt = 62.1172, eta = -0.806949, phi = 2.02657, mass = 0.776336 !!
 (mass expected in the range = 0.13957..0.13957)
Warning: tau -> had decay declared for leg: Pt = 62.1172, eta = -0.806949, phi = 2.02657, mass = 0.776336 !!
 (mass expected in the range = 0.13957..0.13957)
Warning: tau -> had decay declared for leg: Pt = 62.1172, eta = -0.806949, phi = 2.02657, mass = 0.776336 !!
 (mass expected in the range = 0.13957..0.13957)
Warning: tau -> had decay declared for leg: Pt = 26.2063, eta = -0.463449, phi = -2.55837, mass = 0.664912 !!
 (mass expected in the range = 0.13957..0.13957)
Warning: tau -> had decay declared for leg: Pt = 26.2063, eta = -0.463449, phi = -2.55837, mass = 0.664912 !!
 (mass expected in the range = 0.13957..0.13957)
Warning: tau -> had decay declared for leg: Pt = 26.2063, eta = -0.463449, phi = -2.55837, mass = 0.664912 !!
 (mass expected in the range = 0.13957..0.13957)
Warning: tau -> had decay declared for leg: Pt = 26.2063, eta = -0.463449, phi = -2.55837, mass = 0.664912 !!
 (mass expected in the range = 0.13957..0.13957)
Warning: tau -> had decay declared for leg: Pt = 26.2063, eta = -0.463449, phi = -2.55837, mass = 0.664912 !!
 (mass expected in the range = 0.13957..0.13957)
Warning: tau -> had decay declared for leg: Pt = 57.5159, eta = -1.41096, phi = -0.120995, mass = 1.08492 !!
 (mass expected in the range = 0.13957..0.13957)
Warning: tau -> had decay declared for leg: Pt = 26.5458, eta = -0.230979, phi = 0.912638, mass = 1.32381 !!
 (mass expected in the range = 0.13957..0.13957)
Warning: tau -> had decay declared for leg: Pt = 26.5458, eta = -0.230979, phi = 0.912638, mass = 1.32381 !!
 (mass expected in the range = 0.13957..0.13957)
Warning: tau -> had decay declared for leg: Pt = 26.5458, eta = -0.230979, phi = 0.912638, mass = 1.32381 !!
 (mass expected in the range = 0.13957..0.13957)
Warning: tau -> had decay declared for leg: Pt = 26.5458, eta = -0.230979, phi = 0.912638, mass = 1.32381 !!
 (mass expected in the range = 0.13957..0.13957)
Warning: tau -> had decay declared for leg: Pt = 26.5458, eta = -0.230979, phi = 0.912638, mass = 1.32381 !!
 (mass expected in the range = 0.13957..0.13957)
Warning: tau -> had decay declared for leg: Pt = 53.1079, eta = 0.438967, phi = -3.1373, mass = 1.33327 !!
 (mass expected in the range = 0.13957..0.13957)
Warning: tau -> had decay declared for leg: Pt = 53.1079, eta = 0.438967, phi = -3.1373, mass = 1.33327 !!
 (mass expected in the range = 0.13957..0.13957)
Warning: tau -> had decay declared for leg: Pt = 53.1079, eta = 0.438967, phi = -3.1373, mass = 1.33327 !!
 (mass expected in the range = 0.13957..0.13957)
Warning: tau -> had decay declared for leg: Pt = 53.1079, eta = 0.438967, phi = -3.1373, mass = 1.33327 !!
 (mass expected in the range = 0.13957..0.13957)
Warning: tau -> had decay declared for leg: Pt = 53.1079, eta = 0.438967, phi = -3.1373, mass = 1.33327 !!
 (mass expected in the range = 0.13957..0.13957)
Warning: tau -> had decay declared for leg: Pt = 51.673, eta = 0.336581, phi = 0.93594, mass = 0.934493 !!
 (mass expected in the range = 0.13957..0.13957)
Warning: tau -> had decay declared for leg: Pt = 46.4596, eta = 0.773823, phi = -2.70468, mass = 1.22184 !!
 (mass expected in the range = 0.13957..0.13957)
Warning: tau -> had decay declared for leg: Pt = 96.6562, eta = 0.209718, phi = -2.2315, mass = 0.312009 !!
 (mass expected in the range = 0.13957..0.13957)
Warning: tau -> had decay declared for leg: Pt = 96.6562, eta = 0.209718, phi = -2.2315, mass = 0.312009 !!
 (mass expected in the range = 0.13957..0.13957)
Warning: tau -> had decay declared for leg: Pt = 96.6562, eta = 0.209718, phi = -2.2315, mass = 0.312009 !!
 (mass expected in the range = 0.13957..0.13957)
Warning: tau -> had decay declared for leg: Pt = 96.6562, eta = 0.209718, phi = -2.2315, mass = 0.312009 !!
 (mass expected in the range = 0.13957..0.13957)
Warning: tau -> had decay declared for leg: Pt = 96.6562, eta = 0.209718, phi = -2.2315, mass = 0.312009 !!
 (mass expected in the range = 0.13957..0.13957)
Warning: tau -> had decay declared for leg: Pt = 78.7657, eta = 0.281535, phi = 0.625436, mass = 0.966125 !!
 (mass expected in the range = 0.13957..0.13957)
Warning: tau -> had decay declared for leg: Pt = 78.7657, eta = 0.281535, phi = 0.625436, mass = 0.966125 !!
 (mass expected in the range = 0.13957..0.13957)
Warning: tau -> had decay declared for leg: Pt = 78.7657, eta = 0.281535, phi = 0.625436, mass = 0.966125 !!
 (mass expected in the range = 0.13957..0.13957)
Warning: tau -> had decay declared for leg: Pt = 78.7657, eta = 0.281535, phi = 0.625436, mass = 0.966125 !!
 (mass expected in the range = 0.13957..0.13957)
Warning: tau -> had decay declared for leg: Pt = 78.7657, eta = 0.281535, phi = 0.625436, mass = 0.966125 !!
 (mass expected in the range = 0.13957..0.13957)
Warning: tau -> had decay declared for leg: Pt = 20.6768, eta = -2.0772, phi = -1.2088, mass = 0.96121 !!
 (mass expected in the range = 0.13957..0.13957)
Warning: tau -> had decay declared for leg: Pt = 48.6601, eta = -2.16735, phi = 0.235269, mass = 0.962076 !!
 (mass expected in the range = 0.13957..0.13957)
Warning: tau -> had decay declared for leg: Pt = 22.9012, eta = 0.315775, phi = 2.32857, mass = 1.00407 !!
 (mass expected in the range = 0.13957..0.13957)
Warning: tau -> had decay declared for leg: Pt = 48.9417, eta = 0.237931, phi = -2.02361, mass = 1.33981 !!
 (mass expected in the range = 0.13957..0.13957)
Warning: tau -> had decay declared for leg: Pt = 48.9417, eta = 0.237931, phi = -2.02361, mass = 1.33981 !!
 (mass expected in the range = 0.13957..0.13957)
Warning: tau -> had decay declared for leg: Pt = 48.9417, eta = 0.237931, phi = -2.02361, mass = 1.33981 !!
 (mass expected in the range = 0.13957..0.13957)
Warning: tau -> had decay declared for leg: Pt = 48.9417, eta = 0.237931, phi = -2.02361, mass = 1.33981 !!
 (mass expected in the range = 0.13957..0.13957)
Warning: tau -> had decay declared for leg: Pt = 48.9417, eta = 0.237931, phi = -2.02361, mass = 1.33981 !!
 (mass expected in the range = 0.13957..0.13957)
Warning: tau -> had decay declared for leg: Pt = 30.9017, eta = 0.00558408, phi = -0.863115, mass = 0.707004 !!
 (mass expected in the range = 0.13957..0.13957)
Warning: tau -> had decay declared for leg: Pt = 33.3586, eta = 1.64607, phi = 1.54875, mass = 0.607747 !!
 (mass expected in the range = 0.13957..0.13957)
Warning: tau -> had decay declared for leg: Pt = 31.6735, eta = -0.387865, phi = -1.10072, mass = 0.977513 !!
 (mass expected in the range = 0.13957..0.13957)
Warning: tau -> had decay declared for leg: Pt = 55.0579, eta = -0.104358, phi = -1.68146, mass = 0.52019 !!
 (mass expected in the range = 0.13957..0.13957)
Warning: tau -> had decay declared for leg: Pt = 55.0579, eta = -0.104358, phi = -1.68146, mass = 0.52019 !!
 (mass expected in the range = 0.13957..0.13957)
Warning: tau -> had decay declared for leg: Pt = 55.0579, eta = -0.104358, phi = -1.68146, mass = 0.52019 !!
 (mass expected in the range = 0.13957..0.13957)
Warning: tau -> had decay declared for leg: Pt = 55.0579, eta = -0.104358, phi = -1.68146, mass = 0.52019 !!
 (mass expected in the range = 0.13957..0.13957)
Warning: tau -> had decay declared for leg: Pt = 55.0579, eta = -0.104358, phi = -1.68146, mass = 0.52019 !!
 (mass expected in the range = 0.13957..0.13957)
Warning: tau -> had decay declared for leg: Pt = 102.45, eta = -0.17211, phi = 2.60053, mass = 0.314022 !!
 (mass expected in the range = 0.13957..0.13957)
Warning: tau -> had decay declared for leg: Pt = 102.45, eta = -0.17211, phi = 2.60053, mass = 0.314022 !!
 (mass expected in the range = 0.13957..0.13957)
Warning: tau -> had decay declared for leg: Pt = 102.45, eta = -0.17211, phi = 2.60053, mass = 0.314022 !!
 (mass expected in the range = 0.13957..0.13957)
Warning: tau -> had decay declared for leg: Pt = 102.45, eta = -0.17211, phi = 2.60053, mass = 0.314022 !!
 (mass expected in the range = 0.13957..0.13957)
Warning: tau -> had decay declared for leg: Pt = 102.45, eta = -0.17211, phi = 2.60053, mass = 0.314022 !!
 (mass expected in the range = 0.13957..0.13957)
Warning: tau -> had decay declared for leg: Pt = 21.8473, eta = 1.02408, phi = 1.39303, mass = 0.698672 !!
 (mass expected in the range = 0.13957..0.13957)
Warning: tau -> had decay declared for leg: Pt = 21.8473, eta = 1.02408, phi = 1.39303, mass = 0.698672 !!
 (mass expected in the range = 0.13957..0.13957)
Warning: tau -> had decay declared for leg: Pt = 21.8473, eta = 1.02408, phi = 1.39303, mass = 0.698672 !!
 (mass expected in the range = 0.13957..0.13957)
Warning: tau -> had decay declared for leg: Pt = 21.8473, eta = 1.02408, phi = 1.39303, mass = 0.698672 !!
 (mass expected in the range = 0.13957..0.13957)
Warning: tau -> had decay declared for leg: Pt = 21.8473, eta = 1.02408, phi = 1.39303, mass = 0.698672 !!
 (mass expected in the range = 0.13957..0.13957)
Warning: tau -> had decay declared for leg: Pt = 34.4465, eta = 0.459672, phi = -2.71451, mass = 0.772619 !!
 (mass expected in the range = 0.13957..0.13957)
Warning: tau -> had decay declared for leg: Pt = 66.7801, eta = -0.796429, phi = -2.88164, mass = 0.948261 !!
 (mass expected in the range = 0.13957..0.13957)
Warning: tau -> had decay declared for leg: Pt = 66.7801, eta = -0.796429, phi = -2.88164, mass = 0.948261 !!
 (mass expected in the range = 0.13957..0.13957)
Warning: tau -> had decay declared for leg: Pt = 66.7801, eta = -0.796429, phi = -2.88164, mass = 0.948261 !!
 (mass expected in the range = 0.13957..0.13957)
Warning: tau -> had decay declared for leg: Pt = 66.7801, eta = -0.796429, phi = -2.88164, mass = 0.948261 !!
 (mass expected in the range = 0.13957..0.13957)
Warning: tau -> had decay declared for leg: Pt = 66.7801, eta = -0.796429, phi = -2.88164, mass = 0.948261 !!
 (mass expected in the range = 0.13957..0.13957)
