040 (3536323.000.000) 2024-07-08 16:53:09 Started transferring input files
	Transferring to host: <131.225.188.227:9618?addrs=[2620-6a-0-8421-f0-0-188-227]-9618+131.225.188.227-9618&alias=cmswn2071.fnal.gov&noUDP&sock=slot1_18_3698643_569d_16108>
...
040 (3536323.000.000) 2024-07-08 16:53:09 Finished transferring input files
...
001 (3536323.000.000) 2024-07-08 16:53:10 Job executing on host: <131.225.188.227:9618?addrs=[2620-6a-0-8421-f0-0-188-227]-9618+131.225.188.227-9618&alias=cmswn2071.fnal.gov&noUDP&sock=startd_1947_0efb>
	SlotName: slot1_18@cmswn2071.fnal.gov
	CondorScratchDir = "/storage/local/data1/condor/execute/dir_790426"
	Cpus = 1
	Disk = 1594919
	Memory = 2048
...
040 (3536323.000.000) 2024-07-08 16:53:19 Started transferring output files
...
040 (3536323.000.000) 2024-07-08 16:53:19 Finished transferring output files
...
005 (3536323.000.000) 2024-07-08 16:53:19 Job terminated.
	(1) Normal termination (return value 1)
		Usr 0 00:00:00, Sys 0 00:00:00  -  Run Remote Usage
		Usr 0 00:00:00, Sys 0 00:00:00  -  Run Local Usage
		Usr 0 00:00:00, Sys 0 00:00:00  -  Total Remote Usage
		Usr 0 00:00:00, Sys 0 00:00:00  -  Total Local Usage
	1385  -  Run Bytes Sent By Job
	11440  -  Run Bytes Received By Job
	1385  -  Total Bytes Sent By Job
	11440  -  Total Bytes Received By Job
	Partitionable Resources :    Usage  Request Allocated 
	   Cpus                 :        0        1         1 
	   Disk (KB)            :       42        4   1594919 
	   Memory (MB)          :              2048      2048 

	Job terminated of its own accord at 2024-07-08T21:53:18Z with exit-code 1.
...
