[3.841MB/3.841MB][100%][==================================================][3.841MB/s]  [3.841MB/3.841MB][100%][==================================================][3.841MB/s]  
IncrementalExecutor::executeFunction: symbol '_ZN12ClassicSVfit9integrateERKSt6vectorIN13classic_svFit17MeasuredTauLeptonESaIS2_EERKdS8_RK8TMatrixTIdE' unresolved while linking function '_GLOBAL__sub_I_cling_module_267'!
You are probably missing the definition of ClassicSVfit::integrate(std::vector<classic_svFit::MeasuredTauLepton, std::allocator<classic_svFit::MeasuredTauLepton> > const&, double const&, double const&, TMatrixT<double> const&)
Maybe you need to load the corresponding shared library?
IncrementalExecutor::executeFunction: symbol '_ZNK13classic_svFit27DiTauSystemHistogramAdapter17getTransverseMassEv' unresolved while linking function '_GLOBAL__sub_I_cling_module_267'!
You are probably missing the definition of classic_svFit::DiTauSystemHistogramAdapter::getTransverseMass() const
Maybe you need to load the corresponding shared library?
IncrementalExecutor::executeFunction: symbol '_ZN13classic_svFit17MeasuredTauLeptonC1ERKS0_' unresolved while linking function '_GLOBAL__sub_I_cling_module_267'!
You are probably missing the definition of classic_svFit::MeasuredTauLepton::MeasuredTauLepton(classic_svFit::MeasuredTauLepton const&)
Maybe you need to load the corresponding shared library?
IncrementalExecutor::executeFunction: symbol '_ZN13classic_svFit17MeasuredTauLeptonD1Ev' unresolved while linking function '_GLOBAL__sub_I_cling_module_267'!
You are probably missing the definition of classic_svFit::MeasuredTauLepton::~MeasuredTauLepton()
Maybe you need to load the corresponding shared library?
IncrementalExecutor::executeFunction: symbol '_ZN12ClassicSVfit13addLogM_fixedEbd' unresolved while linking function '_GLOBAL__sub_I_cling_module_267'!
You are probably missing the definition of ClassicSVfit::addLogM_fixed(bool, double)
Maybe you need to load the corresponding shared library?
IncrementalExecutor::executeFunction: symbol '_ZNK13classic_svFit27DiTauSystemHistogramAdapter20getTransverseMassErrEv' unresolved while linking function '_GLOBAL__sub_I_cling_module_267'!
You are probably missing the definition of classic_svFit::DiTauSystemHistogramAdapter::getTransverseMassErr() const
Maybe you need to load the corresponding shared library?
IncrementalExecutor::executeFunction: symbol '_ZNK13classic_svFit27DiTauSystemHistogramAdapter7getMassEv' unresolved while linking function '_GLOBAL__sub_I_cling_module_267'!
You are probably missing the definition of classic_svFit::DiTauSystemHistogramAdapter::getMass() const
Maybe you need to load the corresponding shared library?
IncrementalExecutor::executeFunction: symbol '_ZNK12ClassicSVfit19getHistogramAdapterEv' unresolved while linking function '_GLOBAL__sub_I_cling_module_267'!
You are probably missing the definition of ClassicSVfit::getHistogramAdapter() const
Maybe you need to load the corresponding shared library?
IncrementalExecutor::executeFunction: symbol '_ZN13classic_svFit17MeasuredTauLeptonC1Eiddddi' unresolved while linking function '_GLOBAL__sub_I_cling_module_267'!
You are probably missing the definition of classic_svFit::MeasuredTauLepton::MeasuredTauLepton(int, double, double, double, double, int)
Maybe you need to load the corresponding shared library?
IncrementalExecutor::executeFunction: symbol '_ZNK13classic_svFit27DiTauSystemHistogramAdapter10getMassErrEv' unresolved while linking function '_GLOBAL__sub_I_cling_module_267'!
You are probably missing the definition of classic_svFit::DiTauSystemHistogramAdapter::getMassErr() const
Maybe you need to load the corresponding shared library?
IncrementalExecutor::executeFunction: symbol '_ZN12ClassicSVfitC1Ei' unresolved while linking function '_GLOBAL__sub_I_cling_module_267'!
You are probably missing the definition of ClassicSVfit::ClassicSVfit(int)
Maybe you need to load the corresponding shared library?
IncrementalExecutor::executeFunction: symbol '_ZN12ClassicSVfitD1Ev' unresolved while linking function '_GLOBAL__sub_I_cling_module_267'!
You are probably missing the definition of ClassicSVfit::~ClassicSVfit()
Maybe you need to load the corresponding shared library?
IncrementalExecutor::executeFunction: symbol '_ZNK12ClassicSVfit15isValidSolutionEv' unresolved while linking function '_GLOBAL__sub_I_cling_module_267'!
You are probably missing the definition of ClassicSVfit::isValidSolution() const
Maybe you need to load the corresponding shared library?
TClass::Init:0: RuntimeWarning: no dictionary for class GenParticleInfo is available
Error in <TChain::SetBranchAddress>: The class requested (vector<JetInfo>) for the branch "Jets" is an instance of an stl collection and does not have a compiled CollectionProxy. Please generate the dictionary for this collection (vector<JetInfo>) to avoid to write corrupted data.
Error in <TChain::SetBranchAddress>: The class requested (vector<MuonInfo>) for the branch "Muons" is an instance of an stl collection and does not have a compiled CollectionProxy. Please generate the dictionary for this collection (vector<MuonInfo>) to avoid to write corrupted data.
Error in <TChain::SetBranchAddress>: The class requested (vector<ElectronInfo>) for the branch "Electrons" is an instance of an stl collection and does not have a compiled CollectionProxy. Please generate the dictionary for this collection (vector<ElectronInfo>) to avoid to write corrupted data.
Error in <TChain::SetBranchAddress>: The class requested (vector<TauInfo>) for the branch "TausUnCleaned" is an instance of an stl collection and does not have a compiled CollectionProxy. Please generate the dictionary for this collection (vector<TauInfo>) to avoid to write corrupted data.
Error in <TChain::SetBranchAddress>: The class requested (vector<TauInfo>) for the branch "TausECleaned" is an instance of an stl collection and does not have a compiled CollectionProxy. Please generate the dictionary for this collection (vector<TauInfo>) to avoid to write corrupted data.
Error in <TChain::SetBranchAddress>: The class requested (vector<TauInfo>) for the branch "TausMCleaned" is an instance of an stl collection and does not have a compiled CollectionProxy. Please generate the dictionary for this collection (vector<TauInfo>) to avoid to write corrupted data.
Error in <TChain::SetBranchAddress>: The class requested (vector<TauInfo>) for the branch "TausBoosted" is an instance of an stl collection and does not have a compiled CollectionProxy. Please generate the dictionary for this collection (vector<TauInfo>) to avoid to write corrupted data.
Error in <TChain::SetBranchAddress>: The class requested (vector<TrigObjectInfo>) for the branch "TriggerObjects" is an instance of an stl collection and does not have a compiled CollectionProxy. Please generate the dictionary for this collection (vector<TrigObjectInfo>) to avoid to write corrupted data.
Traceback (most recent call last):
  File "/srv/CMSSW_12_1_0_pre3/src/BoostedDiTau/BoostedDiTauReco/SubmitNtuple/plotBoostedTauTau.py", line 1006, in <module>
    genParticle = ROOT.GenParticleInfoDS()
  File "/cvmfs/cms.cern.ch/slc7_amd64_gcc10/lcg/root/6.22.08-a74558439f5e0e2581df062897411cb2/lib/ROOT/_facade.py", line 163, in _fallback_getattr
    raise AttributeError("Failed to get attribute {} from ROOT".format(name))
AttributeError: Failed to get attribute GenParticleInfoDS from ROOT
