040 (65483368.000.000) 2024-07-09 05:20:40 Started transferring input files
	Transferring to host: <131.225.189.162:9618?addrs=[2620-6a-0-8421-f0-0-189-162]-9618+131.225.189.162-9618&alias=cmswn2116.fnal.gov&noUDP&sock=slot1_27_2668_98e6_30302>
...
040 (65483368.000.000) 2024-07-09 05:20:40 Finished transferring input files
...
001 (65483368.000.000) 2024-07-09 05:20:41 Job executing on host: <131.225.189.162:9618?addrs=[2620-6a-0-8421-f0-0-189-162]-9618+131.225.189.162-9618&alias=cmswn2116.fnal.gov&noUDP&sock=startd_2252_435e>
	SlotName: slot1_27@cmswn2116.fnal.gov
	CondorScratchDir = "/storage/local/data1/condor/execute/dir_420152"
	Cpus = 1
	Disk = 3448822
	Memory = 2048
...
040 (65483368.000.000) 2024-07-09 06:46:53 Started transferring output files
...
040 (65483368.000.000) 2024-07-09 06:46:53 Finished transferring output files
...
005 (65483368.000.000) 2024-07-09 06:46:54 Job terminated.
	(1) Normal termination (return value 0)
		Usr 0 00:00:00, Sys 0 00:00:00  -  Run Remote Usage
		Usr 0 00:00:00, Sys 0 00:00:00  -  Run Local Usage
		Usr 0 00:00:00, Sys 0 00:00:00  -  Total Remote Usage
		Usr 0 00:00:00, Sys 0 00:00:00  -  Total Local Usage
	1316021  -  Run Bytes Sent By Job
	11452  -  Run Bytes Received By Job
	1316021  -  Total Bytes Sent By Job
	11452  -  Total Bytes Received By Job
	Partitionable Resources :     Usage  Request Allocated 
	   Cpus                 :      0.01        1         1 
	   Disk (KB)            : 153570           4   3448822 
	   Memory (MB)          :               2048      2048 

	Job terminated of its own accord at 2024-07-09T11:46:53Z with exit-code 0.
...
