040 (65483365.000.000) 2024-07-09 05:20:39 Started transferring input files
	Transferring to host: <131.225.189.128:9618?addrs=[2620-6a-0-8421-f0-0-189-128]-9618+131.225.189.128-9618&alias=cmswn2102.fnal.gov&noUDP&sock=slot1_1_2645_6445_40292>
...
040 (65483365.000.000) 2024-07-09 05:20:39 Finished transferring input files
...
001 (65483365.000.000) 2024-07-09 05:20:40 Job executing on host: <131.225.189.128:9618?addrs=[2620-6a-0-8421-f0-0-189-128]-9618+131.225.189.128-9618&alias=cmswn2102.fnal.gov&noUDP&sock=startd_2217_418e>
	SlotName: slot1_1@cmswn2102.fnal.gov
	CondorScratchDir = "/storage/local/data1/condor/execute/dir_1760968"
	Cpus = 1
	Disk = 3443656
	Memory = 2048
...
040 (65483365.000.000) 2024-07-09 05:29:03 Started transferring output files
...
040 (65483365.000.000) 2024-07-09 05:29:03 Finished transferring output files
...
005 (65483365.000.000) 2024-07-09 05:29:05 Job terminated.
	(1) Normal termination (return value 0)
		Usr 0 00:00:00, Sys 0 00:00:00  -  Run Remote Usage
		Usr 0 00:00:00, Sys 0 00:00:00  -  Run Local Usage
		Usr 0 00:00:00, Sys 0 00:00:00  -  Total Remote Usage
		Usr 0 00:00:00, Sys 0 00:00:00  -  Total Local Usage
	47785  -  Run Bytes Sent By Job
	11452  -  Run Bytes Received By Job
	47785  -  Total Bytes Sent By Job
	11452  -  Total Bytes Received By Job
	Partitionable Resources :     Usage  Request Allocated 
	   Cpus                 :      0.00        1         1 
	   Disk (KB)            : 152333           4   3443656 
	   Memory (MB)          :               2048      2048 

	Job terminated of its own accord at 2024-07-09T10:29:03Z with exit-code 0.
...
