[FERMIHTC-APPTAINER]: INFO -- ApptainerImage classAd detected
[FERMIHTC-APPTAINER]: INFO -- Attempting to run job in /cvmfs/singularity.opensciencegrid.org/cmssw/cms:rhel7
[FERMIHTC-APPTAINER]: INFO -- Running /cvmfs/oasis.opensciencegrid.org/mis/apptainer/current/bin/apptainer exec --pid --ipc --contain --bind /cvmfs --bind /etc/hosts --bind /etc/grid-security --home /storage/local/data1/condor/execute/dir_2756570:/srv --pwd /srv /cvmfs/singularity.opensciencegrid.org/cmssw/cms:rhel7 ./run_condor.csh plotBoostedTauTau.py ./filelists/AToTauTau/UL16pre/ALP_M-60_HT-100to400_preVFPUL16/ALP_M-60_HT-100to400_preVFPUL16_0.txt root://cmseos.fnal.gov//store/user/dalam/UL2016pre/ TCP 16pre
Starting job on  Tue Jul 9 10:22:33 UTC 2024
Running on: Linux dalam-65483377-0-cmswn2088.fnal.gov 5.14.0-427.18.1.el9_4.x86_64 #1 SMP PREEMPT_DYNAMIC Tue May 28 06:27:02 EDT 2024 x86_64 x86_64 x86_64 GNU/Linux
System software: CentOS Linux release 7.9.2009 (Core)
Done: ProjectRename
Arguments passed to this script are: 
  script: plotBoostedTauTau.py
  input files: ./filelists/AToTauTau/UL16pre/ALP_M-60_HT-100to400_preVFPUL16/ALP_M-60_HT-100to400_preVFPUL16_0.txt
  output dir: root://cmseos.fnal.gov//store/user/dalam/UL2016pre/
  mode: TCP
  year: 16pre
mode: 1
tau_e tau_mu
Kappa: 3
SVFit Mass: 52.8812
mode: 2
tau_mu tau_h
Kappa: 4
SVFit Mass: 46.184
mode: 1
tau_e tau_mu
Kappa: 3
SVFit Mass: 66.9311
mode: 1
tau_e tau_mu
Kappa: 3
SVFit Mass: 66.9311
mode: 1
tau_e tau_mu
Kappa: 3
SVFit Mass: 48.3269
mode: 2
tau_mu tau_h
Kappa: 4
SVFit Mass: 60.8057
mode: 2
tau_mu tau_h
Kappa: 4
SVFit Mass: 558.343
mode: 2
tau_mu tau_h
Kappa: 4
SVFit Mass: 59.8259
mode: 2
tau_mu tau_h
Kappa: 4
SVFit Mass: 73.7643
mode: 2
tau_mu tau_h
Kappa: 4
SVFit Mass: 62.6917
mode: 2
tau_mu tau_h
Kappa: 4
SVFit Mass: 79.0157
mode: 2
tau_mu tau_h
Kappa: 4
SVFit Mass: 59.5079
mode: 2
tau_mu tau_h
Kappa: 4
SVFit Mass: 59.5079
mode: 2
tau_mu tau_h
Kappa: 4
SVFit Mass: 59.5079
mode: 2
tau_mu tau_h
Kappa: 4
SVFit Mass: 59.5079
mode: 2
tau_mu tau_h
Kappa: 4
SVFit Mass: 59.5079
mode: 1
tau_e tau_mu
Kappa: 3
SVFit Mass: 66.582
mode: 1
tau_e tau_mu
Kappa: 3
SVFit Mass: 66.582
mode: 2
tau_mu tau_h
Kappa: 4
SVFit Mass: 60.3223
mode: 1
tau_e tau_mu
Kappa: 3
SVFit Mass: 36.1504
mode: 1
tau_e tau_mu
Kappa: 3
SVFit Mass: 36.1504
mode: 1
tau_e tau_mu
Kappa: 3
SVFit Mass: 42.3226
mode: 2
tau_mu tau_h
Kappa: 4
SVFit Mass: 68.9304
mode: 2
tau_mu tau_h
Kappa: 4
SVFit Mass: 41.7239
mode: 2
tau_mu tau_h
Kappa: 4
SVFit Mass: 56.9849
mode: 1
tau_e tau_mu
Kappa: 3
SVFit Mass: 62.0829
mode: 1
tau_e tau_mu
Kappa: 3
SVFit Mass: 62.0829
mode: 2
tau_mu tau_h
Kappa: 4
SVFit Mass: 60.5694
mode: 1
tau_e tau_mu
Kappa: 3
SVFit Mass: 64.7718
mode: 1
tau_e tau_mu
Kappa: 3
SVFit Mass: 64.7718
mode: 2
tau_mu tau_h
Kappa: 4
SVFit Mass: 46.4217
mode: 2
tau_mu tau_h
Kappa: 4
SVFit Mass: 46.4217
mode: 2
tau_mu tau_h
Kappa: 4
SVFit Mass: 46.4217
mode: 2
tau_mu tau_h
Kappa: 4
SVFit Mass: 46.4217
mode: 2
tau_mu tau_h
Kappa: 4
SVFit Mass: 46.4217
mode: 2
tau_mu tau_h
Kappa: 4
SVFit Mass: 62.3291
mode: 2
tau_mu tau_h
Kappa: 4
SVFit Mass: 43.6373
mode: 2
tau_mu tau_h
Kappa: 4
SVFit Mass: 51.7118
mode: 2
tau_mu tau_h
Kappa: 4
SVFit Mass: 46.6728
mode: 2
tau_mu tau_h
Kappa: 4
SVFit Mass: 58.6249
mode: 2
tau_mu tau_h
Kappa: 4
SVFit Mass: 58.6249
mode: 2
tau_mu tau_h
Kappa: 4
SVFit Mass: 58.6249
mode: 2
tau_mu tau_h
Kappa: 4
SVFit Mass: 58.6249
mode: 2
tau_mu tau_h
Kappa: 4
SVFit Mass: 58.6249
mode: 2
tau_mu tau_h
Kappa: 4
SVFit Mass: 66.1851
mode: 1
tau_e tau_mu
Kappa: 3
SVFit Mass: 55.8707
mode: 1
tau_e tau_mu
Kappa: 3
SVFit Mass: 55.8707
mode: 2
tau_mu tau_h
Kappa: 4
SVFit Mass: 53.5975
mode: 2
tau_mu tau_h
Kappa: 4
SVFit Mass: 72.9581
mode: 2
tau_mu tau_h
Kappa: 4
SVFit Mass: 55.4061
mode: 2
tau_mu tau_h
Kappa: 4
SVFit Mass: 56.4653
mode: 1
tau_e tau_mu
Kappa: 3
SVFit Mass: 73.6405
mode: 2
tau_mu tau_h
Kappa: 4
SVFit Mass: 71.8512
mode: 1
tau_e tau_mu
Kappa: 3
SVFit Mass: 62.5446
mode: 1
tau_e tau_mu
Kappa: 3
SVFit Mass: 62.5446
mode: 2
tau_mu tau_h
Kappa: 4
SVFit Mass: 62.542
mode: 2
tau_mu tau_h
Kappa: 4
SVFit Mass: 48.5702
mode: 2
tau_mu tau_h
Kappa: 4
SVFit Mass: 56.6788
mode: 2
tau_mu tau_h
Kappa: 4
SVFit Mass: 46.052
mode: 2
tau_mu tau_h
Kappa: 4
SVFit Mass: 42.7233
mode: 1
tau_e tau_mu
Kappa: 3
SVFit Mass: 46.1485
mode: 2
tau_mu tau_h
Kappa: 4
SVFit Mass: 68.2526
mode: 2
tau_mu tau_h
Kappa: 4
SVFit Mass: 68.2526
mode: 2
tau_mu tau_h
Kappa: 4
SVFit Mass: 68.2526
mode: 2
tau_mu tau_h
Kappa: 4
SVFit Mass: 68.2526
mode: 2
tau_mu tau_h
Kappa: 4
SVFit Mass: 68.2526
mode: 2
tau_mu tau_h
Kappa: 4
SVFit Mass: 45.7099
mode: 2
tau_mu tau_h
Kappa: 4
SVFit Mass: 48.2283
mode: 1
tau_e tau_mu
Kappa: 3
SVFit Mass: 62.1984
mode: 1
tau_e tau_mu
Kappa: 3
SVFit Mass: 62.1984
mode: 1
tau_e tau_mu
Kappa: 3
SVFit Mass: 62.1984
mode: 1
tau_e tau_mu
Kappa: 3
SVFit Mass: 62.1984
mode: 1
tau_e tau_mu
Kappa: 3
SVFit Mass: 38.4558
mode: 1
tau_e tau_mu
Kappa: 3
SVFit Mass: 38.4558
mode: 2
tau_mu tau_h
Kappa: 4
SVFit Mass: 62.7616
mode: 1
tau_e tau_mu
Kappa: 3
SVFit Mass: 58.5228
mode: 1
tau_e tau_mu
Kappa: 3
SVFit Mass: 50.0721
mode: 1
tau_e tau_mu
Kappa: 3
SVFit Mass: 50.0721
mode: 2
tau_mu tau_h
Kappa: 4
SVFit Mass: 38.1608
mode: 2
tau_mu tau_h
Kappa: 4
SVFit Mass: 58.1489
mode: 2
tau_mu tau_h
Kappa: 4
SVFit Mass: 67.253
mode: 2
tau_mu tau_h
Kappa: 4
SVFit Mass: 51.5423
mode: 1
tau_e tau_mu
Kappa: 3
SVFit Mass: 49.7976
mode: 1
tau_e tau_mu
Kappa: 3
SVFit Mass: 49.7976
mode: 2
tau_mu tau_h
Kappa: 4
SVFit Mass: 40.8739
mode: 1
tau_e tau_mu
Kappa: 3
SVFit Mass: 37.0182
mode: 1
tau_e tau_mu
Kappa: 3
SVFit Mass: 37.0182
mode: 1
tau_e tau_mu
Kappa: 3
SVFit Mass: 52.7587
mode: 1
tau_e tau_mu
Kappa: 3
SVFit Mass: 32.4281
mode: 1
tau_e tau_mu
Kappa: 3
SVFit Mass: 32.4281
mode: 1
tau_e tau_mu
Kappa: 3
SVFit Mass: 47.2768
mode: 1
tau_e tau_mu
Kappa: 3
SVFit Mass: 47.2768
mode: 2
tau_mu tau_h
Kappa: 4
SVFit Mass: 175.143
mode: 2
tau_mu tau_h
Kappa: 4
SVFit Mass: 31.2967
mode: 2
tau_mu tau_h
Kappa: 4
SVFit Mass: 52.2301
mode: 2
tau_mu tau_h
Kappa: 4
SVFit Mass: 59.6721
mode: 2
tau_mu tau_h
Kappa: 4
SVFit Mass: 53.6096
mode: 2
tau_mu tau_h
Kappa: 4
SVFit Mass: 54.5913
mode: 1
tau_e tau_mu
Kappa: 3
SVFit Mass: 51.7428
mode: 2
tau_mu tau_h
Kappa: 4
SVFit Mass: 68.8152
mode: 2
tau_mu tau_h
Kappa: 4
SVFit Mass: 39.5076
mode: 2
tau_mu tau_h
Kappa: 4
SVFit Mass: 39.5076
mode: 2
tau_mu tau_h
Kappa: 4
SVFit Mass: 39.5076
mode: 2
tau_mu tau_h
Kappa: 4
SVFit Mass: 39.5076
mode: 2
tau_mu tau_h
Kappa: 4
SVFit Mass: 39.5076
mode: 1
tau_e tau_mu
Kappa: 3
SVFit Mass: 53.7279
mode: 1
tau_e tau_mu
Kappa: 3
SVFit Mass: 53.7279
mode: 1
tau_e tau_mu
Kappa: 3
SVFit Mass: 53.7279
mode: 1
tau_e tau_mu
Kappa: 3
SVFit Mass: 53.7279
mode: 1
tau_e tau_mu
Kappa: 3
SVFit Mass: 52.5161
mode: 1
tau_e tau_mu
Kappa: 3
SVFit Mass: 52.5161
mode: 1
tau_e tau_mu
Kappa: 3
SVFit Mass: 52.5161
mode: 1
tau_e tau_mu
Kappa: 3
SVFit Mass: 52.5161
mode: 1
tau_e tau_mu
Kappa: 3
SVFit Mass: 55.4307
mode: 2
tau_mu tau_h
Kappa: 4
SVFit Mass: 61.0946
mode: 2
tau_mu tau_h
Kappa: 4
SVFit Mass: 43.0985
mode: 2
tau_mu tau_h
Kappa: 4
SVFit Mass: 48.2225
mode: 1
tau_e tau_mu
Kappa: 3
SVFit Mass: 60.7316
mode: 1
tau_e tau_mu
Kappa: 3
SVFit Mass: 60.7316
mode: 2
tau_mu tau_h
Kappa: 4
SVFit Mass: 574.413
mode: 2
tau_mu tau_h
Kappa: 4
SVFit Mass: 62.3713
mode: 2
tau_mu tau_h
Kappa: 4
SVFit Mass: 55.2485
mode: 2
tau_mu tau_h
Kappa: 4
SVFit Mass: 58.9916
mode: 2
tau_mu tau_h
Kappa: 4
SVFit Mass: 55.5007
mode: 2
tau_mu tau_h
Kappa: 4
SVFit Mass: 55.5007
mode: 2
tau_mu tau_h
Kappa: 4
SVFit Mass: 55.5007
mode: 2
tau_mu tau_h
Kappa: 4
SVFit Mass: 55.5007
mode: 2
tau_mu tau_h
Kappa: 4
SVFit Mass: 55.5007
mode: 2
tau_mu tau_h
Kappa: 4
SVFit Mass: 63.3521
mode: 2
tau_mu tau_h
Kappa: 4
SVFit Mass: 51.0951
mode: 2
tau_mu tau_h
Kappa: 4
SVFit Mass: 55.6781
mode: 2
tau_mu tau_h
Kappa: 4
SVFit Mass: 60.0537
mode: 1
tau_e tau_mu
Kappa: 3
SVFit Mass: 58.0912
mode: 2
tau_mu tau_h
Kappa: 4
SVFit Mass: 58.2604
mode: 1
tau_e tau_mu
Kappa: 3
SVFit Mass: 69.3637
mode: 1
tau_e tau_mu
Kappa: 3
SVFit Mass: 89.5794
mode: 1
tau_e tau_mu
Kappa: 3
SVFit Mass: 48.4647
mode: 1
tau_e tau_mu
Kappa: 3
SVFit Mass: 55.9115
mode: 1
tau_e tau_mu
Kappa: 3
SVFit Mass: 55.9115
mode: 2
tau_mu tau_h
Kappa: 4
SVFit Mass: 51.5771
mode: 2
tau_mu tau_h
Kappa: 4
SVFit Mass: 58.362
mode: 2
tau_mu tau_h
Kappa: 4
SVFit Mass: 30.8298
mode: 1
tau_e tau_mu
Kappa: 3
SVFit Mass: 71.859
mode: 2
tau_mu tau_h
Kappa: 4
SVFit Mass: 54.7774
mode: 2
tau_mu tau_h
Kappa: 4
SVFit Mass: 54.7774
mode: 2
tau_mu tau_h
Kappa: 4
SVFit Mass: 54.7774
mode: 2
tau_mu tau_h
Kappa: 4
SVFit Mass: 54.7774
mode: 2
tau_mu tau_h
Kappa: 4
SVFit Mass: 54.7774
mode: 2
tau_mu tau_h
Kappa: 4
SVFit Mass: 53.287
mode: 2
tau_mu tau_h
Kappa: 4
SVFit Mass: 53.287
mode: 2
tau_mu tau_h
Kappa: 4
SVFit Mass: 53.287
mode: 2
tau_mu tau_h
Kappa: 4
SVFit Mass: 53.287
mode: 2
tau_mu tau_h
Kappa: 4
SVFit Mass: 53.287
mode: 1
tau_e tau_mu
Kappa: 3
SVFit Mass: 57.2195
mode: 1
tau_e tau_mu
Kappa: 3
SVFit Mass: 28.2697
mode: 1
tau_e tau_mu
Kappa: 3
SVFit Mass: 28.2697
mode: 1
tau_e tau_mu
Kappa: 3
SVFit Mass: 28.2697
mode: 1
tau_e tau_mu
Kappa: 3
SVFit Mass: 28.2697
mode: 2
tau_mu tau_h
Kappa: 4
SVFit Mass: 43.8898
mode: 2
tau_mu tau_h
Kappa: 4
SVFit Mass: 51.9916
mode: 2
tau_mu tau_h
Kappa: 4
SVFit Mass: 38.2843
mode: 2
tau_mu tau_h
Kappa: 4
SVFit Mass: 38.2843
mode: 2
tau_mu tau_h
Kappa: 4
SVFit Mass: 38.2843
mode: 2
tau_mu tau_h
Kappa: 4
SVFit Mass: 38.2843
mode: 2
tau_mu tau_h
Kappa: 4
SVFit Mass: 38.2843
mode: 2
tau_mu tau_h
Kappa: 4
SVFit Mass: 55.8237
mode: 2
tau_mu tau_h
Kappa: 4
SVFit Mass: 61.2484
mode: 1
tau_e tau_mu
Kappa: 3
SVFit Mass: 59.3738
mode: 1
tau_e tau_mu
Kappa: 3
SVFit Mass: 59.3738
mode: 2
tau_mu tau_h
Kappa: 4
SVFit Mass: 55.1196
mode: 1
tau_e tau_mu
Kappa: 3
SVFit Mass: 64.0104
mode: 1
tau_e tau_mu
Kappa: 3
SVFit Mass: 64.0104
mode: 2
tau_mu tau_h
Kappa: 4
SVFit Mass: 64.8821
mode: 1
tau_e tau_mu
Kappa: 3
SVFit Mass: 56.0902
mode: 1
tau_e tau_mu
Kappa: 3
SVFit Mass: 56.0902
mode: 1
tau_e tau_mu
Kappa: 3
SVFit Mass: 34.318
mode: 2
tau_mu tau_h
Kappa: 4
SVFit Mass: 47.9514
mode: 1
tau_e tau_mu
Kappa: 3
SVFit Mass: 43.1455
mode: 1
tau_e tau_mu
Kappa: 3
SVFit Mass: 43.1455
mode: 2
tau_mu tau_h
Kappa: 4
SVFit Mass: 56.4371
mode: 2
tau_mu tau_h
Kappa: 4
SVFit Mass: 38.4156
mode: 2
tau_mu tau_h
Kappa: 4
SVFit Mass: 71.2499
mode: 2
tau_mu tau_h
Kappa: 4
SVFit Mass: 58.601
mode: 2
tau_mu tau_h
Kappa: 4
SVFit Mass: 57.5061
mode: 2
tau_mu tau_h
Kappa: 4
SVFit Mass: 214.95
mode: 2
tau_mu tau_h
Kappa: 4
SVFit Mass: 58.4455
mode: 1
tau_e tau_mu
Kappa: 3
SVFit Mass: 54.0892
mode: 1
tau_e tau_mu
Kappa: 3
SVFit Mass: 54.0892
mode: 1
tau_e tau_mu
Kappa: 3
SVFit Mass: 50.4736
mode: 1
tau_e tau_mu
Kappa: 3
SVFit Mass: 50.4736
mode: 1
tau_e tau_mu
Kappa: 3
SVFit Mass: 50.4736
mode: 1
tau_e tau_mu
Kappa: 3
SVFit Mass: 50.4736
mode: 2
tau_mu tau_h
Kappa: 4
SVFit Mass: 76.0828
mode: 2
tau_mu tau_h
Kappa: 4
SVFit Mass: 113.328
mode: 2
tau_mu tau_h
Kappa: 4
SVFit Mass: 61.5077
mode: 1
tau_e tau_mu
Kappa: 3
SVFit Mass: 64.8049
mode: 2
tau_mu tau_h
Kappa: 4
SVFit Mass: 41.2922
mode: 2
tau_mu tau_h
Kappa: 4
SVFit Mass: 62.4046
mode: 1
tau_e tau_mu
Kappa: 3
SVFit Mass: 62.1919
mode: 2
tau_mu tau_h
Kappa: 4
SVFit Mass: 41.3389
mode: 1
tau_e tau_mu
Kappa: 3
SVFit Mass: 54.9277
mode: 2
tau_mu tau_h
Kappa: 4
SVFit Mass: 41.9381
mode: 2
tau_mu tau_h
Kappa: 4
SVFit Mass: 61.6014
mode: 2
tau_mu tau_h
Kappa: 4
SVFit Mass: 58.6047
mode: 1
tau_e tau_mu
Kappa: 3
SVFit Mass: 59.7735
mode: 1
tau_e tau_mu
Kappa: 3
SVFit Mass: 59.7735
mode: 2
tau_mu tau_h
Kappa: 4
SVFit Mass: 51.5335
{'lowMET_BFlavour': <cppyy.gbl.TH2F object at 0x6a72600>, 'highMET_BFlavour': <cppyy.gbl.TH2F object at 0x7e06bb0>, 'lowMET_CFlavour': <cppyy.gbl.TH2F object at 0x7e061f0>, 'highMET_CFlavour': <cppyy.gbl.TH2F object at 0x7e05d70>, 'lowMET_LFlavour': <cppyy.gbl.TH2F object at 0x7e066b0>, 'highMET_LFlavour': <cppyy.gbl.TH2F object at 0x7e17b00>}
root://cmseos.fnal.gov//store/user/dalam/UL2016pre/h_plotBoostedTauTau_16pre_ALP_M-60_HT-100to400_preVFPUL16_0.root
root://cmsio2.rc.ufl.edu:1094//store/user/zhangj/TCPNtuple/AToTauTau_ALP_M-60_HT-100to400_TuneCP5_13TeV-madgraphMLM-pythia8/Ntuple_ALP_M-60_HT-100to400_preVFPUL16_miniAODv2_v5/240514_005251/0000/TCPNtuple_Backgrounds_1.root
root://cmsio2.rc.ufl.edu:1094//store/user/zhangj/TCPNtuple/AToTauTau_ALP_M-60_HT-100to400_TuneCP5_13TeV-madgraphMLM-pythia8/Ntuple_ALP_M-60_HT-100to400_preVFPUL16_miniAODv2_v5/240514_005251/0000/TCPNtuple_Backgrounds_3.root
root://cmsio2.rc.ufl.edu:1094//store/user/zhangj/TCPNtuple/AToTauTau_ALP_M-60_HT-100to400_TuneCP5_13TeV-madgraphMLM-pythia8/Ntuple_ALP_M-60_HT-100to400_preVFPUL16_miniAODv2_v5/240514_005251/0000/TCPNtuple_Backgrounds_2.root
--- 573.0208370685577 seconds ---
