040 (3536310.000.000) 2024-07-08 16:52:57 Started transferring input files
	Transferring to host: <131.225.189.158:9618?addrs=[2620-6a-0-8421-f0-0-189-158]-9618+131.225.189.158-9618&alias=cmswn2114.fnal.gov&noUDP&sock=slot1_21_2380_acda_28588>
...
040 (3536310.000.000) 2024-07-08 16:52:57 Finished transferring input files
...
001 (3536310.000.000) 2024-07-08 16:52:58 Job executing on host: <131.225.189.158:9618?addrs=[2620-6a-0-8421-f0-0-189-158]-9618+131.225.189.158-9618&alias=cmswn2114.fnal.gov&noUDP&sock=startd_1978_526b>
	SlotName: slot1_21@cmswn2114.fnal.gov
	CondorScratchDir = "/storage/local/data1/condor/execute/dir_470025"
	Cpus = 1
	Disk = 3458884
	Memory = 2048
...
040 (3536310.000.000) 2024-07-08 16:53:50 Started transferring output files
...
040 (3536310.000.000) 2024-07-08 16:53:50 Finished transferring output files
...
005 (3536310.000.000) 2024-07-08 16:53:51 Job terminated.
	(1) Normal termination (return value 1)
		Usr 0 00:00:00, Sys 0 00:00:00  -  Run Remote Usage
		Usr 0 00:00:00, Sys 0 00:00:00  -  Run Local Usage
		Usr 0 00:00:00, Sys 0 00:00:00  -  Total Remote Usage
		Usr 0 00:00:00, Sys 0 00:00:00  -  Total Local Usage
	1385  -  Run Bytes Sent By Job
	11440  -  Run Bytes Received By Job
	1385  -  Total Bytes Sent By Job
	11440  -  Total Bytes Received By Job
	Partitionable Resources :    Usage  Request Allocated 
	   Cpus                 :     0.18        1         1 
	   Disk (KB)            :    43           4   3458884 
	   Memory (MB)          :              2048      2048 

	Job terminated of its own accord at 2024-07-08T21:53:50Z with exit-code 1.
...
