040 (3536151.000.000) 2024-07-08 16:39:36 Started transferring input files
	Transferring to host: <131.225.188.210:9618?addrs=[2620-6a-0-8421-f0-0-188-210]-9618+131.225.188.210-9618&alias=cmswn2067.fnal.gov&noUDP&sock=slot1_43_2371_5579_41853>
...
040 (3536151.000.000) 2024-07-08 16:39:36 Finished transferring input files
...
001 (3536151.000.000) 2024-07-08 16:39:37 Job executing on host: <131.225.188.210:9618?addrs=[2620-6a-0-8421-f0-0-188-210]-9618+131.225.188.210-9618&alias=cmswn2067.fnal.gov&noUDP&sock=startd_2010_4573>
	SlotName: slot1_43@cmswn2067.fnal.gov
	CondorScratchDir = "/storage/local/data1/condor/execute/dir_3036740"
	Cpus = 1
	Disk = 1611347
	Memory = 2048
...
040 (3536151.000.000) 2024-07-08 16:39:49 Started transferring output files
...
040 (3536151.000.000) 2024-07-08 16:39:49 Finished transferring output files
...
005 (3536151.000.000) 2024-07-08 16:39:49 Job terminated.
	(1) Normal termination (return value 1)
		Usr 0 00:00:00, Sys 0 00:00:00  -  Run Remote Usage
		Usr 0 00:00:00, Sys 0 00:00:00  -  Run Local Usage
		Usr 0 00:00:00, Sys 0 00:00:00  -  Total Remote Usage
		Usr 0 00:00:00, Sys 0 00:00:00  -  Total Local Usage
	1386  -  Run Bytes Sent By Job
	11440  -  Run Bytes Received By Job
	1386  -  Total Bytes Sent By Job
	11440  -  Total Bytes Received By Job
	Partitionable Resources :    Usage  Request Allocated 
	   Cpus                 :        0        1         1 
	   Disk (KB)            :       44        4   1611347 
	   Memory (MB)          :              2048      2048 

	Job terminated of its own accord at 2024-07-08T21:39:49Z with exit-code 1.
...
040 (33520914.000.000) 2024-07-09 01:29:52 Started transferring input files
	Transferring to host: <131.225.188.91:9618?addrs=[2620-6a-0-8421-f0-0-188-91]-9618+131.225.188.91-9618&alias=cmswn2044.fnal.gov&noUDP&sock=slot1_3_2714_0227_46945>
...
040 (33520914.000.000) 2024-07-09 01:29:52 Finished transferring input files
...
001 (33520914.000.000) 2024-07-09 01:29:53 Job executing on host: <131.225.188.91:9618?addrs=[2620-6a-0-8421-f0-0-188-91]-9618+131.225.188.91-9618&alias=cmswn2044.fnal.gov&noUDP&sock=startd_2196_da10>
	SlotName: slot1_3@cmswn2044.fnal.gov
	CondorScratchDir = "/storage/local/data1/condor/execute/dir_3487879"
	Cpus = 1
	Disk = 1592515
	Memory = 2048
...
040 (33520914.000.000) 2024-07-09 01:38:33 Started transferring output files
...
040 (33520914.000.000) 2024-07-09 01:38:33 Finished transferring output files
...
005 (33520914.000.000) 2024-07-09 01:38:36 Job terminated.
	(1) Normal termination (return value 0)
		Usr 0 00:00:00, Sys 0 00:00:00  -  Run Remote Usage
		Usr 0 00:00:00, Sys 0 00:00:00  -  Run Local Usage
		Usr 0 00:00:00, Sys 0 00:00:00  -  Total Remote Usage
		Usr 0 00:00:00, Sys 0 00:00:00  -  Total Local Usage
	11851  -  Run Bytes Sent By Job
	11452  -  Run Bytes Received By Job
	11851  -  Total Bytes Sent By Job
	11452  -  Total Bytes Received By Job
	Partitionable Resources :     Usage  Request Allocated 
	   Cpus                 :      0.00        1         1 
	   Disk (KB)            : 102614           4   1592515 
	   Memory (MB)          :               2048      2048 

	Job terminated of its own accord at 2024-07-09T06:38:33Z with exit-code 0.
...
