[8MB/19.45MB][ 41%][====================>                             ][8MB/s]  [19.45MB/19.45MB][100%][==================================================][19.45MB/s]  [19.45MB/19.45MB][100%][==================================================][19.45MB/s]  
Warning: tau -> had decay declared for leg: Pt = 48.083, eta = 1.63341, phi = 0.989001, mass = 0.724082 !!
 (mass expected in the range = 0.13957..0.13957)
Warning: tau -> had decay declared for leg: Pt = 75.528, eta = 0.358723, phi = 1.17782, mass = 0.770526 !!
 (mass expected in the range = 0.13957..0.13957)
Warning: tau -> had decay declared for leg: Pt = 33.9282, eta = 2.17183, phi = -2.00508, mass = 1.00984 !!
 (mass expected in the range = 0.13957..0.13957)
Warning: tau -> had decay declared for leg: Pt = 23.4365, eta = -0.495189, phi = -1.41939, mass = 1.03327 !!
 (mass expected in the range = 0.13957..0.13957)
Warning: tau -> had decay declared for leg: Pt = 21.273, eta = -0.330075, phi = -3.11789, mass = 0.445523 !!
 (mass expected in the range = 0.13957..0.13957)
Warning: tau -> had decay declared for leg: Pt = 54.2594, eta = 1.57329, phi = -0.81253, mass = 0.76661 !!
 (mass expected in the range = 0.13957..0.13957)
Warning: tau -> had decay declared for leg: Pt = 43.4844, eta = -1.0202, phi = 2.0562, mass = 0.723986 !!
 (mass expected in the range = 0.13957..0.13957)
Warning: tau -> had decay declared for leg: Pt = 25.0275, eta = 0.164711, phi = -0.102441, mass = 0.944476 !!
 (mass expected in the range = 0.13957..0.13957)
Warning: tau -> had decay declared for leg: Pt = 57.031, eta = 1.29435, phi = -0.914145, mass = 0.343632 !!
 (mass expected in the range = 0.13957..0.13957)
Warning: tau -> had decay declared for leg: Pt = 56.4832, eta = 0.969589, phi = 2.65457, mass = 0.487726 !!
 (mass expected in the range = 0.13957..0.13957)
Warning: tau -> had decay declared for leg: Pt = 74.7127, eta = 0.443537, phi = 1.85408, mass = 1.21687 !!
 (mass expected in the range = 0.13957..0.13957)
Warning: tau -> had decay declared for leg: Pt = 29.8958, eta = 1.12474, phi = 0.779702, mass = 0.773149 !!
 (mass expected in the range = 0.13957..0.13957)
Warning: tau -> had decay declared for leg: Pt = 63.5939, eta = 0.763894, phi = 2.14203, mass = 0.397151 !!
 (mass expected in the range = 0.13957..0.13957)
Warning: tau -> had decay declared for leg: Pt = 44.717, eta = -1.59326, phi = 2.27726, mass = 0.810237 !!
 (mass expected in the range = 0.13957..0.13957)
Warning: tau -> had decay declared for leg: Pt = 20.2474, eta = -0.649846, phi = 1.46496, mass = 0.934419 !!
 (mass expected in the range = 0.13957..0.13957)
Warning: tau -> had decay declared for leg: Pt = 56.0217, eta = 1.76092, phi = -0.125656, mass = 0.951197 !!
 (mass expected in the range = 0.13957..0.13957)
Warning: tau -> had decay declared for leg: Pt = 37.3711, eta = -0.0251276, phi = 2.25739, mass = 0.836268 !!
 (mass expected in the range = 0.13957..0.13957)
Warning: tau -> had decay declared for leg: Pt = 39.2768, eta = 1.14714, phi = 0.676628, mass = 0.774291 !!
 (mass expected in the range = 0.13957..0.13957)
Warning: tau -> had decay declared for leg: Pt = 24.8882, eta = -1.07765, phi = -0.307632, mass = 0.980339 !!
 (mass expected in the range = 0.13957..0.13957)
Warning: tau -> had decay declared for leg: Pt = 94.1842, eta = -0.539119, phi = 0.704917, mass = 1.01691 !!
 (mass expected in the range = 0.13957..0.13957)
Warning: tau -> had decay declared for leg: Pt = 23.4416, eta = -2.0991, phi = 0.350929, mass = 0.296367 !!
 (mass expected in the range = 0.13957..0.13957)
Warning: tau -> had decay declared for leg: Pt = 95.8087, eta = 1.383, phi = -2.80572, mass = 1.14116 !!
 (mass expected in the range = 0.13957..0.13957)
Warning: tau -> had decay declared for leg: Pt = 35.9611, eta = 1.06038, phi = 0.283053, mass = 1.20418 !!
 (mass expected in the range = 0.13957..0.13957)
Warning: tau -> had decay declared for leg: Pt = 22.85, eta = 0.854891, phi = 1.40569, mass = 1.14605 !!
 (mass expected in the range = 0.13957..0.13957)
Warning: tau -> had decay declared for leg: Pt = 101.5, eta = -0.429481, phi = 2.72651, mass = 0.597656 !!
 (mass expected in the range = 0.13957..0.13957)
Warning: tau -> had decay declared for leg: Pt = 65.9372, eta = 1.0024, phi = -0.279798, mass = 0.734401 !!
 (mass expected in the range = 0.13957..0.13957)
Warning: tau -> had decay declared for leg: Pt = 40.1452, eta = -0.539274, phi = 0.494494, mass = 1.17551 !!
 (mass expected in the range = 0.13957..0.13957)
Warning: tau -> had decay declared for leg: Pt = 40.3578, eta = -0.28144, phi = 1.34998, mass = 0.676256 !!
 (mass expected in the range = 0.13957..0.13957)
Warning: tau -> had decay declared for leg: Pt = 56.4005, eta = -0.140241, phi = -0.304029, mass = 0.877236 !!
 (mass expected in the range = 0.13957..0.13957)
Warning: tau -> had decay declared for leg: Pt = 78.3618, eta = 1.23882, phi = 2.35668, mass = 1.18293 !!
 (mass expected in the range = 0.13957..0.13957)
Warning: tau -> had decay declared for leg: Pt = 26.4449, eta = 0.146511, phi = 1.02399, mass = 0.742175 !!
 (mass expected in the range = 0.13957..0.13957)
Warning: tau -> had decay declared for leg: Pt = 28.593, eta = 1.19915, phi = 1.97917, mass = 0.715183 !!
 (mass expected in the range = 0.13957..0.13957)
Warning: tau -> had decay declared for leg: Pt = 25.1278, eta = 0.467035, phi = -2.99495, mass = 0.790202 !!
 (mass expected in the range = 0.13957..0.13957)
Warning: tau -> had decay declared for leg: Pt = 37.1243, eta = 0.362226, phi = 1.85982, mass = 0.693505 !!
 (mass expected in the range = 0.13957..0.13957)
Warning: tau -> had decay declared for leg: Pt = 94.2499, eta = 0.477247, phi = -0.606575, mass = 0.355911 !!
 (mass expected in the range = 0.13957..0.13957)
Warning: tau -> had decay declared for leg: Pt = 123.712, eta = 0.248346, phi = -2.33881, mass = 1.69871 !!
 (mass expected in the range = 0.13957..0.13957)
Warning: tau -> had decay declared for leg: Pt = 119.823, eta = -0.437037, phi = 0.514713, mass = 1.4882 !!
 (mass expected in the range = 0.13957..0.13957)
Warning: tau -> had decay declared for leg: Pt = 63.0776, eta = -0.0521372, phi = -2.29941, mass = 0.51434 !!
 (mass expected in the range = 0.13957..0.13957)
Warning: tau -> had decay declared for leg: Pt = 115.983, eta = -0.94977, phi = 1.12261, mass = 0.828404 !!
 (mass expected in the range = 0.13957..0.13957)
Warning: tau -> had decay declared for leg: Pt = 141.624, eta = -0.0518177, phi = 2.07486, mass = 0.70381 !!
 (mass expected in the range = 0.13957..0.13957)
Warning: tau -> had decay declared for leg: Pt = 73.1216, eta = 0.558063, phi = 2.80247, mass = 0.936063 !!
 (mass expected in the range = 0.13957..0.13957)
Warning: tau -> had decay declared for leg: Pt = 33.3947, eta = -0.420921, phi = 1.79303, mass = 0.627883 !!
 (mass expected in the range = 0.13957..0.13957)
Warning: tau -> had decay declared for leg: Pt = 32.7434, eta = -1.22863, phi = -0.150873, mass = 1.11499 !!
 (mass expected in the range = 0.13957..0.13957)
Warning: tau -> had decay declared for leg: Pt = 20.8324, eta = -1.46975, phi = 2.77389, mass = 1.41003 !!
 (mass expected in the range = 0.13957..0.13957)
Warning: tau -> had decay declared for leg: Pt = 97.4525, eta = -0.462428, phi = 1.90156, mass = 0.604107 !!
 (mass expected in the range = 0.13957..0.13957)
Warning: tau -> had decay declared for leg: Pt = 37.7135, eta = 0.570261, phi = 2.54121, mass = 0.726038 !!
 (mass expected in the range = 0.13957..0.13957)
Warning: tau -> had decay declared for leg: Pt = 26.3459, eta = 1.36149, phi = 2.00315, mass = 0.632597 !!
 (mass expected in the range = 0.13957..0.13957)
Warning: tau -> had decay declared for leg: Pt = 118.113, eta = -0.773584, phi = -0.837672, mass = 1.27397 !!
 (mass expected in the range = 0.13957..0.13957)
