040 (3550508.000.000) 2024-07-09 17:28:12 Started transferring input files
	Transferring to host: <131.225.188.210:9618?addrs=[2620-6a-0-8421-f0-0-188-210]-9618+131.225.188.210-9618&alias=cmswn2067.fnal.gov&noUDP&sock=slot1_19_2371_5579_42892>
...
040 (3550508.000.000) 2024-07-09 17:28:12 Finished transferring input files
...
001 (3550508.000.000) 2024-07-09 17:28:13 Job executing on host: <131.225.188.210:9618?addrs=[2620-6a-0-8421-f0-0-188-210]-9618+131.225.188.210-9618&alias=cmswn2067.fnal.gov&noUDP&sock=startd_2010_4573>
	SlotName: slot1_19@cmswn2067.fnal.gov
	CondorScratchDir = "/storage/local/data1/condor/execute/dir_219493"
	Cpus = 1
	Disk = 1611347
	Memory = 2048
...
040 (3550508.000.000) 2024-07-10 04:12:30 Started transferring output files
...
040 (3550508.000.000) 2024-07-10 04:12:31 Finished transferring output files
...
005 (3550508.000.000) 2024-07-10 04:12:33 Job terminated.
	(1) Normal termination (return value 0)
		Usr 0 00:00:00, Sys 0 00:00:00  -  Run Remote Usage
		Usr 0 00:00:00, Sys 0 00:00:00  -  Run Local Usage
		Usr 0 00:00:00, Sys 0 00:00:00  -  Total Remote Usage
		Usr 0 00:00:00, Sys 0 00:00:00  -  Total Local Usage
	444803  -  Run Bytes Sent By Job
	11452  -  Run Bytes Received By Job
	444803  -  Total Bytes Sent By Job
	11452  -  Total Bytes Received By Job
	Partitionable Resources :    Usage  Request Allocated 
	   Cpus                 :        0        1         1 
	   Disk (KB)            :   152724        4   1611347 
	   Memory (MB)          :              2048      2048 

	Job terminated of its own accord at 2024-07-10T09:12:30Z with exit-code 0.
...
