[FERMIHTC-APPTAINER]: INFO -- ApptainerImage classAd detected
[FERMIHTC-APPTAINER]: INFO -- Attempting to run job in /cvmfs/singularity.opensciencegrid.org/cmssw/cms:rhel7
[FERMIHTC-APPTAINER]: INFO -- Running /cvmfs/oasis.opensciencegrid.org/mis/apptainer/current/bin/apptainer exec --pid --ipc --contain --bind /cvmfs --bind /etc/hosts --bind /etc/grid-security --home /storage/local/data1/condor/execute/dir_424960:/srv --pwd /srv /cvmfs/singularity.opensciencegrid.org/cmssw/cms:rhel7 ./run_condor.csh plotBoostedTauTau.py ./filelists/AToTauTau/UL16pre/ALP_M-25_HT-100to400_preVFPUL16/ALP_M-25_HT-100to400_preVFPUL16_0.txt root://cmseos.fnal.gov//store/user/dalam/UL2016pre/ TCP 16pre
Starting job on  Tue Jul 9 10:20:45 UTC 2024
Running on: Linux dalam-65483363-0-cmswn2145.fnal.gov 5.14.0-427.18.1.el9_4.x86_64 #1 SMP PREEMPT_DYNAMIC Tue May 28 06:27:02 EDT 2024 x86_64 x86_64 x86_64 GNU/Linux
System software: CentOS Linux release 7.9.2009 (Core)
Done: ProjectRename
Arguments passed to this script are: 
  script: plotBoostedTauTau.py
  input files: ./filelists/AToTauTau/UL16pre/ALP_M-25_HT-100to400_preVFPUL16/ALP_M-25_HT-100to400_preVFPUL16_0.txt
  output dir: root://cmseos.fnal.gov//store/user/dalam/UL2016pre/
  mode: TCP
  year: 16pre
mode: 1
tau_e tau_mu
Kappa: 3
SVFit Mass: 25.309
mode: 2
tau_mu tau_h
Kappa: 4
SVFit Mass: 24.0905
mode: 1
tau_e tau_mu
Kappa: 3
SVFit Mass: 26.7666
mode: 1
tau_e tau_mu
Kappa: 3
SVFit Mass: 26.7666
mode: 2
tau_mu tau_h
Kappa: 4
SVFit Mass: 16.8983
mode: 1
tau_e tau_mu
Kappa: 3
SVFit Mass: 28.1607
mode: 1
tau_e tau_mu
Kappa: 3
SVFit Mass: 28.1607
mode: 1
tau_e tau_mu
Kappa: 3
SVFit Mass: 28.1607
mode: 1
tau_e tau_mu
Kappa: 3
SVFit Mass: 28.1607
mode: 2
tau_mu tau_h
Kappa: 4
SVFit Mass: 25.7798
mode: 2
tau_mu tau_h
Kappa: 4
SVFit Mass: 25.7798
mode: 2
tau_mu tau_h
Kappa: 4
SVFit Mass: 25.7798
mode: 2
tau_mu tau_h
Kappa: 4
SVFit Mass: 25.7798
mode: 2
tau_mu tau_h
Kappa: 4
SVFit Mass: 25.7798
mode: 1
tau_e tau_mu
Kappa: 3
SVFit Mass: 20.9899
mode: 1
tau_e tau_mu
Kappa: 3
SVFit Mass: 20.9899
mode: 1
tau_e tau_mu
Kappa: 3
SVFit Mass: 20.9899
mode: 1
tau_e tau_mu
Kappa: 3
SVFit Mass: 20.9899
mode: 2
tau_mu tau_h
Kappa: 4
SVFit Mass: 25.8587
mode: 1
tau_e tau_mu
Kappa: 3
SVFit Mass: 21.9189
mode: 2
tau_mu tau_h
Kappa: 4
SVFit Mass: 22.4302
mode: 2
tau_mu tau_h
Kappa: 4
SVFit Mass: 25.6857
mode: 2
tau_mu tau_h
Kappa: 4
SVFit Mass: 18.6289
mode: 2
tau_mu tau_h
Kappa: 4
SVFit Mass: 18.6289
mode: 2
tau_mu tau_h
Kappa: 4
SVFit Mass: 18.6289
mode: 2
tau_mu tau_h
Kappa: 4
SVFit Mass: 18.6289
mode: 2
tau_mu tau_h
Kappa: 4
SVFit Mass: 18.6289
mode: 2
tau_mu tau_h
Kappa: 4
SVFit Mass: 22.7312
mode: 2
tau_mu tau_h
Kappa: 4
SVFit Mass: 22.7312
mode: 2
tau_mu tau_h
Kappa: 4
SVFit Mass: 22.7312
mode: 2
tau_mu tau_h
Kappa: 4
SVFit Mass: 22.7312
mode: 2
tau_mu tau_h
Kappa: 4
SVFit Mass: 22.7312
mode: 2
tau_mu tau_h
Kappa: 4
SVFit Mass: 18.7778
mode: 1
tau_e tau_mu
Kappa: 3
SVFit Mass: 30.8564
mode: 2
tau_mu tau_h
Kappa: 4
SVFit Mass: 19.3708
mode: 2
tau_mu tau_h
Kappa: 4
SVFit Mass: 35.279
mode: 2
tau_mu tau_h
Kappa: 4
SVFit Mass: 35.279
mode: 2
tau_mu tau_h
Kappa: 4
SVFit Mass: 35.279
mode: 2
tau_mu tau_h
Kappa: 4
SVFit Mass: 35.279
mode: 2
tau_mu tau_h
Kappa: 4
SVFit Mass: 35.279
mode: 2
tau_mu tau_h
Kappa: 4
SVFit Mass: 25.7535
mode: 2
tau_mu tau_h
Kappa: 4
SVFit Mass: 25.7535
mode: 2
tau_mu tau_h
Kappa: 4
SVFit Mass: 25.7535
mode: 2
tau_mu tau_h
Kappa: 4
SVFit Mass: 25.7535
mode: 2
tau_mu tau_h
Kappa: 4
SVFit Mass: 25.7535
mode: 2
tau_mu tau_h
Kappa: 4
SVFit Mass: 108.592
mode: 2
tau_mu tau_h
Kappa: 4
SVFit Mass: 18.9576
mode: 1
tau_e tau_mu
Kappa: 3
SVFit Mass: 30.0005
mode: 1
tau_e tau_mu
Kappa: 3
SVFit Mass: 30.0005
mode: 1
tau_e tau_mu
Kappa: 3
SVFit Mass: 30.0005
mode: 1
tau_e tau_mu
Kappa: 3
SVFit Mass: 30.0005
mode: 2
tau_mu tau_h
Kappa: 4
SVFit Mass: 17.8335
mode: 2
tau_mu tau_h
Kappa: 4
SVFit Mass: 22.231
mode: 2
tau_mu tau_h
Kappa: 4
SVFit Mass: 22.231
mode: 2
tau_mu tau_h
Kappa: 4
SVFit Mass: 22.231
mode: 2
tau_mu tau_h
Kappa: 4
SVFit Mass: 22.231
mode: 2
tau_mu tau_h
Kappa: 4
SVFit Mass: 22.231
mode: 1
tau_e tau_mu
Kappa: 3
SVFit Mass: 22.8246
mode: 1
tau_e tau_mu
Kappa: 3
SVFit Mass: 22.8246
mode: 1
tau_e tau_mu
Kappa: 3
SVFit Mass: 23.1089
mode: 1
tau_e tau_mu
Kappa: 3
SVFit Mass: 23.1089
mode: 1
tau_e tau_mu
Kappa: 3
SVFit Mass: 23.1089
mode: 1
tau_e tau_mu
Kappa: 3
SVFit Mass: 23.1089
mode: 2
tau_mu tau_h
Kappa: 4
SVFit Mass: 29.0741
mode: 2
tau_mu tau_h
Kappa: 4
SVFit Mass: 29.0741
mode: 2
tau_mu tau_h
Kappa: 4
SVFit Mass: 29.0741
mode: 2
tau_mu tau_h
Kappa: 4
SVFit Mass: 29.0741
mode: 2
tau_mu tau_h
Kappa: 4
SVFit Mass: 29.0741
mode: 2
tau_mu tau_h
Kappa: 4
SVFit Mass: 18.6535
mode: 2
tau_mu tau_h
Kappa: 4
SVFit Mass: 18.6535
mode: 2
tau_mu tau_h
Kappa: 4
SVFit Mass: 18.6535
mode: 2
tau_mu tau_h
Kappa: 4
SVFit Mass: 18.6535
mode: 2
tau_mu tau_h
Kappa: 4
SVFit Mass: 18.6535
mode: 1
tau_e tau_mu
Kappa: 3
SVFit Mass: 22.3409
mode: 1
tau_e tau_mu
Kappa: 3
SVFit Mass: 22.3409
mode: 1
tau_e tau_mu
Kappa: 3
SVFit Mass: 22.3409
mode: 1
tau_e tau_mu
Kappa: 3
SVFit Mass: 22.3409
mode: 2
tau_mu tau_h
Kappa: 4
SVFit Mass: 19.5945
mode: 2
tau_mu tau_h
Kappa: 4
SVFit Mass: 16.352
mode: 2
tau_mu tau_h
Kappa: 4
SVFit Mass: 16.352
mode: 2
tau_mu tau_h
Kappa: 4
SVFit Mass: 16.352
mode: 2
tau_mu tau_h
Kappa: 4
SVFit Mass: 16.352
mode: 2
tau_mu tau_h
Kappa: 4
SVFit Mass: 16.352
mode: 2
tau_mu tau_h
Kappa: 4
SVFit Mass: 26.2703
mode: 2
tau_mu tau_h
Kappa: 4
SVFit Mass: 23.8897
mode: 2
tau_mu tau_h
Kappa: 4
SVFit Mass: 21.091
mode: 2
tau_mu tau_h
Kappa: 4
SVFit Mass: 19.9664
mode: 2
tau_mu tau_h
Kappa: 4
SVFit Mass: 23.7608
mode: 2
tau_mu tau_h
Kappa: 4
SVFit Mass: 23.7608
mode: 2
tau_mu tau_h
Kappa: 4
SVFit Mass: 23.7608
mode: 2
tau_mu tau_h
Kappa: 4
SVFit Mass: 23.7608
mode: 2
tau_mu tau_h
Kappa: 4
SVFit Mass: 23.7608
mode: 2
tau_mu tau_h
Kappa: 4
SVFit Mass: 18.2813
mode: 2
tau_mu tau_h
Kappa: 4
SVFit Mass: 18.2813
mode: 2
tau_mu tau_h
Kappa: 4
SVFit Mass: 18.2813
mode: 2
tau_mu tau_h
Kappa: 4
SVFit Mass: 18.2813
mode: 2
tau_mu tau_h
Kappa: 4
SVFit Mass: 18.2813
mode: 2
tau_mu tau_h
Kappa: 4
SVFit Mass: 25.0766
mode: 2
tau_mu tau_h
Kappa: 4
SVFit Mass: 25.0766
mode: 2
tau_mu tau_h
Kappa: 4
SVFit Mass: 25.0766
mode: 2
tau_mu tau_h
Kappa: 4
SVFit Mass: 25.0766
mode: 2
tau_mu tau_h
Kappa: 4
SVFit Mass: 25.0766
mode: 2
tau_mu tau_h
Kappa: 4
SVFit Mass: 15.9034
mode: 2
tau_mu tau_h
Kappa: 4
SVFit Mass: 15.9034
mode: 2
tau_mu tau_h
Kappa: 4
SVFit Mass: 15.9034
mode: 2
tau_mu tau_h
Kappa: 4
SVFit Mass: 15.9034
mode: 2
tau_mu tau_h
Kappa: 4
SVFit Mass: 15.9034
mode: 2
tau_mu tau_h
Kappa: 4
SVFit Mass: 24.2399
mode: 2
tau_mu tau_h
Kappa: 4
SVFit Mass: 33.5704
mode: 2
tau_mu tau_h
Kappa: 4
SVFit Mass: 20.0928
mode: 2
tau_mu tau_h
Kappa: 4
SVFit Mass: 17.5088
mode: 2
tau_mu tau_h
Kappa: 4
SVFit Mass: 17.5088
mode: 2
tau_mu tau_h
Kappa: 4
SVFit Mass: 17.5088
mode: 2
tau_mu tau_h
Kappa: 4
SVFit Mass: 17.5088
mode: 2
tau_mu tau_h
Kappa: 4
SVFit Mass: 17.5088
mode: 2
tau_mu tau_h
Kappa: 4
SVFit Mass: 27.3686
mode: 2
tau_mu tau_h
Kappa: 4
SVFit Mass: 29.0553
mode: 2
tau_mu tau_h
Kappa: 4
SVFit Mass: 29.0553
mode: 2
tau_mu tau_h
Kappa: 4
SVFit Mass: 29.0553
mode: 2
tau_mu tau_h
Kappa: 4
SVFit Mass: 29.0553
mode: 2
tau_mu tau_h
Kappa: 4
SVFit Mass: 29.0553
mode: 1
tau_e tau_mu
Kappa: 3
SVFit Mass: 18.7516
mode: 2
tau_mu tau_h
Kappa: 4
SVFit Mass: 21.1407
mode: 2
tau_mu tau_h
Kappa: 4
SVFit Mass: 21.1407
mode: 2
tau_mu tau_h
Kappa: 4
SVFit Mass: 21.1407
mode: 2
tau_mu tau_h
Kappa: 4
SVFit Mass: 21.1407
mode: 2
tau_mu tau_h
Kappa: 4
SVFit Mass: 21.1407
mode: 2
tau_mu tau_h
Kappa: 4
SVFit Mass: 15.5381
mode: 1
tau_e tau_mu
Kappa: 3
SVFit Mass: 16.2389
mode: 2
tau_mu tau_h
Kappa: 4
SVFit Mass: 23.9518
mode: 2
tau_mu tau_h
Kappa: 4
SVFit Mass: 24.9561
mode: 2
tau_mu tau_h
Kappa: 4
SVFit Mass: 24.9561
mode: 2
tau_mu tau_h
Kappa: 4
SVFit Mass: 24.9561
mode: 2
tau_mu tau_h
Kappa: 4
SVFit Mass: 24.9561
mode: 2
tau_mu tau_h
Kappa: 4
SVFit Mass: 24.9561
mode: 2
tau_mu tau_h
Kappa: 4
SVFit Mass: 22.3552
mode: 2
tau_mu tau_h
Kappa: 4
SVFit Mass: 21.897
mode: 2
tau_mu tau_h
Kappa: 4
SVFit Mass: 17.5343
mode: 2
tau_mu tau_h
Kappa: 4
SVFit Mass: 25.5978
mode: 1
tau_e tau_mu
Kappa: 3
SVFit Mass: 25.9602
mode: 1
tau_e tau_mu
Kappa: 3
SVFit Mass: 25.9602
mode: 1
tau_e tau_mu
Kappa: 3
SVFit Mass: 25.9602
mode: 1
tau_e tau_mu
Kappa: 3
SVFit Mass: 25.9602
mode: 2
tau_mu tau_h
Kappa: 4
SVFit Mass: 17.5079
mode: 1
tau_e tau_mu
Kappa: 3
SVFit Mass: 32.7218
mode: 1
tau_e tau_mu
Kappa: 3
SVFit Mass: 32.7218
mode: 1
tau_e tau_mu
Kappa: 3
SVFit Mass: 32.7218
mode: 1
tau_e tau_mu
Kappa: 3
SVFit Mass: 32.7218
mode: 2
tau_mu tau_h
Kappa: 4
SVFit Mass: 21.2395
mode: 2
tau_mu tau_h
Kappa: 4
SVFit Mass: 15.9634
mode: 2
tau_mu tau_h
Kappa: 4
SVFit Mass: 22.6628
mode: 2
tau_mu tau_h
Kappa: 4
SVFit Mass: 26.9068
mode: 2
tau_mu tau_h
Kappa: 4
SVFit Mass: 24.4019
mode: 2
tau_mu tau_h
Kappa: 4
SVFit Mass: 22.7362
mode: 2
tau_mu tau_h
Kappa: 4
SVFit Mass: 16.0297
mode: 2
tau_mu tau_h
Kappa: 4
SVFit Mass: 17.0358
mode: 2
tau_mu tau_h
Kappa: 4
SVFit Mass: 17.0358
mode: 2
tau_mu tau_h
Kappa: 4
SVFit Mass: 17.0358
mode: 2
tau_mu tau_h
Kappa: 4
SVFit Mass: 17.0358
mode: 2
tau_mu tau_h
Kappa: 4
SVFit Mass: 17.0358
mode: 1
tau_e tau_mu
Kappa: 3
SVFit Mass: 19.7955
mode: 1
tau_e tau_mu
Kappa: 3
SVFit Mass: 19.7955
mode: 1
tau_e tau_mu
Kappa: 3
SVFit Mass: 31.3586
mode: 1
tau_e tau_mu
Kappa: 3
SVFit Mass: 31.3586
mode: 1
tau_e tau_mu
Kappa: 3
SVFit Mass: 21.7699
mode: 1
tau_e tau_mu
Kappa: 3
SVFit Mass: 21.7699
mode: 1
tau_e tau_mu
Kappa: 3
SVFit Mass: 21.7699
mode: 1
tau_e tau_mu
Kappa: 3
SVFit Mass: 21.7699
mode: 2
tau_mu tau_h
Kappa: 4
SVFit Mass: 26.0947
mode: 2
tau_mu tau_h
Kappa: 4
SVFit Mass: 26.0947
mode: 2
tau_mu tau_h
Kappa: 4
SVFit Mass: 26.0947
mode: 2
tau_mu tau_h
Kappa: 4
SVFit Mass: 26.0947
mode: 2
tau_mu tau_h
Kappa: 4
SVFit Mass: 26.0947
mode: 2
tau_mu tau_h
Kappa: 4
SVFit Mass: 28.2017
mode: 1
tau_e tau_mu
Kappa: 3
SVFit Mass: 39.9748
mode: 1
tau_e tau_mu
Kappa: 3
SVFit Mass: 39.9748
mode: 1
tau_e tau_mu
Kappa: 3
SVFit Mass: 39.9748
mode: 1
tau_e tau_mu
Kappa: 3
SVFit Mass: 39.9748
mode: 2
tau_mu tau_h
Kappa: 4
SVFit Mass: 13.3359
mode: 2
tau_mu tau_h
Kappa: 4
SVFit Mass: 13.3359
mode: 2
tau_mu tau_h
Kappa: 4
SVFit Mass: 13.3359
mode: 2
tau_mu tau_h
Kappa: 4
SVFit Mass: 13.3359
mode: 2
tau_mu tau_h
Kappa: 4
SVFit Mass: 13.3359
mode: 2
tau_mu tau_h
Kappa: 4
SVFit Mass: 19.6107
mode: 2
tau_mu tau_h
Kappa: 4
SVFit Mass: 19.6107
mode: 2
tau_mu tau_h
Kappa: 4
SVFit Mass: 19.6107
mode: 2
tau_mu tau_h
Kappa: 4
SVFit Mass: 19.6107
mode: 2
tau_mu tau_h
Kappa: 4
SVFit Mass: 19.6107
mode: 1
tau_e tau_mu
Kappa: 3
SVFit Mass: 18.4279
mode: 1
tau_e tau_mu
Kappa: 3
SVFit Mass: 26.4666
mode: 1
tau_e tau_mu
Kappa: 3
SVFit Mass: 26.4666
mode: 1
tau_e tau_mu
Kappa: 3
SVFit Mass: 26.4666
mode: 1
tau_e tau_mu
Kappa: 3
SVFit Mass: 26.4666
mode: 1
tau_e tau_mu
Kappa: 3
SVFit Mass: 21.8964
mode: 2
tau_mu tau_h
Kappa: 4
SVFit Mass: 20.0372
mode: 2
tau_mu tau_h
Kappa: 4
SVFit Mass: 20.0372
mode: 2
tau_mu tau_h
Kappa: 4
SVFit Mass: 20.0372
mode: 2
tau_mu tau_h
Kappa: 4
SVFit Mass: 20.0372
mode: 2
tau_mu tau_h
Kappa: 4
SVFit Mass: 20.0372
mode: 2
tau_mu tau_h
Kappa: 4
SVFit Mass: 22.7154
mode: 1
tau_e tau_mu
Kappa: 3
SVFit Mass: 25.5772
mode: 1
tau_e tau_mu
Kappa: 3
SVFit Mass: 25.5772
mode: 2
tau_mu tau_h
Kappa: 4
SVFit Mass: 24.3504
mode: 2
tau_mu tau_h
Kappa: 4
SVFit Mass: 26.1296
mode: 2
tau_mu tau_h
Kappa: 4
SVFit Mass: 15.8726
mode: 1
tau_e tau_mu
Kappa: 3
SVFit Mass: 21.5868
mode: 1
tau_e tau_mu
Kappa: 3
SVFit Mass: 21.5868
mode: 1
tau_e tau_mu
Kappa: 3
SVFit Mass: 12.7335
mode: 2
tau_mu tau_h
Kappa: 4
SVFit Mass: 25.6203
mode: 2
tau_mu tau_h
Kappa: 4
SVFit Mass: 25.6203
mode: 2
tau_mu tau_h
Kappa: 4
SVFit Mass: 25.6203
mode: 2
tau_mu tau_h
Kappa: 4
SVFit Mass: 25.6203
mode: 2
tau_mu tau_h
Kappa: 4
SVFit Mass: 25.6203
mode: 2
tau_mu tau_h
Kappa: 4
SVFit Mass: 14.3031
mode: 2
tau_mu tau_h
Kappa: 4
SVFit Mass: 14.3031
mode: 2
tau_mu tau_h
Kappa: 4
SVFit Mass: 14.3031
mode: 2
tau_mu tau_h
Kappa: 4
SVFit Mass: 14.3031
mode: 2
tau_mu tau_h
Kappa: 4
SVFit Mass: 14.3031
mode: 2
tau_mu tau_h
Kappa: 4
SVFit Mass: 24.6059
mode: 2
tau_mu tau_h
Kappa: 4
SVFit Mass: 17.6242
mode: 1
tau_e tau_mu
Kappa: 3
SVFit Mass: 26.5591
mode: 1
tau_e tau_mu
Kappa: 3
SVFit Mass: 26.5591
mode: 2
tau_mu tau_h
Kappa: 4
SVFit Mass: 25.2814
mode: 2
tau_mu tau_h
Kappa: 4
SVFit Mass: 19.016
mode: 2
tau_mu tau_h
Kappa: 4
SVFit Mass: 18.8027
mode: 1
tau_e tau_mu
Kappa: 3
SVFit Mass: 25.726
mode: 2
tau_mu tau_h
Kappa: 4
SVFit Mass: 25.5715
mode: 2
tau_mu tau_h
Kappa: 4
SVFit Mass: 25.5715
mode: 2
tau_mu tau_h
Kappa: 4
SVFit Mass: 25.5715
mode: 2
tau_mu tau_h
Kappa: 4
SVFit Mass: 25.5715
mode: 2
tau_mu tau_h
Kappa: 4
SVFit Mass: 25.5715
mode: 2
tau_mu tau_h
Kappa: 4
SVFit Mass: 20.8544
mode: 2
tau_mu tau_h
Kappa: 4
SVFit Mass: 20.8544
mode: 2
tau_mu tau_h
Kappa: 4
SVFit Mass: 20.8544
mode: 2
tau_mu tau_h
Kappa: 4
SVFit Mass: 20.8544
mode: 2
tau_mu tau_h
Kappa: 4
SVFit Mass: 20.8544
mode: 1
tau_e tau_mu
Kappa: 3
SVFit Mass: 27.7721
mode: 1
tau_e tau_mu
Kappa: 3
SVFit Mass: 27.7721
mode: 1
tau_e tau_mu
Kappa: 3
SVFit Mass: 27.7721
mode: 1
tau_e tau_mu
Kappa: 3
SVFit Mass: 27.7721
mode: 2
tau_mu tau_h
Kappa: 4
SVFit Mass: 24.5098
mode: 2
tau_mu tau_h
Kappa: 4
SVFit Mass: 31.4339
mode: 1
tau_e tau_mu
Kappa: 3
SVFit Mass: 26.6206
mode: 1
tau_e tau_mu
Kappa: 3
SVFit Mass: 26.6206
mode: 1
tau_e tau_mu
Kappa: 3
SVFit Mass: 26.6206
mode: 1
tau_e tau_mu
Kappa: 3
SVFit Mass: 26.6206
mode: 2
tau_mu tau_h
Kappa: 4
SVFit Mass: 26.0863
mode: 2
tau_mu tau_h
Kappa: 4
SVFit Mass: 26.0863
mode: 2
tau_mu tau_h
Kappa: 4
SVFit Mass: 26.0863
mode: 2
tau_mu tau_h
Kappa: 4
SVFit Mass: 26.0863
mode: 2
tau_mu tau_h
Kappa: 4
SVFit Mass: 26.0863
mode: 2
tau_mu tau_h
Kappa: 4
SVFit Mass: 20.9558
mode: 2
tau_mu tau_h
Kappa: 4
SVFit Mass: 20.9558
mode: 2
tau_mu tau_h
Kappa: 4
SVFit Mass: 20.9558
mode: 2
tau_mu tau_h
Kappa: 4
SVFit Mass: 20.9558
mode: 2
tau_mu tau_h
Kappa: 4
SVFit Mass: 20.9558
mode: 1
tau_e tau_mu
Kappa: 3
SVFit Mass: 35.0111
mode: 1
tau_e tau_mu
Kappa: 3
SVFit Mass: 35.0111
mode: 1
tau_e tau_mu
Kappa: 3
SVFit Mass: 35.0111
mode: 1
tau_e tau_mu
Kappa: 3
SVFit Mass: 35.0111
mode: 1
tau_e tau_mu
Kappa: 3
SVFit Mass: 22.5165
mode: 1
tau_e tau_mu
Kappa: 3
SVFit Mass: 22.5165
mode: 1
tau_e tau_mu
Kappa: 3
SVFit Mass: 22.5165
mode: 1
tau_e tau_mu
Kappa: 3
SVFit Mass: 22.5165
mode: 2
tau_mu tau_h
Kappa: 4
SVFit Mass: 16.1778
mode: 2
tau_mu tau_h
Kappa: 4
SVFit Mass: 16.1778
mode: 2
tau_mu tau_h
Kappa: 4
SVFit Mass: 16.1778
mode: 2
tau_mu tau_h
Kappa: 4
SVFit Mass: 16.1778
mode: 2
tau_mu tau_h
Kappa: 4
SVFit Mass: 16.1778
mode: 1
tau_e tau_mu
Kappa: 3
SVFit Mass: 25.4988
mode: 2
tau_mu tau_h
Kappa: 4
SVFit Mass: 21.9814
mode: 2
tau_mu tau_h
Kappa: 4
SVFit Mass: 21.9814
mode: 2
tau_mu tau_h
Kappa: 4
SVFit Mass: 21.9814
mode: 2
tau_mu tau_h
Kappa: 4
SVFit Mass: 21.9814
mode: 2
tau_mu tau_h
Kappa: 4
SVFit Mass: 21.9814
mode: 2
tau_mu tau_h
Kappa: 4
SVFit Mass: 20.0333
mode: 2
tau_mu tau_h
Kappa: 4
SVFit Mass: 20.0333
mode: 2
tau_mu tau_h
Kappa: 4
SVFit Mass: 20.0333
mode: 2
tau_mu tau_h
Kappa: 4
SVFit Mass: 20.0333
mode: 2
tau_mu tau_h
Kappa: 4
SVFit Mass: 20.0333
mode: 2
tau_mu tau_h
Kappa: 4
SVFit Mass: 28.8106
mode: 1
tau_e tau_mu
Kappa: 3
SVFit Mass: 19.2374
mode: 2
tau_mu tau_h
Kappa: 4
SVFit Mass: 24.7125
mode: 2
tau_mu tau_h
Kappa: 4
SVFit Mass: 24.7125
mode: 2
tau_mu tau_h
Kappa: 4
SVFit Mass: 24.7125
mode: 2
tau_mu tau_h
Kappa: 4
SVFit Mass: 24.7125
mode: 2
tau_mu tau_h
Kappa: 4
SVFit Mass: 24.7125
mode: 1
tau_e tau_mu
Kappa: 3
SVFit Mass: 12.0546
mode: 1
tau_e tau_mu
Kappa: 3
SVFit Mass: 12.0546
mode: 1
tau_e tau_mu
Kappa: 3
SVFit Mass: 12.0546
mode: 1
tau_e tau_mu
Kappa: 3
SVFit Mass: 12.0546
mode: 2
tau_mu tau_h
Kappa: 4
SVFit Mass: 25.5329
mode: 2
tau_mu tau_h
Kappa: 4
SVFit Mass: 25.5329
mode: 2
tau_mu tau_h
Kappa: 4
SVFit Mass: 25.5329
mode: 2
tau_mu tau_h
Kappa: 4
SVFit Mass: 25.5329
mode: 2
tau_mu tau_h
Kappa: 4
SVFit Mass: 25.5329
mode: 2
tau_mu tau_h
Kappa: 4
SVFit Mass: 24.5268
mode: 1
tau_e tau_mu
Kappa: 3
SVFit Mass: 15.7509
mode: 2
tau_mu tau_h
Kappa: 4
SVFit Mass: 13.5919
mode: 2
tau_mu tau_h
Kappa: 4
SVFit Mass: 14.3524
mode: 2
tau_mu tau_h
Kappa: 4
SVFit Mass: 14.3524
mode: 2
tau_mu tau_h
Kappa: 4
SVFit Mass: 14.3524
mode: 2
tau_mu tau_h
Kappa: 4
SVFit Mass: 14.3524
mode: 2
tau_mu tau_h
Kappa: 4
SVFit Mass: 14.3524
mode: 2
tau_mu tau_h
Kappa: 4
SVFit Mass: 24.7559
mode: 2
tau_mu tau_h
Kappa: 4
SVFit Mass: 23.923
mode: 1
tau_e tau_mu
Kappa: 3
SVFit Mass: 28.3185
mode: 1
tau_e tau_mu
Kappa: 3
SVFit Mass: 19.7015
mode: 1
tau_e tau_mu
Kappa: 3
SVFit Mass: 19.7015
mode: 1
tau_e tau_mu
Kappa: 3
SVFit Mass: 22.8681
mode: 1
tau_e tau_mu
Kappa: 3
SVFit Mass: 22.8681
mode: 1
tau_e tau_mu
Kappa: 3
SVFit Mass: 22.8681
mode: 1
tau_e tau_mu
Kappa: 3
SVFit Mass: 22.8681
mode: 2
tau_mu tau_h
Kappa: 4
SVFit Mass: 24.0361
mode: 1
tau_e tau_mu
Kappa: 3
SVFit Mass: 30.9992
mode: 2
tau_mu tau_h
Kappa: 4
SVFit Mass: 21.201
mode: 2
tau_mu tau_h
Kappa: 4
SVFit Mass: 21.201
mode: 2
tau_mu tau_h
Kappa: 4
SVFit Mass: 21.201
mode: 2
tau_mu tau_h
Kappa: 4
SVFit Mass: 21.201
mode: 2
tau_mu tau_h
Kappa: 4
SVFit Mass: 21.201
mode: 2
tau_mu tau_h
Kappa: 4
SVFit Mass: 18.8839
mode: 2
tau_mu tau_h
Kappa: 4
SVFit Mass: 18.8839
mode: 2
tau_mu tau_h
Kappa: 4
SVFit Mass: 18.8839
mode: 2
tau_mu tau_h
Kappa: 4
SVFit Mass: 18.8839
mode: 2
tau_mu tau_h
Kappa: 4
SVFit Mass: 18.8839
mode: 2
tau_mu tau_h
Kappa: 4
SVFit Mass: 21.8346
mode: 2
tau_mu tau_h
Kappa: 4
SVFit Mass: 21.8346
mode: 2
tau_mu tau_h
Kappa: 4
SVFit Mass: 21.8346
mode: 2
tau_mu tau_h
Kappa: 4
SVFit Mass: 21.8346
mode: 2
tau_mu tau_h
Kappa: 4
SVFit Mass: 21.8346
mode: 1
tau_e tau_mu
Kappa: 3
SVFit Mass: 18.0247
mode: 1
tau_e tau_mu
Kappa: 3
SVFit Mass: 18.0247
mode: 2
tau_mu tau_h
Kappa: 4
SVFit Mass: 26.6279
mode: 2
tau_mu tau_h
Kappa: 4
SVFit Mass: 23.5179
mode: 2
tau_mu tau_h
Kappa: 4
SVFit Mass: 144.502
mode: 2
tau_mu tau_h
Kappa: 4
SVFit Mass: 23.1328
mode: 1
tau_e tau_mu
Kappa: 3
SVFit Mass: 26.4252
mode: 1
tau_e tau_mu
Kappa: 3
SVFit Mass: 26.4252
mode: 2
tau_mu tau_h
Kappa: 4
SVFit Mass: 26.3358
mode: 2
tau_mu tau_h
Kappa: 4
SVFit Mass: 20.641
mode: 2
tau_mu tau_h
Kappa: 4
SVFit Mass: 29.5299
mode: 1
tau_e tau_mu
Kappa: 3
SVFit Mass: 31.0935
mode: 1
tau_e tau_mu
Kappa: 3
SVFit Mass: 31.0935
mode: 1
tau_e tau_mu
Kappa: 3
SVFit Mass: 31.0935
mode: 1
tau_e tau_mu
Kappa: 3
SVFit Mass: 31.0935
mode: 2
tau_mu tau_h
Kappa: 4
SVFit Mass: 25.3484
mode: 2
tau_mu tau_h
Kappa: 4
SVFit Mass: 24.333
mode: 2
tau_mu tau_h
Kappa: 4
SVFit Mass: 24.333
mode: 2
tau_mu tau_h
Kappa: 4
SVFit Mass: 24.333
mode: 2
tau_mu tau_h
Kappa: 4
SVFit Mass: 24.333
mode: 2
tau_mu tau_h
Kappa: 4
SVFit Mass: 24.333
mode: 2
tau_mu tau_h
Kappa: 4
SVFit Mass: 23.0323
mode: 2
tau_mu tau_h
Kappa: 4
SVFit Mass: 24.1622
mode: 2
tau_mu tau_h
Kappa: 4
SVFit Mass: 18.9255
mode: 1
tau_e tau_mu
Kappa: 3
SVFit Mass: 21.7117
mode: 1
tau_e tau_mu
Kappa: 3
SVFit Mass: 21.7117
mode: 1
tau_e tau_mu
Kappa: 3
SVFit Mass: 21.7117
mode: 1
tau_e tau_mu
Kappa: 3
SVFit Mass: 21.7117
mode: 2
tau_mu tau_h
Kappa: 4
SVFit Mass: 12.9046
mode: 1
tau_e tau_mu
Kappa: 3
SVFit Mass: 24.8922
mode: 1
tau_e tau_mu
Kappa: 3
SVFit Mass: 24.8922
mode: 1
tau_e tau_mu
Kappa: 3
SVFit Mass: 22.4729
mode: 1
tau_e tau_mu
Kappa: 3
SVFit Mass: 22.4729
mode: 1
tau_e tau_mu
Kappa: 3
SVFit Mass: 22.4729
mode: 1
tau_e tau_mu
Kappa: 3
SVFit Mass: 22.4729
mode: 2
tau_mu tau_h
Kappa: 4
SVFit Mass: 27.4523
mode: 2
tau_mu tau_h
Kappa: 4
SVFit Mass: 27.4523
mode: 2
tau_mu tau_h
Kappa: 4
SVFit Mass: 27.4523
mode: 2
tau_mu tau_h
Kappa: 4
SVFit Mass: 27.4523
mode: 2
tau_mu tau_h
Kappa: 4
SVFit Mass: 27.4523
mode: 2
tau_mu tau_h
Kappa: 4
SVFit Mass: 22.9505
mode: 2
tau_mu tau_h
Kappa: 4
SVFit Mass: 24.8113
mode: 2
tau_mu tau_h
Kappa: 4
SVFit Mass: 24.8113
mode: 2
tau_mu tau_h
Kappa: 4
SVFit Mass: 24.8113
mode: 2
tau_mu tau_h
Kappa: 4
SVFit Mass: 24.8113
mode: 2
tau_mu tau_h
Kappa: 4
SVFit Mass: 24.8113
mode: 1
tau_e tau_mu
Kappa: 3
SVFit Mass: 18.2402
mode: 1
tau_e tau_mu
Kappa: 3
SVFit Mass: 18.2402
mode: 1
tau_e tau_mu
Kappa: 3
SVFit Mass: 31.6671
mode: 1
tau_e tau_mu
Kappa: 3
SVFit Mass: 31.6671
mode: 1
tau_e tau_mu
Kappa: 3
SVFit Mass: 31.6671
mode: 1
tau_e tau_mu
Kappa: 3
SVFit Mass: 31.6671
mode: 2
tau_mu tau_h
Kappa: 4
SVFit Mass: 23.8332
mode: 2
tau_mu tau_h
Kappa: 4
SVFit Mass: 23.8332
mode: 2
tau_mu tau_h
Kappa: 4
SVFit Mass: 23.8332
mode: 2
tau_mu tau_h
Kappa: 4
SVFit Mass: 23.8332
mode: 2
tau_mu tau_h
Kappa: 4
SVFit Mass: 23.8332
mode: 2
tau_mu tau_h
Kappa: 4
SVFit Mass: 20.0282
mode: 2
tau_mu tau_h
Kappa: 4
SVFit Mass: 20.0282
mode: 2
tau_mu tau_h
Kappa: 4
SVFit Mass: 20.0282
mode: 2
tau_mu tau_h
Kappa: 4
SVFit Mass: 20.0282
mode: 2
tau_mu tau_h
Kappa: 4
SVFit Mass: 20.0282
mode: 1
tau_e tau_mu
Kappa: 3
SVFit Mass: 37.2067
mode: 2
tau_mu tau_h
Kappa: 4
SVFit Mass: 25.2893
mode: 1
tau_e tau_mu
Kappa: 3
SVFit Mass: 22.6523
mode: 1
tau_e tau_mu
Kappa: 3
SVFit Mass: 22.6523
mode: 2
tau_mu tau_h
Kappa: 4
SVFit Mass: 20.5265
mode: 1
tau_e tau_mu
Kappa: 3
SVFit Mass: 20.1863
mode: 1
tau_e tau_mu
Kappa: 3
SVFit Mass: 20.1863
mode: 2
tau_mu tau_h
Kappa: 4
SVFit Mass: 20.792
mode: 1
tau_e tau_mu
Kappa: 3
SVFit Mass: 28.8884
mode: 1
tau_e tau_mu
Kappa: 3
SVFit Mass: 28.8884
mode: 1
tau_e tau_mu
Kappa: 3
SVFit Mass: 28.8884
mode: 1
tau_e tau_mu
Kappa: 3
SVFit Mass: 28.8884
mode: 2
tau_mu tau_h
Kappa: 4
SVFit Mass: 26.5941
mode: 2
tau_mu tau_h
Kappa: 4
SVFit Mass: 26.5941
mode: 2
tau_mu tau_h
Kappa: 4
SVFit Mass: 26.5941
mode: 2
tau_mu tau_h
Kappa: 4
SVFit Mass: 26.5941
mode: 2
tau_mu tau_h
Kappa: 4
SVFit Mass: 26.5941
mode: 2
tau_mu tau_h
Kappa: 4
SVFit Mass: 23.9527
mode: 1
tau_e tau_mu
Kappa: 3
SVFit Mass: 21.787
mode: 1
tau_e tau_mu
Kappa: 3
SVFit Mass: 21.787
mode: 2
tau_mu tau_h
Kappa: 4
SVFit Mass: 20.235
mode: 1
tau_e tau_mu
Kappa: 3
SVFit Mass: 27.3793
mode: 1
tau_e tau_mu
Kappa: 3
SVFit Mass: 27.3793
mode: 2
tau_mu tau_h
Kappa: 4
SVFit Mass: 25.4253
mode: 1
tau_e tau_mu
Kappa: 3
SVFit Mass: 24.1041
mode: 1
tau_e tau_mu
Kappa: 3
SVFit Mass: 24.1041
mode: 2
tau_mu tau_h
Kappa: 4
SVFit Mass: 21.3072
mode: 1
tau_e tau_mu
Kappa: 3
SVFit Mass: 15.9558
{'lowMET_BFlavour': <cppyy.gbl.TH2F object at 0x5a9e240>, 'highMET_BFlavour': <cppyy.gbl.TH2F object at 0x89dbaf0>, 'lowMET_CFlavour': <cppyy.gbl.TH2F object at 0x89db130>, 'highMET_CFlavour': <cppyy.gbl.TH2F object at 0x89dacb0>, 'lowMET_LFlavour': <cppyy.gbl.TH2F object at 0x89db5f0>, 'highMET_LFlavour': <cppyy.gbl.TH2F object at 0x89eca40>}
root://cmseos.fnal.gov//store/user/dalam/UL2016pre/h_plotBoostedTauTau_16pre_ALP_M-25_HT-100to400_preVFPUL16_0.root
root://cmsio2.rc.ufl.edu:1094//store/user/zhangj/TCPNtuple/AToTauTau_ALP_M-25_HT-100to400_TuneCP5_13TeV-madgraphMLM-pythia8/Ntuple_ALP_M-25_HT-100to400_preVFPUL16_miniAODv2_v5/240514_005424/0000/TCPNtuple_Backgrounds_1.root
root://cmsio2.rc.ufl.edu:1094//store/user/zhangj/TCPNtuple/AToTauTau_ALP_M-25_HT-100to400_TuneCP5_13TeV-madgraphMLM-pythia8/Ntuple_ALP_M-25_HT-100to400_preVFPUL16_miniAODv2_v5/240514_005424/0000/TCPNtuple_Backgrounds_3.root
root://cmsio2.rc.ufl.edu:1094//store/user/zhangj/TCPNtuple/AToTauTau_ALP_M-25_HT-100to400_TuneCP5_13TeV-madgraphMLM-pythia8/Ntuple_ALP_M-25_HT-100to400_preVFPUL16_miniAODv2_v5/240514_005424/0000/TCPNtuple_Backgrounds_4.root
root://cmsio2.rc.ufl.edu:1094//store/user/zhangj/TCPNtuple/AToTauTau_ALP_M-25_HT-100to400_TuneCP5_13TeV-madgraphMLM-pythia8/Ntuple_ALP_M-25_HT-100to400_preVFPUL16_miniAODv2_v5/240514_005424/0000/TCPNtuple_Backgrounds_5.root
root://cmsio2.rc.ufl.edu:1094//store/user/zhangj/TCPNtuple/AToTauTau_ALP_M-25_HT-100to400_TuneCP5_13TeV-madgraphMLM-pythia8/Ntuple_ALP_M-25_HT-100to400_preVFPUL16_miniAODv2_v5/240514_005424/0000/TCPNtuple_Backgrounds_2.root
--- 538.3734323978424 seconds ---
