040 (3536160.000.000) 2024-07-08 16:39:39 Started transferring input files
	Transferring to host: <131.225.189.158:9618?addrs=[2620-6a-0-8421-f0-0-189-158]-9618+131.225.189.158-9618&alias=cmswn2114.fnal.gov&noUDP&sock=slot1_21_2380_acda_28579>
...
040 (3536160.000.000) 2024-07-08 16:39:39 Finished transferring input files
...
001 (3536160.000.000) 2024-07-08 16:39:40 Job executing on host: <131.225.189.158:9618?addrs=[2620-6a-0-8421-f0-0-189-158]-9618+131.225.189.158-9618&alias=cmswn2114.fnal.gov&noUDP&sock=startd_1978_526b>
	SlotName: slot1_21@cmswn2114.fnal.gov
	CondorScratchDir = "/storage/local/data1/condor/execute/dir_454996"
	Cpus = 1
	Disk = 3458884
	Memory = 2048
...
040 (3536160.000.000) 2024-07-08 16:39:48 Started transferring output files
...
040 (3536160.000.000) 2024-07-08 16:39:48 Finished transferring output files
...
005 (3536160.000.000) 2024-07-08 16:39:48 Job terminated.
	(1) Normal termination (return value 1)
		Usr 0 00:00:00, Sys 0 00:00:00  -  Run Remote Usage
		Usr 0 00:00:00, Sys 0 00:00:00  -  Run Local Usage
		Usr 0 00:00:00, Sys 0 00:00:00  -  Total Remote Usage
		Usr 0 00:00:00, Sys 0 00:00:00  -  Total Local Usage
	1385  -  Run Bytes Sent By Job
	11440  -  Run Bytes Received By Job
	1385  -  Total Bytes Sent By Job
	11440  -  Total Bytes Received By Job
	Partitionable Resources :    Usage  Request Allocated 
	   Cpus                 :        0        1         1 
	   Disk (KB)            :       44        4   3458884 
	   Memory (MB)          :              2048      2048 

	Job terminated of its own accord at 2024-07-08T21:39:47Z with exit-code 1.
...
040 (33520923.000.000) 2024-07-09 01:30:40 Started transferring input files
	Transferring to host: <131.225.188.227:9618?addrs=[2620-6a-0-8421-f0-0-188-227]-9618+131.225.188.227-9618&alias=cmswn2071.fnal.gov&noUDP&sock=slot1_15_3698643_569d_16480>
...
040 (33520923.000.000) 2024-07-09 01:30:40 Finished transferring input files
...
001 (33520923.000.000) 2024-07-09 01:30:41 Job executing on host: <131.225.188.227:9618?addrs=[2620-6a-0-8421-f0-0-188-227]-9618+131.225.188.227-9618&alias=cmswn2071.fnal.gov&noUDP&sock=startd_1947_0efb>
	SlotName: slot1_15@cmswn2071.fnal.gov
	CondorScratchDir = "/storage/local/data1/condor/execute/dir_1187370"
	Cpus = 1
	Disk = 1594919
	Memory = 2048
...
040 (33520923.000.000) 2024-07-09 01:43:08 Started transferring output files
...
040 (33520923.000.000) 2024-07-09 01:43:08 Finished transferring output files
...
005 (33520923.000.000) 2024-07-09 01:43:13 Job terminated.
	(1) Normal termination (return value 0)
		Usr 0 00:00:00, Sys 0 00:00:00  -  Run Remote Usage
		Usr 0 00:00:00, Sys 0 00:00:00  -  Run Local Usage
		Usr 0 00:00:00, Sys 0 00:00:00  -  Total Remote Usage
		Usr 0 00:00:00, Sys 0 00:00:00  -  Total Local Usage
	10957  -  Run Bytes Sent By Job
	11452  -  Run Bytes Received By Job
	10957  -  Total Bytes Sent By Job
	11452  -  Total Bytes Received By Job
	Partitionable Resources :    Usage  Request Allocated 
	   Cpus                 :        0        1         1 
	   Disk (KB)            :   102617        4   1594919 
	   Memory (MB)          :              2048      2048 

	Job terminated of its own accord at 2024-07-09T06:43:08Z with exit-code 0.
...
