[8MB/19.45MB][ 41%][====================>                             ][8MB/s]  [19.45MB/19.45MB][100%][==================================================][19.45MB/s]  [19.45MB/19.45MB][100%][==================================================][19.45MB/s]  
Warning: tau -> had decay declared for leg: Pt = 29.1017, eta = -1.11571, phi = 2.0262, mass = 1.10136 !!
 (mass expected in the range = 0.13957..0.13957)
Warning: tau -> had decay declared for leg: Pt = 124.858, eta = -0.492427, phi = 1.24322, mass = 1.38022 !!
 (mass expected in the range = 0.13957..0.13957)
Warning: tau -> had decay declared for leg: Pt = 199.219, eta = -1.49297, phi = 2.19964, mass = 1.5461 !!
 (mass expected in the range = 0.13957..0.13957)
Warning: tau -> had decay declared for leg: Pt = 49.0906, eta = -1.55758, phi = -2.7393, mass = 0.890523 !!
 (mass expected in the range = 0.13957..0.13957)
Warning: tau -> had decay declared for leg: Pt = 85.1706, eta = -0.140267, phi = 3.10306, mass = 0.738435 !!
 (mass expected in the range = 0.13957..0.13957)
Warning: tau -> had decay declared for leg: Pt = 52.4398, eta = 0.416043, phi = -1.86132, mass = 0.751203 !!
 (mass expected in the range = 0.13957..0.13957)
Warning: tau -> had decay declared for leg: Pt = 58.4185, eta = -0.597586, phi = 0.115634, mass = 0.779564 !!
 (mass expected in the range = 0.13957..0.13957)
Warning: tau -> had decay declared for leg: Pt = 58.4185, eta = -0.597586, phi = 0.115634, mass = 0.779564 !!
 (mass expected in the range = 0.13957..0.13957)
Warning: tau -> had decay declared for leg: Pt = 58.4185, eta = -0.597586, phi = 0.115634, mass = 0.779564 !!
 (mass expected in the range = 0.13957..0.13957)
Warning: tau -> had decay declared for leg: Pt = 58.4185, eta = -0.597586, phi = 0.115634, mass = 0.779564 !!
 (mass expected in the range = 0.13957..0.13957)
Warning: tau -> had decay declared for leg: Pt = 58.4185, eta = -0.597586, phi = 0.115634, mass = 0.779564 !!
 (mass expected in the range = 0.13957..0.13957)
Warning: tau -> had decay declared for leg: Pt = 61.4903, eta = -0.221165, phi = 1.54721, mass = 0.570752 !!
 (mass expected in the range = 0.13957..0.13957)
Warning: tau -> had decay declared for leg: Pt = 48.9695, eta = 0.170673, phi = 0.411234, mass = 1.01332 !!
 (mass expected in the range = 0.13957..0.13957)
Warning: tau -> had decay declared for leg: Pt = 48.9695, eta = 0.170673, phi = 0.411234, mass = 1.01332 !!
 (mass expected in the range = 0.13957..0.13957)
Warning: tau -> had decay declared for leg: Pt = 48.9695, eta = 0.170673, phi = 0.411234, mass = 1.01332 !!
 (mass expected in the range = 0.13957..0.13957)
Warning: tau -> had decay declared for leg: Pt = 48.9695, eta = 0.170673, phi = 0.411234, mass = 1.01332 !!
 (mass expected in the range = 0.13957..0.13957)
Warning: tau -> had decay declared for leg: Pt = 48.9695, eta = 0.170673, phi = 0.411234, mass = 1.01332 !!
 (mass expected in the range = 0.13957..0.13957)
Warning: tau -> had decay declared for leg: Pt = 90.2787, eta = 0.0890736, phi = 2.0034, mass = 1.08521 !!
 (mass expected in the range = 0.13957..0.13957)
Warning: tau -> had decay declared for leg: Pt = 21.6138, eta = -0.291369, phi = -0.897612, mass = 0.914056 !!
 (mass expected in the range = 0.13957..0.13957)
Warning: tau -> had decay declared for leg: Pt = 46.8212, eta = -1.68183, phi = 3.0086, mass = 0.398114 !!
 (mass expected in the range = 0.13957..0.13957)
Warning: tau -> had decay declared for leg: Pt = 52.8101, eta = 0.912273, phi = 2.33862, mass = 0.689311 !!
 (mass expected in the range = 0.13957..0.13957)
Warning: tau -> had decay declared for leg: Pt = 121.623, eta = 0.629304, phi = -0.318231, mass = 1.24742 !!
 (mass expected in the range = 0.13957..0.13957)
Warning: tau -> had decay declared for leg: Pt = 121.623, eta = 0.629304, phi = -0.318231, mass = 1.24742 !!
 (mass expected in the range = 0.13957..0.13957)
Warning: tau -> had decay declared for leg: Pt = 121.623, eta = 0.629304, phi = -0.318231, mass = 1.24742 !!
 (mass expected in the range = 0.13957..0.13957)
Warning: tau -> had decay declared for leg: Pt = 121.623, eta = 0.629304, phi = -0.318231, mass = 1.24742 !!
 (mass expected in the range = 0.13957..0.13957)
Warning: tau -> had decay declared for leg: Pt = 121.623, eta = 0.629304, phi = -0.318231, mass = 1.24742 !!
 (mass expected in the range = 0.13957..0.13957)
Warning: tau -> had decay declared for leg: Pt = 32.9191, eta = 0.955599, phi = -1.02706, mass = 0.847907 !!
 (mass expected in the range = 0.13957..0.13957)
Warning: tau -> had decay declared for leg: Pt = 20.3902, eta = -0.287956, phi = -0.100656, mass = 1.27061 !!
 (mass expected in the range = 0.13957..0.13957)
Warning: tau -> had decay declared for leg: Pt = 34.0087, eta = -0.0942989, phi = 2.37566, mass = 0.720585 !!
 (mass expected in the range = 0.13957..0.13957)
Warning: tau -> had decay declared for leg: Pt = 94.1818, eta = 0.536951, phi = 1.68463, mass = 0.802638 !!
 (mass expected in the range = 0.13957..0.13957)
Warning: tau -> had decay declared for leg: Pt = 33.4461, eta = -0.372686, phi = -2.04171, mass = 0.802345 !!
 (mass expected in the range = 0.13957..0.13957)
Warning: tau -> had decay declared for leg: Pt = 103.353, eta = -1.35514, phi = 2.6138, mass = 1.23211 !!
 (mass expected in the range = 0.13957..0.13957)
Warning: tau -> had decay declared for leg: Pt = 61.833, eta = -0.211472, phi = 0.0700107, mass = 1.06239 !!
 (mass expected in the range = 0.13957..0.13957)
Warning: tau -> had decay declared for leg: Pt = 31.3738, eta = -0.380347, phi = 2.11568, mass = 0.985133 !!
 (mass expected in the range = 0.13957..0.13957)
Warning: tau -> had decay declared for leg: Pt = 21.609, eta = -0.955185, phi = -2.92343, mass = 0.345243 !!
 (mass expected in the range = 0.13957..0.13957)
Warning: tau -> had decay declared for leg: Pt = 25.4646, eta = 1.1625, phi = 2.12134, mass = 0.613483 !!
 (mass expected in the range = 0.13957..0.13957)
Warning: tau -> had decay declared for leg: Pt = 61.9772, eta = -0.759336, phi = 0.540835, mass = 1.30808 !!
 (mass expected in the range = 0.13957..0.13957)
Warning: tau -> had decay declared for leg: Pt = 46.3749, eta = -1.78805, phi = -0.680368, mass = 0.904092 !!
 (mass expected in the range = 0.13957..0.13957)
Warning: tau -> had decay declared for leg: Pt = 28.7865, eta = 0.877966, phi = 3.02624, mass = 1.11117 !!
 (mass expected in the range = 0.13957..0.13957)
Warning: tau -> had decay declared for leg: Pt = 20.3648, eta = -1.92199, phi = 1.50235, mass = 0.611067 !!
 (mass expected in the range = 0.13957..0.13957)
Warning: tau -> had decay declared for leg: Pt = 127.624, eta = 0.303866, phi = 1.99747, mass = 0.972739 !!
 (mass expected in the range = 0.13957..0.13957)
Warning: tau -> had decay declared for leg: Pt = 109.102, eta = -0.58175, phi = 2.63501, mass = 0.961401 !!
 (mass expected in the range = 0.13957..0.13957)
Warning: tau -> had decay declared for leg: Pt = 74.7654, eta = 1.92626, phi = -2.66768, mass = 0.532617 !!
 (mass expected in the range = 0.13957..0.13957)
Warning: tau -> had decay declared for leg: Pt = 41.6724, eta = 1.01779, phi = -2.58225, mass = 0.652599 !!
 (mass expected in the range = 0.13957..0.13957)
Warning: tau -> had decay declared for leg: Pt = 74.9961, eta = -0.690099, phi = -2.59111, mass = 0.782363 !!
 (mass expected in the range = 0.13957..0.13957)
Warning: tau -> had decay declared for leg: Pt = 89.1255, eta = 0.410219, phi = 1.9955, mass = 0.733933 !!
 (mass expected in the range = 0.13957..0.13957)
Warning: tau -> had decay declared for leg: Pt = 89.1255, eta = 0.410219, phi = 1.9955, mass = 0.733933 !!
 (mass expected in the range = 0.13957..0.13957)
Warning: tau -> had decay declared for leg: Pt = 89.1255, eta = 0.410219, phi = 1.9955, mass = 0.733933 !!
 (mass expected in the range = 0.13957..0.13957)
Warning: tau -> had decay declared for leg: Pt = 89.1255, eta = 0.410219, phi = 1.9955, mass = 0.733933 !!
 (mass expected in the range = 0.13957..0.13957)
Warning: tau -> had decay declared for leg: Pt = 89.1255, eta = 0.410219, phi = 1.9955, mass = 0.733933 !!
 (mass expected in the range = 0.13957..0.13957)
Warning: tau -> had decay declared for leg: Pt = 33.8471, eta = 0.198518, phi = -0.0875355, mass = 0.850149 !!
 (mass expected in the range = 0.13957..0.13957)
Warning: tau -> had decay declared for leg: Pt = 33.8471, eta = 0.198518, phi = -0.0875355, mass = 0.850149 !!
 (mass expected in the range = 0.13957..0.13957)
Warning: tau -> had decay declared for leg: Pt = 33.8471, eta = 0.198518, phi = -0.0875355, mass = 0.850149 !!
 (mass expected in the range = 0.13957..0.13957)
Warning: tau -> had decay declared for leg: Pt = 33.8471, eta = 0.198518, phi = -0.0875355, mass = 0.850149 !!
 (mass expected in the range = 0.13957..0.13957)
Warning: tau -> had decay declared for leg: Pt = 33.8471, eta = 0.198518, phi = -0.0875355, mass = 0.850149 !!
 (mass expected in the range = 0.13957..0.13957)
Warning: tau -> had decay declared for leg: Pt = 28.8005, eta = -1.79402, phi = 0.91153, mass = 0.778991 !!
 (mass expected in the range = 0.13957..0.13957)
Warning: tau -> had decay declared for leg: Pt = 71.349, eta = -0.487982, phi = -0.27188, mass = 0.87032 !!
 (mass expected in the range = 0.13957..0.13957)
Warning: tau -> had decay declared for leg: Pt = 44.5502, eta = -1.3052, phi = 0.594659, mass = 1.09687 !!
 (mass expected in the range = 0.13957..0.13957)
Warning: tau -> had decay declared for leg: Pt = 58.3503, eta = -0.204054, phi = -0.741989, mass = 1.33588 !!
 (mass expected in the range = 0.13957..0.13957)
Warning: tau -> had decay declared for leg: Pt = 47.4536, eta = -0.847152, phi = -2.65183, mass = 1.05645 !!
 (mass expected in the range = 0.13957..0.13957)
Warning: tau -> had decay declared for leg: Pt = 86.2821, eta = 0.639745, phi = 2.76472, mass = 1.34884 !!
 (mass expected in the range = 0.13957..0.13957)
Warning: tau -> had decay declared for leg: Pt = 39.4855, eta = 0.958951, phi = -2.33601, mass = 0.781529 !!
 (mass expected in the range = 0.13957..0.13957)
Warning: tau -> had decay declared for leg: Pt = 21.8573, eta = 2.13014, phi = -0.440227, mass = 1.05776 !!
 (mass expected in the range = 0.13957..0.13957)
Warning: tau -> had decay declared for leg: Pt = 107.625, eta = -0.360874, phi = -3.1072, mass = 0.67948 !!
 (mass expected in the range = 0.13957..0.13957)
Warning: tau -> had decay declared for leg: Pt = 32.8434, eta = -0.161994, phi = 2.70348, mass = 0.787217 !!
 (mass expected in the range = 0.13957..0.13957)
Warning: tau -> had decay declared for leg: Pt = 54.2146, eta = 1.80422, phi = -0.725853, mass = 0.696952 !!
 (mass expected in the range = 0.13957..0.13957)
Warning: tau -> had decay declared for leg: Pt = 36.6011, eta = -1.10222, phi = 2.60543, mass = 0.762999 !!
 (mass expected in the range = 0.13957..0.13957)
Warning: tau -> had decay declared for leg: Pt = 62.4229, eta = -0.131045, phi = -2.74074, mass = 0.663712 !!
 (mass expected in the range = 0.13957..0.13957)
Warning: tau -> had decay declared for leg: Pt = 70.065, eta = -0.574178, phi = 2.78224, mass = 1.06754 !!
 (mass expected in the range = 0.13957..0.13957)
Warning: tau -> had decay declared for leg: Pt = 22.3321, eta = 1.4676, phi = 1.64539, mass = 0.804143 !!
 (mass expected in the range = 0.13957..0.13957)
